0001/01/01 00:00:00.000  [M] [log.go:191]  [HTTP] http: TLS handshake error from [::1]:64964: remote error: tls: unknown certificate
2021/08/29 19:26:01.532  [D] [template.go:71]  template Execute err: template: osquery/task/query.html:30:38: executing "osquery/task/query.html" at <.osqueryTaskService.GetJobTotal>: can't evaluate field osqueryTaskService in type *models.OsqueryTask
2021/08/29 19:26:01.544  [E] [router.go:896]  template: osquery/task/query.html:30:38: executing "osquery/task/query.html" at <.osqueryTaskService.GetJobTotal>: can't evaluate field osqueryTaskService in type *models.OsqueryTask
2021/08/29 19:26:01.545  [M] [router.go:1014]  ::1 - - [29/Aug/2021 07:26:01] "GET /osquerytask/query HTTP/2.0 200 0" 0.055479  Mozilla/5.0 (Windows NT 10.0; Win64; x64) AppleWebKit/537.36 (KHTML, like Gecko) Chrome/92.0.4515.159 Safari/537.36
2021/08/29 19:26:02.281  [M] [router.go:1014]  10.0.0.2 - - [29/Aug/2021 07:26:02] "POST /v1/alert/trigger/ HTTP/1.1 200 649" 0.005834  Alertmanager/0.22.2
2021/08/29 19:26:03.117  [D] [template.go:71]  template Execute err: template: osquery/task/query.html:30:38: executing "osquery/task/query.html" at <.osqueryTaskService.GetJobTotal>: can't evaluate field osqueryTaskService in type *models.OsqueryTask
2021/08/29 19:26:03.127  [E] [router.go:896]  template: osquery/task/query.html:30:38: executing "osquery/task/query.html" at <.osqueryTaskService.GetJobTotal>: can't evaluate field osqueryTaskService in type *models.OsqueryTask
2021/08/29 19:26:03.128  [M] [router.go:1014]  ::1 - - [29/Aug/2021 07:26:03] "GET /osquerytask/query HTTP/2.0 200 0" 0.042514  Mozilla/5.0 (Windows NT 10.0; Win64; x64) AppleWebKit/537.36 (KHTML, like Gecko) Chrome/92.0.4515.159 Safari/537.36
2021/08/29 19:26:16.203  [D] [template.go:71]  template Execute err: template: osquery/task/query.html:30:38: executing "osquery/task/query.html" at <.osqueryTaskService.GetJobTotal>: can't evaluate field osqueryTaskService in type *models.OsqueryTask
2021/08/29 19:26:16.204  [E] [router.go:896]  template: osquery/task/query.html:30:38: executing "osquery/task/query.html" at <.osqueryTaskService.GetJobTotal>: can't evaluate field osqueryTaskService in type *models.OsqueryTask
2021/08/29 19:26:16.205  [M] [router.go:1014]  ::1 - - [29/Aug/2021 07:26:16] "GET /osquerytask/query HTTP/2.0 200 0" 0.030005  Mozilla/5.0 (Windows NT 10.0; Win64; x64) AppleWebKit/537.36 (KHTML, like Gecko) Chrome/92.0.4515.159 Safari/537.36
2021/08/29 19:26:17.542  [D] [template.go:71]  template Execute err: template: osquery/task/query.html:30:38: executing "osquery/task/query.html" at <.osqueryTaskService.GetJobTotal>: can't evaluate field osqueryTaskService in type *models.OsqueryTask
2021/08/29 19:26:17.544  [E] [router.go:896]  template: osquery/task/query.html:30:38: executing "osquery/task/query.html" at <.osqueryTaskService.GetJobTotal>: can't evaluate field osqueryTaskService in type *models.OsqueryTask
2021/08/29 19:26:17.545  [M] [router.go:1014]  ::1 - - [29/Aug/2021 07:26:17] "GET /osquerytask/query HTTP/2.0 200 0" 0.016691  Mozilla/5.0 (Windows NT 10.0; Win64; x64) AppleWebKit/537.36 (KHTML, like Gecko) Chrome/92.0.4515.159 Safari/537.36
2021/08/29 19:26:28.046  [D] [asset.go:54]  check sync asset: false, now: 2021-08-29 19:26:28.046041 +0800 CST m=+30.275022001, prevTime: 1970-01-01 08:00:00 +0800 CST
2021/08/29 19:26:30.299  [M] [router.go:1014]  ::1 - - [29/Aug/2021 07:26:30] "GET /osquerytask/query HTTP/2.0 200 0" 0.170073  Mozilla/5.0 (Windows NT 10.0; Win64; x64) AppleWebKit/537.36 (KHTML, like Gecko) Chrome/92.0.4515.159 Safari/537.36
2021/08/29 19:26:58.047  [D] [asset.go:54]  check sync asset: false, now: 2021-08-29 19:26:58.0468964 +0800 CST m=+60.275877401, prevTime: 1970-01-01 08:00:00 +0800 CST
2021/08/29 19:27:28.046  [D] [asset.go:54]  check sync asset: false, now: 2021-08-29 19:27:28.0464245 +0800 CST m=+90.275405501, prevTime: 1970-01-01 08:00:00 +0800 CST
2021/08/29 19:27:58.046  [D] [asset.go:54]  check sync asset: false, now: 2021-08-29 19:27:58.0466931 +0800 CST m=+120.275674101, prevTime: 1970-01-01 08:00:00 +0800 CST
2021/08/29 19:28:28.057  [D] [asset.go:54]  check sync asset: false, now: 2021-08-29 19:28:28.0577753 +0800 CST m=+150.286756301, prevTime: 1970-01-01 08:00:00 +0800 CST
2021/08/29 19:28:58.085  [D] [asset.go:54]  check sync asset: false, now: 2021-08-29 19:28:58.0859303 +0800 CST m=+180.314911301, prevTime: 1970-01-01 08:00:00 +0800 CST
2021/08/29 19:29:02.274  [M] [router.go:1014]  10.0.0.2 - - [29/Aug/2021 07:29:02] "POST /v1/alert/trigger/ HTTP/1.1 200 649" 0.002731  Alertmanager/0.22.2
2021/08/29 19:29:28.046  [D] [asset.go:54]  check sync asset: false, now: 2021-08-29 19:29:28.0465748 +0800 CST m=+210.275555801, prevTime: 1970-01-01 08:00:00 +0800 CST
2021/08/29 19:29:58.045  [D] [asset.go:54]  check sync asset: false, now: 2021-08-29 19:29:58.0459258 +0800 CST m=+240.274906801, prevTime: 1970-01-01 08:00:00 +0800 CST
2021/08/29 19:30:28.052  [D] [asset.go:54]  check sync asset: false, now: 2021-08-29 19:30:28.0522361 +0800 CST m=+270.281217101, prevTime: 1970-01-01 08:00:00 +0800 CST
2021/08/29 19:30:58.045  [D] [asset.go:54]  check sync asset: false, now: 2021-08-29 19:30:58.0457864 +0800 CST m=+300.274767401, prevTime: 1970-01-01 08:00:00 +0800 CST
2021/08/29 19:31:20.728  [M] [router.go:1014]  ::1 - - [29/Aug/2021 07:31:20] "GET /osquerytask/create HTTP/2.0 200 0" 0.031720 https://localhost:8888/osquerytask/query Mozilla/5.0 (Windows NT 10.0; Win64; x64) AppleWebKit/537.36 (KHTML, like Gecko) Chrome/92.0.4515.159 Safari/537.36
2021/08/29 19:31:24.974  [M] [router.go:1014]  ::1 - - [01/Jan/0001 12:00:00] "POST /osquerytask/create HTTP/2.0 302 68" 0.000000 https://localhost:8888/osquerytask/create Mozilla/5.0 (Windows NT 10.0; Win64; x64) AppleWebKit/537.36 (KHTML, like Gecko) Chrome/92.0.4515.159 Safari/537.36
2021/08/29 19:31:25.010  [M] [router.go:1014]  ::1 - - [29/Aug/2021 07:31:24] "POST /osquerytask/create HTTP/2.0 302 68" 0.073583 https://localhost:8888/osquerytask/create Mozilla/5.0 (Windows NT 10.0; Win64; x64) AppleWebKit/537.36 (KHTML, like Gecko) Chrome/92.0.4515.159 Safari/537.36
2021/08/29 19:31:25.286  [M] [router.go:1014]  ::1 - - [29/Aug/2021 07:31:25] "GET /osquerytask/query HTTP/2.0 200 0" 0.268251 https://localhost:8888/osquerytask/create Mozilla/5.0 (Windows NT 10.0; Win64; x64) AppleWebKit/537.36 (KHTML, like Gecko) Chrome/92.0.4515.159 Safari/537.36
2021/08/29 19:31:27.832  [M] [router.go:1014]  ::1 - - [29/Aug/2021 07:31:27] "GET /osquerytask/query HTTP/2.0 200 0" 0.165807 https://localhost:8888/osquerytask/create Mozilla/5.0 (Windows NT 10.0; Win64; x64) AppleWebKit/537.36 (KHTML, like Gecko) Chrome/92.0.4515.159 Safari/537.36
2021/08/29 19:31:28.046  [D] [asset.go:54]  check sync asset: false, now: 2021-08-29 19:31:28.0466316 +0800 CST m=+330.275612601, prevTime: 1970-01-01 08:00:00 +0800 CST
2021/08/29 19:31:28.651  [M] [router.go:1014]  ::1 - - [29/Aug/2021 07:31:28] "GET /osquerytask/query HTTP/2.0 200 0" 0.140649 https://localhost:8888/osquerytask/create Mozilla/5.0 (Windows NT 10.0; Win64; x64) AppleWebKit/537.36 (KHTML, like Gecko) Chrome/92.0.4515.159 Safari/537.36
2021/08/29 19:31:31.672  [M] [router.go:1014]  ::1 - - [29/Aug/2021 07:31:31] "GET /osquerytask/result?id=13 HTTP/2.0 200 0" 0.074220 https://localhost:8888/osquerytask/query Mozilla/5.0 (Windows NT 10.0; Win64; x64) AppleWebKit/537.36 (KHTML, like Gecko) Chrome/92.0.4515.159 Safari/537.36
2021/08/29 19:31:37.027  [M] [router.go:1014]  ::1 - - [29/Aug/2021 07:31:36] "GET /osquerytask/result?id=13 HTTP/2.0 200 0" 0.040769 https://localhost:8888/osquerytask/query Mozilla/5.0 (Windows NT 10.0; Win64; x64) AppleWebKit/537.36 (KHTML, like Gecko) Chrome/92.0.4515.159 Safari/537.36
2021/08/29 19:31:37.628  [M] [router.go:1014]  ::1 - - [29/Aug/2021 07:31:37] "GET /osquerytask/result?id=13 HTTP/2.0 200 0" 0.047183 https://localhost:8888/osquerytask/query Mozilla/5.0 (Windows NT 10.0; Win64; x64) AppleWebKit/537.36 (KHTML, like Gecko) Chrome/92.0.4515.159 Safari/537.36
2021/08/29 19:31:37.776  [M] [router.go:1014]  ::1 - - [29/Aug/2021 07:31:37] "GET /osquerytask/result?id=13 HTTP/2.0 200 0" 0.019896 https://localhost:8888/osquerytask/query Mozilla/5.0 (Windows NT 10.0; Win64; x64) AppleWebKit/537.36 (KHTML, like Gecko) Chrome/92.0.4515.159 Safari/537.36
2021/08/29 19:31:39.827  [M] [router.go:1014]  ::1 - - [01/Jan/0001 12:00:00] "GET /osqueryagent/query HTTP/2.0 404 0" 0.000000 https://localhost:8888/osquerytask/result?id=13 Mozilla/5.0 (Windows NT 10.0; Win64; x64) AppleWebKit/537.36 (KHTML, like Gecko) Chrome/92.0.4515.159 Safari/537.36
2021/08/29 19:31:39.830  [M] [router.go:1014]  ::1 - - [29/Aug/2021 07:31:39] "GET /osqueryagent/query HTTP/2.0 404 0" 0.005310 https://localhost:8888/osquerytask/result?id=13 Mozilla/5.0 (Windows NT 10.0; Win64; x64) AppleWebKit/537.36 (KHTML, like Gecko) Chrome/92.0.4515.159 Safari/537.36
2021/08/29 19:31:40.974  [M] [router.go:1014]  ::1 - - [29/Aug/2021 07:31:40] "GET /osquerytask/result?id=13 HTTP/2.0 200 0" 0.049218 https://localhost:8888/osquerytask/query Mozilla/5.0 (Windows NT 10.0; Win64; x64) AppleWebKit/537.36 (KHTML, like Gecko) Chrome/92.0.4515.159 Safari/537.36
2021/08/29 19:31:41.932  [M] [router.go:1014]  ::1 - - [29/Aug/2021 07:31:41] "GET /osquerytask/query HTTP/2.0 200 0" 0.187171 https://localhost:8888/osquerytask/result?id=13 Mozilla/5.0 (Windows NT 10.0; Win64; x64) AppleWebKit/537.36 (KHTML, like Gecko) Chrome/92.0.4515.159 Safari/537.36
2021/08/29 19:31:58.048  [D] [asset.go:54]  check sync asset: false, now: 2021-08-29 19:31:58.0481273 +0800 CST m=+360.277108301, prevTime: 1970-01-01 08:00:00 +0800 CST
2021/08/29 19:32:02.274  [M] [router.go:1014]  10.0.0.2 - - [29/Aug/2021 07:32:02] "POST /v1/alert/trigger/ HTTP/1.1 200 649" 0.001999  Alertmanager/0.22.2
2021/08/29 19:32:11.026  [M] [router.go:1014]  ::1 - - [29/Aug/2021 07:32:10] "GET /osquerytask/query HTTP/2.0 200 0" 0.212761  Mozilla/5.0 (Windows NT 10.0; Win64; x64) AppleWebKit/537.36 (KHTML, like Gecko) Chrome/92.0.4515.159 Safari/537.36
2021/08/29 19:32:11.980  [M] [router.go:1014]  ::1 - - [29/Aug/2021 07:32:11] "GET /osquerytask/result?id=13 HTTP/2.0 200 0" 0.055503 https://localhost:8888/osquerytask/query Mozilla/5.0 (Windows NT 10.0; Win64; x64) AppleWebKit/537.36 (KHTML, like Gecko) Chrome/92.0.4515.159 Safari/537.36
2021/08/29 19:32:28.047  [D] [asset.go:54]  check sync asset: false, now: 2021-08-29 19:32:28.0470097 +0800 CST m=+390.275990701, prevTime: 1970-01-01 08:00:00 +0800 CST
2021/08/29 19:32:58.046  [D] [asset.go:54]  check sync asset: false, now: 2021-08-29 19:32:58.046584 +0800 CST m=+420.275565001, prevTime: 1970-01-01 08:00:00 +0800 CST
2021/08/29 19:33:28.045  [D] [asset.go:54]  check sync asset: false, now: 2021-08-29 19:33:28.0458229 +0800 CST m=+450.274803901, prevTime: 1970-01-01 08:00:00 +0800 CST
2021/08/29 19:33:58.046  [D] [asset.go:54]  check sync asset: false, now: 2021-08-29 19:33:58.0468769 +0800 CST m=+480.275857901, prevTime: 1970-01-01 08:00:00 +0800 CST
2021/08/29 19:34:28.046  [D] [asset.go:54]  check sync asset: false, now: 2021-08-29 19:34:28.0462715 +0800 CST m=+510.275252501, prevTime: 1970-01-01 08:00:00 +0800 CST
2021/08/29 19:34:58.048  [D] [asset.go:54]  check sync asset: false, now: 2021-08-29 19:34:58.0480747 +0800 CST m=+540.277055701, prevTime: 1970-01-01 08:00:00 +0800 CST
2021/08/29 19:35:02.378  [M] [router.go:1014]  10.0.0.2 - - [29/Aug/2021 07:35:02] "POST /v1/alert/trigger/ HTTP/1.1 200 649" 0.065791  Alertmanager/0.22.2
2021/08/29 19:35:38.265  [D] [asset.go:54]  check sync asset: false, now: 2021-08-29 19:35:38.2659925 +0800 CST m=+0.121268901, prevTime: 1970-01-01 08:00:00 +0800 CST
2021/08/29 19:35:38.403  [E] [template.go:227]  parse template err: osquery/task/result.html template: osquery/task/result.html:43: function "osqueryAgentService" not defined
2021/08/29 19:35:38.404  [W] [hooks.go:81]  template: osquery/task/result.html:43: function "osqueryAgentService" not defined
2021/08/29 19:35:54.422  [D] [asset.go:54]  check sync asset: false, now: 2021-08-29 19:35:54.4221586 +0800 CST m=+0.074917001, prevTime: 1970-01-01 08:00:00 +0800 CST
2021/08/29 19:35:57.261  [I] [parser.go:413]  generate router from comments
2021/08/29 19:35:57.269  [I] [server.go:208]  https server Running on https://:8888
