0001/01/01 00:00:00.000  [M] [log.go:191]  [HTTP] http: TLS handshake error from [::1]:57744: remote error: tls: unknown certificate
2021/08/29 16:10:11.158  [M] [router.go:1014]  ::1 - - [01/Jan/0001 12:00:00] "GET /asset/query HTTP/2.0 302 0" 0.000000 https://localhost:8888/user/create Mozilla/5.0 (Windows NT 10.0; Win64; x64) AppleWebKit/537.36 (KHTML, like Gecko) Chrome/92.0.4515.159 Safari/537.36
2021/08/29 16:10:11.161  [M] [router.go:1014]  ::1 - - [29/Aug/2021 04:10:11] "GET /asset/query HTTP/2.0 302 0" 0.013088 https://localhost:8888/user/create Mozilla/5.0 (Windows NT 10.0; Win64; x64) AppleWebKit/537.36 (KHTML, like Gecko) Chrome/92.0.4515.159 Safari/537.36
2021/08/29 16:10:11.169  [M] [router.go:1014]  ::1 - - [29/Aug/2021 04:10:11] "GET /auth/login HTTP/2.0 200 0" 0.003207 https://localhost:8888/user/create Mozilla/5.0 (Windows NT 10.0; Win64; x64) AppleWebKit/537.36 (KHTML, like Gecko) Chrome/92.0.4515.159 Safari/537.36
2021/08/29 16:10:11.223  [M] [router.go:1014]  ::1 - - [29/Aug/2021 04:10:11] "GET /auth/login HTTP/2.0 200 0" 0.004552  Mozilla/5.0 (Windows NT 10.0; Win64; x64) AppleWebKit/537.36 (KHTML, like Gecko) Chrome/92.0.4515.159 Safari/537.36
2021/08/29 16:10:15.059  [M] [router.go:1014]  ::1 - - [01/Jan/0001 12:00:00] "POST /auth/login HTTP/2.0 302 64" 0.000000 https://localhost:8888/auth/login Mozilla/5.0 (Windows NT 10.0; Win64; x64) AppleWebKit/537.36 (KHTML, like Gecko) Chrome/92.0.4515.159 Safari/537.36
2021/08/29 16:10:15.059  [M] [router.go:1014]  ::1 - - [29/Aug/2021 04:10:14] "POST /auth/login HTTP/2.0 302 64" 0.094712 https://localhost:8888/auth/login Mozilla/5.0 (Windows NT 10.0; Win64; x64) AppleWebKit/537.36 (KHTML, like Gecko) Chrome/92.0.4515.159 Safari/537.36
2021/08/29 16:10:15.065  [M] [router.go:1014]  ::1 - - [01/Jan/0001 12:00:00] "GET / HTTP/2.0 302 0" 0.000000 https://localhost:8888/auth/login Mozilla/5.0 (Windows NT 10.0; Win64; x64) AppleWebKit/537.36 (KHTML, like Gecko) Chrome/92.0.4515.159 Safari/537.36
2021/08/29 16:10:15.066  [M] [router.go:1014]  ::1 - - [29/Aug/2021 04:10:15] "GET / HTTP/2.0 302 0" 0.002999 https://localhost:8888/auth/login Mozilla/5.0 (Windows NT 10.0; Win64; x64) AppleWebKit/537.36 (KHTML, like Gecko) Chrome/92.0.4515.159 Safari/537.36
2021/08/29 16:10:15.075  [M] [router.go:1014]  ::1 - - [29/Aug/2021 04:10:15] "GET /user/query HTTP/2.0 200 0" 0.005710 https://localhost:8888/auth/login Mozilla/5.0 (Windows NT 10.0; Win64; x64) AppleWebKit/537.36 (KHTML, like Gecko) Chrome/92.0.4515.159 Safari/537.36
2021/08/29 16:10:16.553  [M] [router.go:1014]  ::1 - - [29/Aug/2021 04:10:16] "GET /asset/query HTTP/2.0 200 0" 0.049503 https://localhost:8888/user/query Mozilla/5.0 (Windows NT 10.0; Win64; x64) AppleWebKit/537.36 (KHTML, like Gecko) Chrome/92.0.4515.159 Safari/537.36
2021/08/29 16:10:18.104  [M] [router.go:1014]  ::1 - - [29/Aug/2021 04:10:18] "GET /prometheusagent/query HTTP/2.0 200 0" 0.017820 https://localhost:8888/asset/query Mozilla/5.0 (Windows NT 10.0; Win64; x64) AppleWebKit/537.36 (KHTML, like Gecko) Chrome/92.0.4515.159 Safari/537.36
2021/08/29 16:10:19.299  [M] [router.go:1014]  ::1 - - [29/Aug/2021 04:10:19] "GET /asset/query HTTP/2.0 200 0" 0.043159 https://localhost:8888/prometheusagent/query Mozilla/5.0 (Windows NT 10.0; Win64; x64) AppleWebKit/537.36 (KHTML, like Gecko) Chrome/92.0.4515.159 Safari/537.36
2021/08/29 16:10:19.879  [M] [router.go:1014]  ::1 - - [29/Aug/2021 04:10:19] "GET /prometheusagent/query HTTP/2.0 200 0" 0.012457 https://localhost:8888/asset/query Mozilla/5.0 (Windows NT 10.0; Win64; x64) AppleWebKit/537.36 (KHTML, like Gecko) Chrome/92.0.4515.159 Safari/537.36
2021/08/29 16:10:20.688  [M] [router.go:1014]  ::1 - - [29/Aug/2021 04:10:20] "GET /prometheusalert/query HTTP/2.0 200 0" 0.088369 https://localhost:8888/prometheusagent/query Mozilla/5.0 (Windows NT 10.0; Win64; x64) AppleWebKit/537.36 (KHTML, like Gecko) Chrome/92.0.4515.159 Safari/537.36
2021/08/29 16:10:21.477  [M] [router.go:1014]  ::1 - - [01/Jan/0001 12:00:00] "GET /department/query HTTP/2.0 404 0" 0.000000 https://localhost:8888/prometheusalert/query Mozilla/5.0 (Windows NT 10.0; Win64; x64) AppleWebKit/537.36 (KHTML, like Gecko) Chrome/92.0.4515.159 Safari/537.36
2021/08/29 16:10:21.482  [M] [router.go:1014]  ::1 - - [29/Aug/2021 04:10:21] "GET /department/query HTTP/2.0 404 0" 0.011150 https://localhost:8888/prometheusalert/query Mozilla/5.0 (Windows NT 10.0; Win64; x64) AppleWebKit/537.36 (KHTML, like Gecko) Chrome/92.0.4515.159 Safari/537.36
2021/08/29 16:10:22.820  [M] [router.go:1014]  ::1 - - [29/Aug/2021 04:10:22] "GET /prometheusalert/query HTTP/2.0 200 0" 0.107610 https://localhost:8888/prometheusagent/query Mozilla/5.0 (Windows NT 10.0; Win64; x64) AppleWebKit/537.36 (KHTML, like Gecko) Chrome/92.0.4515.159 Safari/537.36
2021/08/29 16:10:23.484  [M] [router.go:1014]  ::1 - - [29/Aug/2021 04:10:23] "GET /user/query HTTP/2.0 200 0" 0.004697 https://localhost:8888/prometheusalert/query Mozilla/5.0 (Windows NT 10.0; Win64; x64) AppleWebKit/537.36 (KHTML, like Gecko) Chrome/92.0.4515.159 Safari/537.36
2021/08/29 16:10:24.346  [D] [asset.go:54]  check sync asset: false, now: 2021-08-29 16:10:24.3462555 +0800 CST m=+30.351460201, prevTime: 1970-01-01 08:00:00 +0800 CST
2021/08/29 16:10:29.967  [M] [router.go:1014]  ::1 - - [29/Aug/2021 04:10:29] "GET /asset/query HTTP/2.0 200 0" 0.036516 https://localhost:8888/user/query Mozilla/5.0 (Windows NT 10.0; Win64; x64) AppleWebKit/537.36 (KHTML, like Gecko) Chrome/92.0.4515.159 Safari/537.36
2021/08/29 16:10:54.346  [D] [asset.go:54]  check sync asset: false, now: 2021-08-29 16:10:54.3469511 +0800 CST m=+60.352155801, prevTime: 1970-01-01 08:00:00 +0800 CST
2021/08/29 16:11:24.345  [D] [asset.go:54]  check sync asset: false, now: 2021-08-29 16:11:24.3459182 +0800 CST m=+90.351122901, prevTime: 1970-01-01 08:00:00 +0800 CST
2021/08/29 16:11:54.345  [D] [asset.go:54]  check sync asset: false, now: 2021-08-29 16:11:54.3455639 +0800 CST m=+120.350768601, prevTime: 1970-01-01 08:00:00 +0800 CST
2021/08/29 16:12:24.348  [D] [asset.go:54]  check sync asset: false, now: 2021-08-29 16:12:24.348013 +0800 CST m=+150.353217701, prevTime: 1970-01-01 08:00:00 +0800 CST
2021/08/29 16:12:54.345  [D] [asset.go:54]  check sync asset: false, now: 2021-08-29 16:12:54.3454964 +0800 CST m=+180.350701101, prevTime: 1970-01-01 08:00:00 +0800 CST
2021/08/29 16:13:02.125  [M] [router.go:1014]  10.0.0.2 - - [29/Aug/2021 04:13:02] "POST /v1/alert/trigger/ HTTP/1.1 200 649" 0.011543  Alertmanager/0.22.2
2021/08/29 16:13:14.730  [D] [asset.go:54]  check sync asset: false, now: 2021-08-29 16:13:14.7303754 +0800 CST m=+0.066179301, prevTime: 1970-01-01 08:00:00 +0800 CST
2021/08/29 16:13:16.960  [I] [parser.go:413]  generate router from comments
2021/08/29 16:13:16.962  [I] [server.go:208]  https server Running on https://:8888
