0001/01/01 00:00:00.000  [M] [log.go:191]  [HTTP] http: TLS handshake error from [::1]:56752: remote error: tls: unknown certificate
2021/08/29 19:01:21.023  [D] [template.go:71]  template Execute err: template: osquery/task/result.html:56:48: executing "osquery/task/result.html" at <.job.ResultRows>: can't evaluate field job in type *models.OsqueryJob
2021/08/29 19:01:21.024  [E] [router.go:896]  template: osquery/task/result.html:56:48: executing "osquery/task/result.html" at <.job.ResultRows>: can't evaluate field job in type *models.OsqueryJob
2021/08/29 19:01:21.025  [M] [router.go:1014]  ::1 - - [29/Aug/2021 07:01:20] "GET /osquerytask/result?id=6 HTTP/2.0 200 0" 0.061999  Mozilla/5.0 (Windows NT 10.0; Win64; x64) AppleWebKit/537.36 (KHTML, like Gecko) Chrome/92.0.4515.159 Safari/537.36
2021/08/29 19:01:45.223  [D] [asset.go:54]  check sync asset: false, now: 2021-08-29 19:01:45.2234391 +0800 CST m=+30.148961001, prevTime: 1970-01-01 08:00:00 +0800 CST
2021/08/29 19:02:02.259  [M] [router.go:1014]  10.0.0.2 - - [29/Aug/2021 07:02:02] "POST /v1/alert/trigger/ HTTP/1.1 200 649" 0.003987  Alertmanager/0.22.2
2021/08/29 19:02:11.487  [D] [template.go:71]  template Execute err: template: osquery/task/result.html:56:19: executing "osquery/task/result.html" at <.job>: can't evaluate field job in type *models.OsqueryJob
2021/08/29 19:02:11.495  [E] [router.go:896]  template: osquery/task/result.html:56:19: executing "osquery/task/result.html" at <.job>: can't evaluate field job in type *models.OsqueryJob
2021/08/29 19:02:11.505  [M] [router.go:1014]  ::1 - - [29/Aug/2021 07:02:11] "GET /osquerytask/result?id=6 HTTP/2.0 200 0" 0.079375  Mozilla/5.0 (Windows NT 10.0; Win64; x64) AppleWebKit/537.36 (KHTML, like Gecko) Chrome/92.0.4515.159 Safari/537.36
2021/08/29 19:02:15.212  [D] [asset.go:54]  check sync asset: false, now: 2021-08-29 19:02:15.2121095 +0800 CST m=+60.137631401, prevTime: 1970-01-01 08:00:00 +0800 CST
2021/08/29 19:02:28.632  [M] [router.go:1014]  ::1 - - [29/Aug/2021 07:02:28] "GET /osquerytask/result?id=6 HTTP/2.0 200 0" 0.035562  Mozilla/5.0 (Windows NT 10.0; Win64; x64) AppleWebKit/537.36 (KHTML, like Gecko) Chrome/92.0.4515.159 Safari/537.36
2021/08/29 19:02:45.213  [D] [asset.go:54]  check sync asset: false, now: 2021-08-29 19:02:45.2131598 +0800 CST m=+90.138681701, prevTime: 1970-01-01 08:00:00 +0800 CST
2021/08/29 19:03:15.211  [D] [asset.go:54]  check sync asset: false, now: 2021-08-29 19:03:15.2119903 +0800 CST m=+120.137512201, prevTime: 1970-01-01 08:00:00 +0800 CST
2021/08/29 19:03:27.711  [E] [template.go:227]  parse template err: osquery/task/result.html template: osquery/task/result.html:64: bad character U+0024 '$'
2021/08/29 19:03:27.712  [M] [router.go:1014]  ::1 - - [29/Aug/2021 07:03:27] "GET /osquerytask/result?id=6 HTTP/2.0 200 0" 0.022712  Mozilla/5.0 (Windows NT 10.0; Win64; x64) AppleWebKit/537.36 (KHTML, like Gecko) Chrome/92.0.4515.159 Safari/537.36
2021/08/29 19:03:29.467  [E] [template.go:227]  parse template err: osquery/task/result.html template: osquery/task/result.html:64: bad character U+0024 '$'
2021/08/29 19:03:29.470  [M] [router.go:1014]  ::1 - - [29/Aug/2021 07:03:29] "GET /osquerytask/result?id=6 HTTP/2.0 200 0" 0.024006  Mozilla/5.0 (Windows NT 10.0; Win64; x64) AppleWebKit/537.36 (KHTML, like Gecko) Chrome/92.0.4515.159 Safari/537.36
2021/08/29 19:03:45.213  [D] [asset.go:54]  check sync asset: false, now: 2021-08-29 19:03:45.213632 +0800 CST m=+150.139153901, prevTime: 1970-01-01 08:00:00 +0800 CST
2021/08/29 19:03:47.674  [M] [router.go:1014]  ::1 - - [29/Aug/2021 07:03:47] "GET /osquerytask/result?id=6 HTTP/2.0 200 0" 0.029251  Mozilla/5.0 (Windows NT 10.0; Win64; x64) AppleWebKit/537.36 (KHTML, like Gecko) Chrome/92.0.4515.159 Safari/537.36
2021/08/29 19:04:15.214  [D] [asset.go:54]  check sync asset: false, now: 2021-08-29 19:04:15.214435 +0800 CST m=+180.139956901, prevTime: 1970-01-01 08:00:00 +0800 CST
2021/08/29 19:04:39.193  [D] [asset.go:54]  check sync asset: false, now: 2021-08-29 19:04:39.193394 +0800 CST m=+0.113636801, prevTime: 1970-01-01 08:00:00 +0800 CST
2021/08/29 19:04:42.006  [I] [parser.go:413]  generate router from comments
2021/08/29 19:04:42.010  [I] [server.go:208]  https server Running on https://:8888
