0001/01/01 00:00:00.000  [M] [log.go:191]  [HTTP] http: TLS handshake error from [::1]:59339: remote error: tls: unknown certificate
2021/08/29 16:27:47.333  [C] [config.go:190]  the request url is  /osquerytask/query
2021/08/29 16:27:47.334  [C] [config.go:191]  Handler crashed with error wrong object type `[]*models.OsqueryTask` for rows scan, need *cmdb/models.OsqueryTask
2021/08/29 16:27:47.334  [C] [config.go:197]  C:/Program Files/Go/src/runtime/panic.go:965
2021/08/29 16:27:47.335  [C] [config.go:197]  C:/Users/Administrator/go/pkg/mod/github.com/beego/beego/v2@v2.0.1/client/orm/db.go:975
2021/08/29 16:27:47.335  [C] [config.go:197]  C:/Users/Administrator/go/pkg/mod/github.com/beego/beego/v2@v2.0.1/client/orm/orm_queryset.go:244
2021/08/29 16:27:47.336  [C] [config.go:197]  D:/codes/htgolang-20210313/course/day20-20210829/codes/cmdb/services/osquery.go:25
2021/08/29 16:27:47.336  [C] [config.go:197]  D:/codes/htgolang-20210313/course/day20-20210829/codes/cmdb/controllers/osquery.go:15
2021/08/29 16:27:47.337  [C] [config.go:197]  C:/Program Files/Go/src/reflect/value.go:476
2021/08/29 16:27:47.337  [C] [config.go:197]  C:/Program Files/Go/src/reflect/value.go:337
2021/08/29 16:27:47.338  [C] [config.go:197]  C:/Users/Administrator/go/pkg/mod/github.com/beego/beego/v2@v2.0.1/server/web/router.go:883
2021/08/29 16:27:47.338  [C] [config.go:197]  C:/Users/Administrator/go/pkg/mod/github.com/beego/beego/v2@v2.0.1/server/web/filter.go:81
2021/08/29 16:27:47.341  [C] [config.go:197]  C:/Users/Administrator/go/pkg/mod/github.com/beego/beego/v2@v2.0.1/server/web/router.go:664
2021/08/29 16:27:47.345  [C] [config.go:197]  C:/Program Files/Go/src/net/http/server.go:2887
2021/08/29 16:27:47.347  [C] [config.go:197]  C:/Program Files/Go/src/net/http/server.go:3459
2021/08/29 16:27:47.349  [C] [config.go:197]  C:/Program Files/Go/src/net/http/h2_bundle.go:5723
2021/08/29 16:27:47.349  [C] [config.go:197]  C:/Program Files/Go/src/runtime/asm_amd64.s:1371
2021/08/29 16:28:02.152  [M] [router.go:1014]  10.0.0.2 - - [29/Aug/2021 04:28:02] "POST /v1/alert/trigger/ HTTP/1.1 200 649" 0.023940  Alertmanager/0.22.2
2021/08/29 16:28:14.322  [D] [asset.go:54]  check sync asset: false, now: 2021-08-29 16:28:14.3221824 +0800 CST m=+30.064886501, prevTime: 1970-01-01 08:00:00 +0800 CST
2021/08/29 16:28:44.321  [D] [asset.go:54]  check sync asset: false, now: 2021-08-29 16:28:44.3214045 +0800 CST m=+60.064108601, prevTime: 1970-01-01 08:00:00 +0800 CST
2021/08/29 16:28:54.037  [D] [asset.go:54]  check sync asset: false, now: 2021-08-29 16:28:54.0373619 +0800 CST m=+0.056186101, prevTime: 1970-01-01 08:00:00 +0800 CST
2021/08/29 16:28:55.746  [I] [parser.go:413]  generate router from comments
2021/08/29 16:28:55.750  [I] [server.go:208]  https server Running on https://:8888
