0001/01/01 00:00:00.000  [M] [log.go:191]  [HTTP] http: TLS handshake error from [::1]:56221: remote error: tls: unknown certificate
2021/08/29 19:09:31.305  [D] [template.go:71]  template Execute err: template: osquery/task/result.html:59:53: executing "osquery/task/result.html" at <$v.Key>: can't evaluate field Key in type [2]string
2021/08/29 19:09:31.307  [E] [router.go:896]  template: osquery/task/result.html:59:53: executing "osquery/task/result.html" at <$v.Key>: can't evaluate field Key in type [2]string
2021/08/29 19:09:31.308  [M] [router.go:1014]  ::1 - - [29/Aug/2021 07:09:31] "GET /osquerytask/result?id=7 HTTP/2.0 200 0" 0.036257  Mozilla/5.0 (Windows NT 10.0; Win64; x64) AppleWebKit/537.36 (KHTML, like Gecko) Chrome/92.0.4515.159 Safari/537.36
2021/08/29 19:09:59.003  [D] [asset.go:54]  check sync asset: false, now: 2021-08-29 19:09:59.0036645 +0800 CST m=+30.065586701, prevTime: 1970-01-01 08:00:00 +0800 CST
2021/08/29 19:10:25.711  [D] [template.go:71]  template Execute err: template: osquery/task/result.html:59:48: executing "osquery/task/result.html" at <$v.Key>: can't evaluate field Key in type [2]string
2021/08/29 19:10:25.712  [E] [router.go:896]  template: osquery/task/result.html:59:48: executing "osquery/task/result.html" at <$v.Key>: can't evaluate field Key in type [2]string
2021/08/29 19:10:25.712  [M] [router.go:1014]  ::1 - - [29/Aug/2021 07:10:25] "GET /osquerytask/result?id=7 HTTP/2.0 200 0" 0.030343  Mozilla/5.0 (Windows NT 10.0; Win64; x64) AppleWebKit/537.36 (KHTML, like Gecko) Chrome/92.0.4515.159 Safari/537.36
2021/08/29 19:10:26.528  [D] [template.go:71]  template Execute err: template: osquery/task/result.html:59:48: executing "osquery/task/result.html" at <$v.Key>: can't evaluate field Key in type [2]string
2021/08/29 19:10:26.529  [E] [router.go:896]  template: osquery/task/result.html:59:48: executing "osquery/task/result.html" at <$v.Key>: can't evaluate field Key in type [2]string
2021/08/29 19:10:26.530  [M] [router.go:1014]  ::1 - - [29/Aug/2021 07:10:26] "GET /osquerytask/result?id=7 HTTP/2.0 200 0" 0.013271  Mozilla/5.0 (Windows NT 10.0; Win64; x64) AppleWebKit/537.36 (KHTML, like Gecko) Chrome/92.0.4515.159 Safari/537.36
2021/08/29 19:10:26.970  [D] [template.go:71]  template Execute err: template: osquery/task/result.html:59:48: executing "osquery/task/result.html" at <$v.Key>: can't evaluate field Key in type [2]string
2021/08/29 19:10:26.974  [E] [router.go:896]  template: osquery/task/result.html:59:48: executing "osquery/task/result.html" at <$v.Key>: can't evaluate field Key in type [2]string
2021/08/29 19:10:26.974  [M] [router.go:1014]  ::1 - - [29/Aug/2021 07:10:26] "GET /osquerytask/result?id=7 HTTP/2.0 200 0" 0.013319  Mozilla/5.0 (Windows NT 10.0; Win64; x64) AppleWebKit/537.36 (KHTML, like Gecko) Chrome/92.0.4515.159 Safari/537.36
2021/08/29 19:10:29.003  [D] [asset.go:54]  check sync asset: false, now: 2021-08-29 19:10:29.0037523 +0800 CST m=+60.065674501, prevTime: 1970-01-01 08:00:00 +0800 CST
2021/08/29 19:10:59.004  [D] [asset.go:54]  check sync asset: false, now: 2021-08-29 19:10:59.0043953 +0800 CST m=+90.066317501, prevTime: 1970-01-01 08:00:00 +0800 CST
2021/08/29 19:11:02.261  [M] [router.go:1014]  10.0.0.2 - - [29/Aug/2021 07:11:02] "POST /v1/alert/trigger/ HTTP/1.1 200 649" 0.001426  Alertmanager/0.22.2
2021/08/29 19:11:29.004  [D] [asset.go:54]  check sync asset: false, now: 2021-08-29 19:11:29.0046974 +0800 CST m=+120.066619601, prevTime: 1970-01-01 08:00:00 +0800 CST
2021/08/29 19:11:59.004  [D] [asset.go:54]  check sync asset: false, now: 2021-08-29 19:11:59.0036988 +0800 CST m=+150.065621001, prevTime: 1970-01-01 08:00:00 +0800 CST
2021/08/29 19:12:10.226  [D] [asset.go:54]  check sync asset: false, now: 2021-08-29 19:12:10.2265808 +0800 CST m=+0.070729701, prevTime: 1970-01-01 08:00:00 +0800 CST
2021/08/29 19:12:12.017  [I] [parser.go:413]  generate router from comments
2021/08/29 19:12:12.022  [I] [server.go:208]  https server Running on https://:8888
