0001/01/01 00:00:00.000  [M] [log.go:191]  [HTTP] http: TLS handshake error from [::1]:60669: remote error: tls: unknown certificate
2021/08/29 18:58:56.387  [D] [template.go:71]  template Execute err: template: osquery/task/result.html:50:48: executing "osquery/task/result.html" at <.taskType.Columns>: can't evaluate field taskType in type *models.OsqueryJob
2021/08/29 18:58:56.408  [E] [router.go:896]  template: osquery/task/result.html:50:48: executing "osquery/task/result.html" at <.taskType.Columns>: can't evaluate field taskType in type *models.OsqueryJob
2021/08/29 18:58:56.432  [M] [router.go:1014]  ::1 - - [29/Aug/2021 06:58:56] "GET /osquerytask/result?id=6 HTTP/2.0 200 0" 0.095441  Mozilla/5.0 (Windows NT 10.0; Win64; x64) AppleWebKit/537.36 (KHTML, like Gecko) Chrome/92.0.4515.159 Safari/537.36
2021/08/29 18:58:57.570  [D] [template.go:71]  template Execute err: template: osquery/task/result.html:50:48: executing "osquery/task/result.html" at <.taskType.Columns>: can't evaluate field taskType in type *models.OsqueryJob
2021/08/29 18:58:57.576  [E] [router.go:896]  template: osquery/task/result.html:50:48: executing "osquery/task/result.html" at <.taskType.Columns>: can't evaluate field taskType in type *models.OsqueryJob
2021/08/29 18:58:57.577  [M] [router.go:1014]  ::1 - - [29/Aug/2021 06:58:57] "GET /osquerytask/result?id=6 HTTP/2.0 200 0" 0.037691  Mozilla/5.0 (Windows NT 10.0; Win64; x64) AppleWebKit/537.36 (KHTML, like Gecko) Chrome/92.0.4515.159 Safari/537.36
2021/08/29 18:59:02.252  [M] [router.go:1014]  10.0.0.2 - - [29/Aug/2021 06:59:02] "POST /v1/alert/trigger/ HTTP/1.1 200 649" 0.001000  Alertmanager/0.22.2
2021/08/29 18:59:23.571  [D] [asset.go:54]  check sync asset: false, now: 2021-08-29 18:59:23.5714056 +0800 CST m=+30.088505501, prevTime: 1970-01-01 08:00:00 +0800 CST
2021/08/29 18:59:28.193  [D] [template.go:71]  template Execute err: template: osquery/task/result.html:50:48: executing "osquery/task/result.html" at <.taskType.Columns>: can't evaluate field taskType in type *models.OsqueryJob
2021/08/29 18:59:28.196  [E] [router.go:896]  template: osquery/task/result.html:50:48: executing "osquery/task/result.html" at <.taskType.Columns>: can't evaluate field taskType in type *models.OsqueryJob
2021/08/29 18:59:28.196  [M] [router.go:1014]  ::1 - - [29/Aug/2021 06:59:28] "GET /osquerytask/result?id=6 HTTP/2.0 200 0" 0.124590  Mozilla/5.0 (Windows NT 10.0; Win64; x64) AppleWebKit/537.36 (KHTML, like Gecko) Chrome/92.0.4515.159 Safari/537.36
2021/08/29 18:59:29.228  [D] [template.go:71]  template Execute err: template: osquery/task/result.html:50:48: executing "osquery/task/result.html" at <.taskType.Columns>: can't evaluate field taskType in type *models.OsqueryJob
2021/08/29 18:59:29.229  [E] [router.go:896]  template: osquery/task/result.html:50:48: executing "osquery/task/result.html" at <.taskType.Columns>: can't evaluate field taskType in type *models.OsqueryJob
2021/08/29 18:59:29.229  [M] [router.go:1014]  ::1 - - [29/Aug/2021 06:59:29] "GET /osquerytask/result?id=6 HTTP/2.0 200 0" 0.018118  Mozilla/5.0 (Windows NT 10.0; Win64; x64) AppleWebKit/537.36 (KHTML, like Gecko) Chrome/92.0.4515.159 Safari/537.36
2021/08/29 18:59:53.571  [D] [asset.go:54]  check sync asset: false, now: 2021-08-29 18:59:53.5711184 +0800 CST m=+60.088218301, prevTime: 1970-01-01 08:00:00 +0800 CST
2021/08/29 19:00:23.570  [D] [asset.go:54]  check sync asset: false, now: 2021-08-29 19:00:23.5705904 +0800 CST m=+90.087690301, prevTime: 1970-01-01 08:00:00 +0800 CST
2021/08/29 19:00:24.646  [D] [template.go:71]  template Execute err: template: osquery/task/result.html:56:48: executing "osquery/task/result.html" at <.job.ResultRows>: can't evaluate field job in type *models.OsqueryJob
2021/08/29 19:00:24.646  [E] [router.go:896]  template: osquery/task/result.html:56:48: executing "osquery/task/result.html" at <.job.ResultRows>: can't evaluate field job in type *models.OsqueryJob
2021/08/29 19:00:24.647  [M] [router.go:1014]  ::1 - - [29/Aug/2021 07:00:24] "GET /osquerytask/result?id=6 HTTP/2.0 200 0" 0.022809  Mozilla/5.0 (Windows NT 10.0; Win64; x64) AppleWebKit/537.36 (KHTML, like Gecko) Chrome/92.0.4515.159 Safari/537.36
2021/08/29 19:00:53.570  [D] [asset.go:54]  check sync asset: false, now: 2021-08-29 19:00:53.5705122 +0800 CST m=+120.087612101, prevTime: 1970-01-01 08:00:00 +0800 CST
2021/08/29 19:01:15.211  [D] [asset.go:54]  check sync asset: false, now: 2021-08-29 19:01:15.2118312 +0800 CST m=+0.137353101, prevTime: 1970-01-01 08:00:00 +0800 CST
2021/08/29 19:01:17.892  [I] [parser.go:413]  generate router from comments
2021/08/29 19:01:17.901  [I] [server.go:208]  https server Running on https://:8888
