0001/01/01 00:00:00.000  [M] [log.go:191]  [HTTP] http: TLS handshake error from [::1]:64250: remote error: tls: unknown certificate
2021/08/29 16:49:17.476  [M] [router.go:1014]  ::1 - - [29/Aug/2021 04:49:17] "GET /osquerytask/create HTTP/2.0 200 0" 0.035755  Mozilla/5.0 (Windows NT 10.0; Win64; x64) AppleWebKit/537.36 (KHTML, like Gecko) Chrome/92.0.4515.159 Safari/537.36
2021/08/29 16:49:19.413  [M] [router.go:1014]  ::1 - - [29/Aug/2021 04:49:19] "GET /osquerytask/query HTTP/2.0 200 0" 0.018363 https://localhost:8888/osquerytask/create Mozilla/5.0 (Windows NT 10.0; Win64; x64) AppleWebKit/537.36 (KHTML, like Gecko) Chrome/92.0.4515.159 Safari/537.36
2021/08/29 16:49:20.149  [M] [router.go:1014]  ::1 - - [29/Aug/2021 04:49:20] "GET /osquerytask/query HTTP/2.0 200 0" 0.021737 https://localhost:8888/osquerytask/query Mozilla/5.0 (Windows NT 10.0; Win64; x64) AppleWebKit/537.36 (KHTML, like Gecko) Chrome/92.0.4515.159 Safari/537.36
2021/08/29 16:49:21.022  [M] [router.go:1014]  ::1 - - [29/Aug/2021 04:49:21] "GET /osquerytask/create HTTP/2.0 200 0" 0.004486 https://localhost:8888/osquerytask/query Mozilla/5.0 (Windows NT 10.0; Win64; x64) AppleWebKit/537.36 (KHTML, like Gecko) Chrome/92.0.4515.159 Safari/537.36
2021/08/29 16:49:21.923  [D] [asset.go:54]  check sync asset: false, now: 2021-08-29 16:49:21.9233906 +0800 CST m=+90.117355801, prevTime: 1970-01-01 08:00:00 +0800 CST
2021/08/29 16:49:51.921  [D] [asset.go:54]  check sync asset: false, now: 2021-08-29 16:49:51.9218471 +0800 CST m=+120.115812301, prevTime: 1970-01-01 08:00:00 +0800 CST
2021/08/29 16:50:21.921  [D] [asset.go:54]  check sync asset: false, now: 2021-08-29 16:50:21.9213343 +0800 CST m=+150.115299501, prevTime: 1970-01-01 08:00:00 +0800 CST
2021/08/29 16:50:51.921  [D] [asset.go:54]  check sync asset: false, now: 2021-08-29 16:50:51.9213109 +0800 CST m=+180.115276101, prevTime: 1970-01-01 08:00:00 +0800 CST
2021/08/29 16:51:02.150  [M] [router.go:1014]  10.0.0.2 - - [29/Aug/2021 04:51:02] "POST /v1/alert/trigger/ HTTP/1.1 200 649" 0.004659  Alertmanager/0.22.2
2021/08/29 16:51:21.922  [D] [asset.go:54]  check sync asset: false, now: 2021-08-29 16:51:21.9224367 +0800 CST m=+210.116401901, prevTime: 1970-01-01 08:00:00 +0800 CST
2021/08/29 16:51:51.921  [D] [asset.go:54]  check sync asset: false, now: 2021-08-29 16:51:51.9211907 +0800 CST m=+240.115155901, prevTime: 1970-01-01 08:00:00 +0800 CST
2021/08/29 16:52:21.921  [D] [asset.go:54]  check sync asset: false, now: 2021-08-29 16:52:21.9213034 +0800 CST m=+270.115268601, prevTime: 1970-01-01 08:00:00 +0800 CST
2021/08/29 16:52:51.921  [D] [asset.go:54]  check sync asset: false, now: 2021-08-29 16:52:51.9214637 +0800 CST m=+300.115428901, prevTime: 1970-01-01 08:00:00 +0800 CST
2021/08/29 16:53:21.921  [D] [asset.go:54]  check sync asset: false, now: 2021-08-29 16:53:21.9217841 +0800 CST m=+330.115749301, prevTime: 1970-01-01 08:00:00 +0800 CST
2021/08/29 16:53:51.922  [D] [asset.go:54]  check sync asset: false, now: 2021-08-29 16:53:51.9221121 +0800 CST m=+360.116077301, prevTime: 1970-01-01 08:00:00 +0800 CST
2021/08/29 16:54:02.153  [M] [router.go:1014]  10.0.0.2 - - [29/Aug/2021 04:54:02] "POST /v1/alert/trigger/ HTTP/1.1 200 649" 0.009317  Alertmanager/0.22.2
2021/08/29 16:54:21.922  [D] [asset.go:54]  check sync asset: false, now: 2021-08-29 16:54:21.922089 +0800 CST m=+390.116054201, prevTime: 1970-01-01 08:00:00 +0800 CST
2021/08/29 16:54:51.921  [D] [asset.go:54]  check sync asset: false, now: 2021-08-29 16:54:51.9215367 +0800 CST m=+420.115501901, prevTime: 1970-01-01 08:00:00 +0800 CST
2021/08/29 16:55:21.921  [D] [asset.go:54]  check sync asset: false, now: 2021-08-29 16:55:21.9212479 +0800 CST m=+450.115213101, prevTime: 1970-01-01 08:00:00 +0800 CST
2021/08/29 16:55:51.922  [D] [asset.go:54]  check sync asset: false, now: 2021-08-29 16:55:51.9224281 +0800 CST m=+480.116393301, prevTime: 1970-01-01 08:00:00 +0800 CST
2021/08/29 16:56:21.921  [D] [asset.go:54]  check sync asset: false, now: 2021-08-29 16:56:21.92161 +0800 CST m=+510.115575201, prevTime: 1970-01-01 08:00:00 +0800 CST
2021/08/29 16:56:51.923  [D] [asset.go:54]  check sync asset: false, now: 2021-08-29 16:56:51.9236174 +0800 CST m=+540.117582601, prevTime: 1970-01-01 08:00:00 +0800 CST
2021/08/29 16:57:02.152  [M] [router.go:1014]  10.0.0.2 - - [29/Aug/2021 04:57:02] "POST /v1/alert/trigger/ HTTP/1.1 200 649" 0.005459  Alertmanager/0.22.2
2021/08/29 16:57:21.922  [D] [asset.go:54]  check sync asset: false, now: 2021-08-29 16:57:21.9226257 +0800 CST m=+570.116590901, prevTime: 1970-01-01 08:00:00 +0800 CST
2021/08/29 16:57:51.921  [D] [asset.go:54]  check sync asset: false, now: 2021-08-29 16:57:51.921305 +0800 CST m=+600.115270201, prevTime: 1970-01-01 08:00:00 +0800 CST
2021/08/29 16:58:21.923  [D] [asset.go:54]  check sync asset: false, now: 2021-08-29 16:58:21.9221666 +0800 CST m=+630.116131801, prevTime: 1970-01-01 08:00:00 +0800 CST
2021/08/29 16:58:51.921  [D] [asset.go:54]  check sync asset: false, now: 2021-08-29 16:58:51.9212199 +0800 CST m=+660.115185101, prevTime: 1970-01-01 08:00:00 +0800 CST
2021/08/29 16:59:21.923  [D] [asset.go:54]  check sync asset: false, now: 2021-08-29 16:59:21.9230973 +0800 CST m=+690.117062501, prevTime: 1970-01-01 08:00:00 +0800 CST
2021/08/29 16:59:51.923  [D] [asset.go:54]  check sync asset: false, now: 2021-08-29 16:59:51.9236127 +0800 CST m=+720.117577901, prevTime: 1970-01-01 08:00:00 +0800 CST
2021/08/29 17:00:02.165  [M] [router.go:1014]  10.0.0.2 - - [29/Aug/2021 05:00:02] "POST /v1/alert/trigger/ HTTP/1.1 200 649" 0.009179  Alertmanager/0.22.2
2021/08/29 17:00:21.921  [D] [asset.go:54]  check sync asset: false, now: 2021-08-29 17:00:21.9219351 +0800 CST m=+750.115900301, prevTime: 1970-01-01 08:00:00 +0800 CST
2021/08/29 17:01:36.872  [D] [asset.go:54]  check sync asset: false, now: 2021-08-29 17:01:36.8717495 +0800 CST m=+0.147434701, prevTime: 1970-01-01 08:00:00 +0800 CST
2021/08/29 17:01:38.769  [I] [parser.go:413]  generate router from comments
2021/08/29 17:01:38.773  [I] [server.go:208]  https server Running on https://:8888
