0001/01/01 00:00:00.000  [M] [log.go:191]  [HTTP] http: TLS handshake error from 127.0.0.1:55685: remote error: tls: unknown certificate
2021/08/29 19:06:12.197  [M] [router.go:1014]  ::1 - - [29/Aug/2021 07:06:12] "GET /osquerytask/create HTTP/2.0 200 0" 0.035628 https://localhost:8888/osquerytask/query Mozilla/5.0 (Windows NT 10.0; Win64; x64) AppleWebKit/537.36 (KHTML, like Gecko) Chrome/92.0.4515.159 Safari/537.36
2021/08/29 19:06:14.408  [M] [router.go:1014]  ::1 - - [29/Aug/2021 07:06:14] "POST /osquerytask/create HTTP/2.0 200 59" 0.018994 https://localhost:8888/osquerytask/create Mozilla/5.0 (Windows NT 10.0; Win64; x64) AppleWebKit/537.36 (KHTML, like Gecko) Chrome/92.0.4515.159 Safari/537.36
2021/08/29 19:06:16.908  [M] [router.go:1014]  ::1 - - [01/Jan/0001 12:00:00] "POST /osquerytask/create HTTP/2.0 302 69" 0.000000 https://localhost:8888/osquerytask/create Mozilla/5.0 (Windows NT 10.0; Win64; x64) AppleWebKit/537.36 (KHTML, like Gecko) Chrome/92.0.4515.159 Safari/537.36
2021/08/29 19:06:16.926  [M] [router.go:1014]  ::1 - - [29/Aug/2021 07:06:16] "POST /osquerytask/create HTTP/2.0 302 69" 0.097387 https://localhost:8888/osquerytask/create Mozilla/5.0 (Windows NT 10.0; Win64; x64) AppleWebKit/537.36 (KHTML, like Gecko) Chrome/92.0.4515.159 Safari/537.36
2021/08/29 19:06:16.944  [M] [router.go:1014]  ::1 - - [29/Aug/2021 07:06:16] "GET /osquerytask/query HTTP/2.0 200 0" 0.015444 https://localhost:8888/osquerytask/create Mozilla/5.0 (Windows NT 10.0; Win64; x64) AppleWebKit/537.36 (KHTML, like Gecko) Chrome/92.0.4515.159 Safari/537.36
2021/08/29 19:06:18.880  [M] [router.go:1014]  ::1 - - [29/Aug/2021 07:06:18] "GET /osquerytask/result?id=7 HTTP/2.0 200 0" 0.063166 https://localhost:8888/osquerytask/query Mozilla/5.0 (Windows NT 10.0; Win64; x64) AppleWebKit/537.36 (KHTML, like Gecko) Chrome/92.0.4515.159 Safari/537.36
2021/08/29 19:06:20.539  [M] [router.go:1014]  ::1 - - [29/Aug/2021 07:06:20] "GET /osquerytask/result?id=7 HTTP/2.0 200 0" 0.015222 https://localhost:8888/osquerytask/query Mozilla/5.0 (Windows NT 10.0; Win64; x64) AppleWebKit/537.36 (KHTML, like Gecko) Chrome/92.0.4515.159 Safari/537.36
2021/08/29 19:06:21.206  [M] [router.go:1014]  ::1 - - [29/Aug/2021 07:06:21] "GET /osquerytask/result?id=7 HTTP/2.0 200 0" 0.009874 https://localhost:8888/osquerytask/query Mozilla/5.0 (Windows NT 10.0; Win64; x64) AppleWebKit/537.36 (KHTML, like Gecko) Chrome/92.0.4515.159 Safari/537.36
2021/08/29 19:06:21.723  [M] [router.go:1014]  ::1 - - [29/Aug/2021 07:06:21] "GET /osquerytask/result?id=7 HTTP/2.0 200 0" 0.046711 https://localhost:8888/osquerytask/query Mozilla/5.0 (Windows NT 10.0; Win64; x64) AppleWebKit/537.36 (KHTML, like Gecko) Chrome/92.0.4515.159 Safari/537.36
2021/08/29 19:06:22.024  [M] [router.go:1014]  ::1 - - [29/Aug/2021 07:06:22] "GET /osquerytask/result?id=7 HTTP/2.0 200 0" 0.012800 https://localhost:8888/osquerytask/query Mozilla/5.0 (Windows NT 10.0; Win64; x64) AppleWebKit/537.36 (KHTML, like Gecko) Chrome/92.0.4515.159 Safari/537.36
2021/08/29 19:06:22.321  [M] [router.go:1014]  ::1 - - [29/Aug/2021 07:06:22] "GET /osquerytask/result?id=7 HTTP/2.0 200 0" 0.012191 https://localhost:8888/osquerytask/query Mozilla/5.0 (Windows NT 10.0; Win64; x64) AppleWebKit/537.36 (KHTML, like Gecko) Chrome/92.0.4515.159 Safari/537.36
2021/08/29 19:06:22.713  [M] [router.go:1014]  ::1 - - [29/Aug/2021 07:06:22] "GET /osquerytask/result?id=7 HTTP/2.0 200 0" 0.008958 https://localhost:8888/osquerytask/query Mozilla/5.0 (Windows NT 10.0; Win64; x64) AppleWebKit/537.36 (KHTML, like Gecko) Chrome/92.0.4515.159 Safari/537.36
2021/08/29 19:06:23.069  [M] [router.go:1014]  ::1 - - [29/Aug/2021 07:06:23] "GET /osquerytask/result?id=7 HTTP/2.0 200 0" 0.009001 https://localhost:8888/osquerytask/query Mozilla/5.0 (Windows NT 10.0; Win64; x64) AppleWebKit/537.36 (KHTML, like Gecko) Chrome/92.0.4515.159 Safari/537.36
2021/08/29 19:06:23.508  [M] [router.go:1014]  ::1 - - [29/Aug/2021 07:06:23] "GET /osquerytask/result?id=7 HTTP/2.0 200 0" 0.016002 https://localhost:8888/osquerytask/query Mozilla/5.0 (Windows NT 10.0; Win64; x64) AppleWebKit/537.36 (KHTML, like Gecko) Chrome/92.0.4515.159 Safari/537.36
2021/08/29 19:06:23.930  [M] [router.go:1014]  ::1 - - [29/Aug/2021 07:06:23] "GET /osquerytask/result?id=7 HTTP/2.0 200 0" 0.033341 https://localhost:8888/osquerytask/query Mozilla/5.0 (Windows NT 10.0; Win64; x64) AppleWebKit/537.36 (KHTML, like Gecko) Chrome/92.0.4515.159 Safari/537.36
2021/08/29 19:06:24.254  [M] [router.go:1014]  ::1 - - [29/Aug/2021 07:06:24] "GET /osquerytask/result?id=7 HTTP/2.0 200 0" 0.018696 https://localhost:8888/osquerytask/query Mozilla/5.0 (Windows NT 10.0; Win64; x64) AppleWebKit/537.36 (KHTML, like Gecko) Chrome/92.0.4515.159 Safari/537.36
2021/08/29 19:06:37.894  [D] [asset.go:54]  check sync asset: false, now: 2021-08-29 19:06:37.8947064 +0800 CST m=+30.074165301, prevTime: 1970-01-01 08:00:00 +0800 CST
2021/08/29 19:06:46.353  [M] [router.go:1014]  ::1 - - [29/Aug/2021 07:06:46] "GET /osquerytask/result?id=7 HTTP/2.0 200 0" 0.023609  Mozilla/5.0 (Windows NT 10.0; Win64; x64) AppleWebKit/537.36 (KHTML, like Gecko) Chrome/92.0.4515.159 Safari/537.36
2021/08/29 19:07:07.897  [D] [asset.go:54]  check sync asset: false, now: 2021-08-29 19:07:07.8977157 +0800 CST m=+60.077174601, prevTime: 1970-01-01 08:00:00 +0800 CST
2021/08/29 19:07:19.502  [D] [asset.go:54]  check sync asset: false, now: 2021-08-29 19:07:19.502153 +0800 CST m=+0.197702401, prevTime: 1970-01-01 08:00:00 +0800 CST
2021/08/29 19:07:22.179  [I] [parser.go:413]  generate router from comments
2021/08/29 19:07:22.187  [I] [server.go:208]  https server Running on https://:8888
