0001/01/01 00:00:00.000  [M] [log.go:191]  [HTTP] http: TLS handshake error from [::1]:58905: remote error: tls: unknown certificate
2021/08/29 19:22:21.491  [M] [router.go:1014]  ::1 - - [29/Aug/2021 07:22:21] "GET /osquerytask/query HTTP/2.0 200 0" 0.069988 https://localhost:8888/osquerytask/query Mozilla/5.0 (Windows NT 10.0; Win64; x64) AppleWebKit/537.36 (KHTML, like Gecko) Chrome/92.0.4515.159 Safari/537.36
2021/08/29 19:22:22.777  [D] [template.go:71]  template Execute err: template: osquery/task/result.html:27:76: executing "osquery/task/result.html" at <.task.ID>: can't evaluate field ID in type interface {}
2021/08/29 19:22:22.778  [E] [router.go:896]  template: osquery/task/result.html:27:76: executing "osquery/task/result.html" at <.task.ID>: can't evaluate field ID in type interface {}
2021/08/29 19:22:22.779  [M] [router.go:1014]  ::1 - - [29/Aug/2021 07:22:22] "GET /osquerytask/result?id=12 HTTP/2.0 200 0" 0.025135 https://localhost:8888/osquerytask/query Mozilla/5.0 (Windows NT 10.0; Win64; x64) AppleWebKit/537.36 (KHTML, like Gecko) Chrome/92.0.4515.159 Safari/537.36
2021/08/29 19:22:24.527  [D] [template.go:71]  template Execute err: template: osquery/task/result.html:27:76: executing "osquery/task/result.html" at <.task.ID>: can't evaluate field ID in type interface {}
2021/08/29 19:22:24.527  [E] [router.go:896]  template: osquery/task/result.html:27:76: executing "osquery/task/result.html" at <.task.ID>: can't evaluate field ID in type interface {}
2021/08/29 19:22:24.528  [M] [router.go:1014]  ::1 - - [29/Aug/2021 07:22:24] "GET /osquerytask/result?id=12 HTTP/2.0 200 0" 0.011147  Mozilla/5.0 (Windows NT 10.0; Win64; x64) AppleWebKit/537.36 (KHTML, like Gecko) Chrome/92.0.4515.159 Safari/537.36
2021/08/29 19:22:48.398  [D] [asset.go:54]  check sync asset: false, now: 2021-08-29 19:22:48.3980592 +0800 CST m=+30.086242901, prevTime: 1970-01-01 08:00:00 +0800 CST
2021/08/29 19:23:02.280  [M] [router.go:1014]  10.0.0.2 - - [29/Aug/2021 07:23:02] "POST /v1/alert/trigger/ HTTP/1.1 200 649" 0.006707  Alertmanager/0.22.2
2021/08/29 19:23:18.404  [D] [asset.go:54]  check sync asset: false, now: 2021-08-29 19:23:18.4040827 +0800 CST m=+60.092266401, prevTime: 1970-01-01 08:00:00 +0800 CST
2021/08/29 19:23:34.341  [D] [template.go:71]  template Execute err: template: osquery/task/result.html:10:59: executing "osquery/task/result.html" at <.task.ID>: can't evaluate field ID in type interface {}
2021/08/29 19:23:34.341  [E] [router.go:896]  template: osquery/task/result.html:10:59: executing "osquery/task/result.html" at <.task.ID>: can't evaluate field ID in type interface {}
2021/08/29 19:23:34.343  [M] [router.go:1014]  ::1 - - [29/Aug/2021 07:23:34] "GET /osquerytask/result?id=12 HTTP/2.0 200 0" 0.046563  Mozilla/5.0 (Windows NT 10.0; Win64; x64) AppleWebKit/537.36 (KHTML, like Gecko) Chrome/92.0.4515.159 Safari/537.36
2021/08/29 19:23:35.238  [D] [template.go:71]  template Execute err: template: osquery/task/result.html:10:59: executing "osquery/task/result.html" at <.task.ID>: can't evaluate field ID in type interface {}
2021/08/29 19:23:35.239  [E] [router.go:896]  template: osquery/task/result.html:10:59: executing "osquery/task/result.html" at <.task.ID>: can't evaluate field ID in type interface {}
2021/08/29 19:23:35.240  [M] [router.go:1014]  ::1 - - [29/Aug/2021 07:23:35] "GET /osquerytask/result?id=12 HTTP/2.0 200 0" 0.027051  Mozilla/5.0 (Windows NT 10.0; Win64; x64) AppleWebKit/537.36 (KHTML, like Gecko) Chrome/92.0.4515.159 Safari/537.36
2021/08/29 19:23:48.396  [D] [asset.go:54]  check sync asset: false, now: 2021-08-29 19:23:48.3967999 +0800 CST m=+90.084983601, prevTime: 1970-01-01 08:00:00 +0800 CST
2021/08/29 19:23:50.607  [M] [router.go:1014]  ::1 - - [29/Aug/2021 07:23:50] "GET /osquerytask/result?id=12 HTTP/2.0 200 0" 0.035046  Mozilla/5.0 (Windows NT 10.0; Win64; x64) AppleWebKit/537.36 (KHTML, like Gecko) Chrome/92.0.4515.159 Safari/537.36
2021/08/29 19:23:58.432  [M] [router.go:1014]  ::1 - - [29/Aug/2021 07:23:58] "GET /osquerytask/result?id=12 HTTP/2.0 200 0" 0.026720  Mozilla/5.0 (Windows NT 10.0; Win64; x64) AppleWebKit/537.36 (KHTML, like Gecko) Chrome/92.0.4515.159 Safari/537.36
2021/08/29 19:23:58.932  [M] [router.go:1014]  ::1 - - [29/Aug/2021 07:23:58] "GET /osquerytask/result?id=12 HTTP/2.0 200 0" 0.011796  Mozilla/5.0 (Windows NT 10.0; Win64; x64) AppleWebKit/537.36 (KHTML, like Gecko) Chrome/92.0.4515.159 Safari/537.36
2021/08/29 19:24:00.766  [M] [router.go:1014]  ::1 - - [29/Aug/2021 07:24:00] "GET /osquerytask/query HTTP/2.0 200 0" 0.023898 https://localhost:8888/osquerytask/result?id=12 Mozilla/5.0 (Windows NT 10.0; Win64; x64) AppleWebKit/537.36 (KHTML, like Gecko) Chrome/92.0.4515.159 Safari/537.36
2021/08/29 19:24:03.523  [M] [router.go:1014]  ::1 - - [29/Aug/2021 07:24:03] "GET /osquerytask/result?id=10 HTTP/2.0 200 0" 0.051290 https://localhost:8888/osquerytask/query Mozilla/5.0 (Windows NT 10.0; Win64; x64) AppleWebKit/537.36 (KHTML, like Gecko) Chrome/92.0.4515.159 Safari/537.36
2021/08/29 19:24:08.110  [M] [router.go:1014]  ::1 - - [29/Aug/2021 07:24:08] "GET /osquerytask/query HTTP/2.0 200 0" 0.017971 https://localhost:8888/osquerytask/result?id=10 Mozilla/5.0 (Windows NT 10.0; Win64; x64) AppleWebKit/537.36 (KHTML, like Gecko) Chrome/92.0.4515.159 Safari/537.36
2021/08/29 19:24:18.397  [D] [asset.go:54]  check sync asset: false, now: 2021-08-29 19:24:18.3970217 +0800 CST m=+120.085205401, prevTime: 1970-01-01 08:00:00 +0800 CST
2021/08/29 19:24:48.396  [D] [asset.go:54]  check sync asset: false, now: 2021-08-29 19:24:48.3965142 +0800 CST m=+150.084697901, prevTime: 1970-01-01 08:00:00 +0800 CST
2021/08/29 19:25:18.396  [D] [asset.go:54]  check sync asset: false, now: 2021-08-29 19:25:18.3969249 +0800 CST m=+180.085108601, prevTime: 1970-01-01 08:00:00 +0800 CST
2021/08/29 19:25:58.045  [D] [asset.go:54]  check sync asset: false, now: 2021-08-29 19:25:58.0457687 +0800 CST m=+0.274749701, prevTime: 1970-01-01 08:00:00 +0800 CST
2021/08/29 19:26:01.411  [I] [parser.go:413]  generate router from comments
2021/08/29 19:26:01.417  [I] [server.go:208]  https server Running on https://:8888
