0001/01/01 00:00:00.000  [M] [log.go:191]  [HTTP] http: TLS handshake error from [::1]:55476: remote error: tls: unknown certificate
2021/08/29 19:07:50.576  [D] [template.go:71]  template Execute err: template: osquery/task/result.html:59:46: executing "osquery/task/result.html" at <$v.Key>: can't evaluate field Key in type [2]string
2021/08/29 19:07:50.578  [E] [router.go:896]  template: osquery/task/result.html:59:46: executing "osquery/task/result.html" at <$v.Key>: can't evaluate field Key in type [2]string
2021/08/29 19:07:50.581  [M] [router.go:1014]  ::1 - - [29/Aug/2021 07:07:50] "GET /osquerytask/result?id=7 HTTP/2.0 200 0" 0.046613  Mozilla/5.0 (Windows NT 10.0; Win64; x64) AppleWebKit/537.36 (KHTML, like Gecko) Chrome/92.0.4515.159 Safari/537.36
2021/08/29 19:07:52.047  [D] [template.go:71]  template Execute err: template: osquery/task/result.html:59:46: executing "osquery/task/result.html" at <$v.Key>: can't evaluate field Key in type [2]string
2021/08/29 19:07:52.054  [E] [router.go:896]  template: osquery/task/result.html:59:46: executing "osquery/task/result.html" at <$v.Key>: can't evaluate field Key in type [2]string
2021/08/29 19:07:52.062  [M] [router.go:1014]  ::1 - - [29/Aug/2021 07:07:52] "GET /osquerytask/result?id=7 HTTP/2.0 200 0" 0.037778  Mozilla/5.0 (Windows NT 10.0; Win64; x64) AppleWebKit/537.36 (KHTML, like Gecko) Chrome/92.0.4515.159 Safari/537.36
2021/08/29 19:07:52.825  [D] [template.go:71]  template Execute err: template: osquery/task/result.html:59:46: executing "osquery/task/result.html" at <$v.Key>: can't evaluate field Key in type [2]string
2021/08/29 19:07:52.827  [E] [router.go:896]  template: osquery/task/result.html:59:46: executing "osquery/task/result.html" at <$v.Key>: can't evaluate field Key in type [2]string
2021/08/29 19:07:52.827  [M] [router.go:1014]  ::1 - - [29/Aug/2021 07:07:52] "GET /osquerytask/result?id=7 HTTP/2.0 200 0" 0.019358  Mozilla/5.0 (Windows NT 10.0; Win64; x64) AppleWebKit/537.36 (KHTML, like Gecko) Chrome/92.0.4515.159 Safari/537.36
2021/08/29 19:07:53.280  [D] [template.go:71]  template Execute err: template: osquery/task/result.html:59:46: executing "osquery/task/result.html" at <$v.Key>: can't evaluate field Key in type [2]string
2021/08/29 19:07:53.287  [E] [router.go:896]  template: osquery/task/result.html:59:46: executing "osquery/task/result.html" at <$v.Key>: can't evaluate field Key in type [2]string
2021/08/29 19:07:53.288  [M] [router.go:1014]  ::1 - - [29/Aug/2021 07:07:53] "GET /osquerytask/result?id=7 HTTP/2.0 200 0" 0.025409  Mozilla/5.0 (Windows NT 10.0; Win64; x64) AppleWebKit/537.36 (KHTML, like Gecko) Chrome/92.0.4515.159 Safari/537.36
2021/08/29 19:07:53.691  [D] [template.go:71]  template Execute err: template: osquery/task/result.html:59:46: executing "osquery/task/result.html" at <$v.Key>: can't evaluate field Key in type [2]string
2021/08/29 19:07:53.692  [E] [router.go:896]  template: osquery/task/result.html:59:46: executing "osquery/task/result.html" at <$v.Key>: can't evaluate field Key in type [2]string
2021/08/29 19:07:53.692  [M] [router.go:1014]  ::1 - - [29/Aug/2021 07:07:53] "GET /osquerytask/result?id=7 HTTP/2.0 200 0" 0.022286  Mozilla/5.0 (Windows NT 10.0; Win64; x64) AppleWebKit/537.36 (KHTML, like Gecko) Chrome/92.0.4515.159 Safari/537.36
2021/08/29 19:08:02.260  [M] [router.go:1014]  10.0.0.2 - - [29/Aug/2021 07:08:02] "POST /v1/alert/trigger/ HTTP/1.1 200 649" 0.001924  Alertmanager/0.22.2
2021/08/29 19:08:17.959  [D] [asset.go:54]  check sync asset: false, now: 2021-08-29 19:08:17.9592843 +0800 CST m=+30.131452001, prevTime: 1970-01-01 08:00:00 +0800 CST
2021/08/29 19:08:47.960  [D] [asset.go:54]  check sync asset: false, now: 2021-08-29 19:08:47.96002 +0800 CST m=+60.132187701, prevTime: 1970-01-01 08:00:00 +0800 CST
2021/08/29 19:09:01.942  [D] [template.go:71]  template Execute err: template: osquery/task/result.html:59:53: executing "osquery/task/result.html" at <$v.Key>: can't evaluate field Key in type [2]string
2021/08/29 19:09:01.944  [E] [router.go:896]  template: osquery/task/result.html:59:53: executing "osquery/task/result.html" at <$v.Key>: can't evaluate field Key in type [2]string
2021/08/29 19:09:01.944  [M] [router.go:1014]  ::1 - - [29/Aug/2021 07:09:01] "GET /osquerytask/result?id=7 HTTP/2.0 200 0" 0.046396  Mozilla/5.0 (Windows NT 10.0; Win64; x64) AppleWebKit/537.36 (KHTML, like Gecko) Chrome/92.0.4515.159 Safari/537.36
2021/08/29 19:09:02.841  [D] [template.go:71]  template Execute err: template: osquery/task/result.html:59:53: executing "osquery/task/result.html" at <$v.Key>: can't evaluate field Key in type [2]string
2021/08/29 19:09:02.841  [E] [router.go:896]  template: osquery/task/result.html:59:53: executing "osquery/task/result.html" at <$v.Key>: can't evaluate field Key in type [2]string
2021/08/29 19:09:02.843  [M] [router.go:1014]  ::1 - - [29/Aug/2021 07:09:02] "GET /osquerytask/result?id=7 HTTP/2.0 200 0" 0.037275  Mozilla/5.0 (Windows NT 10.0; Win64; x64) AppleWebKit/537.36 (KHTML, like Gecko) Chrome/92.0.4515.159 Safari/537.36
2021/08/29 19:09:17.961  [D] [asset.go:54]  check sync asset: false, now: 2021-08-29 19:09:17.961402 +0800 CST m=+90.133569701, prevTime: 1970-01-01 08:00:00 +0800 CST
2021/08/29 19:09:29.003  [D] [asset.go:54]  check sync asset: false, now: 2021-08-29 19:09:29.0036427 +0800 CST m=+0.065564901, prevTime: 1970-01-01 08:00:00 +0800 CST
2021/08/29 19:09:30.593  [I] [parser.go:413]  generate router from comments
2021/08/29 19:09:30.596  [I] [server.go:208]  https server Running on https://:8888
