0001/01/01 00:00:00.000  [M] [log.go:191]  [HTTP] http: TLS handshake error from [::1]:49263: remote error: tls: unknown certificate
2021/08/29 19:12:13.930  [M] [router.go:1014]  ::1 - - [29/Aug/2021 07:12:13] "GET /osquerytask/result?id=7 HTTP/2.0 200 0" 0.057287  Mozilla/5.0 (Windows NT 10.0; Win64; x64) AppleWebKit/537.36 (KHTML, like Gecko) Chrome/92.0.4515.159 Safari/537.36
2021/08/29 19:12:36.596  [M] [router.go:1014]  ::1 - - [29/Aug/2021 07:12:36] "GET /osquerytask/query HTTP/2.0 200 0" 0.020192 https://localhost:8888/osquerytask/result?id=7 Mozilla/5.0 (Windows NT 10.0; Win64; x64) AppleWebKit/537.36 (KHTML, like Gecko) Chrome/92.0.4515.159 Safari/537.36
2021/08/29 19:12:37.856  [M] [router.go:1014]  ::1 - - [29/Aug/2021 07:12:37] "GET /osquerytask/create HTTP/2.0 200 0" 0.015804 https://localhost:8888/osquerytask/query Mozilla/5.0 (Windows NT 10.0; Win64; x64) AppleWebKit/537.36 (KHTML, like Gecko) Chrome/92.0.4515.159 Safari/537.36
2021/08/29 19:12:40.232  [D] [asset.go:54]  check sync asset: false, now: 2021-08-29 19:12:40.2322691 +0800 CST m=+30.076418001, prevTime: 1970-01-01 08:00:00 +0800 CST
2021/08/29 19:12:42.585  [M] [router.go:1014]  ::1 - - [01/Jan/0001 12:00:00] "POST /osquerytask/create HTTP/2.0 302 67" 0.000000 https://localhost:8888/osquerytask/create Mozilla/5.0 (Windows NT 10.0; Win64; x64) AppleWebKit/537.36 (KHTML, like Gecko) Chrome/92.0.4515.159 Safari/537.36
2021/08/29 19:12:42.591  [M] [router.go:1014]  ::1 - - [29/Aug/2021 07:12:42] "POST /osquerytask/create HTTP/2.0 302 67" 0.063240 https://localhost:8888/osquerytask/create Mozilla/5.0 (Windows NT 10.0; Win64; x64) AppleWebKit/537.36 (KHTML, like Gecko) Chrome/92.0.4515.159 Safari/537.36
2021/08/29 19:12:42.619  [M] [router.go:1014]  ::1 - - [29/Aug/2021 07:12:42] "GET /osquerytask/query HTTP/2.0 200 0" 0.014863 https://localhost:8888/osquerytask/create Mozilla/5.0 (Windows NT 10.0; Win64; x64) AppleWebKit/537.36 (KHTML, like Gecko) Chrome/92.0.4515.159 Safari/537.36
2021/08/29 19:12:44.093  [M] [router.go:1014]  ::1 - - [29/Aug/2021 07:12:44] "GET /osquerytask/create HTTP/2.0 200 0" 0.019917 https://localhost:8888/osquerytask/query Mozilla/5.0 (Windows NT 10.0; Win64; x64) AppleWebKit/537.36 (KHTML, like Gecko) Chrome/92.0.4515.159 Safari/537.36
2021/08/29 19:12:52.863  [M] [router.go:1014]  ::1 - - [01/Jan/0001 12:00:00] "POST /osquerytask/create HTTP/2.0 302 71" 0.000000 https://localhost:8888/osquerytask/create Mozilla/5.0 (Windows NT 10.0; Win64; x64) AppleWebKit/537.36 (KHTML, like Gecko) Chrome/92.0.4515.159 Safari/537.36
2021/08/29 19:12:52.868  [M] [router.go:1014]  ::1 - - [29/Aug/2021 07:12:52] "POST /osquerytask/create HTTP/2.0 302 71" 0.039885 https://localhost:8888/osquerytask/create Mozilla/5.0 (Windows NT 10.0; Win64; x64) AppleWebKit/537.36 (KHTML, like Gecko) Chrome/92.0.4515.159 Safari/537.36
2021/08/29 19:12:52.891  [M] [router.go:1014]  ::1 - - [29/Aug/2021 07:12:52] "GET /osquerytask/query HTTP/2.0 200 0" 0.017872 https://localhost:8888/osquerytask/create Mozilla/5.0 (Windows NT 10.0; Win64; x64) AppleWebKit/537.36 (KHTML, like Gecko) Chrome/92.0.4515.159 Safari/537.36
2021/08/29 19:12:55.132  [M] [router.go:1014]  ::1 - - [29/Aug/2021 07:12:55] "GET /osquerytask/create HTTP/2.0 200 0" 0.009256 https://localhost:8888/osquerytask/query Mozilla/5.0 (Windows NT 10.0; Win64; x64) AppleWebKit/537.36 (KHTML, like Gecko) Chrome/92.0.4515.159 Safari/537.36
2021/08/29 19:12:59.865  [M] [router.go:1014]  ::1 - - [01/Jan/0001 12:00:00] "POST /osquerytask/create HTTP/2.0 302 76" 0.000000 https://localhost:8888/osquerytask/create Mozilla/5.0 (Windows NT 10.0; Win64; x64) AppleWebKit/537.36 (KHTML, like Gecko) Chrome/92.0.4515.159 Safari/537.36
2021/08/29 19:12:59.873  [M] [router.go:1014]  ::1 - - [29/Aug/2021 07:12:59] "POST /osquerytask/create HTTP/2.0 302 76" 0.050748 https://localhost:8888/osquerytask/create Mozilla/5.0 (Windows NT 10.0; Win64; x64) AppleWebKit/537.36 (KHTML, like Gecko) Chrome/92.0.4515.159 Safari/537.36
2021/08/29 19:12:59.895  [M] [router.go:1014]  ::1 - - [29/Aug/2021 07:12:59] "GET /osquerytask/query HTTP/2.0 200 0" 0.016633 https://localhost:8888/osquerytask/create Mozilla/5.0 (Windows NT 10.0; Win64; x64) AppleWebKit/537.36 (KHTML, like Gecko) Chrome/92.0.4515.159 Safari/537.36
2021/08/29 19:13:01.771  [M] [router.go:1014]  ::1 - - [29/Aug/2021 07:13:01] "GET /osquerytask/result?id=9 HTTP/2.0 200 0" 0.045584 https://localhost:8888/osquerytask/query Mozilla/5.0 (Windows NT 10.0; Win64; x64) AppleWebKit/537.36 (KHTML, like Gecko) Chrome/92.0.4515.159 Safari/537.36
2021/08/29 19:13:10.228  [D] [asset.go:54]  check sync asset: false, now: 2021-08-29 19:13:10.2283797 +0800 CST m=+60.072528601, prevTime: 1970-01-01 08:00:00 +0800 CST
2021/08/29 19:13:28.218  [M] [router.go:1014]  ::1 - - [29/Aug/2021 07:13:28] "GET /osquerytask/query HTTP/2.0 200 0" 0.016468 https://localhost:8888/osquerytask/result?id=9 Mozilla/5.0 (Windows NT 10.0; Win64; x64) AppleWebKit/537.36 (KHTML, like Gecko) Chrome/92.0.4515.159 Safari/537.36
2021/08/29 19:13:32.334  [M] [router.go:1014]  ::1 - - [29/Aug/2021 07:13:32] "GET /osquerytask/create HTTP/2.0 200 0" 0.011851 https://localhost:8888/osquerytask/query Mozilla/5.0 (Windows NT 10.0; Win64; x64) AppleWebKit/537.36 (KHTML, like Gecko) Chrome/92.0.4515.159 Safari/537.36
2021/08/29 19:13:37.287  [M] [router.go:1014]  ::1 - - [01/Jan/0001 12:00:00] "POST /osquerytask/create HTTP/2.0 302 78" 0.000000 https://localhost:8888/osquerytask/create Mozilla/5.0 (Windows NT 10.0; Win64; x64) AppleWebKit/537.36 (KHTML, like Gecko) Chrome/92.0.4515.159 Safari/537.36
2021/08/29 19:13:37.289  [M] [router.go:1014]  ::1 - - [29/Aug/2021 07:13:37] "POST /osquerytask/create HTTP/2.0 302 78" 0.058021 https://localhost:8888/osquerytask/create Mozilla/5.0 (Windows NT 10.0; Win64; x64) AppleWebKit/537.36 (KHTML, like Gecko) Chrome/92.0.4515.159 Safari/537.36
2021/08/29 19:13:37.316  [M] [router.go:1014]  ::1 - - [29/Aug/2021 07:13:37] "GET /osquerytask/query HTTP/2.0 200 0" 0.022654 https://localhost:8888/osquerytask/create Mozilla/5.0 (Windows NT 10.0; Win64; x64) AppleWebKit/537.36 (KHTML, like Gecko) Chrome/92.0.4515.159 Safari/537.36
2021/08/29 19:13:39.576  [M] [router.go:1014]  ::1 - - [29/Aug/2021 07:13:39] "GET /osquerytask/result?id=11 HTTP/2.0 200 0" 0.018721 https://localhost:8888/osquerytask/query Mozilla/5.0 (Windows NT 10.0; Win64; x64) AppleWebKit/537.36 (KHTML, like Gecko) Chrome/92.0.4515.159 Safari/537.36
2021/08/29 19:13:40.226  [D] [asset.go:54]  check sync asset: false, now: 2021-08-29 19:13:40.2269449 +0800 CST m=+90.071093801, prevTime: 1970-01-01 08:00:00 +0800 CST
2021/08/29 19:13:41.759  [M] [router.go:1014]  ::1 - - [29/Aug/2021 07:13:41] "GET /osquerytask/result?id=11 HTTP/2.0 200 0" 0.007101 https://localhost:8888/osquerytask/query Mozilla/5.0 (Windows NT 10.0; Win64; x64) AppleWebKit/537.36 (KHTML, like Gecko) Chrome/92.0.4515.159 Safari/537.36
2021/08/29 19:13:42.577  [M] [router.go:1014]  ::1 - - [29/Aug/2021 07:13:42] "GET /osquerytask/result?id=11 HTTP/2.0 200 0" 0.013166 https://localhost:8888/osquerytask/query Mozilla/5.0 (Windows NT 10.0; Win64; x64) AppleWebKit/537.36 (KHTML, like Gecko) Chrome/92.0.4515.159 Safari/537.36
2021/08/29 19:13:42.759  [M] [router.go:1014]  ::1 - - [29/Aug/2021 07:13:42] "GET /osquerytask/result?id=11 HTTP/2.0 200 0" 0.010980 https://localhost:8888/osquerytask/query Mozilla/5.0 (Windows NT 10.0; Win64; x64) AppleWebKit/537.36 (KHTML, like Gecko) Chrome/92.0.4515.159 Safari/537.36
2021/08/29 19:13:43.630  [M] [router.go:1014]  ::1 - - [29/Aug/2021 07:13:43] "GET /osquerytask/query HTTP/2.0 200 0" 0.032981 https://localhost:8888/osquerytask/result?id=11 Mozilla/5.0 (Windows NT 10.0; Win64; x64) AppleWebKit/537.36 (KHTML, like Gecko) Chrome/92.0.4515.159 Safari/537.36
2021/08/29 19:13:45.123  [M] [router.go:1014]  ::1 - - [29/Aug/2021 07:13:45] "GET /osquerytask/result?id=11 HTTP/2.0 200 0" 0.026049 https://localhost:8888/osquerytask/query Mozilla/5.0 (Windows NT 10.0; Win64; x64) AppleWebKit/537.36 (KHTML, like Gecko) Chrome/92.0.4515.159 Safari/537.36
2021/08/29 19:13:46.302  [M] [router.go:1014]  ::1 - - [29/Aug/2021 07:13:46] "GET /osquerytask/query HTTP/2.0 200 0" 0.029447 https://localhost:8888/osquerytask/result?id=11 Mozilla/5.0 (Windows NT 10.0; Win64; x64) AppleWebKit/537.36 (KHTML, like Gecko) Chrome/92.0.4515.159 Safari/537.36
2021/08/29 19:13:47.189  [M] [router.go:1014]  ::1 - - [29/Aug/2021 07:13:47] "GET /osquerytask/result?id=11 HTTP/2.0 200 0" 0.015934 https://localhost:8888/osquerytask/query Mozilla/5.0 (Windows NT 10.0; Win64; x64) AppleWebKit/537.36 (KHTML, like Gecko) Chrome/92.0.4515.159 Safari/537.36
2021/08/29 19:14:02.265  [M] [router.go:1014]  10.0.0.2 - - [29/Aug/2021 07:14:02] "POST /v1/alert/trigger/ HTTP/1.1 200 649" 0.002996  Alertmanager/0.22.2
2021/08/29 19:14:10.228  [D] [asset.go:54]  check sync asset: false, now: 2021-08-29 19:14:10.2283719 +0800 CST m=+120.072520801, prevTime: 1970-01-01 08:00:00 +0800 CST
2021/08/29 19:14:40.227  [D] [asset.go:54]  check sync asset: false, now: 2021-08-29 19:14:40.2273989 +0800 CST m=+150.071547801, prevTime: 1970-01-01 08:00:00 +0800 CST
2021/08/29 19:14:54.989  [D] [asset.go:54]  check sync asset: false, now: 2021-08-29 19:14:54.9897374 +0800 CST m=+0.094814201, prevTime: 1970-01-01 08:00:00 +0800 CST
2021/08/29 19:14:57.261  [I] [parser.go:413]  generate router from comments
2021/08/29 19:14:57.272  [I] [server.go:208]  https server Running on https://:8888
