0001/01/01 00:00:00.000  [M] [log.go:191]  [HTTP] http: TLS handshake error from [::1]:62392: remote error: tls: unknown certificate
2021/08/29 17:14:12.988  [M] [router.go:1014]  ::1 - - [29/Aug/2021 05:14:12] "POST /osquerytask/create HTTP/2.0 200 58" 0.016506 https://localhost:8888/osquerytask/create Mozilla/5.0 (Windows NT 10.0; Win64; x64) AppleWebKit/537.36 (KHTML, like Gecko) Chrome/92.0.4515.159 Safari/537.36
2021/08/29 17:14:41.087  [D] [asset.go:54]  check sync asset: false, now: 2021-08-29 17:14:41.0875649 +0800 CST m=+30.075866301, prevTime: 1970-01-01 08:00:00 +0800 CST
2021/08/29 17:14:50.071  [M] [router.go:1014]  ::1 - - [29/Aug/2021 05:14:50] "GET /osquerytask/create HTTP/2.0 200 0" 0.030026  Mozilla/5.0 (Windows NT 10.0; Win64; x64) AppleWebKit/537.36 (KHTML, like Gecko) Chrome/92.0.4515.159 Safari/537.36
2021/08/29 17:14:51.481  [M] [router.go:1014]  ::1 - - [29/Aug/2021 05:14:51] "POST /osquerytask/create HTTP/2.0 200 59" 0.013566 https://localhost:8888/osquerytask/create Mozilla/5.0 (Windows NT 10.0; Win64; x64) AppleWebKit/537.36 (KHTML, like Gecko) Chrome/92.0.4515.159 Safari/537.36
2021/08/29 17:14:54.903  [M] [router.go:1014]  ::1 - - [29/Aug/2021 05:14:54] "POST /osquerytask/create HTTP/2.0 200 16" 0.009546 https://localhost:8888/osquerytask/create Mozilla/5.0 (Windows NT 10.0; Win64; x64) AppleWebKit/537.36 (KHTML, like Gecko) Chrome/92.0.4515.159 Safari/537.36
2021/08/29 17:14:56.780  [M] [router.go:1014]  ::1 - - [29/Aug/2021 05:14:56] "POST /osquerytask/create HTTP/2.0 200 59" 0.011729 https://localhost:8888/osquerytask/create Mozilla/5.0 (Windows NT 10.0; Win64; x64) AppleWebKit/537.36 (KHTML, like Gecko) Chrome/92.0.4515.159 Safari/537.36
2021/08/29 17:15:00.811  [M] [router.go:1014]  ::1 - - [01/Jan/0001 12:00:00] "POST /osquerytask/create HTTP/2.0 302 62" 0.000000 https://localhost:8888/osquerytask/create Mozilla/5.0 (Windows NT 10.0; Win64; x64) AppleWebKit/537.36 (KHTML, like Gecko) Chrome/92.0.4515.159 Safari/537.36
2021/08/29 17:15:00.813  [M] [router.go:1014]  ::1 - - [29/Aug/2021 05:15:00] "POST /osquerytask/create HTTP/2.0 302 62" 0.079505 https://localhost:8888/osquerytask/create Mozilla/5.0 (Windows NT 10.0; Win64; x64) AppleWebKit/537.36 (KHTML, like Gecko) Chrome/92.0.4515.159 Safari/537.36
2021/08/29 17:15:00.821  [M] [router.go:1014]  ::1 - - [29/Aug/2021 05:15:00] "GET /osquerytask/query HTTP/2.0 200 0" 0.004726 https://localhost:8888/osquerytask/create Mozilla/5.0 (Windows NT 10.0; Win64; x64) AppleWebKit/537.36 (KHTML, like Gecko) Chrome/92.0.4515.159 Safari/537.36
2021/08/29 17:15:02.163  [M] [router.go:1014]  10.0.0.2 - - [29/Aug/2021 05:15:02] "POST /v1/alert/trigger/ HTTP/1.1 200 649" 0.002219  Alertmanager/0.22.2
2021/08/29 17:15:11.088  [D] [asset.go:54]  check sync asset: false, now: 2021-08-29 17:15:11.088192 +0800 CST m=+60.076493401, prevTime: 1970-01-01 08:00:00 +0800 CST
2021/08/29 17:15:41.087  [D] [asset.go:54]  check sync asset: false, now: 2021-08-29 17:15:41.0876488 +0800 CST m=+90.075950201, prevTime: 1970-01-01 08:00:00 +0800 CST
2021/08/29 17:16:11.087  [D] [asset.go:54]  check sync asset: false, now: 2021-08-29 17:16:11.087427 +0800 CST m=+120.075728401, prevTime: 1970-01-01 08:00:00 +0800 CST
2021/08/29 17:16:31.235  [M] [router.go:1014]  ::1 - - [29/Aug/2021 05:16:31] "GET /osquerytask/create HTTP/2.0 200 0" 0.008257 https://localhost:8888/osquerytask/query Mozilla/5.0 (Windows NT 10.0; Win64; x64) AppleWebKit/537.36 (KHTML, like Gecko) Chrome/92.0.4515.159 Safari/537.36
2021/08/29 17:16:35.112  [M] [router.go:1014]  ::1 - - [01/Jan/0001 12:00:00] "POST /osquerytask/create HTTP/2.0 302 73" 0.000000 https://localhost:8888/osquerytask/create Mozilla/5.0 (Windows NT 10.0; Win64; x64) AppleWebKit/537.36 (KHTML, like Gecko) Chrome/92.0.4515.159 Safari/537.36
2021/08/29 17:16:35.116  [M] [router.go:1014]  ::1 - - [29/Aug/2021 05:16:35] "POST /osquerytask/create HTTP/2.0 302 73" 0.050741 https://localhost:8888/osquerytask/create Mozilla/5.0 (Windows NT 10.0; Win64; x64) AppleWebKit/537.36 (KHTML, like Gecko) Chrome/92.0.4515.159 Safari/537.36
2021/08/29 17:16:35.132  [M] [router.go:1014]  ::1 - - [29/Aug/2021 05:16:35] "GET /osquerytask/query HTTP/2.0 200 0" 0.012769 https://localhost:8888/osquerytask/create Mozilla/5.0 (Windows NT 10.0; Win64; x64) AppleWebKit/537.36 (KHTML, like Gecko) Chrome/92.0.4515.159 Safari/537.36
2021/08/29 17:16:41.088  [D] [asset.go:54]  check sync asset: false, now: 2021-08-29 17:16:41.0882187 +0800 CST m=+150.076520101, prevTime: 1970-01-01 08:00:00 +0800 CST
2021/08/29 17:17:02.965  [M] [router.go:1014]  ::1 - - [29/Aug/2021 05:17:02] "GET /osquerytask/create HTTP/2.0 200 0" 0.049915 https://localhost:8888/osquerytask/query Mozilla/5.0 (Windows NT 10.0; Win64; x64) AppleWebKit/537.36 (KHTML, like Gecko) Chrome/92.0.4515.159 Safari/537.36
2021/08/29 17:17:10.328  [M] [router.go:1014]  ::1 - - [29/Aug/2021 05:17:10] "GET /osquerytask/query HTTP/2.0 200 0" 0.021225 https://localhost:8888/osquerytask/create Mozilla/5.0 (Windows NT 10.0; Win64; x64) AppleWebKit/537.36 (KHTML, like Gecko) Chrome/92.0.4515.159 Safari/537.36
2021/08/29 17:17:11.088  [D] [asset.go:54]  check sync asset: false, now: 2021-08-29 17:17:11.0883746 +0800 CST m=+180.076676001, prevTime: 1970-01-01 08:00:00 +0800 CST
2021/08/29 17:17:16.990  [M] [router.go:1014]  ::1 - - [29/Aug/2021 05:17:16] "GET /osquerytask/result?id=1 HTTP/2.0 200 0" 0.035391 https://localhost:8888/osquerytask/query Mozilla/5.0 (Windows NT 10.0; Win64; x64) AppleWebKit/537.36 (KHTML, like Gecko) Chrome/92.0.4515.159 Safari/537.36
2021/08/29 17:17:21.249  [M] [router.go:1014]  ::1 - - [29/Aug/2021 05:17:21] "GET /osquerytask/query HTTP/2.0 200 0" 0.010672 https://localhost:8888/osquerytask/create Mozilla/5.0 (Windows NT 10.0; Win64; x64) AppleWebKit/537.36 (KHTML, like Gecko) Chrome/92.0.4515.159 Safari/537.36
2021/08/29 17:17:41.087  [D] [asset.go:54]  check sync asset: false, now: 2021-08-29 17:17:41.0873773 +0800 CST m=+210.075678701, prevTime: 1970-01-01 08:00:00 +0800 CST
2021/08/29 17:18:02.160  [M] [router.go:1014]  10.0.0.2 - - [29/Aug/2021 05:18:02] "POST /v1/alert/trigger/ HTTP/1.1 200 649" 0.002375  Alertmanager/0.22.2
2021/08/29 17:18:11.087  [D] [asset.go:54]  check sync asset: false, now: 2021-08-29 17:18:11.0873853 +0800 CST m=+240.075686701, prevTime: 1970-01-01 08:00:00 +0800 CST
2021/08/29 17:18:41.087  [D] [asset.go:54]  check sync asset: false, now: 2021-08-29 17:18:41.0878805 +0800 CST m=+270.076181901, prevTime: 1970-01-01 08:00:00 +0800 CST
2021/08/29 17:19:11.087  [D] [asset.go:54]  check sync asset: false, now: 2021-08-29 17:19:11.0878091 +0800 CST m=+300.076110501, prevTime: 1970-01-01 08:00:00 +0800 CST
2021/08/29 17:19:41.087  [D] [asset.go:54]  check sync asset: false, now: 2021-08-29 17:19:41.0877115 +0800 CST m=+330.076012901, prevTime: 1970-01-01 08:00:00 +0800 CST
2021/08/29 17:20:11.087  [D] [asset.go:54]  check sync asset: false, now: 2021-08-29 17:20:11.0876859 +0800 CST m=+360.075987301, prevTime: 1970-01-01 08:00:00 +0800 CST
2021/08/29 17:20:41.087  [D] [asset.go:54]  check sync asset: false, now: 2021-08-29 17:20:41.0873148 +0800 CST m=+390.075616201, prevTime: 1970-01-01 08:00:00 +0800 CST
2021/08/29 17:21:02.163  [M] [router.go:1014]  10.0.0.2 - - [29/Aug/2021 05:21:02] "POST /v1/alert/trigger/ HTTP/1.1 200 649" 0.002008  Alertmanager/0.22.2
2021/08/29 17:21:11.087  [D] [asset.go:54]  check sync asset: false, now: 2021-08-29 17:21:11.0872789 +0800 CST m=+420.075580301, prevTime: 1970-01-01 08:00:00 +0800 CST
2021/08/29 17:21:41.088  [D] [asset.go:54]  check sync asset: false, now: 2021-08-29 17:21:41.0887073 +0800 CST m=+450.077008701, prevTime: 1970-01-01 08:00:00 +0800 CST
2021/08/29 17:22:11.087  [D] [asset.go:54]  check sync asset: false, now: 2021-08-29 17:22:11.0878943 +0800 CST m=+480.076195701, prevTime: 1970-01-01 08:00:00 +0800 CST
2021/08/29 17:22:41.087  [D] [asset.go:54]  check sync asset: false, now: 2021-08-29 17:22:41.0878642 +0800 CST m=+510.076165601, prevTime: 1970-01-01 08:00:00 +0800 CST
2021/08/29 17:23:11.087  [D] [asset.go:54]  check sync asset: false, now: 2021-08-29 17:23:11.0873784 +0800 CST m=+540.075679801, prevTime: 1970-01-01 08:00:00 +0800 CST
2021/08/29 17:23:41.087  [D] [asset.go:54]  check sync asset: false, now: 2021-08-29 17:23:41.0871206 +0800 CST m=+570.075422001, prevTime: 1970-01-01 08:00:00 +0800 CST
2021/08/29 17:24:02.166  [M] [router.go:1014]  10.0.0.2 - - [29/Aug/2021 05:24:02] "POST /v1/alert/trigger/ HTTP/1.1 200 649" 0.002748  Alertmanager/0.22.2
2021/08/29 17:24:11.089  [D] [asset.go:54]  check sync asset: false, now: 2021-08-29 17:24:11.0891095 +0800 CST m=+600.077410901, prevTime: 1970-01-01 08:00:00 +0800 CST
2021/08/29 17:24:31.825  [M] [router.go:1014]  ::1 - - [29/Aug/2021 05:24:31] "GET /osquerytask/query HTTP/2.0 200 0" 0.007060 https://localhost:8888/osquerytask/create Mozilla/5.0 (Windows NT 10.0; Win64; x64) AppleWebKit/537.36 (KHTML, like Gecko) Chrome/92.0.4515.159 Safari/537.36
2021/08/29 17:24:35.508  [M] [router.go:1014]  ::1 - - [29/Aug/2021 05:24:35] "GET /osquerytask/query HTTP/2.0 200 0" 0.007771 https://localhost:8888/osquerytask/create Mozilla/5.0 (Windows NT 10.0; Win64; x64) AppleWebKit/537.36 (KHTML, like Gecko) Chrome/92.0.4515.159 Safari/537.36
2021/08/29 17:24:36.259  [M] [router.go:1014]  ::1 - - [29/Aug/2021 05:24:36] "GET /osquerytask/query HTTP/2.0 200 0" 0.006718 https://localhost:8888/osquerytask/create Mozilla/5.0 (Windows NT 10.0; Win64; x64) AppleWebKit/537.36 (KHTML, like Gecko) Chrome/92.0.4515.159 Safari/537.36
2021/08/29 17:24:36.915  [M] [router.go:1014]  ::1 - - [29/Aug/2021 05:24:36] "GET /osquerytask/query HTTP/2.0 200 0" 0.009687 https://localhost:8888/osquerytask/create Mozilla/5.0 (Windows NT 10.0; Win64; x64) AppleWebKit/537.36 (KHTML, like Gecko) Chrome/92.0.4515.159 Safari/537.36
2021/08/29 17:24:37.796  [M] [router.go:1014]  ::1 - - [29/Aug/2021 05:24:37] "GET /osquerytask/query HTTP/2.0 200 0" 0.007324 https://localhost:8888/osquerytask/create Mozilla/5.0 (Windows NT 10.0; Win64; x64) AppleWebKit/537.36 (KHTML, like Gecko) Chrome/92.0.4515.159 Safari/537.36
2021/08/29 17:24:38.320  [M] [router.go:1014]  ::1 - - [29/Aug/2021 05:24:38] "GET /osquerytask/query HTTP/2.0 200 0" 0.005866 https://localhost:8888/osquerytask/create Mozilla/5.0 (Windows NT 10.0; Win64; x64) AppleWebKit/537.36 (KHTML, like Gecko) Chrome/92.0.4515.159 Safari/537.36
2021/08/29 17:24:38.825  [M] [router.go:1014]  ::1 - - [29/Aug/2021 05:24:38] "GET /osquerytask/query HTTP/2.0 200 0" 0.009442 https://localhost:8888/osquerytask/create Mozilla/5.0 (Windows NT 10.0; Win64; x64) AppleWebKit/537.36 (KHTML, like Gecko) Chrome/92.0.4515.159 Safari/537.36
2021/08/29 17:24:40.942  [M] [router.go:1014]  ::1 - - [29/Aug/2021 05:24:40] "GET /osquerytask/query HTTP/2.0 200 0" 0.015183 https://localhost:8888/osquerytask/create Mozilla/5.0 (Windows NT 10.0; Win64; x64) AppleWebKit/537.36 (KHTML, like Gecko) Chrome/92.0.4515.159 Safari/537.36
2021/08/29 17:24:41.087  [D] [asset.go:54]  check sync asset: false, now: 2021-08-29 17:24:41.0875711 +0800 CST m=+630.075872501, prevTime: 1970-01-01 08:00:00 +0800 CST
2021/08/29 17:24:42.159  [M] [router.go:1014]  ::1 - - [29/Aug/2021 05:24:42] "GET /osquerytask/query HTTP/2.0 200 0" 0.009298 https://localhost:8888/osquerytask/create Mozilla/5.0 (Windows NT 10.0; Win64; x64) AppleWebKit/537.36 (KHTML, like Gecko) Chrome/92.0.4515.159 Safari/537.36
2021/08/29 17:24:42.590  [M] [router.go:1014]  ::1 - - [29/Aug/2021 05:24:42] "GET /osquerytask/query HTTP/2.0 200 0" 0.007628 https://localhost:8888/osquerytask/create Mozilla/5.0 (Windows NT 10.0; Win64; x64) AppleWebKit/537.36 (KHTML, like Gecko) Chrome/92.0.4515.159 Safari/537.36
2021/08/29 17:24:42.989  [M] [router.go:1014]  ::1 - - [29/Aug/2021 05:24:42] "GET /osquerytask/query HTTP/2.0 200 0" 0.006692 https://localhost:8888/osquerytask/create Mozilla/5.0 (Windows NT 10.0; Win64; x64) AppleWebKit/537.36 (KHTML, like Gecko) Chrome/92.0.4515.159 Safari/537.36
2021/08/29 17:24:43.684  [M] [router.go:1014]  ::1 - - [29/Aug/2021 05:24:43] "GET /osquerytask/query HTTP/2.0 200 0" 0.008436 https://localhost:8888/osquerytask/create Mozilla/5.0 (Windows NT 10.0; Win64; x64) AppleWebKit/537.36 (KHTML, like Gecko) Chrome/92.0.4515.159 Safari/537.36
2021/08/29 17:24:44.190  [M] [router.go:1014]  ::1 - - [29/Aug/2021 05:24:44] "GET /osquerytask/query HTTP/2.0 200 0" 0.006806 https://localhost:8888/osquerytask/create Mozilla/5.0 (Windows NT 10.0; Win64; x64) AppleWebKit/537.36 (KHTML, like Gecko) Chrome/92.0.4515.159 Safari/537.36
2021/08/29 17:24:45.022  [M] [router.go:1014]  ::1 - - [29/Aug/2021 05:24:45] "GET /osquerytask/query HTTP/2.0 200 0" 0.006391 https://localhost:8888/osquerytask/create Mozilla/5.0 (Windows NT 10.0; Win64; x64) AppleWebKit/537.36 (KHTML, like Gecko) Chrome/92.0.4515.159 Safari/537.36
2021/08/29 17:24:45.457  [M] [router.go:1014]  ::1 - - [29/Aug/2021 05:24:45] "GET /osquerytask/query HTTP/2.0 200 0" 0.008729 https://localhost:8888/osquerytask/create Mozilla/5.0 (Windows NT 10.0; Win64; x64) AppleWebKit/537.36 (KHTML, like Gecko) Chrome/92.0.4515.159 Safari/537.36
2021/08/29 17:24:45.676  [M] [router.go:1014]  ::1 - - [29/Aug/2021 05:24:45] "GET /osquerytask/query HTTP/2.0 200 0" 0.005999 https://localhost:8888/osquerytask/create Mozilla/5.0 (Windows NT 10.0; Win64; x64) AppleWebKit/537.36 (KHTML, like Gecko) Chrome/92.0.4515.159 Safari/537.36
2021/08/29 17:24:45.883  [M] [router.go:1014]  ::1 - - [29/Aug/2021 05:24:45] "GET /osquerytask/query HTTP/2.0 200 0" 0.005674 https://localhost:8888/osquerytask/create Mozilla/5.0 (Windows NT 10.0; Win64; x64) AppleWebKit/537.36 (KHTML, like Gecko) Chrome/92.0.4515.159 Safari/537.36
2021/08/29 17:24:49.932  [M] [router.go:1014]  ::1 - - [29/Aug/2021 05:24:49] "GET /osquerytask/query HTTP/2.0 200 0" 0.012662 https://localhost:8888/osquerytask/create Mozilla/5.0 (Windows NT 10.0; Win64; x64) AppleWebKit/537.36 (KHTML, like Gecko) Chrome/92.0.4515.159 Safari/537.36
2021/08/29 17:25:11.087  [D] [asset.go:54]  check sync asset: false, now: 2021-08-29 17:25:11.0870814 +0800 CST m=+660.075382801, prevTime: 1970-01-01 08:00:00 +0800 CST
2021/08/29 17:25:41.087  [D] [asset.go:54]  check sync asset: false, now: 2021-08-29 17:25:41.0878196 +0800 CST m=+690.076121001, prevTime: 1970-01-01 08:00:00 +0800 CST
2021/08/29 17:26:02.355  [M] [router.go:1014]  ::1 - - [29/Aug/2021 05:26:02] "GET /osquerytask/query HTTP/2.0 200 0" 0.010477 https://localhost:8888/osquerytask/query Mozilla/5.0 (Windows NT 10.0; Win64; x64) AppleWebKit/537.36 (KHTML, like Gecko) Chrome/92.0.4515.159 Safari/537.36
2021/08/29 17:26:03.258  [M] [router.go:1014]  ::1 - - [29/Aug/2021 05:26:03] "GET /prometheusagent/query HTTP/2.0 200 0" 0.009318 https://localhost:8888/osquerytask/query Mozilla/5.0 (Windows NT 10.0; Win64; x64) AppleWebKit/537.36 (KHTML, like Gecko) Chrome/92.0.4515.159 Safari/537.36
2021/08/29 17:26:03.747  [M] [router.go:1014]  ::1 - - [29/Aug/2021 05:26:03] "GET /osquerytask/query HTTP/2.0 200 0" 0.011993 https://localhost:8888/prometheusagent/query Mozilla/5.0 (Windows NT 10.0; Win64; x64) AppleWebKit/537.36 (KHTML, like Gecko) Chrome/92.0.4515.159 Safari/537.36
2021/08/29 17:26:11.089  [D] [asset.go:54]  check sync asset: false, now: 2021-08-29 17:26:11.0890794 +0800 CST m=+720.077380801, prevTime: 1970-01-01 08:00:00 +0800 CST
2021/08/29 17:26:41.088  [D] [asset.go:54]  check sync asset: false, now: 2021-08-29 17:26:41.0885622 +0800 CST m=+750.076863601, prevTime: 1970-01-01 08:00:00 +0800 CST
2021/08/29 17:27:02.171  [M] [router.go:1014]  10.0.0.2 - - [29/Aug/2021 05:27:02] "POST /v1/alert/trigger/ HTTP/1.1 200 649" 0.005621  Alertmanager/0.22.2
2021/08/29 17:27:11.087  [D] [asset.go:54]  check sync asset: false, now: 2021-08-29 17:27:11.0875524 +0800 CST m=+780.075853801, prevTime: 1970-01-01 08:00:00 +0800 CST
2021/08/29 17:27:27.697  [M] [router.go:1014]  ::1 - - [29/Aug/2021 05:27:27] "POST /osquerytask/query HTTP/2.0 200 3" 0.010610 https://localhost:8888/osquerytask/query Mozilla/5.0 (Windows NT 10.0; Win64; x64) AppleWebKit/537.36 (KHTML, like Gecko) Chrome/92.0.4515.159 Safari/537.36
2021/08/29 17:27:29.173  [M] [router.go:1014]  ::1 - - [29/Aug/2021 05:27:29] "POST /osquerytask/query HTTP/2.0 200 3" 0.009206 https://localhost:8888/osquerytask/query Mozilla/5.0 (Windows NT 10.0; Win64; x64) AppleWebKit/537.36 (KHTML, like Gecko) Chrome/92.0.4515.159 Safari/537.36
2021/08/29 17:27:31.023  [M] [router.go:1014]  ::1 - - [29/Aug/2021 05:27:31] "POST /osquerytask/query HTTP/2.0 200 2" 0.016119 https://localhost:8888/osquerytask/query Mozilla/5.0 (Windows NT 10.0; Win64; x64) AppleWebKit/537.36 (KHTML, like Gecko) Chrome/92.0.4515.159 Safari/537.36
2021/08/29 17:27:41.088  [D] [asset.go:54]  check sync asset: false, now: 2021-08-29 17:27:41.0885813 +0800 CST m=+810.076882701, prevTime: 1970-01-01 08:00:00 +0800 CST
2021/08/29 17:28:11.087  [D] [asset.go:54]  check sync asset: false, now: 2021-08-29 17:28:11.0875474 +0800 CST m=+840.075848801, prevTime: 1970-01-01 08:00:00 +0800 CST
2021/08/29 17:28:41.087  [D] [asset.go:54]  check sync asset: false, now: 2021-08-29 17:28:41.0871676 +0800 CST m=+870.075469001, prevTime: 1970-01-01 08:00:00 +0800 CST
2021/08/29 17:29:11.087  [D] [asset.go:54]  check sync asset: false, now: 2021-08-29 17:29:11.0879472 +0800 CST m=+900.076248601, prevTime: 1970-01-01 08:00:00 +0800 CST
2021/08/29 17:29:41.087  [D] [asset.go:54]  check sync asset: false, now: 2021-08-29 17:29:41.0878252 +0800 CST m=+930.076126601, prevTime: 1970-01-01 08:00:00 +0800 CST
2021/08/29 17:29:51.273  [M] [router.go:1014]  ::1 - - [29/Aug/2021 05:29:51] "GET /osquerytask/query HTTP/2.0 200 0" 0.010078 https://localhost:8888/osquerytask/query Mozilla/5.0 (Windows NT 10.0; Win64; x64) AppleWebKit/537.36 (KHTML, like Gecko) Chrome/92.0.4515.159 Safari/537.36
2021/08/29 17:30:02.169  [M] [router.go:1014]  10.0.0.2 - - [29/Aug/2021 05:30:02] "POST /v1/alert/trigger/ HTTP/1.1 200 649" 0.002607  Alertmanager/0.22.2
2021/08/29 17:30:11.087  [D] [asset.go:54]  check sync asset: false, now: 2021-08-29 17:30:11.0877783 +0800 CST m=+960.076079701, prevTime: 1970-01-01 08:00:00 +0800 CST
2021/08/29 17:30:41.087  [D] [asset.go:54]  check sync asset: false, now: 2021-08-29 17:30:41.0879829 +0800 CST m=+990.076284301, prevTime: 1970-01-01 08:00:00 +0800 CST
2021/08/29 17:31:11.087  [D] [asset.go:54]  check sync asset: false, now: 2021-08-29 17:31:11.0875223 +0800 CST m=+1020.075823701, prevTime: 1970-01-01 08:00:00 +0800 CST
2021/08/29 17:31:41.104  [D] [asset.go:54]  check sync asset: false, now: 2021-08-29 17:31:41.1040309 +0800 CST m=+1050.092332301, prevTime: 1970-01-01 08:00:00 +0800 CST
2021/08/29 17:32:11.099  [D] [asset.go:54]  check sync asset: false, now: 2021-08-29 17:32:11.0997628 +0800 CST m=+1080.088064201, prevTime: 1970-01-01 08:00:00 +0800 CST
2021/08/29 17:32:41.087  [D] [asset.go:54]  check sync asset: false, now: 2021-08-29 17:32:41.0875997 +0800 CST m=+1110.075901101, prevTime: 1970-01-01 08:00:00 +0800 CST
2021/08/29 17:33:02.195  [M] [router.go:1014]  10.0.0.2 - - [29/Aug/2021 05:33:02] "POST /v1/alert/trigger/ HTTP/1.1 200 649" 0.020936  Alertmanager/0.22.2
2021/08/29 17:33:11.089  [D] [asset.go:54]  check sync asset: false, now: 2021-08-29 17:33:11.0899065 +0800 CST m=+1140.078207901, prevTime: 1970-01-01 08:00:00 +0800 CST
2021/08/29 17:33:41.088  [D] [asset.go:54]  check sync asset: false, now: 2021-08-29 17:33:41.0888387 +0800 CST m=+1170.077140101, prevTime: 1970-01-01 08:00:00 +0800 CST
2021/08/29 17:34:17.702  [D] [asset.go:54]  check sync asset: false, now: 2021-08-29 17:34:17.7023479 +0800 CST m=+0.105344901, prevTime: 1970-01-01 08:00:00 +0800 CST
2021/08/29 17:34:20.202  [I] [parser.go:413]  generate router from comments
2021/08/29 17:34:20.206  [I] [server.go:208]  https server Running on https://:8888
