0001/01/01 00:00:00.000  [M] [log.go:191]  [HTTP] http: TLS handshake error from 127.0.0.1:64209: remote error: tls: unknown certificate
2021/08/29 19:14:59.093  [M] [router.go:1014]  ::1 - - [29/Aug/2021 07:14:59] "GET /osquerytask/create HTTP/2.0 200 0" 0.015531 https://localhost:8888/osquerytask/query Mozilla/5.0 (Windows NT 10.0; Win64; x64) AppleWebKit/537.36 (KHTML, like Gecko) Chrome/92.0.4515.159 Safari/537.36
2021/08/29 19:15:06.555  [M] [router.go:1014]  ::1 - - [29/Aug/2021 07:15:06] "POST /osquerytask/create HTTP/2.0 200 80" 0.018391 https://localhost:8888/osquerytask/create Mozilla/5.0 (Windows NT 10.0; Win64; x64) AppleWebKit/537.36 (KHTML, like Gecko) Chrome/92.0.4515.159 Safari/537.36
2021/08/29 19:15:08.417  [M] [router.go:1014]  ::1 - - [01/Jan/0001 12:00:00] "POST /osquerytask/create HTTP/2.0 302 123" 0.000000 https://localhost:8888/osquerytask/create Mozilla/5.0 (Windows NT 10.0; Win64; x64) AppleWebKit/537.36 (KHTML, like Gecko) Chrome/92.0.4515.159 Safari/537.36
2021/08/29 19:15:08.424  [M] [router.go:1014]  ::1 - - [29/Aug/2021 07:15:08] "POST /osquerytask/create HTTP/2.0 302 123" 0.062585 https://localhost:8888/osquerytask/create Mozilla/5.0 (Windows NT 10.0; Win64; x64) AppleWebKit/537.36 (KHTML, like Gecko) Chrome/92.0.4515.159 Safari/537.36
2021/08/29 19:15:08.461  [M] [router.go:1014]  ::1 - - [29/Aug/2021 07:15:08] "GET /osquerytask/query HTTP/2.0 200 0" 0.031348 https://localhost:8888/osquerytask/create Mozilla/5.0 (Windows NT 10.0; Win64; x64) AppleWebKit/537.36 (KHTML, like Gecko) Chrome/92.0.4515.159 Safari/537.36
2021/08/29 19:15:10.924  [M] [router.go:1014]  ::1 - - [29/Aug/2021 07:15:10] "GET /osquerytask/result?id=12 HTTP/2.0 200 0" 0.049435 https://localhost:8888/osquerytask/query Mozilla/5.0 (Windows NT 10.0; Win64; x64) AppleWebKit/537.36 (KHTML, like Gecko) Chrome/92.0.4515.159 Safari/537.36
2021/08/29 19:15:12.239  [M] [router.go:1014]  ::1 - - [29/Aug/2021 07:15:12] "GET /osquerytask/result?id=12 HTTP/2.0 200 0" 0.031175 https://localhost:8888/osquerytask/query Mozilla/5.0 (Windows NT 10.0; Win64; x64) AppleWebKit/537.36 (KHTML, like Gecko) Chrome/92.0.4515.159 Safari/537.36
2021/08/29 19:15:12.722  [M] [router.go:1014]  ::1 - - [29/Aug/2021 07:15:12] "GET /osquerytask/result?id=12 HTTP/2.0 200 0" 0.020635 https://localhost:8888/osquerytask/query Mozilla/5.0 (Windows NT 10.0; Win64; x64) AppleWebKit/537.36 (KHTML, like Gecko) Chrome/92.0.4515.159 Safari/537.36
2021/08/29 19:15:12.910  [M] [router.go:1014]  ::1 - - [29/Aug/2021 07:15:12] "GET /osquerytask/result?id=12 HTTP/2.0 200 0" 0.029418 https://localhost:8888/osquerytask/query Mozilla/5.0 (Windows NT 10.0; Win64; x64) AppleWebKit/537.36 (KHTML, like Gecko) Chrome/92.0.4515.159 Safari/537.36
2021/08/29 19:15:13.397  [M] [router.go:1014]  ::1 - - [29/Aug/2021 07:15:13] "GET /osquerytask/query HTTP/2.0 200 0" 0.008996 https://localhost:8888/osquerytask/create Mozilla/5.0 (Windows NT 10.0; Win64; x64) AppleWebKit/537.36 (KHTML, like Gecko) Chrome/92.0.4515.159 Safari/537.36
2021/08/29 19:15:14.491  [M] [router.go:1014]  ::1 - - [29/Aug/2021 07:15:14] "GET /osquerytask/result?id=12 HTTP/2.0 200 0" 0.081978 https://localhost:8888/osquerytask/query Mozilla/5.0 (Windows NT 10.0; Win64; x64) AppleWebKit/537.36 (KHTML, like Gecko) Chrome/92.0.4515.159 Safari/537.36
2021/08/29 19:15:15.630  [M] [router.go:1014]  ::1 - - [29/Aug/2021 07:15:15] "GET /osquerytask/result?id=12 HTTP/2.0 200 0" 0.029870 https://localhost:8888/osquerytask/query Mozilla/5.0 (Windows NT 10.0; Win64; x64) AppleWebKit/537.36 (KHTML, like Gecko) Chrome/92.0.4515.159 Safari/537.36
2021/08/29 19:15:15.856  [M] [router.go:1014]  ::1 - - [29/Aug/2021 07:15:15] "GET /osquerytask/result?id=12 HTTP/2.0 200 0" 0.013560 https://localhost:8888/osquerytask/query Mozilla/5.0 (Windows NT 10.0; Win64; x64) AppleWebKit/537.36 (KHTML, like Gecko) Chrome/92.0.4515.159 Safari/537.36
2021/08/29 19:15:16.170  [M] [router.go:1014]  ::1 - - [29/Aug/2021 07:15:16] "GET /osquerytask/result?id=12 HTTP/2.0 200 0" 0.013957 https://localhost:8888/osquerytask/query Mozilla/5.0 (Windows NT 10.0; Win64; x64) AppleWebKit/537.36 (KHTML, like Gecko) Chrome/92.0.4515.159 Safari/537.36
2021/08/29 19:15:16.510  [M] [router.go:1014]  ::1 - - [29/Aug/2021 07:15:16] "GET /osquerytask/result?id=12 HTTP/2.0 200 0" 0.016817 https://localhost:8888/osquerytask/query Mozilla/5.0 (Windows NT 10.0; Win64; x64) AppleWebKit/537.36 (KHTML, like Gecko) Chrome/92.0.4515.159 Safari/537.36
2021/08/29 19:15:16.683  [M] [router.go:1014]  ::1 - - [29/Aug/2021 07:15:16] "GET /osquerytask/result?id=12 HTTP/2.0 200 0" 0.007125 https://localhost:8888/osquerytask/query Mozilla/5.0 (Windows NT 10.0; Win64; x64) AppleWebKit/537.36 (KHTML, like Gecko) Chrome/92.0.4515.159 Safari/537.36
2021/08/29 19:15:20.248  [M] [router.go:1014]  ::1 - - [29/Aug/2021 07:15:20] "GET /osquerytask/result?id=12 HTTP/2.0 200 0" 0.050632 https://localhost:8888/osquerytask/query Mozilla/5.0 (Windows NT 10.0; Win64; x64) AppleWebKit/537.36 (KHTML, like Gecko) Chrome/92.0.4515.159 Safari/537.36
2021/08/29 19:15:20.674  [M] [router.go:1014]  ::1 - - [29/Aug/2021 07:15:20] "GET /osquerytask/result?id=12 HTTP/2.0 200 0" 0.012630 https://localhost:8888/osquerytask/query Mozilla/5.0 (Windows NT 10.0; Win64; x64) AppleWebKit/537.36 (KHTML, like Gecko) Chrome/92.0.4515.159 Safari/537.36
2021/08/29 19:15:20.859  [M] [router.go:1014]  ::1 - - [29/Aug/2021 07:15:20] "GET /osquerytask/result?id=12 HTTP/2.0 200 0" 0.016465 https://localhost:8888/osquerytask/query Mozilla/5.0 (Windows NT 10.0; Win64; x64) AppleWebKit/537.36 (KHTML, like Gecko) Chrome/92.0.4515.159 Safari/537.36
2021/08/29 19:15:21.179  [M] [router.go:1014]  ::1 - - [29/Aug/2021 07:15:21] "GET /osquerytask/result?id=12 HTTP/2.0 200 0" 0.016934 https://localhost:8888/osquerytask/query Mozilla/5.0 (Windows NT 10.0; Win64; x64) AppleWebKit/537.36 (KHTML, like Gecko) Chrome/92.0.4515.159 Safari/537.36
2021/08/29 19:15:21.361  [M] [router.go:1014]  ::1 - - [29/Aug/2021 07:15:21] "GET /osquerytask/result?id=12 HTTP/2.0 200 0" 0.010997 https://localhost:8888/osquerytask/query Mozilla/5.0 (Windows NT 10.0; Win64; x64) AppleWebKit/537.36 (KHTML, like Gecko) Chrome/92.0.4515.159 Safari/537.36
2021/08/29 19:15:21.550  [M] [router.go:1014]  ::1 - - [29/Aug/2021 07:15:21] "GET /osquerytask/result?id=12 HTTP/2.0 200 0" 0.008280 https://localhost:8888/osquerytask/query Mozilla/5.0 (Windows NT 10.0; Win64; x64) AppleWebKit/537.36 (KHTML, like Gecko) Chrome/92.0.4515.159 Safari/537.36
2021/08/29 19:15:24.991  [D] [asset.go:54]  check sync asset: false, now: 2021-08-29 19:15:24.9917945 +0800 CST m=+30.096871301, prevTime: 1970-01-01 08:00:00 +0800 CST
2021/08/29 19:15:32.002  [M] [router.go:1014]  ::1 - - [29/Aug/2021 07:15:31] "GET /osquerytask/result?id=12 HTTP/2.0 200 0" 0.017140 https://localhost:8888/osquerytask/query Mozilla/5.0 (Windows NT 10.0; Win64; x64) AppleWebKit/537.36 (KHTML, like Gecko) Chrome/92.0.4515.159 Safari/537.36
2021/08/29 19:15:32.561  [M] [router.go:1014]  ::1 - - [29/Aug/2021 07:15:32] "GET /osquerytask/result?id=12 HTTP/2.0 200 0" 0.006446 https://localhost:8888/osquerytask/query Mozilla/5.0 (Windows NT 10.0; Win64; x64) AppleWebKit/537.36 (KHTML, like Gecko) Chrome/92.0.4515.159 Safari/537.36
2021/08/29 19:15:32.750  [M] [router.go:1014]  ::1 - - [29/Aug/2021 07:15:32] "GET /osquerytask/result?id=12 HTTP/2.0 200 0" 0.010387 https://localhost:8888/osquerytask/query Mozilla/5.0 (Windows NT 10.0; Win64; x64) AppleWebKit/537.36 (KHTML, like Gecko) Chrome/92.0.4515.159 Safari/537.36
2021/08/29 19:15:54.990  [D] [asset.go:54]  check sync asset: false, now: 2021-08-29 19:15:54.9909945 +0800 CST m=+60.096071301, prevTime: 1970-01-01 08:00:00 +0800 CST
2021/08/29 19:16:24.989  [D] [asset.go:54]  check sync asset: false, now: 2021-08-29 19:16:24.9897927 +0800 CST m=+90.094869501, prevTime: 1970-01-01 08:00:00 +0800 CST
2021/08/29 19:16:34.318  [D] [asset.go:54]  check sync asset: false, now: 2021-08-29 19:16:34.318305 +0800 CST m=+0.134774401, prevTime: 1970-01-01 08:00:00 +0800 CST
2021/08/29 19:16:36.539  [I] [parser.go:413]  generate router from comments
2021/08/29 19:16:36.553  [I] [server.go:208]  https server Running on https://:8888
