0001/01/01 00:00:00.000  [M] [log.go:191]  [HTTP] http: TLS handshake error from [::1]:59629: remote error: tls: unknown certificate
2021/08/15 10:11:56.342  [M] [router.go:1014]  ::1 - - [15/Aug/2021 10:11:56] "GET /prometheusagent/query HTTP/2.0 200 0" 0.010630  Mozilla/5.0 (Windows NT 10.0; Win64; x64) AppleWebKit/537.36 (KHTML, like Gecko) Chrome/92.0.4515.131 Safari/537.36
2021/08/15 10:12:18.451  [M] [router.go:1014]  ::1 - - [15/Aug/2021 10:12:18] "GET /prometheusagent/query HTTP/2.0 200 0" 0.019113  Mozilla/5.0 (Windows NT 10.0; Win64; x64) AppleWebKit/537.36 (KHTML, like Gecko) Chrome/92.0.4515.131 Safari/537.36
2021/08/15 10:12:41.474  [M] [router.go:1014]  ::1 - - [15/Aug/2021 10:12:41] "GET /prometheusagent/query HTTP/2.0 200 0" 0.014913  Mozilla/5.0 (Windows NT 10.0; Win64; x64) AppleWebKit/537.36 (KHTML, like Gecko) Chrome/92.0.4515.131 Safari/537.36
2021/08/15 10:12:43.104  [M] [router.go:1014]  ::1 - - [15/Aug/2021 10:12:43] "GET /prometheusagent/query HTTP/2.0 200 0" 0.014712  Mozilla/5.0 (Windows NT 10.0; Win64; x64) AppleWebKit/537.36 (KHTML, like Gecko) Chrome/92.0.4515.131 Safari/537.36
2021/08/15 10:12:43.783  [M] [router.go:1014]  ::1 - - [15/Aug/2021 10:12:43] "GET /prometheusagent/query HTTP/2.0 200 0" 0.009322  Mozilla/5.0 (Windows NT 10.0; Win64; x64) AppleWebKit/537.36 (KHTML, like Gecko) Chrome/92.0.4515.131 Safari/537.36
2021/08/15 10:12:44.241  [M] [router.go:1014]  ::1 - - [15/Aug/2021 10:12:44] "GET /prometheusagent/query HTTP/2.0 200 0" 0.012060  Mozilla/5.0 (Windows NT 10.0; Win64; x64) AppleWebKit/537.36 (KHTML, like Gecko) Chrome/92.0.4515.131 Safari/537.36
2021/08/15 10:12:57.291  [M] [router.go:1014]  ::1 - - [15/Aug/2021 10:12:57] "GET /prometheusagent/query HTTP/2.0 200 0" 0.012597  Mozilla/5.0 (Windows NT 10.0; Win64; x64) AppleWebKit/537.36 (KHTML, like Gecko) Chrome/92.0.4515.131 Safari/537.36
2021/08/15 10:12:58.053  [M] [router.go:1014]  ::1 - - [15/Aug/2021 10:12:58] "GET /prometheusagent/query HTTP/2.0 200 0" 0.013405  Mozilla/5.0 (Windows NT 10.0; Win64; x64) AppleWebKit/537.36 (KHTML, like Gecko) Chrome/92.0.4515.131 Safari/537.36
2021/08/15 10:12:58.738  [M] [router.go:1014]  ::1 - - [15/Aug/2021 10:12:58] "GET /prometheusagent/query HTTP/2.0 200 0" 0.017927  Mozilla/5.0 (Windows NT 10.0; Win64; x64) AppleWebKit/537.36 (KHTML, like Gecko) Chrome/92.0.4515.131 Safari/537.36
2021/08/15 10:12:59.398  [M] [router.go:1014]  ::1 - - [15/Aug/2021 10:12:59] "GET /prometheusagent/query HTTP/2.0 200 0" 0.010868  Mozilla/5.0 (Windows NT 10.0; Win64; x64) AppleWebKit/537.36 (KHTML, like Gecko) Chrome/92.0.4515.131 Safari/537.36
2021/08/15 10:13:00.085  [M] [router.go:1014]  ::1 - - [15/Aug/2021 10:13:00] "GET /prometheusagent/query HTTP/2.0 200 0" 0.014604  Mozilla/5.0 (Windows NT 10.0; Win64; x64) AppleWebKit/537.36 (KHTML, like Gecko) Chrome/92.0.4515.131 Safari/537.36
2021/08/15 10:13:00.613  [M] [router.go:1014]  ::1 - - [15/Aug/2021 10:13:00] "GET /prometheusagent/query HTTP/2.0 200 0" 0.013868  Mozilla/5.0 (Windows NT 10.0; Win64; x64) AppleWebKit/537.36 (KHTML, like Gecko) Chrome/92.0.4515.131 Safari/537.36
2021/08/15 10:13:34.185  [M] [router.go:1014]  ::1 - - [15/Aug/2021 10:13:34] "GET /prometheusagent/query HTTP/2.0 200 0" 0.016086  Mozilla/5.0 (Windows NT 10.0; Win64; x64) AppleWebKit/537.36 (KHTML, like Gecko) Chrome/92.0.4515.131 Safari/537.36
2021/08/15 10:13:34.806  [M] [router.go:1014]  ::1 - - [15/Aug/2021 10:13:34] "GET /prometheusagent/query HTTP/2.0 200 0" 0.010600  Mozilla/5.0 (Windows NT 10.0; Win64; x64) AppleWebKit/537.36 (KHTML, like Gecko) Chrome/92.0.4515.131 Safari/537.36
2021/08/15 10:13:35.351  [M] [router.go:1014]  ::1 - - [15/Aug/2021 10:13:35] "GET /prometheusagent/query HTTP/2.0 200 0" 0.011932  Mozilla/5.0 (Windows NT 10.0; Win64; x64) AppleWebKit/537.36 (KHTML, like Gecko) Chrome/92.0.4515.131 Safari/537.36
2021/08/15 10:13:35.843  [M] [router.go:1014]  ::1 - - [15/Aug/2021 10:13:35] "GET /prometheusagent/query HTTP/2.0 200 0" 0.017916  Mozilla/5.0 (Windows NT 10.0; Win64; x64) AppleWebKit/537.36 (KHTML, like Gecko) Chrome/92.0.4515.131 Safari/537.36
2021/08/15 10:13:49.748  [M] [router.go:1014]  ::1 - - [15/Aug/2021 10:13:49] "GET /prometheusagent/query HTTP/2.0 200 0" 0.023896  Mozilla/5.0 (Windows NT 10.0; Win64; x64) AppleWebKit/537.36 (KHTML, like Gecko) Chrome/92.0.4515.131 Safari/537.36
2021/08/15 10:15:24.276  [M] [router.go:1014]  ::1 - - [01/Jan/0001 12:00:00] "GET /prometheusagent/query HTTP/2.0 302 0" 0.000000  Mozilla/5.0 (Windows NT 10.0; Win64; x64) AppleWebKit/537.36 (KHTML, like Gecko) Chrome/92.0.4515.131 Safari/537.36
2021/08/15 10:15:24.278  [M] [router.go:1014]  ::1 - - [15/Aug/2021 10:15:24] "GET /prometheusagent/query HTTP/2.0 302 0" 0.002794  Mozilla/5.0 (Windows NT 10.0; Win64; x64) AppleWebKit/537.36 (KHTML, like Gecko) Chrome/92.0.4515.131 Safari/537.36
2021/08/15 10:15:24.288  [M] [router.go:1014]  ::1 - - [15/Aug/2021 10:15:24] "GET /auth/login HTTP/2.0 200 0" 0.006164  Mozilla/5.0 (Windows NT 10.0; Win64; x64) AppleWebKit/537.36 (KHTML, like Gecko) Chrome/92.0.4515.131 Safari/537.36
2021/08/15 10:15:31.918  [M] [router.go:1014]  ::1 - - [01/Jan/0001 12:00:00] "POST /auth/login HTTP/2.0 302 64" 0.000000 https://localhost:8888/auth/login Mozilla/5.0 (Windows NT 10.0; Win64; x64) AppleWebKit/537.36 (KHTML, like Gecko) Chrome/92.0.4515.131 Safari/537.36
2021/08/15 10:15:31.919  [M] [router.go:1014]  ::1 - - [15/Aug/2021 10:15:31] "POST /auth/login HTTP/2.0 302 64" 0.092990 https://localhost:8888/auth/login Mozilla/5.0 (Windows NT 10.0; Win64; x64) AppleWebKit/537.36 (KHTML, like Gecko) Chrome/92.0.4515.131 Safari/537.36
2021/08/15 10:15:31.925  [M] [router.go:1014]  ::1 - - [01/Jan/0001 12:00:00] "GET / HTTP/2.0 302 0" 0.000000 https://localhost:8888/auth/login Mozilla/5.0 (Windows NT 10.0; Win64; x64) AppleWebKit/537.36 (KHTML, like Gecko) Chrome/92.0.4515.131 Safari/537.36
2021/08/15 10:15:31.926  [M] [router.go:1014]  ::1 - - [15/Aug/2021 10:15:31] "GET / HTTP/2.0 302 0" 0.003994 https://localhost:8888/auth/login Mozilla/5.0 (Windows NT 10.0; Win64; x64) AppleWebKit/537.36 (KHTML, like Gecko) Chrome/92.0.4515.131 Safari/537.36
2021/08/15 10:15:31.934  [M] [router.go:1014]  ::1 - - [15/Aug/2021 10:15:31] "GET /user/query HTTP/2.0 200 0" 0.006000 https://localhost:8888/auth/login Mozilla/5.0 (Windows NT 10.0; Win64; x64) AppleWebKit/537.36 (KHTML, like Gecko) Chrome/92.0.4515.131 Safari/537.36
2021/08/15 10:15:33.527  [M] [router.go:1014]  ::1 - - [15/Aug/2021 10:15:33] "GET /prometheusagent/query HTTP/2.0 200 0" 0.011396 https://localhost:8888/user/query Mozilla/5.0 (Windows NT 10.0; Win64; x64) AppleWebKit/537.36 (KHTML, like Gecko) Chrome/92.0.4515.131 Safari/537.36
2021/08/15 10:16:33.033  [M] [router.go:1014]  ::1 - - [15/Aug/2021 10:16:33] "GET /prometheusagent/query HTTP/2.0 200 0" 0.026322  Mozilla/5.0 (Windows NT 10.0; Win64; x64) AppleWebKit/537.36 (KHTML, like Gecko) Chrome/92.0.4515.131 Safari/537.36
2021/08/15 10:16:47.901  [M] [router.go:1014]  ::1 - - [15/Aug/2021 10:16:47] "GET /prometheusagent/query HTTP/2.0 200 0" 0.022546  Mozilla/5.0 (Windows NT 10.0; Win64; x64) AppleWebKit/537.36 (KHTML, like Gecko) Chrome/92.0.4515.131 Safari/537.36
2021/08/15 10:17:09.689  [M] [router.go:1014]  ::1 - - [15/Aug/2021 10:17:09] "GET /prometheusagent/query HTTP/2.0 200 0" 0.012562  Mozilla/5.0 (Windows NT 10.0; Win64; x64) AppleWebKit/537.36 (KHTML, like Gecko) Chrome/92.0.4515.131 Safari/537.36
2021/08/15 10:17:24.964  [M] [router.go:1014]  ::1 - - [15/Aug/2021 10:17:24] "GET /prometheusagent/query HTTP/2.0 200 0" 0.028432  Mozilla/5.0 (Windows NT 10.0; Win64; x64) AppleWebKit/537.36 (KHTML, like Gecko) Chrome/92.0.4515.131 Safari/537.36
2021/08/15 10:17:28.525  [C] [config.go:190]  the request url is  /prometheusagent/modify
2021/08/15 10:17:28.526  [C] [config.go:191]  Handler crashed with error can't find templatefile in the path:views/prometheusagentcontroller/modify.tpl
2021/08/15 10:17:28.527  [C] [config.go:197]  C:/Program Files/Go/src/runtime/panic.go:965
2021/08/15 10:17:28.528  [C] [config.go:197]  C:/Users/Administrator/go/pkg/mod/github.com/beego/beego/v2@v2.0.1/server/web/template.go:75
2021/08/15 10:17:28.528  [C] [config.go:197]  C:/Users/Administrator/go/pkg/mod/github.com/beego/beego/v2@v2.0.1/server/web/controller.go:311
2021/08/15 10:17:28.529  [C] [config.go:197]  C:/Users/Administrator/go/pkg/mod/github.com/beego/beego/v2@v2.0.1/server/web/controller.go:262
2021/08/15 10:17:28.530  [C] [config.go:197]  C:/Users/Administrator/go/pkg/mod/github.com/beego/beego/v2@v2.0.1/server/web/controller.go:239
2021/08/15 10:17:28.532  [C] [config.go:197]  C:/Users/Administrator/go/pkg/mod/github.com/beego/beego/v2@v2.0.1/server/web/router.go:895
2021/08/15 10:17:28.534  [C] [config.go:197]  C:/Users/Administrator/go/pkg/mod/github.com/beego/beego/v2@v2.0.1/server/web/filter.go:81
2021/08/15 10:17:28.535  [C] [config.go:197]  C:/Users/Administrator/go/pkg/mod/github.com/beego/beego/v2@v2.0.1/server/web/router.go:664
2021/08/15 10:17:28.535  [C] [config.go:197]  C:/Program Files/Go/src/net/http/server.go:2887
2021/08/15 10:17:28.539  [C] [config.go:197]  C:/Program Files/Go/src/net/http/server.go:3459
2021/08/15 10:17:28.540  [C] [config.go:197]  C:/Program Files/Go/src/net/http/h2_bundle.go:5723
2021/08/15 10:17:28.540  [C] [config.go:197]  C:/Program Files/Go/src/runtime/asm_amd64.s:1371
2021/08/15 10:37:37.763  [I] [parser.go:413]  generate router from comments
2021/08/15 10:37:37.769  [I] [server.go:208]  https server Running on https://:8888
