0001/01/01 00:00:00.000  [M] [log.go:191]  [HTTP] http: TLS handshake error from [::1]:62745: remote error: tls: unknown certificate
2021/08/15 19:00:30.945  [M] [router.go:1014]  ::1 - - [15/Aug/2021 07:00:30] "GET /prometheusalert/query HTTP/2.0 200 0" 0.271788  Mozilla/5.0 (Windows NT 10.0; Win64; x64) AppleWebKit/537.36 (KHTML, like Gecko) Chrome/92.0.4515.131 Safari/537.36
2021/08/15 19:00:31.061  [M] [router.go:1014]  ::1 - - [15/Aug/2021 07:00:30] "GET /prometheusalert/query HTTP/2.0 200 0" 0.204879  Mozilla/5.0 (Windows NT 10.0; Win64; x64) AppleWebKit/537.36 (KHTML, like Gecko) Chrome/92.0.4515.131 Safari/537.36
2021/08/15 19:01:47.904  [M] [router.go:1014]  ::1 - - [15/Aug/2021 07:01:47] "GET /prometheusalert/query HTTP/2.0 200 0" 0.140482  Mozilla/5.0 (Windows NT 10.0; Win64; x64) AppleWebKit/537.36 (KHTML, like Gecko) Chrome/92.0.4515.131 Safari/537.36
2021/08/15 19:02:00.581  [M] [router.go:1014]  ::1 - - [15/Aug/2021 07:02:00] "GET /prometheusalert/query HTTP/2.0 200 0" 0.091793  Mozilla/5.0 (Windows NT 10.0; Win64; x64) AppleWebKit/537.36 (KHTML, like Gecko) Chrome/92.0.4515.131 Safari/537.36
2021/08/15 19:02:01.219  [M] [router.go:1014]  ::1 - - [15/Aug/2021 07:02:01] "GET /prometheusalert/query HTTP/2.0 200 0" 0.076829  Mozilla/5.0 (Windows NT 10.0; Win64; x64) AppleWebKit/537.36 (KHTML, like Gecko) Chrome/92.0.4515.131 Safari/537.36
2021/08/15 19:02:01.793  [M] [router.go:1014]  ::1 - - [15/Aug/2021 07:02:01] "GET /prometheusalert/query HTTP/2.0 200 0" 0.078976  Mozilla/5.0 (Windows NT 10.0; Win64; x64) AppleWebKit/537.36 (KHTML, like Gecko) Chrome/92.0.4515.131 Safari/537.36
2021/08/15 19:02:02.309  [M] [router.go:1014]  ::1 - - [15/Aug/2021 07:02:02] "GET /prometheusalert/query HTTP/2.0 200 0" 0.101536  Mozilla/5.0 (Windows NT 10.0; Win64; x64) AppleWebKit/537.36 (KHTML, like Gecko) Chrome/92.0.4515.131 Safari/537.36
2021/08/15 19:02:02.860  [M] [router.go:1014]  ::1 - - [15/Aug/2021 07:02:02] "GET /prometheusalert/query HTTP/2.0 200 0" 0.082505  Mozilla/5.0 (Windows NT 10.0; Win64; x64) AppleWebKit/537.36 (KHTML, like Gecko) Chrome/92.0.4515.131 Safari/537.36
2021/08/15 19:02:03.349  [M] [router.go:1014]  ::1 - - [15/Aug/2021 07:02:03] "GET /prometheusalert/query HTTP/2.0 200 0" 0.078673  Mozilla/5.0 (Windows NT 10.0; Win64; x64) AppleWebKit/537.36 (KHTML, like Gecko) Chrome/92.0.4515.131 Safari/537.36
2021/08/15 19:02:03.843  [M] [router.go:1014]  ::1 - - [15/Aug/2021 07:02:03] "GET /prometheusalert/query HTTP/2.0 200 0" 0.086709  Mozilla/5.0 (Windows NT 10.0; Win64; x64) AppleWebKit/537.36 (KHTML, like Gecko) Chrome/92.0.4515.131 Safari/537.36
2021/08/15 19:02:04.385  [M] [router.go:1014]  ::1 - - [15/Aug/2021 07:02:04] "GET /prometheusalert/query HTTP/2.0 200 0" 0.081357  Mozilla/5.0 (Windows NT 10.0; Win64; x64) AppleWebKit/537.36 (KHTML, like Gecko) Chrome/92.0.4515.131 Safari/537.36
2021/08/15 19:02:16.793  [M] [router.go:1014]  10.0.0.2 - - [15/Aug/2021 07:02:16] "POST /v1/alert/trigger/ HTTP/1.1 200 1285" 0.015292  Alertmanager/0.22.2
2021/08/15 19:02:25.553  [M] [router.go:1014]  10.0.0.2 - - [15/Aug/2021 07:02:25] "POST /v1/alert/trigger/ HTTP/1.1 200 649" 0.002000  Alertmanager/0.22.2
2021/08/15 19:02:30.668  [M] [router.go:1014]  ::1 - - [15/Aug/2021 07:02:30] "GET /prometheusalert/query HTTP/2.0 200 0" 0.112002  Mozilla/5.0 (Windows NT 10.0; Win64; x64) AppleWebKit/537.36 (KHTML, like Gecko) Chrome/92.0.4515.131 Safari/537.36
2021/08/15 19:02:31.278  [M] [router.go:1014]  ::1 - - [15/Aug/2021 07:02:31] "GET /prometheusalert/query HTTP/2.0 200 0" 0.123993  Mozilla/5.0 (Windows NT 10.0; Win64; x64) AppleWebKit/537.36 (KHTML, like Gecko) Chrome/92.0.4515.131 Safari/537.36
2021/08/15 19:02:31.771  [M] [router.go:1014]  ::1 - - [15/Aug/2021 07:02:31] "GET /prometheusalert/query HTTP/2.0 200 0" 0.146241  Mozilla/5.0 (Windows NT 10.0; Win64; x64) AppleWebKit/537.36 (KHTML, like Gecko) Chrome/92.0.4515.131 Safari/537.36
2021/08/15 19:02:32.397  [M] [router.go:1014]  ::1 - - [15/Aug/2021 07:02:32] "GET /prometheusalert/query HTTP/2.0 200 0" 0.138682  Mozilla/5.0 (Windows NT 10.0; Win64; x64) AppleWebKit/537.36 (KHTML, like Gecko) Chrome/92.0.4515.131 Safari/537.36
2021/08/15 19:02:32.962  [M] [router.go:1014]  ::1 - - [15/Aug/2021 07:02:32] "GET /prometheusalert/query HTTP/2.0 200 0" 0.146039  Mozilla/5.0 (Windows NT 10.0; Win64; x64) AppleWebKit/537.36 (KHTML, like Gecko) Chrome/92.0.4515.131 Safari/537.36
2021/08/15 19:02:33.470  [M] [router.go:1014]  ::1 - - [15/Aug/2021 07:02:33] "GET /prometheusalert/query HTTP/2.0 200 0" 0.159366  Mozilla/5.0 (Windows NT 10.0; Win64; x64) AppleWebKit/537.36 (KHTML, like Gecko) Chrome/92.0.4515.131 Safari/537.36
2021/08/15 19:02:34.001  [M] [router.go:1014]  ::1 - - [15/Aug/2021 07:02:33] "GET /prometheusalert/query HTTP/2.0 200 0" 0.149236  Mozilla/5.0 (Windows NT 10.0; Win64; x64) AppleWebKit/537.36 (KHTML, like Gecko) Chrome/92.0.4515.131 Safari/537.36
2021/08/15 19:02:34.379  [M] [router.go:1014]  ::1 - - [15/Aug/2021 07:02:34] "GET /prometheusalert/query HTTP/2.0 200 0" 0.135863  Mozilla/5.0 (Windows NT 10.0; Win64; x64) AppleWebKit/537.36 (KHTML, like Gecko) Chrome/92.0.4515.131 Safari/537.36
2021/08/15 19:02:34.898  [M] [router.go:1014]  ::1 - - [15/Aug/2021 07:02:34] "GET /prometheusalert/query HTTP/2.0 200 0" 0.136827  Mozilla/5.0 (Windows NT 10.0; Win64; x64) AppleWebKit/537.36 (KHTML, like Gecko) Chrome/92.0.4515.131 Safari/537.36
2021/08/15 19:02:35.257  [M] [router.go:1014]  ::1 - - [15/Aug/2021 07:02:35] "GET /prometheusalert/query HTTP/2.0 200 0" 0.115612  Mozilla/5.0 (Windows NT 10.0; Win64; x64) AppleWebKit/537.36 (KHTML, like Gecko) Chrome/92.0.4515.131 Safari/537.36
2021/08/15 19:02:35.921  [M] [router.go:1014]  ::1 - - [15/Aug/2021 07:02:35] "GET /prometheusalert/query HTTP/2.0 200 0" 0.108222  Mozilla/5.0 (Windows NT 10.0; Win64; x64) AppleWebKit/537.36 (KHTML, like Gecko) Chrome/92.0.4515.131 Safari/537.36
2021/08/15 19:02:36.439  [M] [router.go:1014]  ::1 - - [15/Aug/2021 07:02:36] "GET /prometheusalert/query HTTP/2.0 200 0" 0.195124  Mozilla/5.0 (Windows NT 10.0; Win64; x64) AppleWebKit/537.36 (KHTML, like Gecko) Chrome/92.0.4515.131 Safari/537.36
2021/08/15 19:02:37.124  [M] [router.go:1014]  ::1 - - [15/Aug/2021 07:02:36] "GET /prometheusalert/query HTTP/2.0 200 0" 0.265349  Mozilla/5.0 (Windows NT 10.0; Win64; x64) AppleWebKit/537.36 (KHTML, like Gecko) Chrome/92.0.4515.131 Safari/537.36
2021/08/15 19:02:44.315  [M] [router.go:1014]  ::1 - - [15/Aug/2021 07:02:44] "GET /prometheusalert/query HTTP/2.0 200 0" 0.101140  Mozilla/5.0 (Windows NT 10.0; Win64; x64) AppleWebKit/537.36 (KHTML, like Gecko) Chrome/92.0.4515.131 Safari/537.36
2021/08/15 19:02:45.081  [M] [router.go:1014]  ::1 - - [15/Aug/2021 07:02:44] "GET /prometheusalert/query HTTP/2.0 200 0" 0.111058  Mozilla/5.0 (Windows NT 10.0; Win64; x64) AppleWebKit/537.36 (KHTML, like Gecko) Chrome/92.0.4515.131 Safari/537.36
2021/08/15 19:02:45.781  [M] [router.go:1014]  ::1 - - [15/Aug/2021 07:02:45] "GET /prometheusalert/query HTTP/2.0 200 0" 0.091999  Mozilla/5.0 (Windows NT 10.0; Win64; x64) AppleWebKit/537.36 (KHTML, like Gecko) Chrome/92.0.4515.131 Safari/537.36
2021/08/15 19:02:59.236  [M] [router.go:1014]  ::1 - - [15/Aug/2021 07:02:59] "GET /prometheusalert/query HTTP/2.0 200 0" 0.107920  Mozilla/5.0 (Windows NT 10.0; Win64; x64) AppleWebKit/537.36 (KHTML, like Gecko) Chrome/92.0.4515.131 Safari/537.36
2021/08/15 19:02:59.843  [M] [router.go:1014]  ::1 - - [15/Aug/2021 07:02:59] "GET /prometheusalert/query HTTP/2.0 200 0" 0.126517  Mozilla/5.0 (Windows NT 10.0; Win64; x64) AppleWebKit/537.36 (KHTML, like Gecko) Chrome/92.0.4515.131 Safari/537.36
2021/08/15 19:03:00.371  [M] [router.go:1014]  ::1 - - [15/Aug/2021 07:03:00] "GET /prometheusalert/query HTTP/2.0 200 0" 0.179067  Mozilla/5.0 (Windows NT 10.0; Win64; x64) AppleWebKit/537.36 (KHTML, like Gecko) Chrome/92.0.4515.131 Safari/537.36
2021/08/15 19:03:00.868  [M] [router.go:1014]  ::1 - - [15/Aug/2021 07:03:00] "GET /prometheusalert/query HTTP/2.0 200 0" 0.138485  Mozilla/5.0 (Windows NT 10.0; Win64; x64) AppleWebKit/537.36 (KHTML, like Gecko) Chrome/92.0.4515.131 Safari/537.36
2021/08/15 19:03:14.424  [M] [router.go:1014]  ::1 - - [15/Aug/2021 07:03:14] "GET /prometheusalert/query HTTP/2.0 200 0" 0.115433  Mozilla/5.0 (Windows NT 10.0; Win64; x64) AppleWebKit/537.36 (KHTML, like Gecko) Chrome/92.0.4515.131 Safari/537.36
2021/08/15 19:03:28.426  [M] [router.go:1014]  ::1 - - [15/Aug/2021 07:03:28] "GET /prometheusalert/query HTTP/2.0 200 0" 0.086722  Mozilla/5.0 (Windows NT 10.0; Win64; x64) AppleWebKit/537.36 (KHTML, like Gecko) Chrome/92.0.4515.131 Safari/537.36
2021/08/15 19:03:28.872  [M] [router.go:1014]  ::1 - - [15/Aug/2021 07:03:28] "GET /prometheusalert/query HTTP/2.0 200 0" 0.078520  Mozilla/5.0 (Windows NT 10.0; Win64; x64) AppleWebKit/537.36 (KHTML, like Gecko) Chrome/92.0.4515.131 Safari/537.36
2021/08/15 19:03:29.092  [M] [router.go:1014]  ::1 - - [15/Aug/2021 07:03:29] "GET /prometheusalert/query HTTP/2.0 200 0" 0.085376  Mozilla/5.0 (Windows NT 10.0; Win64; x64) AppleWebKit/537.36 (KHTML, like Gecko) Chrome/92.0.4515.131 Safari/537.36
2021/08/15 19:03:29.290  [M] [router.go:1014]  ::1 - - [15/Aug/2021 07:03:29] "GET /prometheusalert/query HTTP/2.0 200 0" 0.086446  Mozilla/5.0 (Windows NT 10.0; Win64; x64) AppleWebKit/537.36 (KHTML, like Gecko) Chrome/92.0.4515.131 Safari/537.36
2021/08/15 19:03:29.477  [M] [router.go:1014]  ::1 - - [15/Aug/2021 07:03:29] "GET /prometheusalert/query HTTP/2.0 200 0" 0.100431  Mozilla/5.0 (Windows NT 10.0; Win64; x64) AppleWebKit/537.36 (KHTML, like Gecko) Chrome/92.0.4515.131 Safari/537.36
2021/08/15 19:03:29.633  [M] [router.go:1014]  ::1 - - [15/Aug/2021 07:03:29] "GET /prometheusalert/query HTTP/2.0 200 0" 0.077523  Mozilla/5.0 (Windows NT 10.0; Win64; x64) AppleWebKit/537.36 (KHTML, like Gecko) Chrome/92.0.4515.131 Safari/537.36
2021/08/15 19:04:16.797  [M] [router.go:1014]  10.0.0.2 - - [15/Aug/2021 07:04:16] "POST /v1/alert/trigger/ HTTP/1.1 200 1292" 0.024248  Alertmanager/0.22.2
2021/08/15 19:04:25.583  [M] [router.go:1014]  10.0.0.2 - - [15/Aug/2021 07:04:25] "POST /v1/alert/trigger/ HTTP/1.1 200 657" 0.029642  Alertmanager/0.22.2
2021/08/15 19:04:41.830  [M] [router.go:1014]  ::1 - - [15/Aug/2021 07:04:41] "GET /prometheusalert/query HTTP/2.0 200 0" 0.103605  Mozilla/5.0 (Windows NT 10.0; Win64; x64) AppleWebKit/537.36 (KHTML, like Gecko) Chrome/92.0.4515.131 Safari/537.36
2021/08/15 19:05:11.880  [M] [router.go:1014]  ::1 - - [15/Aug/2021 07:05:11] "GET /prometheusalert/query HTTP/2.0 200 0" 0.105795  Mozilla/5.0 (Windows NT 10.0; Win64; x64) AppleWebKit/537.36 (KHTML, like Gecko) Chrome/92.0.4515.131 Safari/537.36
2021/08/15 19:05:47.597  [M] [router.go:1014]  ::1 - - [15/Aug/2021 07:05:47] "POST /prometheusalert/query HTTP/2.0 200 3" 0.012757 https://localhost:8888/prometheusalert/query Mozilla/5.0 (Windows NT 10.0; Win64; x64) AppleWebKit/537.36 (KHTML, like Gecko) Chrome/92.0.4515.131 Safari/537.36
2021/08/15 19:06:49.410  [E] [template.go:227]  parse template err: prometheus/alert/query.html template: prometheus/alert/query.html:69: unexpected {{end}}
2021/08/15 19:06:49.495  [M] [router.go:1014]  ::1 - - [15/Aug/2021 07:06:49] "GET /prometheusalert/query HTTP/2.0 200 0" 0.107084 https://localhost:8888/prometheusalert/query Mozilla/5.0 (Windows NT 10.0; Win64; x64) AppleWebKit/537.36 (KHTML, like Gecko) Chrome/92.0.4515.131 Safari/537.36
2021/08/15 19:07:04.294  [E] [template.go:227]  parse template err: prometheus/alert/query.html template: prometheus/alert/query.html:69: unexpected {{end}}
2021/08/15 19:07:04.300  [W] [hooks.go:81]  template: prometheus/alert/query.html:69: unexpected {{end}}
2021/08/15 19:07:31.247  [I] [parser.go:413]  generate router from comments
2021/08/15 19:07:31.251  [I] [server.go:208]  https server Running on https://:8888
