0001/01/01 00:00:00.000  [M] [log.go:191]  [HTTP] http: TLS handshake error from 127.0.0.1:61013: remote error: tls: unknown certificate
2021/08/15 10:49:36.616  [C] [config.go:190]  the request url is  /prometheusagent/query
2021/08/15 10:49:36.621  [C] [config.go:191]  Handler crashed with error unknown field/column name `Deleted_At__null`
2021/08/15 10:49:36.622  [C] [config.go:197]  C:/Program Files/Go/src/runtime/panic.go:965
2021/08/15 10:49:36.626  [C] [config.go:197]  C:/Users/Administrator/go/pkg/mod/github.com/beego/beego/v2@v2.0.1/client/orm/db_tables.go:368
2021/08/15 10:49:36.627  [C] [config.go:197]  C:/Users/Administrator/go/pkg/mod/github.com/beego/beego/v2@v2.0.1/client/orm/db.go:1024
2021/08/15 10:49:36.628  [C] [config.go:197]  C:/Users/Administrator/go/pkg/mod/github.com/beego/beego/v2@v2.0.1/client/orm/orm_queryset.go:244
2021/08/15 10:49:36.629  [C] [config.go:197]  D:/codes/htgolang-20210313/course/day18-20210815/codes/cmdb/services/prometheus.go:65
2021/08/15 10:49:36.632  [C] [config.go:197]  D:/codes/htgolang-20210313/course/day18-20210815/codes/cmdb/controllers/prometheus.go:19
2021/08/15 10:49:36.635  [C] [config.go:197]  C:/Program Files/Go/src/reflect/value.go:476
2021/08/15 10:49:36.635  [C] [config.go:197]  C:/Program Files/Go/src/reflect/value.go:337
2021/08/15 10:49:36.635  [C] [config.go:197]  C:/Users/Administrator/go/pkg/mod/github.com/beego/beego/v2@v2.0.1/server/web/router.go:883
2021/08/15 10:49:36.636  [C] [config.go:197]  C:/Users/Administrator/go/pkg/mod/github.com/beego/beego/v2@v2.0.1/server/web/filter.go:81
2021/08/15 10:49:36.638  [C] [config.go:197]  C:/Users/Administrator/go/pkg/mod/github.com/beego/beego/v2@v2.0.1/server/web/router.go:664
2021/08/15 10:49:36.642  [C] [config.go:197]  C:/Program Files/Go/src/net/http/server.go:2887
2021/08/15 10:49:36.643  [C] [config.go:197]  C:/Program Files/Go/src/net/http/server.go:3459
2021/08/15 10:49:36.644  [C] [config.go:197]  C:/Program Files/Go/src/net/http/h2_bundle.go:5723
2021/08/15 10:49:36.644  [C] [config.go:197]  C:/Program Files/Go/src/runtime/asm_amd64.s:1371
2021/08/15 10:49:50.980  [I] [parser.go:413]  generate router from comments
2021/08/15 10:49:50.988  [I] [server.go:208]  https server Running on https://:8888
