0001/01/01 00:00:00.000  [M] [log.go:191]  [HTTP] http: TLS handshake error from 127.0.0.1:56924: remote error: tls: unknown certificate
2021/08/15 10:50:14.796  [M] [router.go:1014]  ::1 - - [15/Aug/2021 10:50:14] "GET /prometheusagent/query HTTP/2.0 200 0" 0.022755  Mozilla/5.0 (Windows NT 10.0; Win64; x64) AppleWebKit/537.36 (KHTML, like Gecko) Chrome/92.0.4515.131 Safari/537.36
2021/08/15 10:51:13.593  [M] [router.go:1014]  ::1 - - [15/Aug/2021 10:51:13] "GET /v1/agent/config/?uuid=54c5b5660d8d4962b86315575d42e5bb&version= HTTP/1.1 200 0" 0.001000  Go-http-client/1.1
2021/08/15 10:51:13.643  [M] [router.go:1014]  ::1 - - [15/Aug/2021 10:51:13] "POST /v1/agent/register/ HTTP/1.1 200 99" 0.050153  Go-http-client/1.1
2021/08/15 10:51:13.673  [M] [router.go:1014]  ::1 - - [15/Aug/2021 10:51:13] "POST /v1/agent/heartbeat/ HTTP/1.1 200 60" 0.080606  Go-http-client/1.1
2021/08/15 10:51:17.973  [M] [router.go:1014]  ::1 - - [15/Aug/2021 10:51:17] "GET /prometheusagent/query HTTP/2.0 200 0" 0.016644  Mozilla/5.0 (Windows NT 10.0; Win64; x64) AppleWebKit/537.36 (KHTML, like Gecko) Chrome/92.0.4515.131 Safari/537.36
2021/08/15 10:51:23.592  [M] [router.go:1014]  ::1 - - [15/Aug/2021 10:51:23] "GET /v1/agent/config/?uuid=54c5b5660d8d4962b86315575d42e5bb&version= HTTP/1.1 200 0" 0.003227  Go-http-client/1.1
2021/08/15 10:51:23.662  [M] [router.go:1014]  ::1 - - [15/Aug/2021 10:51:23] "POST /v1/agent/heartbeat/ HTTP/1.1 200 60" 0.073678  Go-http-client/1.1
2021/08/15 10:51:33.587  [M] [router.go:1014]  ::1 - - [15/Aug/2021 10:51:33] "GET /v1/agent/config/?uuid=54c5b5660d8d4962b86315575d42e5bb&version= HTTP/1.1 200 0" 0.001187  Go-http-client/1.1
2021/08/15 10:51:33.620  [M] [router.go:1014]  ::1 - - [15/Aug/2021 10:51:33] "POST /v1/agent/heartbeat/ HTTP/1.1 200 60" 0.035171  Go-http-client/1.1
2021/08/15 10:51:43.585  [M] [router.go:1014]  ::1 - - [15/Aug/2021 10:51:43] "GET /v1/agent/config/?uuid=54c5b5660d8d4962b86315575d42e5bb&version= HTTP/1.1 200 0" 0.000000  Go-http-client/1.1
2021/08/15 10:51:43.622  [M] [router.go:1014]  ::1 - - [15/Aug/2021 10:51:43] "POST /v1/agent/heartbeat/ HTTP/1.1 200 60" 0.037132  Go-http-client/1.1
2021/08/15 10:51:53.585  [M] [router.go:1014]  ::1 - - [15/Aug/2021 10:51:53] "GET /v1/agent/config/?uuid=54c5b5660d8d4962b86315575d42e5bb&version= HTTP/1.1 200 0" 0.000724  Go-http-client/1.1
2021/08/15 10:51:53.624  [M] [router.go:1014]  ::1 - - [15/Aug/2021 10:51:53] "POST /v1/agent/heartbeat/ HTTP/1.1 200 60" 0.039973  Go-http-client/1.1
2021/08/15 10:52:03.046  [M] [router.go:1014]  ::1 - - [15/Aug/2021 10:52:03] "GET /prometheusagent/query HTTP/2.0 200 0" 0.012420  Mozilla/5.0 (Windows NT 10.0; Win64; x64) AppleWebKit/537.36 (KHTML, like Gecko) Chrome/92.0.4515.131 Safari/537.36
2021/08/15 10:52:03.585  [M] [router.go:1014]  ::1 - - [15/Aug/2021 10:52:03] "GET /v1/agent/config/?uuid=54c5b5660d8d4962b86315575d42e5bb&version= HTTP/1.1 200 0" 0.000610  Go-http-client/1.1
2021/08/15 10:52:03.654  [M] [router.go:1014]  ::1 - - [15/Aug/2021 10:52:03] "POST /v1/agent/heartbeat/ HTTP/1.1 200 60" 0.067752  Go-http-client/1.1
2021/08/15 10:52:06.068  [M] [router.go:1014]  ::1 - - [15/Aug/2021 10:52:06] "GET /prometheusagent/query HTTP/2.0 200 0" 0.008856 https://localhost:8888/prometheusagent/query Mozilla/5.0 (Windows NT 10.0; Win64; x64) AppleWebKit/537.36 (KHTML, like Gecko) Chrome/92.0.4515.131 Safari/537.36
2021/08/15 10:52:13.586  [M] [router.go:1014]  ::1 - - [15/Aug/2021 10:52:13] "GET /v1/agent/config/?uuid=54c5b5660d8d4962b86315575d42e5bb&version= HTTP/1.1 200 0" 0.000522  Go-http-client/1.1
2021/08/15 10:52:13.623  [M] [router.go:1014]  ::1 - - [15/Aug/2021 10:52:13] "POST /v1/agent/heartbeat/ HTTP/1.1 200 60" 0.037255  Go-http-client/1.1
2021/08/15 10:52:23.586  [M] [router.go:1014]  ::1 - - [15/Aug/2021 10:52:23] "GET /v1/agent/config/?uuid=54c5b5660d8d4962b86315575d42e5bb&version= HTTP/1.1 200 0" 0.000541  Go-http-client/1.1
2021/08/15 10:52:23.619  [M] [router.go:1014]  ::1 - - [15/Aug/2021 10:52:23] "POST /v1/agent/heartbeat/ HTTP/1.1 200 60" 0.033425  Go-http-client/1.1
2021/08/15 10:52:33.585  [M] [router.go:1014]  ::1 - - [15/Aug/2021 10:52:33] "GET /v1/agent/config/?uuid=54c5b5660d8d4962b86315575d42e5bb&version= HTTP/1.1 200 0" 0.000517  Go-http-client/1.1
2021/08/15 10:52:33.616  [M] [router.go:1014]  ::1 - - [15/Aug/2021 10:52:33] "POST /v1/agent/heartbeat/ HTTP/1.1 200 60" 0.030786  Go-http-client/1.1
2021/08/15 10:52:34.867  [M] [router.go:1014]  ::1 - - [15/Aug/2021 10:52:34] "GET /prometheusagent/modify?id=1 HTTP/2.0 200 0" 0.011701 https://localhost:8888/prometheusagent/query Mozilla/5.0 (Windows NT 10.0; Win64; x64) AppleWebKit/537.36 (KHTML, like Gecko) Chrome/92.0.4515.131 Safari/537.36
2021/08/15 10:52:43.587  [M] [router.go:1014]  ::1 - - [15/Aug/2021 10:52:43] "GET /v1/agent/config/?uuid=54c5b5660d8d4962b86315575d42e5bb&version= HTTP/1.1 200 0" 0.000531  Go-http-client/1.1
2021/08/15 10:52:43.610  [M] [router.go:1014]  ::1 - - [15/Aug/2021 10:52:43] "POST /v1/agent/heartbeat/ HTTP/1.1 200 60" 0.024397  Go-http-client/1.1
2021/08/15 10:52:53.585  [M] [router.go:1014]  ::1 - - [15/Aug/2021 10:52:53] "GET /v1/agent/config/?uuid=54c5b5660d8d4962b86315575d42e5bb&version= HTTP/1.1 200 0" 0.000554  Go-http-client/1.1
2021/08/15 10:52:53.614  [M] [router.go:1014]  ::1 - - [15/Aug/2021 10:52:53] "POST /v1/agent/heartbeat/ HTTP/1.1 200 60" 0.029800  Go-http-client/1.1
2021/08/15 10:53:03.585  [M] [router.go:1014]  ::1 - - [15/Aug/2021 10:53:03] "GET /v1/agent/config/?uuid=54c5b5660d8d4962b86315575d42e5bb&version= HTTP/1.1 200 0" 0.000538  Go-http-client/1.1
2021/08/15 10:53:03.618  [M] [router.go:1014]  ::1 - - [15/Aug/2021 10:53:03] "POST /v1/agent/heartbeat/ HTTP/1.1 200 60" 0.034008  Go-http-client/1.1
2021/08/15 10:53:13.586  [M] [router.go:1014]  ::1 - - [15/Aug/2021 10:53:13] "GET /v1/agent/config/?uuid=54c5b5660d8d4962b86315575d42e5bb&version= HTTP/1.1 200 0" 0.000520  Go-http-client/1.1
2021/08/15 10:53:13.614  [M] [router.go:1014]  ::1 - - [15/Aug/2021 10:53:13] "POST /v1/agent/heartbeat/ HTTP/1.1 200 60" 0.029054  Go-http-client/1.1
2021/08/15 10:53:23.586  [M] [router.go:1014]  ::1 - - [15/Aug/2021 10:53:23] "GET /v1/agent/config/?uuid=54c5b5660d8d4962b86315575d42e5bb&version= HTTP/1.1 200 0" 0.000530  Go-http-client/1.1
2021/08/15 10:53:23.626  [M] [router.go:1014]  ::1 - - [15/Aug/2021 10:53:23] "POST /v1/agent/heartbeat/ HTTP/1.1 200 60" 0.041034  Go-http-client/1.1
2021/08/15 10:53:33.586  [M] [router.go:1014]  ::1 - - [15/Aug/2021 10:53:33] "GET /v1/agent/config/?uuid=54c5b5660d8d4962b86315575d42e5bb&version= HTTP/1.1 200 0" 0.000659  Go-http-client/1.1
2021/08/15 10:53:33.623  [M] [router.go:1014]  ::1 - - [15/Aug/2021 10:53:33] "POST /v1/agent/heartbeat/ HTTP/1.1 200 60" 0.037981  Go-http-client/1.1
2021/08/15 10:53:43.587  [M] [router.go:1014]  ::1 - - [15/Aug/2021 10:53:43] "GET /v1/agent/config/?uuid=54c5b5660d8d4962b86315575d42e5bb&version= HTTP/1.1 200 0" 0.000593  Go-http-client/1.1
2021/08/15 10:53:43.660  [M] [router.go:1014]  ::1 - - [15/Aug/2021 10:53:43] "POST /v1/agent/heartbeat/ HTTP/1.1 200 60" 0.074011  Go-http-client/1.1
2021/08/15 10:53:53.586  [M] [router.go:1014]  ::1 - - [15/Aug/2021 10:53:53] "GET /v1/agent/config/?uuid=54c5b5660d8d4962b86315575d42e5bb&version= HTTP/1.1 200 0" 0.000526  Go-http-client/1.1
2021/08/15 10:53:53.615  [M] [router.go:1014]  ::1 - - [15/Aug/2021 10:53:53] "POST /v1/agent/heartbeat/ HTTP/1.1 200 60" 0.028727  Go-http-client/1.1
2021/08/15 10:54:03.586  [M] [router.go:1014]  ::1 - - [15/Aug/2021 10:54:03] "GET /v1/agent/config/?uuid=54c5b5660d8d4962b86315575d42e5bb&version= HTTP/1.1 200 0" 0.001065  Go-http-client/1.1
2021/08/15 10:54:03.617  [M] [router.go:1014]  ::1 - - [15/Aug/2021 10:54:03] "POST /v1/agent/heartbeat/ HTTP/1.1 200 60" 0.032302  Go-http-client/1.1
2021/08/15 10:54:13.586  [M] [router.go:1014]  ::1 - - [15/Aug/2021 10:54:13] "GET /v1/agent/config/?uuid=54c5b5660d8d4962b86315575d42e5bb&version= HTTP/1.1 200 0" 0.000529  Go-http-client/1.1
2021/08/15 10:54:13.612  [M] [router.go:1014]  ::1 - - [15/Aug/2021 10:54:13] "POST /v1/agent/heartbeat/ HTTP/1.1 200 60" 0.026687  Go-http-client/1.1
2021/08/15 10:54:23.585  [M] [router.go:1014]  ::1 - - [15/Aug/2021 10:54:23] "GET /v1/agent/config/?uuid=54c5b5660d8d4962b86315575d42e5bb&version= HTTP/1.1 200 0" 0.000543  Go-http-client/1.1
2021/08/15 10:54:23.617  [M] [router.go:1014]  ::1 - - [15/Aug/2021 10:54:23] "POST /v1/agent/heartbeat/ HTTP/1.1 200 60" 0.031791  Go-http-client/1.1
2021/08/15 10:54:33.586  [M] [router.go:1014]  ::1 - - [15/Aug/2021 10:54:33] "GET /v1/agent/config/?uuid=54c5b5660d8d4962b86315575d42e5bb&version= HTTP/1.1 200 0" 0.001113  Go-http-client/1.1
2021/08/15 10:54:33.612  [M] [router.go:1014]  ::1 - - [15/Aug/2021 10:54:33] "POST /v1/agent/heartbeat/ HTTP/1.1 200 60" 0.027873  Go-http-client/1.1
2021/08/15 10:54:43.586  [M] [router.go:1014]  ::1 - - [15/Aug/2021 10:54:43] "GET /v1/agent/config/?uuid=54c5b5660d8d4962b86315575d42e5bb&version= HTTP/1.1 200 0" 0.000521  Go-http-client/1.1
2021/08/15 10:54:43.661  [M] [router.go:1014]  ::1 - - [15/Aug/2021 10:54:43] "POST /v1/agent/heartbeat/ HTTP/1.1 200 60" 0.075834  Go-http-client/1.1
2021/08/15 10:54:53.585  [M] [router.go:1014]  ::1 - - [15/Aug/2021 10:54:53] "GET /v1/agent/config/?uuid=54c5b5660d8d4962b86315575d42e5bb&version= HTTP/1.1 200 0" 0.000541  Go-http-client/1.1
2021/08/15 10:54:53.620  [M] [router.go:1014]  ::1 - - [15/Aug/2021 10:54:53] "POST /v1/agent/heartbeat/ HTTP/1.1 200 60" 0.035735  Go-http-client/1.1
2021/08/15 10:55:03.587  [M] [router.go:1014]  ::1 - - [15/Aug/2021 10:55:03] "GET /v1/agent/config/?uuid=54c5b5660d8d4962b86315575d42e5bb&version= HTTP/1.1 200 0" 0.000559  Go-http-client/1.1
2021/08/15 10:55:03.651  [M] [router.go:1014]  ::1 - - [15/Aug/2021 10:55:03] "POST /v1/agent/heartbeat/ HTTP/1.1 200 60" 0.065435  Go-http-client/1.1
2021/08/15 10:55:13.586  [M] [router.go:1014]  ::1 - - [15/Aug/2021 10:55:13] "GET /v1/agent/config/?uuid=54c5b5660d8d4962b86315575d42e5bb&version= HTTP/1.1 200 0" 0.000670  Go-http-client/1.1
2021/08/15 10:55:13.620  [M] [router.go:1014]  ::1 - - [15/Aug/2021 10:55:13] "POST /v1/agent/heartbeat/ HTTP/1.1 200 60" 0.034882  Go-http-client/1.1
2021/08/15 10:55:23.586  [M] [router.go:1014]  ::1 - - [15/Aug/2021 10:55:23] "GET /v1/agent/config/?uuid=54c5b5660d8d4962b86315575d42e5bb&version= HTTP/1.1 200 0" 0.000585  Go-http-client/1.1
2021/08/15 10:55:23.648  [M] [router.go:1014]  ::1 - - [15/Aug/2021 10:55:23] "POST /v1/agent/heartbeat/ HTTP/1.1 200 60" 0.062583  Go-http-client/1.1
2021/08/15 10:55:33.586  [M] [router.go:1014]  ::1 - - [15/Aug/2021 10:55:33] "GET /v1/agent/config/?uuid=54c5b5660d8d4962b86315575d42e5bb&version= HTTP/1.1 200 0" 0.000597  Go-http-client/1.1
2021/08/15 10:55:33.619  [M] [router.go:1014]  ::1 - - [15/Aug/2021 10:55:33] "POST /v1/agent/heartbeat/ HTTP/1.1 200 60" 0.033368  Go-http-client/1.1
2021/08/15 10:55:43.585  [M] [router.go:1014]  ::1 - - [15/Aug/2021 10:55:43] "GET /v1/agent/config/?uuid=54c5b5660d8d4962b86315575d42e5bb&version= HTTP/1.1 200 0" 0.000545  Go-http-client/1.1
2021/08/15 10:55:43.616  [M] [router.go:1014]  ::1 - - [15/Aug/2021 10:55:43] "POST /v1/agent/heartbeat/ HTTP/1.1 200 60" 0.031079  Go-http-client/1.1
2021/08/15 10:55:53.585  [M] [router.go:1014]  ::1 - - [15/Aug/2021 10:55:53] "GET /v1/agent/config/?uuid=54c5b5660d8d4962b86315575d42e5bb&version= HTTP/1.1 200 0" 0.000527  Go-http-client/1.1
2021/08/15 10:55:53.619  [M] [router.go:1014]  ::1 - - [15/Aug/2021 10:55:53] "POST /v1/agent/heartbeat/ HTTP/1.1 200 60" 0.034902  Go-http-client/1.1
2021/08/15 10:56:03.585  [M] [router.go:1014]  ::1 - - [15/Aug/2021 10:56:03] "GET /v1/agent/config/?uuid=54c5b5660d8d4962b86315575d42e5bb&version= HTTP/1.1 200 0" 0.000530  Go-http-client/1.1
2021/08/15 10:56:03.673  [M] [router.go:1014]  ::1 - - [15/Aug/2021 10:56:03] "POST /v1/agent/heartbeat/ HTTP/1.1 200 60" 0.088199  Go-http-client/1.1
2021/08/15 10:56:13.585  [M] [router.go:1014]  ::1 - - [15/Aug/2021 10:56:13] "GET /v1/agent/config/?uuid=54c5b5660d8d4962b86315575d42e5bb&version= HTTP/1.1 200 0" 0.000545  Go-http-client/1.1
2021/08/15 10:56:13.610  [M] [router.go:1014]  ::1 - - [15/Aug/2021 10:56:13] "POST /v1/agent/heartbeat/ HTTP/1.1 200 60" 0.026105  Go-http-client/1.1
2021/08/15 10:56:23.585  [M] [router.go:1014]  ::1 - - [15/Aug/2021 10:56:23] "GET /v1/agent/config/?uuid=54c5b5660d8d4962b86315575d42e5bb&version= HTTP/1.1 200 0" 0.000542  Go-http-client/1.1
2021/08/15 10:56:23.631  [M] [router.go:1014]  ::1 - - [15/Aug/2021 10:56:23] "POST /v1/agent/heartbeat/ HTTP/1.1 200 60" 0.045913  Go-http-client/1.1
2021/08/15 10:56:33.586  [M] [router.go:1014]  ::1 - - [15/Aug/2021 10:56:33] "GET /v1/agent/config/?uuid=54c5b5660d8d4962b86315575d42e5bb&version= HTTP/1.1 200 0" 0.000000  Go-http-client/1.1
2021/08/15 10:56:33.628  [M] [router.go:1014]  ::1 - - [15/Aug/2021 10:56:33] "POST /v1/agent/heartbeat/ HTTP/1.1 200 60" 0.043179  Go-http-client/1.1
2021/08/15 10:56:43.587  [M] [router.go:1014]  ::1 - - [15/Aug/2021 10:56:43] "GET /v1/agent/config/?uuid=54c5b5660d8d4962b86315575d42e5bb&version= HTTP/1.1 200 0" 0.000894  Go-http-client/1.1
2021/08/15 10:56:43.616  [M] [router.go:1014]  ::1 - - [15/Aug/2021 10:56:43] "POST /v1/agent/heartbeat/ HTTP/1.1 200 60" 0.029418  Go-http-client/1.1
2021/08/15 10:56:53.587  [M] [router.go:1014]  ::1 - - [15/Aug/2021 10:56:53] "GET /v1/agent/config/?uuid=54c5b5660d8d4962b86315575d42e5bb&version= HTTP/1.1 200 0" 0.000539  Go-http-client/1.1
2021/08/15 10:56:53.625  [M] [router.go:1014]  ::1 - - [15/Aug/2021 10:56:53] "POST /v1/agent/heartbeat/ HTTP/1.1 200 60" 0.039482  Go-http-client/1.1
2021/08/15 10:57:03.585  [M] [router.go:1014]  ::1 - - [15/Aug/2021 10:57:03] "GET /v1/agent/config/?uuid=54c5b5660d8d4962b86315575d42e5bb&version= HTTP/1.1 200 0" 0.000608  Go-http-client/1.1
2021/08/15 10:57:03.623  [M] [router.go:1014]  ::1 - - [15/Aug/2021 10:57:03] "POST /v1/agent/heartbeat/ HTTP/1.1 200 60" 0.038062  Go-http-client/1.1
2021/08/15 10:57:13.586  [M] [router.go:1014]  ::1 - - [15/Aug/2021 10:57:13] "GET /v1/agent/config/?uuid=54c5b5660d8d4962b86315575d42e5bb&version= HTTP/1.1 200 0" 0.001405  Go-http-client/1.1
2021/08/15 10:57:13.617  [M] [router.go:1014]  ::1 - - [15/Aug/2021 10:57:13] "POST /v1/agent/heartbeat/ HTTP/1.1 200 60" 0.032495  Go-http-client/1.1
2021/08/15 10:57:23.586  [M] [router.go:1014]  ::1 - - [15/Aug/2021 10:57:23] "GET /v1/agent/config/?uuid=54c5b5660d8d4962b86315575d42e5bb&version= HTTP/1.1 200 0" 0.000555  Go-http-client/1.1
2021/08/15 10:57:23.655  [M] [router.go:1014]  ::1 - - [15/Aug/2021 10:57:23] "POST /v1/agent/heartbeat/ HTTP/1.1 200 60" 0.069414  Go-http-client/1.1
2021/08/15 10:57:33.587  [M] [router.go:1014]  ::1 - - [15/Aug/2021 10:57:33] "GET /v1/agent/config/?uuid=54c5b5660d8d4962b86315575d42e5bb&version= HTTP/1.1 200 0" 0.000544  Go-http-client/1.1
2021/08/15 10:57:33.617  [M] [router.go:1014]  ::1 - - [15/Aug/2021 10:57:33] "POST /v1/agent/heartbeat/ HTTP/1.1 200 60" 0.030533  Go-http-client/1.1
2021/08/15 10:57:43.586  [M] [router.go:1014]  ::1 - - [15/Aug/2021 10:57:43] "GET /v1/agent/config/?uuid=54c5b5660d8d4962b86315575d42e5bb&version= HTTP/1.1 200 0" 0.000723  Go-http-client/1.1
2021/08/15 10:57:43.621  [M] [router.go:1014]  ::1 - - [15/Aug/2021 10:57:43] "POST /v1/agent/heartbeat/ HTTP/1.1 200 60" 0.035921  Go-http-client/1.1
2021/08/15 10:57:53.586  [M] [router.go:1014]  ::1 - - [15/Aug/2021 10:57:53] "GET /v1/agent/config/?uuid=54c5b5660d8d4962b86315575d42e5bb&version= HTTP/1.1 200 0" 0.000533  Go-http-client/1.1
2021/08/15 10:57:53.616  [M] [router.go:1014]  ::1 - - [15/Aug/2021 10:57:53] "POST /v1/agent/heartbeat/ HTTP/1.1 200 60" 0.030572  Go-http-client/1.1
2021/08/15 10:58:03.585  [M] [router.go:1014]  ::1 - - [15/Aug/2021 10:58:03] "GET /v1/agent/config/?uuid=54c5b5660d8d4962b86315575d42e5bb&version= HTTP/1.1 200 0" 0.000557  Go-http-client/1.1
2021/08/15 10:58:03.612  [M] [router.go:1014]  ::1 - - [15/Aug/2021 10:58:03] "POST /v1/agent/heartbeat/ HTTP/1.1 200 60" 0.027414  Go-http-client/1.1
2021/08/15 10:58:13.585  [M] [router.go:1014]  ::1 - - [15/Aug/2021 10:58:13] "GET /v1/agent/config/?uuid=54c5b5660d8d4962b86315575d42e5bb&version= HTTP/1.1 200 0" 0.000537  Go-http-client/1.1
2021/08/15 10:58:13.617  [M] [router.go:1014]  ::1 - - [15/Aug/2021 10:58:13] "POST /v1/agent/heartbeat/ HTTP/1.1 200 60" 0.032546  Go-http-client/1.1
2021/08/15 10:58:23.586  [M] [router.go:1014]  ::1 - - [15/Aug/2021 10:58:23] "GET /v1/agent/config/?uuid=54c5b5660d8d4962b86315575d42e5bb&version= HTTP/1.1 200 0" 0.000516  Go-http-client/1.1
2021/08/15 10:58:23.654  [M] [router.go:1014]  ::1 - - [15/Aug/2021 10:58:23] "POST /v1/agent/heartbeat/ HTTP/1.1 200 60" 0.068461  Go-http-client/1.1
2021/08/15 10:58:33.586  [M] [router.go:1014]  ::1 - - [15/Aug/2021 10:58:33] "GET /v1/agent/config/?uuid=54c5b5660d8d4962b86315575d42e5bb&version= HTTP/1.1 200 0" 0.000000  Go-http-client/1.1
2021/08/15 10:58:33.616  [M] [router.go:1014]  ::1 - - [15/Aug/2021 10:58:33] "POST /v1/agent/heartbeat/ HTTP/1.1 200 60" 0.030435  Go-http-client/1.1
2021/08/15 10:58:43.588  [M] [router.go:1014]  ::1 - - [15/Aug/2021 10:58:43] "GET /v1/agent/config/?uuid=54c5b5660d8d4962b86315575d42e5bb&version= HTTP/1.1 200 0" 0.001516  Go-http-client/1.1
2021/08/15 10:58:43.628  [M] [router.go:1014]  ::1 - - [15/Aug/2021 10:58:43] "POST /v1/agent/heartbeat/ HTTP/1.1 200 60" 0.043068  Go-http-client/1.1
2021/08/15 10:58:53.585  [M] [router.go:1014]  ::1 - - [15/Aug/2021 10:58:53] "GET /v1/agent/config/?uuid=54c5b5660d8d4962b86315575d42e5bb&version= HTTP/1.1 200 0" 0.000530  Go-http-client/1.1
2021/08/15 10:58:53.623  [M] [router.go:1014]  ::1 - - [15/Aug/2021 10:58:53] "POST /v1/agent/heartbeat/ HTTP/1.1 200 60" 0.038360  Go-http-client/1.1
2021/08/15 10:59:03.585  [M] [router.go:1014]  ::1 - - [15/Aug/2021 10:59:03] "GET /v1/agent/config/?uuid=54c5b5660d8d4962b86315575d42e5bb&version= HTTP/1.1 200 0" 0.000521  Go-http-client/1.1
2021/08/15 10:59:03.611  [M] [router.go:1014]  ::1 - - [15/Aug/2021 10:59:03] "POST /v1/agent/heartbeat/ HTTP/1.1 200 60" 0.026011  Go-http-client/1.1
2021/08/15 10:59:13.586  [M] [router.go:1014]  ::1 - - [15/Aug/2021 10:59:13] "GET /v1/agent/config/?uuid=54c5b5660d8d4962b86315575d42e5bb&version= HTTP/1.1 200 0" 0.000530  Go-http-client/1.1
2021/08/15 10:59:13.615  [M] [router.go:1014]  ::1 - - [15/Aug/2021 10:59:13] "POST /v1/agent/heartbeat/ HTTP/1.1 200 60" 0.029996  Go-http-client/1.1
2021/08/15 10:59:23.585  [M] [router.go:1014]  ::1 - - [15/Aug/2021 10:59:23] "GET /v1/agent/config/?uuid=54c5b5660d8d4962b86315575d42e5bb&version= HTTP/1.1 200 0" 0.000533  Go-http-client/1.1
2021/08/15 10:59:23.628  [M] [router.go:1014]  ::1 - - [15/Aug/2021 10:59:23] "POST /v1/agent/heartbeat/ HTTP/1.1 200 60" 0.043878  Go-http-client/1.1
2021/08/15 10:59:33.586  [M] [router.go:1014]  ::1 - - [15/Aug/2021 10:59:33] "GET /v1/agent/config/?uuid=54c5b5660d8d4962b86315575d42e5bb&version= HTTP/1.1 200 0" 0.000527  Go-http-client/1.1
2021/08/15 10:59:33.615  [M] [router.go:1014]  ::1 - - [15/Aug/2021 10:59:33] "POST /v1/agent/heartbeat/ HTTP/1.1 200 60" 0.029270  Go-http-client/1.1
2021/08/15 10:59:43.585  [M] [router.go:1014]  ::1 - - [15/Aug/2021 10:59:43] "GET /v1/agent/config/?uuid=54c5b5660d8d4962b86315575d42e5bb&version= HTTP/1.1 200 0" 0.000549  Go-http-client/1.1
2021/08/15 10:59:43.618  [M] [router.go:1014]  ::1 - - [15/Aug/2021 10:59:43] "POST /v1/agent/heartbeat/ HTTP/1.1 200 60" 0.033316  Go-http-client/1.1
2021/08/15 10:59:53.586  [M] [router.go:1014]  ::1 - - [15/Aug/2021 10:59:53] "GET /v1/agent/config/?uuid=54c5b5660d8d4962b86315575d42e5bb&version= HTTP/1.1 200 0" 0.000541  Go-http-client/1.1
2021/08/15 10:59:53.623  [M] [router.go:1014]  ::1 - - [15/Aug/2021 10:59:53] "POST /v1/agent/heartbeat/ HTTP/1.1 200 60" 0.037477  Go-http-client/1.1
2021/08/15 11:00:03.585  [M] [router.go:1014]  ::1 - - [15/Aug/2021 11:00:03] "GET /v1/agent/config/?uuid=54c5b5660d8d4962b86315575d42e5bb&version= HTTP/1.1 200 0" 0.000522  Go-http-client/1.1
2021/08/15 11:00:03.634  [M] [router.go:1014]  ::1 - - [15/Aug/2021 11:00:03] "POST /v1/agent/heartbeat/ HTTP/1.1 200 60" 0.049369  Go-http-client/1.1
2021/08/15 11:00:13.586  [M] [router.go:1014]  ::1 - - [15/Aug/2021 11:00:13] "GET /v1/agent/config/?uuid=54c5b5660d8d4962b86315575d42e5bb&version= HTTP/1.1 200 0" 0.000613  Go-http-client/1.1
2021/08/15 11:00:13.614  [M] [router.go:1014]  ::1 - - [15/Aug/2021 11:00:13] "POST /v1/agent/heartbeat/ HTTP/1.1 200 60" 0.028525  Go-http-client/1.1
2021/08/15 11:00:23.587  [M] [router.go:1014]  ::1 - - [15/Aug/2021 11:00:23] "GET /v1/agent/config/?uuid=54c5b5660d8d4962b86315575d42e5bb&version= HTTP/1.1 200 0" 0.000576  Go-http-client/1.1
2021/08/15 11:00:23.651  [M] [router.go:1014]  ::1 - - [15/Aug/2021 11:00:23] "POST /v1/agent/heartbeat/ HTTP/1.1 200 60" 0.065250  Go-http-client/1.1
2021/08/15 11:00:33.587  [M] [router.go:1014]  ::1 - - [15/Aug/2021 11:00:33] "GET /v1/agent/config/?uuid=54c5b5660d8d4962b86315575d42e5bb&version= HTTP/1.1 200 0" 0.001284  Go-http-client/1.1
2021/08/15 11:00:33.613  [M] [router.go:1014]  ::1 - - [15/Aug/2021 11:00:33] "POST /v1/agent/heartbeat/ HTTP/1.1 200 60" 0.026198  Go-http-client/1.1
2021/08/15 11:00:43.586  [M] [router.go:1014]  ::1 - - [15/Aug/2021 11:00:43] "GET /v1/agent/config/?uuid=54c5b5660d8d4962b86315575d42e5bb&version= HTTP/1.1 200 0" 0.000575  Go-http-client/1.1
2021/08/15 11:00:43.621  [M] [router.go:1014]  ::1 - - [15/Aug/2021 11:00:43] "POST /v1/agent/heartbeat/ HTTP/1.1 200 60" 0.036294  Go-http-client/1.1
2021/08/15 11:00:53.586  [M] [router.go:1014]  ::1 - - [15/Aug/2021 11:00:53] "GET /v1/agent/config/?uuid=54c5b5660d8d4962b86315575d42e5bb&version= HTTP/1.1 200 0" 0.000578  Go-http-client/1.1
2021/08/15 11:00:53.621  [M] [router.go:1014]  ::1 - - [15/Aug/2021 11:00:53] "POST /v1/agent/heartbeat/ HTTP/1.1 200 60" 0.035445  Go-http-client/1.1
2021/08/15 11:01:03.585  [M] [router.go:1014]  ::1 - - [15/Aug/2021 11:01:03] "GET /v1/agent/config/?uuid=54c5b5660d8d4962b86315575d42e5bb&version= HTTP/1.1 200 0" 0.000667  Go-http-client/1.1
2021/08/15 11:01:03.617  [M] [router.go:1014]  ::1 - - [15/Aug/2021 11:01:03] "POST /v1/agent/heartbeat/ HTTP/1.1 200 60" 0.032203  Go-http-client/1.1
2021/08/15 11:01:13.586  [M] [router.go:1014]  ::1 - - [15/Aug/2021 11:01:13] "GET /v1/agent/config/?uuid=54c5b5660d8d4962b86315575d42e5bb&version= HTTP/1.1 200 0" 0.000761  Go-http-client/1.1
2021/08/15 11:01:13.621  [M] [router.go:1014]  ::1 - - [15/Aug/2021 11:01:13] "POST /v1/agent/heartbeat/ HTTP/1.1 200 60" 0.035867  Go-http-client/1.1
2021/08/15 11:01:23.585  [M] [router.go:1014]  ::1 - - [15/Aug/2021 11:01:23] "GET /v1/agent/config/?uuid=54c5b5660d8d4962b86315575d42e5bb&version= HTTP/1.1 200 0" 0.000522  Go-http-client/1.1
2021/08/15 11:01:23.617  [M] [router.go:1014]  ::1 - - [15/Aug/2021 11:01:23] "POST /v1/agent/heartbeat/ HTTP/1.1 200 60" 0.031939  Go-http-client/1.1
2021/08/15 11:01:33.585  [M] [router.go:1014]  ::1 - - [15/Aug/2021 11:01:33] "GET /v1/agent/config/?uuid=54c5b5660d8d4962b86315575d42e5bb&version= HTTP/1.1 200 0" 0.000544  Go-http-client/1.1
2021/08/15 11:01:33.621  [M] [router.go:1014]  ::1 - - [15/Aug/2021 11:01:33] "POST /v1/agent/heartbeat/ HTTP/1.1 200 60" 0.036558  Go-http-client/1.1
2021/08/15 11:01:43.585  [M] [router.go:1014]  ::1 - - [15/Aug/2021 11:01:43] "GET /v1/agent/config/?uuid=54c5b5660d8d4962b86315575d42e5bb&version= HTTP/1.1 200 0" 0.000528  Go-http-client/1.1
2021/08/15 11:01:43.615  [M] [router.go:1014]  ::1 - - [15/Aug/2021 11:01:43] "POST /v1/agent/heartbeat/ HTTP/1.1 200 60" 0.030631  Go-http-client/1.1
2021/08/15 11:01:53.585  [M] [router.go:1014]  ::1 - - [15/Aug/2021 11:01:53] "GET /v1/agent/config/?uuid=54c5b5660d8d4962b86315575d42e5bb&version= HTTP/1.1 200 0" 0.000528  Go-http-client/1.1
2021/08/15 11:01:53.629  [M] [router.go:1014]  ::1 - - [15/Aug/2021 11:01:53] "POST /v1/agent/heartbeat/ HTTP/1.1 200 60" 0.044446  Go-http-client/1.1
2021/08/15 11:02:03.585  [M] [router.go:1014]  ::1 - - [15/Aug/2021 11:02:03] "GET /v1/agent/config/?uuid=54c5b5660d8d4962b86315575d42e5bb&version= HTTP/1.1 200 0" 0.000528  Go-http-client/1.1
2021/08/15 11:02:03.649  [M] [router.go:1014]  ::1 - - [15/Aug/2021 11:02:03] "POST /v1/agent/heartbeat/ HTTP/1.1 200 60" 0.064952  Go-http-client/1.1
2021/08/15 11:02:13.585  [M] [router.go:1014]  ::1 - - [15/Aug/2021 11:02:13] "GET /v1/agent/config/?uuid=54c5b5660d8d4962b86315575d42e5bb&version= HTTP/1.1 200 0" 0.000536  Go-http-client/1.1
2021/08/15 11:02:13.621  [M] [router.go:1014]  ::1 - - [15/Aug/2021 11:02:13] "POST /v1/agent/heartbeat/ HTTP/1.1 200 60" 0.036240  Go-http-client/1.1
2021/08/15 11:02:23.585  [M] [router.go:1014]  ::1 - - [15/Aug/2021 11:02:23] "GET /v1/agent/config/?uuid=54c5b5660d8d4962b86315575d42e5bb&version= HTTP/1.1 200 0" 0.000559  Go-http-client/1.1
2021/08/15 11:02:23.615  [M] [router.go:1014]  ::1 - - [15/Aug/2021 11:02:23] "POST /v1/agent/heartbeat/ HTTP/1.1 200 60" 0.030730  Go-http-client/1.1
2021/08/15 11:02:33.585  [M] [router.go:1014]  ::1 - - [15/Aug/2021 11:02:33] "GET /v1/agent/config/?uuid=54c5b5660d8d4962b86315575d42e5bb&version= HTTP/1.1 200 0" 0.000523  Go-http-client/1.1
2021/08/15 11:02:33.620  [M] [router.go:1014]  ::1 - - [15/Aug/2021 11:02:33] "POST /v1/agent/heartbeat/ HTTP/1.1 200 60" 0.034604  Go-http-client/1.1
2021/08/15 11:02:43.586  [M] [router.go:1014]  ::1 - - [15/Aug/2021 11:02:43] "GET /v1/agent/config/?uuid=54c5b5660d8d4962b86315575d42e5bb&version= HTTP/1.1 200 0" 0.000868  Go-http-client/1.1
2021/08/15 11:02:43.692  [M] [router.go:1014]  ::1 - - [15/Aug/2021 11:02:43] "POST /v1/agent/heartbeat/ HTTP/1.1 200 60" 0.106468  Go-http-client/1.1
2021/08/15 11:02:53.586  [M] [router.go:1014]  ::1 - - [15/Aug/2021 11:02:53] "GET /v1/agent/config/?uuid=54c5b5660d8d4962b86315575d42e5bb&version= HTTP/1.1 200 0" 0.000537  Go-http-client/1.1
2021/08/15 11:02:53.619  [M] [router.go:1014]  ::1 - - [15/Aug/2021 11:02:53] "POST /v1/agent/heartbeat/ HTTP/1.1 200 60" 0.034512  Go-http-client/1.1
2021/08/15 11:03:03.587  [M] [router.go:1014]  ::1 - - [15/Aug/2021 11:03:03] "GET /v1/agent/config/?uuid=54c5b5660d8d4962b86315575d42e5bb&version= HTTP/1.1 200 0" 0.000558  Go-http-client/1.1
2021/08/15 11:03:03.648  [M] [router.go:1014]  ::1 - - [15/Aug/2021 11:03:03] "POST /v1/agent/heartbeat/ HTTP/1.1 200 60" 0.062434  Go-http-client/1.1
2021/08/15 11:03:13.585  [M] [router.go:1014]  ::1 - - [15/Aug/2021 11:03:13] "GET /v1/agent/config/?uuid=54c5b5660d8d4962b86315575d42e5bb&version= HTTP/1.1 200 0" 0.000519  Go-http-client/1.1
2021/08/15 11:03:13.618  [M] [router.go:1014]  ::1 - - [15/Aug/2021 11:03:13] "POST /v1/agent/heartbeat/ HTTP/1.1 200 60" 0.033282  Go-http-client/1.1
2021/08/15 11:03:23.585  [M] [router.go:1014]  ::1 - - [15/Aug/2021 11:03:23] "GET /v1/agent/config/?uuid=54c5b5660d8d4962b86315575d42e5bb&version= HTTP/1.1 200 0" 0.000529  Go-http-client/1.1
2021/08/15 11:03:23.614  [M] [router.go:1014]  ::1 - - [15/Aug/2021 11:03:23] "POST /v1/agent/heartbeat/ HTTP/1.1 200 60" 0.029211  Go-http-client/1.1
2021/08/15 11:03:33.585  [M] [router.go:1014]  ::1 - - [15/Aug/2021 11:03:33] "GET /v1/agent/config/?uuid=54c5b5660d8d4962b86315575d42e5bb&version= HTTP/1.1 200 0" 0.000539  Go-http-client/1.1
2021/08/15 11:03:33.618  [M] [router.go:1014]  ::1 - - [15/Aug/2021 11:03:33] "POST /v1/agent/heartbeat/ HTTP/1.1 200 60" 0.032979  Go-http-client/1.1
2021/08/15 11:03:43.585  [M] [router.go:1014]  ::1 - - [15/Aug/2021 11:03:43] "GET /v1/agent/config/?uuid=54c5b5660d8d4962b86315575d42e5bb&version= HTTP/1.1 200 0" 0.000537  Go-http-client/1.1
2021/08/15 11:03:43.681  [M] [router.go:1014]  ::1 - - [15/Aug/2021 11:03:43] "POST /v1/agent/heartbeat/ HTTP/1.1 200 60" 0.095911  Go-http-client/1.1
2021/08/15 11:03:53.585  [M] [router.go:1014]  ::1 - - [15/Aug/2021 11:03:53] "GET /v1/agent/config/?uuid=54c5b5660d8d4962b86315575d42e5bb&version= HTTP/1.1 200 0" 0.000534  Go-http-client/1.1
2021/08/15 11:03:53.616  [M] [router.go:1014]  ::1 - - [15/Aug/2021 11:03:53] "POST /v1/agent/heartbeat/ HTTP/1.1 200 60" 0.032129  Go-http-client/1.1
2021/08/15 11:04:03.584  [M] [router.go:1014]  ::1 - - [15/Aug/2021 11:04:03] "GET /v1/agent/config/?uuid=54c5b5660d8d4962b86315575d42e5bb&version= HTTP/1.1 200 0" 0.000000  Go-http-client/1.1
2021/08/15 11:04:03.622  [M] [router.go:1014]  ::1 - - [15/Aug/2021 11:04:03] "POST /v1/agent/heartbeat/ HTTP/1.1 200 60" 0.037979  Go-http-client/1.1
2021/08/15 11:04:13.586  [M] [router.go:1014]  ::1 - - [15/Aug/2021 11:04:13] "GET /v1/agent/config/?uuid=54c5b5660d8d4962b86315575d42e5bb&version= HTTP/1.1 200 0" 0.000524  Go-http-client/1.1
2021/08/15 11:04:13.625  [M] [router.go:1014]  ::1 - - [15/Aug/2021 11:04:13] "POST /v1/agent/heartbeat/ HTTP/1.1 200 60" 0.039451  Go-http-client/1.1
2021/08/15 11:04:23.585  [M] [router.go:1014]  ::1 - - [15/Aug/2021 11:04:23] "GET /v1/agent/config/?uuid=54c5b5660d8d4962b86315575d42e5bb&version= HTTP/1.1 200 0" 0.000524  Go-http-client/1.1
2021/08/15 11:04:23.622  [M] [router.go:1014]  ::1 - - [15/Aug/2021 11:04:23] "POST /v1/agent/heartbeat/ HTTP/1.1 200 60" 0.037188  Go-http-client/1.1
2021/08/15 11:04:33.585  [M] [router.go:1014]  ::1 - - [15/Aug/2021 11:04:33] "GET /v1/agent/config/?uuid=54c5b5660d8d4962b86315575d42e5bb&version= HTTP/1.1 200 0" 0.000581  Go-http-client/1.1
2021/08/15 11:04:33.617  [M] [router.go:1014]  ::1 - - [15/Aug/2021 11:04:33] "POST /v1/agent/heartbeat/ HTTP/1.1 200 60" 0.031966  Go-http-client/1.1
2021/08/15 11:04:43.586  [M] [router.go:1014]  ::1 - - [15/Aug/2021 11:04:43] "GET /v1/agent/config/?uuid=54c5b5660d8d4962b86315575d42e5bb&version= HTTP/1.1 200 0" 0.000519  Go-http-client/1.1
2021/08/15 11:04:43.646  [M] [router.go:1014]  ::1 - - [15/Aug/2021 11:04:43] "POST /v1/agent/heartbeat/ HTTP/1.1 200 60" 0.061041  Go-http-client/1.1
2021/08/15 11:04:53.591  [M] [router.go:1014]  ::1 - - [15/Aug/2021 11:04:53] "GET /v1/agent/config/?uuid=54c5b5660d8d4962b86315575d42e5bb&version= HTTP/1.1 200 0" 0.001999  Go-http-client/1.1
2021/08/15 11:04:53.645  [M] [router.go:1014]  ::1 - - [15/Aug/2021 11:04:53] "POST /v1/agent/heartbeat/ HTTP/1.1 200 60" 0.055712  Go-http-client/1.1
2021/08/15 11:05:03.585  [M] [router.go:1014]  ::1 - - [15/Aug/2021 11:05:03] "GET /v1/agent/config/?uuid=54c5b5660d8d4962b86315575d42e5bb&version= HTTP/1.1 200 0" 0.000636  Go-http-client/1.1
2021/08/15 11:05:03.614  [M] [router.go:1014]  ::1 - - [15/Aug/2021 11:05:03] "POST /v1/agent/heartbeat/ HTTP/1.1 200 60" 0.030305  Go-http-client/1.1
2021/08/15 11:05:13.588  [M] [router.go:1014]  ::1 - - [15/Aug/2021 11:05:13] "GET /v1/agent/config/?uuid=54c5b5660d8d4962b86315575d42e5bb&version= HTTP/1.1 200 0" 0.000890  Go-http-client/1.1
2021/08/15 11:05:13.662  [M] [router.go:1014]  ::1 - - [15/Aug/2021 11:05:13] "POST /v1/agent/heartbeat/ HTTP/1.1 200 60" 0.075168  Go-http-client/1.1
2021/08/15 11:05:23.595  [M] [router.go:1014]  ::1 - - [15/Aug/2021 11:05:23] "GET /v1/agent/config/?uuid=54c5b5660d8d4962b86315575d42e5bb&version= HTTP/1.1 200 0" 0.000998  Go-http-client/1.1
2021/08/15 11:05:23.691  [M] [router.go:1014]  ::1 - - [15/Aug/2021 11:05:23] "POST /v1/agent/heartbeat/ HTTP/1.1 200 60" 0.096344  Go-http-client/1.1
2021/08/15 11:05:33.585  [M] [router.go:1014]  ::1 - - [15/Aug/2021 11:05:33] "GET /v1/agent/config/?uuid=54c5b5660d8d4962b86315575d42e5bb&version= HTTP/1.1 200 0" 0.001001  Go-http-client/1.1
2021/08/15 11:05:33.615  [M] [router.go:1014]  ::1 - - [15/Aug/2021 11:05:33] "POST /v1/agent/heartbeat/ HTTP/1.1 200 60" 0.031331  Go-http-client/1.1
2021/08/15 11:05:43.588  [M] [router.go:1014]  ::1 - - [15/Aug/2021 11:05:43] "GET /v1/agent/config/?uuid=54c5b5660d8d4962b86315575d42e5bb&version= HTTP/1.1 200 0" 0.001314  Go-http-client/1.1
2021/08/15 11:05:43.656  [M] [router.go:1014]  ::1 - - [15/Aug/2021 11:05:43] "POST /v1/agent/heartbeat/ HTTP/1.1 200 60" 0.069177  Go-http-client/1.1
2021/08/15 11:05:53.587  [M] [router.go:1014]  ::1 - - [15/Aug/2021 11:05:53] "GET /v1/agent/config/?uuid=54c5b5660d8d4962b86315575d42e5bb&version= HTTP/1.1 200 0" 0.000646  Go-http-client/1.1
2021/08/15 11:05:53.623  [M] [router.go:1014]  ::1 - - [15/Aug/2021 11:05:53] "POST /v1/agent/heartbeat/ HTTP/1.1 200 60" 0.036865  Go-http-client/1.1
2021/08/15 11:06:03.590  [M] [router.go:1014]  ::1 - - [15/Aug/2021 11:06:03] "GET /v1/agent/config/?uuid=54c5b5660d8d4962b86315575d42e5bb&version= HTTP/1.1 200 0" 0.002992  Go-http-client/1.1
2021/08/15 11:06:03.669  [M] [router.go:1014]  ::1 - - [15/Aug/2021 11:06:03] "POST /v1/agent/heartbeat/ HTTP/1.1 200 60" 0.081526  Go-http-client/1.1
2021/08/15 11:06:13.586  [M] [router.go:1014]  ::1 - - [15/Aug/2021 11:06:13] "GET /v1/agent/config/?uuid=54c5b5660d8d4962b86315575d42e5bb&version= HTTP/1.1 200 0" 0.000669  Go-http-client/1.1
2021/08/15 11:06:13.623  [M] [router.go:1014]  ::1 - - [15/Aug/2021 11:06:13] "POST /v1/agent/heartbeat/ HTTP/1.1 200 60" 0.038212  Go-http-client/1.1
2021/08/15 11:06:13.648  [M] [router.go:1014]  ::1 - - [15/Aug/2021 11:06:13] "POST /v1/agent/register/ HTTP/1.1 200 99" 0.059548  Go-http-client/1.1
2021/08/15 11:06:23.585  [M] [router.go:1014]  ::1 - - [15/Aug/2021 11:06:23] "GET /v1/agent/config/?uuid=54c5b5660d8d4962b86315575d42e5bb&version= HTTP/1.1 200 0" 0.000539  Go-http-client/1.1
2021/08/15 11:06:23.652  [M] [router.go:1014]  ::1 - - [15/Aug/2021 11:06:23] "POST /v1/agent/heartbeat/ HTTP/1.1 200 60" 0.067619  Go-http-client/1.1
2021/08/15 11:06:33.585  [M] [router.go:1014]  ::1 - - [15/Aug/2021 11:06:33] "GET /v1/agent/config/?uuid=54c5b5660d8d4962b86315575d42e5bb&version= HTTP/1.1 200 0" 0.000000  Go-http-client/1.1
2021/08/15 11:06:33.614  [M] [router.go:1014]  ::1 - - [15/Aug/2021 11:06:33] "POST /v1/agent/heartbeat/ HTTP/1.1 200 60" 0.029742  Go-http-client/1.1
2021/08/15 11:06:43.588  [M] [router.go:1014]  ::1 - - [15/Aug/2021 11:06:43] "GET /v1/agent/config/?uuid=54c5b5660d8d4962b86315575d42e5bb&version= HTTP/1.1 200 0" 0.000556  Go-http-client/1.1
2021/08/15 11:06:43.669  [M] [router.go:1014]  ::1 - - [15/Aug/2021 11:06:43] "POST /v1/agent/heartbeat/ HTTP/1.1 200 60" 0.082791  Go-http-client/1.1
2021/08/15 11:06:53.585  [M] [router.go:1014]  ::1 - - [15/Aug/2021 11:06:53] "GET /v1/agent/config/?uuid=54c5b5660d8d4962b86315575d42e5bb&version= HTTP/1.1 200 0" 0.000627  Go-http-client/1.1
2021/08/15 11:06:53.614  [M] [router.go:1014]  ::1 - - [15/Aug/2021 11:06:53] "POST /v1/agent/heartbeat/ HTTP/1.1 200 60" 0.029815  Go-http-client/1.1
2021/08/15 11:07:03.587  [M] [router.go:1014]  ::1 - - [15/Aug/2021 11:07:03] "GET /v1/agent/config/?uuid=54c5b5660d8d4962b86315575d42e5bb&version= HTTP/1.1 200 0" 0.000535  Go-http-client/1.1
2021/08/15 11:07:03.660  [M] [router.go:1014]  ::1 - - [15/Aug/2021 11:07:03] "POST /v1/agent/heartbeat/ HTTP/1.1 200 60" 0.073982  Go-http-client/1.1
2021/08/15 11:07:13.586  [M] [router.go:1014]  ::1 - - [15/Aug/2021 11:07:13] "GET /v1/agent/config/?uuid=54c5b5660d8d4962b86315575d42e5bb&version= HTTP/1.1 200 0" 0.000630  Go-http-client/1.1
2021/08/15 11:07:13.622  [M] [router.go:1014]  ::1 - - [15/Aug/2021 11:07:13] "POST /v1/agent/heartbeat/ HTTP/1.1 200 60" 0.036083  Go-http-client/1.1
2021/08/15 11:07:23.587  [M] [router.go:1014]  ::1 - - [15/Aug/2021 11:07:23] "GET /v1/agent/config/?uuid=54c5b5660d8d4962b86315575d42e5bb&version= HTTP/1.1 200 0" 0.000794  Go-http-client/1.1
2021/08/15 11:07:23.676  [M] [router.go:1014]  ::1 - - [15/Aug/2021 11:07:23] "POST /v1/agent/heartbeat/ HTTP/1.1 200 60" 0.089854  Go-http-client/1.1
2021/08/15 11:07:33.587  [M] [router.go:1014]  ::1 - - [15/Aug/2021 11:07:33] "GET /v1/agent/config/?uuid=54c5b5660d8d4962b86315575d42e5bb&version= HTTP/1.1 200 0" 0.000644  Go-http-client/1.1
2021/08/15 11:07:33.613  [M] [router.go:1014]  ::1 - - [15/Aug/2021 11:07:33] "POST /v1/agent/heartbeat/ HTTP/1.1 200 60" 0.026678  Go-http-client/1.1
2021/08/15 11:07:43.589  [M] [router.go:1014]  ::1 - - [15/Aug/2021 11:07:43] "GET /v1/agent/config/?uuid=54c5b5660d8d4962b86315575d42e5bb&version= HTTP/1.1 200 0" 0.000990  Go-http-client/1.1
2021/08/15 11:07:43.708  [M] [router.go:1014]  ::1 - - [15/Aug/2021 11:07:43] "POST /v1/agent/heartbeat/ HTTP/1.1 200 60" 0.120079  Go-http-client/1.1
2021/08/15 11:07:53.638  [M] [router.go:1014]  ::1 - - [15/Aug/2021 11:07:53] "GET /v1/agent/config/?uuid=54c5b5660d8d4962b86315575d42e5bb&version= HTTP/1.1 200 0" 0.009062  Go-http-client/1.1
2021/08/15 11:07:53.797  [M] [router.go:1014]  ::1 - - [15/Aug/2021 11:07:53] "POST /v1/agent/heartbeat/ HTTP/1.1 200 60" 0.167725  Go-http-client/1.1
2021/08/15 11:08:03.590  [M] [router.go:1014]  ::1 - - [15/Aug/2021 11:08:03] "GET /v1/agent/config/?uuid=54c5b5660d8d4962b86315575d42e5bb&version= HTTP/1.1 200 0" 0.000999  Go-http-client/1.1
2021/08/15 11:08:03.630  [M] [router.go:1014]  ::1 - - [15/Aug/2021 11:08:03] "POST /v1/agent/heartbeat/ HTTP/1.1 200 60" 0.040432  Go-http-client/1.1
2021/08/15 11:08:13.586  [M] [router.go:1014]  ::1 - - [15/Aug/2021 11:08:13] "GET /v1/agent/config/?uuid=54c5b5660d8d4962b86315575d42e5bb&version= HTTP/1.1 200 0" 0.000610  Go-http-client/1.1
2021/08/15 11:08:13.621  [M] [router.go:1014]  ::1 - - [15/Aug/2021 11:08:13] "POST /v1/agent/heartbeat/ HTTP/1.1 200 60" 0.035753  Go-http-client/1.1
2021/08/15 11:08:23.603  [M] [router.go:1014]  ::1 - - [15/Aug/2021 11:08:23] "GET /v1/agent/config/?uuid=54c5b5660d8d4962b86315575d42e5bb&version= HTTP/1.1 200 0" 0.007185  Go-http-client/1.1
2021/08/15 11:08:23.694  [M] [router.go:1014]  ::1 - - [15/Aug/2021 11:08:23] "POST /v1/agent/heartbeat/ HTTP/1.1 200 60" 0.098169  Go-http-client/1.1
2021/08/15 11:08:33.587  [M] [router.go:1014]  ::1 - - [15/Aug/2021 11:08:33] "GET /v1/agent/config/?uuid=54c5b5660d8d4962b86315575d42e5bb&version= HTTP/1.1 200 0" 0.001351  Go-http-client/1.1
2021/08/15 11:08:33.625  [M] [router.go:1014]  ::1 - - [15/Aug/2021 11:08:33] "POST /v1/agent/heartbeat/ HTTP/1.1 200 60" 0.039837  Go-http-client/1.1
2021/08/15 11:08:43.587  [M] [router.go:1014]  ::1 - - [15/Aug/2021 11:08:43] "GET /v1/agent/config/?uuid=54c5b5660d8d4962b86315575d42e5bb&version= HTTP/1.1 200 0" 0.000537  Go-http-client/1.1
2021/08/15 11:08:43.701  [M] [router.go:1014]  ::1 - - [15/Aug/2021 11:08:43] "POST /v1/agent/heartbeat/ HTTP/1.1 200 60" 0.114965  Go-http-client/1.1
2021/08/15 11:08:53.587  [M] [router.go:1014]  ::1 - - [15/Aug/2021 11:08:53] "GET /v1/agent/config/?uuid=54c5b5660d8d4962b86315575d42e5bb&version= HTTP/1.1 200 0" 0.001510  Go-http-client/1.1
2021/08/15 11:08:53.620  [M] [router.go:1014]  ::1 - - [15/Aug/2021 11:08:53] "POST /v1/agent/heartbeat/ HTTP/1.1 200 60" 0.033991  Go-http-client/1.1
2021/08/15 11:09:03.586  [M] [router.go:1014]  ::1 - - [15/Aug/2021 11:09:03] "GET /v1/agent/config/?uuid=54c5b5660d8d4962b86315575d42e5bb&version= HTTP/1.1 200 0" 0.001009  Go-http-client/1.1
2021/08/15 11:09:03.623  [M] [router.go:1014]  ::1 - - [15/Aug/2021 11:09:03] "POST /v1/agent/heartbeat/ HTTP/1.1 200 60" 0.038548  Go-http-client/1.1
2021/08/15 11:09:13.586  [M] [router.go:1014]  ::1 - - [15/Aug/2021 11:09:13] "GET /v1/agent/config/?uuid=54c5b5660d8d4962b86315575d42e5bb&version= HTTP/1.1 200 0" 0.000245  Go-http-client/1.1
2021/08/15 11:09:13.622  [M] [router.go:1014]  ::1 - - [15/Aug/2021 11:09:13] "POST /v1/agent/heartbeat/ HTTP/1.1 200 60" 0.036289  Go-http-client/1.1
2021/08/15 11:09:23.586  [M] [router.go:1014]  ::1 - - [15/Aug/2021 11:09:23] "GET /v1/agent/config/?uuid=54c5b5660d8d4962b86315575d42e5bb&version= HTTP/1.1 200 0" 0.000760  Go-http-client/1.1
2021/08/15 11:09:23.624  [M] [router.go:1014]  ::1 - - [15/Aug/2021 11:09:23] "POST /v1/agent/heartbeat/ HTTP/1.1 200 60" 0.038129  Go-http-client/1.1
2021/08/15 11:09:33.586  [M] [router.go:1014]  ::1 - - [15/Aug/2021 11:09:33] "GET /v1/agent/config/?uuid=54c5b5660d8d4962b86315575d42e5bb&version= HTTP/1.1 200 0" 0.000657  Go-http-client/1.1
2021/08/15 11:09:33.619  [M] [router.go:1014]  ::1 - - [15/Aug/2021 11:09:33] "POST /v1/agent/heartbeat/ HTTP/1.1 200 60" 0.033088  Go-http-client/1.1
2021/08/15 11:09:43.585  [M] [router.go:1014]  ::1 - - [15/Aug/2021 11:09:43] "GET /v1/agent/config/?uuid=54c5b5660d8d4962b86315575d42e5bb&version= HTTP/1.1 200 0" 0.000603  Go-http-client/1.1
2021/08/15 11:09:43.614  [M] [router.go:1014]  ::1 - - [15/Aug/2021 11:09:43] "POST /v1/agent/heartbeat/ HTTP/1.1 200 60" 0.029611  Go-http-client/1.1
2021/08/15 11:09:53.586  [M] [router.go:1014]  ::1 - - [15/Aug/2021 11:09:53] "GET /v1/agent/config/?uuid=54c5b5660d8d4962b86315575d42e5bb&version= HTTP/1.1 200 0" 0.000599  Go-http-client/1.1
2021/08/15 11:09:53.653  [M] [router.go:1014]  ::1 - - [15/Aug/2021 11:09:53] "POST /v1/agent/heartbeat/ HTTP/1.1 200 60" 0.066935  Go-http-client/1.1
2021/08/15 11:10:03.585  [M] [router.go:1014]  ::1 - - [15/Aug/2021 11:10:03] "GET /v1/agent/config/?uuid=54c5b5660d8d4962b86315575d42e5bb&version= HTTP/1.1 200 0" 0.000543  Go-http-client/1.1
2021/08/15 11:10:03.616  [M] [router.go:1014]  ::1 - - [15/Aug/2021 11:10:03] "POST /v1/agent/heartbeat/ HTTP/1.1 200 60" 0.031233  Go-http-client/1.1
2021/08/15 11:10:13.585  [M] [router.go:1014]  ::1 - - [15/Aug/2021 11:10:13] "GET /v1/agent/config/?uuid=54c5b5660d8d4962b86315575d42e5bb&version= HTTP/1.1 200 0" 0.000534  Go-http-client/1.1
2021/08/15 11:10:13.628  [M] [router.go:1014]  ::1 - - [15/Aug/2021 11:10:13] "POST /v1/agent/heartbeat/ HTTP/1.1 200 60" 0.043638  Go-http-client/1.1
2021/08/15 11:10:23.590  [M] [router.go:1014]  ::1 - - [15/Aug/2021 11:10:23] "GET /v1/agent/config/?uuid=54c5b5660d8d4962b86315575d42e5bb&version= HTTP/1.1 200 0" 0.002001  Go-http-client/1.1
2021/08/15 11:10:23.640  [M] [router.go:1014]  ::1 - - [15/Aug/2021 11:10:23] "POST /v1/agent/heartbeat/ HTTP/1.1 200 60" 0.047642  Go-http-client/1.1
2021/08/15 11:10:33.587  [M] [router.go:1014]  ::1 - - [15/Aug/2021 11:10:33] "GET /v1/agent/config/?uuid=54c5b5660d8d4962b86315575d42e5bb&version= HTTP/1.1 200 0" 0.000526  Go-http-client/1.1
2021/08/15 11:10:33.626  [M] [router.go:1014]  ::1 - - [15/Aug/2021 11:10:33] "POST /v1/agent/heartbeat/ HTTP/1.1 200 60" 0.040091  Go-http-client/1.1
2021/08/15 11:10:43.587  [M] [router.go:1014]  ::1 - - [15/Aug/2021 11:10:43] "GET /v1/agent/config/?uuid=54c5b5660d8d4962b86315575d42e5bb&version= HTTP/1.1 200 0" 0.000331  Go-http-client/1.1
2021/08/15 11:10:43.622  [M] [router.go:1014]  ::1 - - [15/Aug/2021 11:10:43] "POST /v1/agent/heartbeat/ HTTP/1.1 200 60" 0.035295  Go-http-client/1.1
2021/08/15 11:10:53.588  [M] [router.go:1014]  ::1 - - [15/Aug/2021 11:10:53] "GET /v1/agent/config/?uuid=54c5b5660d8d4962b86315575d42e5bb&version= HTTP/1.1 200 0" 0.001943  Go-http-client/1.1
2021/08/15 11:10:53.653  [M] [router.go:1014]  ::1 - - [15/Aug/2021 11:10:53] "POST /v1/agent/heartbeat/ HTTP/1.1 200 60" 0.065453  Go-http-client/1.1
2021/08/15 11:11:03.998  [M] [router.go:1014]  ::1 - - [15/Aug/2021 11:11:03] "GET /v1/agent/config/?uuid=54c5b5660d8d4962b86315575d42e5bb&version= HTTP/1.1 200 0" 0.264606  Go-http-client/1.1
2021/08/15 11:11:04.192  [M] [router.go:1014]  ::1 - - [15/Aug/2021 11:11:03] "POST /v1/agent/heartbeat/ HTTP/1.1 200 60" 0.458425  Go-http-client/1.1
2021/08/15 11:11:13.586  [M] [router.go:1014]  ::1 - - [15/Aug/2021 11:11:13] "GET /v1/agent/config/?uuid=54c5b5660d8d4962b86315575d42e5bb&version= HTTP/1.1 200 0" 0.000536  Go-http-client/1.1
2021/08/15 11:11:13.622  [M] [router.go:1014]  ::1 - - [15/Aug/2021 11:11:13] "POST /v1/agent/heartbeat/ HTTP/1.1 200 60" 0.036938  Go-http-client/1.1
2021/08/15 11:11:23.586  [M] [router.go:1014]  ::1 - - [15/Aug/2021 11:11:23] "GET /v1/agent/config/?uuid=54c5b5660d8d4962b86315575d42e5bb&version= HTTP/1.1 200 0" 0.000985  Go-http-client/1.1
2021/08/15 11:11:23.629  [M] [router.go:1014]  ::1 - - [15/Aug/2021 11:11:23] "POST /v1/agent/heartbeat/ HTTP/1.1 200 60" 0.044404  Go-http-client/1.1
2021/08/15 11:11:33.588  [M] [router.go:1014]  ::1 - - [15/Aug/2021 11:11:33] "GET /v1/agent/config/?uuid=54c5b5660d8d4962b86315575d42e5bb&version= HTTP/1.1 200 0" 0.001953  Go-http-client/1.1
2021/08/15 11:11:33.662  [M] [router.go:1014]  ::1 - - [15/Aug/2021 11:11:33] "POST /v1/agent/heartbeat/ HTTP/1.1 200 60" 0.076345  Go-http-client/1.1
2021/08/15 11:11:43.591  [M] [router.go:1014]  ::1 - - [15/Aug/2021 11:11:43] "GET /v1/agent/config/?uuid=54c5b5660d8d4962b86315575d42e5bb&version= HTTP/1.1 200 0" 0.000881  Go-http-client/1.1
2021/08/15 11:11:43.622  [M] [router.go:1014]  ::1 - - [15/Aug/2021 11:11:43] "POST /v1/agent/heartbeat/ HTTP/1.1 200 60" 0.034555  Go-http-client/1.1
2021/08/15 11:11:53.587  [M] [router.go:1014]  ::1 - - [15/Aug/2021 11:11:53] "GET /v1/agent/config/?uuid=54c5b5660d8d4962b86315575d42e5bb&version= HTTP/1.1 200 0" 0.000582  Go-http-client/1.1
2021/08/15 11:11:53.617  [M] [router.go:1014]  ::1 - - [15/Aug/2021 11:11:53] "POST /v1/agent/heartbeat/ HTTP/1.1 200 60" 0.030750  Go-http-client/1.1
2021/08/15 11:12:03.585  [M] [router.go:1014]  ::1 - - [15/Aug/2021 11:12:03] "GET /v1/agent/config/?uuid=54c5b5660d8d4962b86315575d42e5bb&version= HTTP/1.1 200 0" 0.000539  Go-http-client/1.1
2021/08/15 11:12:03.620  [M] [router.go:1014]  ::1 - - [15/Aug/2021 11:12:03] "POST /v1/agent/heartbeat/ HTTP/1.1 200 60" 0.034966  Go-http-client/1.1
2021/08/15 11:12:13.585  [M] [router.go:1014]  ::1 - - [15/Aug/2021 11:12:13] "GET /v1/agent/config/?uuid=54c5b5660d8d4962b86315575d42e5bb&version= HTTP/1.1 200 0" 0.000547  Go-http-client/1.1
2021/08/15 11:12:13.616  [M] [router.go:1014]  ::1 - - [15/Aug/2021 11:12:13] "POST /v1/agent/heartbeat/ HTTP/1.1 200 60" 0.032144  Go-http-client/1.1
2021/08/15 11:12:23.585  [M] [router.go:1014]  ::1 - - [15/Aug/2021 11:12:23] "GET /v1/agent/config/?uuid=54c5b5660d8d4962b86315575d42e5bb&version= HTTP/1.1 200 0" 0.000557  Go-http-client/1.1
2021/08/15 11:12:23.621  [M] [router.go:1014]  ::1 - - [15/Aug/2021 11:12:23] "POST /v1/agent/heartbeat/ HTTP/1.1 200 60" 0.036475  Go-http-client/1.1
2021/08/15 11:12:33.624  [M] [router.go:1014]  ::1 - - [15/Aug/2021 11:12:33] "GET /v1/agent/config/?uuid=54c5b5660d8d4962b86315575d42e5bb&version= HTTP/1.1 200 0" 0.003268  Go-http-client/1.1
2021/08/15 11:12:33.698  [M] [router.go:1014]  ::1 - - [15/Aug/2021 11:12:33] "POST /v1/agent/heartbeat/ HTTP/1.1 200 60" 0.077607  Go-http-client/1.1
2021/08/15 11:12:43.588  [M] [router.go:1014]  ::1 - - [15/Aug/2021 11:12:43] "GET /v1/agent/config/?uuid=54c5b5660d8d4962b86315575d42e5bb&version= HTTP/1.1 200 0" 0.000847  Go-http-client/1.1
2021/08/15 11:12:43.619  [M] [router.go:1014]  ::1 - - [15/Aug/2021 11:12:43] "POST /v1/agent/heartbeat/ HTTP/1.1 200 60" 0.029708  Go-http-client/1.1
2021/08/15 11:12:53.589  [M] [router.go:1014]  ::1 - - [15/Aug/2021 11:12:53] "GET /v1/agent/config/?uuid=54c5b5660d8d4962b86315575d42e5bb&version= HTTP/1.1 200 0" 0.001438  Go-http-client/1.1
2021/08/15 11:12:53.655  [M] [router.go:1014]  ::1 - - [15/Aug/2021 11:12:53] "POST /v1/agent/heartbeat/ HTTP/1.1 200 60" 0.067445  Go-http-client/1.1
2021/08/15 11:13:03.586  [M] [router.go:1014]  ::1 - - [15/Aug/2021 11:13:03] "GET /v1/agent/config/?uuid=54c5b5660d8d4962b86315575d42e5bb&version= HTTP/1.1 200 0" 0.001529  Go-http-client/1.1
2021/08/15 11:13:03.635  [M] [router.go:1014]  ::1 - - [15/Aug/2021 11:13:03] "POST /v1/agent/heartbeat/ HTTP/1.1 200 60" 0.050812  Go-http-client/1.1
2021/08/15 11:13:13.585  [M] [router.go:1014]  ::1 - - [15/Aug/2021 11:13:13] "GET /v1/agent/config/?uuid=54c5b5660d8d4962b86315575d42e5bb&version= HTTP/1.1 200 0" 0.000534  Go-http-client/1.1
2021/08/15 11:13:13.622  [M] [router.go:1014]  ::1 - - [15/Aug/2021 11:13:13] "POST /v1/agent/heartbeat/ HTTP/1.1 200 60" 0.037643  Go-http-client/1.1
2021/08/15 11:13:23.585  [M] [router.go:1014]  ::1 - - [15/Aug/2021 11:13:23] "GET /v1/agent/config/?uuid=54c5b5660d8d4962b86315575d42e5bb&version= HTTP/1.1 200 0" 0.000535  Go-http-client/1.1
2021/08/15 11:13:23.618  [M] [router.go:1014]  ::1 - - [15/Aug/2021 11:13:23] "POST /v1/agent/heartbeat/ HTTP/1.1 200 60" 0.034074  Go-http-client/1.1
2021/08/15 11:13:33.587  [M] [router.go:1014]  ::1 - - [15/Aug/2021 11:13:33] "GET /v1/agent/config/?uuid=54c5b5660d8d4962b86315575d42e5bb&version= HTTP/1.1 200 0" 0.001094  Go-http-client/1.1
2021/08/15 11:13:33.651  [M] [router.go:1014]  ::1 - - [15/Aug/2021 11:13:33] "POST /v1/agent/heartbeat/ HTTP/1.1 200 60" 0.065550  Go-http-client/1.1
2021/08/15 11:13:43.586  [M] [router.go:1014]  ::1 - - [15/Aug/2021 11:13:43] "GET /v1/agent/config/?uuid=54c5b5660d8d4962b86315575d42e5bb&version= HTTP/1.1 200 0" 0.000547  Go-http-client/1.1
2021/08/15 11:13:43.618  [M] [router.go:1014]  ::1 - - [15/Aug/2021 11:13:43] "POST /v1/agent/heartbeat/ HTTP/1.1 200 60" 0.033851  Go-http-client/1.1
2021/08/15 11:13:53.586  [M] [router.go:1014]  ::1 - - [15/Aug/2021 11:13:53] "GET /v1/agent/config/?uuid=54c5b5660d8d4962b86315575d42e5bb&version= HTTP/1.1 200 0" 0.000541  Go-http-client/1.1
2021/08/15 11:13:53.674  [M] [router.go:1014]  ::1 - - [15/Aug/2021 11:13:53] "POST /v1/agent/heartbeat/ HTTP/1.1 200 60" 0.087768  Go-http-client/1.1
2021/08/15 11:14:03.589  [M] [router.go:1014]  ::1 - - [15/Aug/2021 11:14:03] "GET /v1/agent/config/?uuid=54c5b5660d8d4962b86315575d42e5bb&version= HTTP/1.1 200 0" 0.001999  Go-http-client/1.1
2021/08/15 11:14:03.626  [M] [router.go:1014]  ::1 - - [15/Aug/2021 11:14:03] "POST /v1/agent/heartbeat/ HTTP/1.1 200 60" 0.037923  Go-http-client/1.1
2021/08/15 11:14:13.589  [M] [router.go:1014]  ::1 - - [15/Aug/2021 11:14:13] "GET /v1/agent/config/?uuid=54c5b5660d8d4962b86315575d42e5bb&version= HTTP/1.1 200 0" 0.000000  Go-http-client/1.1
2021/08/15 11:14:13.661  [M] [router.go:1014]  ::1 - - [15/Aug/2021 11:14:13] "POST /v1/agent/heartbeat/ HTTP/1.1 200 60" 0.071642  Go-http-client/1.1
2021/08/15 11:14:23.598  [M] [router.go:1014]  ::1 - - [15/Aug/2021 11:14:23] "GET /v1/agent/config/?uuid=54c5b5660d8d4962b86315575d42e5bb&version= HTTP/1.1 200 0" 0.002373  Go-http-client/1.1
2021/08/15 11:14:23.665  [M] [router.go:1014]  ::1 - - [15/Aug/2021 11:14:23] "POST /v1/agent/heartbeat/ HTTP/1.1 200 60" 0.068822  Go-http-client/1.1
2021/08/15 11:14:33.585  [M] [router.go:1014]  ::1 - - [15/Aug/2021 11:14:33] "GET /v1/agent/config/?uuid=54c5b5660d8d4962b86315575d42e5bb&version= HTTP/1.1 200 0" 0.000556  Go-http-client/1.1
2021/08/15 11:14:33.622  [M] [router.go:1014]  ::1 - - [15/Aug/2021 11:14:33] "POST /v1/agent/heartbeat/ HTTP/1.1 200 60" 0.036703  Go-http-client/1.1
2021/08/15 11:14:43.586  [M] [router.go:1014]  ::1 - - [15/Aug/2021 11:14:43] "GET /v1/agent/config/?uuid=54c5b5660d8d4962b86315575d42e5bb&version= HTTP/1.1 200 0" 0.000590  Go-http-client/1.1
2021/08/15 11:14:43.618  [M] [router.go:1014]  ::1 - - [15/Aug/2021 11:14:43] "POST /v1/agent/heartbeat/ HTTP/1.1 200 60" 0.032837  Go-http-client/1.1
2021/08/15 11:14:53.585  [M] [router.go:1014]  ::1 - - [15/Aug/2021 11:14:53] "GET /v1/agent/config/?uuid=54c5b5660d8d4962b86315575d42e5bb&version= HTTP/1.1 200 0" 0.000535  Go-http-client/1.1
2021/08/15 11:14:53.617  [M] [router.go:1014]  ::1 - - [15/Aug/2021 11:14:53] "POST /v1/agent/heartbeat/ HTTP/1.1 200 60" 0.032347  Go-http-client/1.1
2021/08/15 11:15:03.585  [M] [router.go:1014]  ::1 - - [15/Aug/2021 11:15:03] "GET /v1/agent/config/?uuid=54c5b5660d8d4962b86315575d42e5bb&version= HTTP/1.1 200 0" 0.000597  Go-http-client/1.1
2021/08/15 11:15:03.617  [M] [router.go:1014]  ::1 - - [15/Aug/2021 11:15:03] "POST /v1/agent/heartbeat/ HTTP/1.1 200 60" 0.032741  Go-http-client/1.1
2021/08/15 11:15:13.587  [M] [router.go:1014]  ::1 - - [15/Aug/2021 11:15:13] "GET /v1/agent/config/?uuid=54c5b5660d8d4962b86315575d42e5bb&version= HTTP/1.1 200 0" 0.000629  Go-http-client/1.1
2021/08/15 11:15:13.653  [M] [router.go:1014]  ::1 - - [15/Aug/2021 11:15:13] "POST /v1/agent/heartbeat/ HTTP/1.1 200 60" 0.066892  Go-http-client/1.1
2021/08/15 11:15:23.587  [M] [router.go:1014]  ::1 - - [15/Aug/2021 11:15:23] "GET /v1/agent/config/?uuid=54c5b5660d8d4962b86315575d42e5bb&version= HTTP/1.1 200 0" 0.000570  Go-http-client/1.1
2021/08/15 11:15:23.624  [M] [router.go:1014]  ::1 - - [15/Aug/2021 11:15:23] "POST /v1/agent/heartbeat/ HTTP/1.1 200 60" 0.038049  Go-http-client/1.1
2021/08/15 11:15:33.593  [M] [router.go:1014]  ::1 - - [15/Aug/2021 11:15:33] "GET /v1/agent/config/?uuid=54c5b5660d8d4962b86315575d42e5bb&version= HTTP/1.1 200 0" 0.000844  Go-http-client/1.1
2021/08/15 11:15:33.672  [M] [router.go:1014]  ::1 - - [15/Aug/2021 11:15:33] "POST /v1/agent/heartbeat/ HTTP/1.1 200 60" 0.079906  Go-http-client/1.1
2021/08/15 11:15:43.586  [M] [router.go:1014]  ::1 - - [15/Aug/2021 11:15:43] "GET /v1/agent/config/?uuid=54c5b5660d8d4962b86315575d42e5bb&version= HTTP/1.1 200 0" 0.001205  Go-http-client/1.1
2021/08/15 11:15:43.623  [M] [router.go:1014]  ::1 - - [15/Aug/2021 11:15:43] "POST /v1/agent/heartbeat/ HTTP/1.1 200 60" 0.038467  Go-http-client/1.1
2021/08/15 11:15:53.587  [M] [router.go:1014]  ::1 - - [15/Aug/2021 11:15:53] "GET /v1/agent/config/?uuid=54c5b5660d8d4962b86315575d42e5bb&version= HTTP/1.1 200 0" 0.000658  Go-http-client/1.1
2021/08/15 11:15:53.674  [M] [router.go:1014]  ::1 - - [15/Aug/2021 11:15:53] "POST /v1/agent/heartbeat/ HTTP/1.1 200 60" 0.087908  Go-http-client/1.1
2021/08/15 11:16:03.711  [M] [router.go:1014]  ::1 - - [15/Aug/2021 11:16:03] "GET /v1/agent/config/?uuid=54c5b5660d8d4962b86315575d42e5bb&version= HTTP/1.1 200 0" 0.007131  Go-http-client/1.1
2021/08/15 11:16:03.827  [M] [router.go:1014]  ::1 - - [15/Aug/2021 11:16:03] "POST /v1/agent/heartbeat/ HTTP/1.1 200 60" 0.122791  Go-http-client/1.1
2021/08/15 11:16:13.587  [M] [router.go:1014]  ::1 - - [15/Aug/2021 11:16:13] "GET /v1/agent/config/?uuid=54c5b5660d8d4962b86315575d42e5bb&version= HTTP/1.1 200 0" 0.000591  Go-http-client/1.1
2021/08/15 11:16:13.621  [M] [router.go:1014]  ::1 - - [15/Aug/2021 11:16:13] "POST /v1/agent/heartbeat/ HTTP/1.1 200 60" 0.034588  Go-http-client/1.1
2021/08/15 11:16:23.593  [M] [router.go:1014]  ::1 - - [15/Aug/2021 11:16:23] "GET /v1/agent/config/?uuid=54c5b5660d8d4962b86315575d42e5bb&version= HTTP/1.1 200 0" 0.001096  Go-http-client/1.1
2021/08/15 11:16:23.640  [M] [router.go:1014]  ::1 - - [15/Aug/2021 11:16:23] "POST /v1/agent/heartbeat/ HTTP/1.1 200 60" 0.048204  Go-http-client/1.1
2021/08/15 11:16:33.587  [M] [router.go:1014]  ::1 - - [15/Aug/2021 11:16:33] "GET /v1/agent/config/?uuid=54c5b5660d8d4962b86315575d42e5bb&version= HTTP/1.1 200 0" 0.000593  Go-http-client/1.1
2021/08/15 11:16:33.633  [M] [router.go:1014]  ::1 - - [15/Aug/2021 11:16:33] "POST /v1/agent/heartbeat/ HTTP/1.1 200 60" 0.046574  Go-http-client/1.1
2021/08/15 11:16:43.590  [M] [router.go:1014]  ::1 - - [15/Aug/2021 11:16:43] "GET /v1/agent/config/?uuid=54c5b5660d8d4962b86315575d42e5bb&version= HTTP/1.1 200 0" 0.002829  Go-http-client/1.1
2021/08/15 11:16:43.660  [M] [router.go:1014]  ::1 - - [15/Aug/2021 11:16:43] "POST /v1/agent/heartbeat/ HTTP/1.1 200 60" 0.072613  Go-http-client/1.1
2021/08/15 11:16:53.587  [M] [router.go:1014]  ::1 - - [15/Aug/2021 11:16:53] "GET /v1/agent/config/?uuid=54c5b5660d8d4962b86315575d42e5bb&version= HTTP/1.1 200 0" 0.000000  Go-http-client/1.1
2021/08/15 11:16:53.623  [M] [router.go:1014]  ::1 - - [15/Aug/2021 11:16:53] "POST /v1/agent/heartbeat/ HTTP/1.1 200 60" 0.036321  Go-http-client/1.1
2021/08/15 11:17:03.587  [M] [router.go:1014]  ::1 - - [15/Aug/2021 11:17:03] "GET /v1/agent/config/?uuid=54c5b5660d8d4962b86315575d42e5bb&version= HTTP/1.1 200 0" 0.001325  Go-http-client/1.1
2021/08/15 11:17:03.624  [M] [router.go:1014]  ::1 - - [15/Aug/2021 11:17:03] "POST /v1/agent/heartbeat/ HTTP/1.1 200 60" 0.039715  Go-http-client/1.1
2021/08/15 11:17:13.594  [M] [router.go:1014]  ::1 - - [15/Aug/2021 11:17:13] "GET /v1/agent/config/?uuid=54c5b5660d8d4962b86315575d42e5bb&version= HTTP/1.1 200 0" 0.002464  Go-http-client/1.1
2021/08/15 11:17:13.672  [M] [router.go:1014]  ::1 - - [15/Aug/2021 11:17:13] "POST /v1/agent/heartbeat/ HTTP/1.1 200 60" 0.079260  Go-http-client/1.1
2021/08/15 11:17:23.587  [M] [router.go:1014]  ::1 - - [15/Aug/2021 11:17:23] "GET /v1/agent/config/?uuid=54c5b5660d8d4962b86315575d42e5bb&version= HTTP/1.1 200 0" 0.001002  Go-http-client/1.1
2021/08/15 11:17:23.625  [M] [router.go:1014]  ::1 - - [15/Aug/2021 11:17:23] "POST /v1/agent/heartbeat/ HTTP/1.1 200 60" 0.039007  Go-http-client/1.1
2021/08/15 11:17:33.584  [M] [router.go:1014]  ::1 - - [15/Aug/2021 11:17:33] "GET /v1/agent/config/?uuid=54c5b5660d8d4962b86315575d42e5bb&version= HTTP/1.1 200 0" 0.000000  Go-http-client/1.1
2021/08/15 11:17:33.609  [M] [router.go:1014]  ::1 - - [15/Aug/2021 11:17:33] "POST /v1/agent/heartbeat/ HTTP/1.1 200 60" 0.024150  Go-http-client/1.1
2021/08/15 11:17:43.586  [M] [router.go:1014]  ::1 - - [15/Aug/2021 11:17:43] "GET /v1/agent/config/?uuid=54c5b5660d8d4962b86315575d42e5bb&version= HTTP/1.1 200 0" 0.000580  Go-http-client/1.1
2021/08/15 11:17:43.621  [M] [router.go:1014]  ::1 - - [15/Aug/2021 11:17:43] "POST /v1/agent/heartbeat/ HTTP/1.1 200 60" 0.035707  Go-http-client/1.1
2021/08/15 11:17:53.586  [M] [router.go:1014]  ::1 - - [15/Aug/2021 11:17:53] "GET /v1/agent/config/?uuid=54c5b5660d8d4962b86315575d42e5bb&version= HTTP/1.1 200 0" 0.001529  Go-http-client/1.1
2021/08/15 11:17:53.653  [M] [router.go:1014]  ::1 - - [15/Aug/2021 11:17:53] "POST /v1/agent/heartbeat/ HTTP/1.1 200 60" 0.067958  Go-http-client/1.1
2021/08/15 11:18:03.589  [M] [router.go:1014]  ::1 - - [15/Aug/2021 11:18:03] "GET /v1/agent/config/?uuid=54c5b5660d8d4962b86315575d42e5bb&version= HTTP/1.1 200 0" 0.001533  Go-http-client/1.1
2021/08/15 11:18:03.622  [M] [router.go:1014]  ::1 - - [15/Aug/2021 11:18:03] "POST /v1/agent/heartbeat/ HTTP/1.1 200 60" 0.034431  Go-http-client/1.1
2021/08/15 11:18:13.585  [M] [router.go:1014]  ::1 - - [15/Aug/2021 11:18:13] "GET /v1/agent/config/?uuid=54c5b5660d8d4962b86315575d42e5bb&version= HTTP/1.1 200 0" 0.000577  Go-http-client/1.1
2021/08/15 11:18:13.617  [M] [router.go:1014]  ::1 - - [15/Aug/2021 11:18:13] "POST /v1/agent/heartbeat/ HTTP/1.1 200 60" 0.032155  Go-http-client/1.1
2021/08/15 11:18:23.587  [M] [router.go:1014]  ::1 - - [15/Aug/2021 11:18:23] "GET /v1/agent/config/?uuid=54c5b5660d8d4962b86315575d42e5bb&version= HTTP/1.1 200 0" 0.001530  Go-http-client/1.1
2021/08/15 11:18:23.629  [M] [router.go:1014]  ::1 - - [15/Aug/2021 11:18:23] "POST /v1/agent/heartbeat/ HTTP/1.1 200 60" 0.043666  Go-http-client/1.1
2021/08/15 11:18:33.588  [M] [router.go:1014]  ::1 - - [15/Aug/2021 11:18:33] "GET /v1/agent/config/?uuid=54c5b5660d8d4962b86315575d42e5bb&version= HTTP/1.1 200 0" 0.000000  Go-http-client/1.1
2021/08/15 11:18:33.692  [M] [router.go:1014]  ::1 - - [15/Aug/2021 11:18:33] "POST /v1/agent/heartbeat/ HTTP/1.1 200 60" 0.105235  Go-http-client/1.1
2021/08/15 11:18:43.587  [M] [router.go:1014]  ::1 - - [15/Aug/2021 11:18:43] "GET /v1/agent/config/?uuid=54c5b5660d8d4962b86315575d42e5bb&version= HTTP/1.1 200 0" 0.000534  Go-http-client/1.1
2021/08/15 11:18:43.638  [M] [router.go:1014]  ::1 - - [15/Aug/2021 11:18:43] "POST /v1/agent/heartbeat/ HTTP/1.1 200 60" 0.052237  Go-http-client/1.1
2021/08/15 11:18:53.585  [M] [router.go:1014]  ::1 - - [15/Aug/2021 11:18:53] "GET /v1/agent/config/?uuid=54c5b5660d8d4962b86315575d42e5bb&version= HTTP/1.1 200 0" 0.000571  Go-http-client/1.1
2021/08/15 11:18:53.616  [M] [router.go:1014]  ::1 - - [15/Aug/2021 11:18:53] "POST /v1/agent/heartbeat/ HTTP/1.1 200 60" 0.031088  Go-http-client/1.1
2021/08/15 11:19:03.588  [M] [router.go:1014]  ::1 - - [15/Aug/2021 11:19:03] "GET /v1/agent/config/?uuid=54c5b5660d8d4962b86315575d42e5bb&version= HTTP/1.1 200 0" 0.000518  Go-http-client/1.1
2021/08/15 11:19:03.621  [M] [router.go:1014]  ::1 - - [15/Aug/2021 11:19:03] "POST /v1/agent/heartbeat/ HTTP/1.1 200 60" 0.032978  Go-http-client/1.1
2021/08/15 11:19:13.590  [M] [router.go:1014]  ::1 - - [15/Aug/2021 11:19:13] "GET /v1/agent/config/?uuid=54c5b5660d8d4962b86315575d42e5bb&version= HTTP/1.1 200 0" 0.000487  Go-http-client/1.1
2021/08/15 11:19:13.667  [M] [router.go:1014]  ::1 - - [15/Aug/2021 11:19:13] "POST /v1/agent/heartbeat/ HTTP/1.1 200 60" 0.076963  Go-http-client/1.1
2021/08/15 11:19:23.587  [M] [router.go:1014]  ::1 - - [15/Aug/2021 11:19:23] "GET /v1/agent/config/?uuid=54c5b5660d8d4962b86315575d42e5bb&version= HTTP/1.1 200 0" 0.000550  Go-http-client/1.1
2021/08/15 11:19:23.619  [M] [router.go:1014]  ::1 - - [15/Aug/2021 11:19:23] "POST /v1/agent/heartbeat/ HTTP/1.1 200 60" 0.033337  Go-http-client/1.1
2021/08/15 11:19:33.589  [M] [router.go:1014]  ::1 - - [15/Aug/2021 11:19:33] "GET /v1/agent/config/?uuid=54c5b5660d8d4962b86315575d42e5bb&version= HTTP/1.1 200 0" 0.001133  Go-http-client/1.1
2021/08/15 11:19:33.678  [M] [router.go:1014]  ::1 - - [15/Aug/2021 11:19:33] "POST /v1/agent/heartbeat/ HTTP/1.1 200 60" 0.089729  Go-http-client/1.1
2021/08/15 11:19:48.494  [I] [parser.go:413]  generate router from comments
2021/08/15 11:19:48.512  [I] [server.go:208]  https server Running on https://:8888
2021/08/15 11:19:53.594  [M] [router.go:1014]  ::1 - - [15/Aug/2021 11:19:53] "GET /v1/agent/config/?uuid=54c5b5660d8d4962b86315575d42e5bb&version= HTTP/1.1 200 0" 0.001417  Go-http-client/1.1
2021/08/15 11:19:53.631  [M] [router.go:1014]  ::1 - - [15/Aug/2021 11:19:53] "POST /v1/agent/heartbeat/ HTTP/1.1 200 60" 0.038035  Go-http-client/1.1
