0001/01/01 00:00:00.000  [M] [log.go:191]  [HTTP] http: TLS handshake error from [::1]:63327: remote error: tls: unknown certificate
2021/08/15 09:26:35.900  [M] [router.go:1014]  ::1 - - [01/Jan/0001 12:00:00] "GET / HTTP/2.0 302 0" 0.000000  Mozilla/5.0 (Windows NT 10.0; Win64; x64) AppleWebKit/537.36 (KHTML, like Gecko) Chrome/92.0.4515.131 Safari/537.36
2021/08/15 09:26:35.917  [M] [router.go:1014]  ::1 - - [15/Aug/2021 09:26:35] "GET / HTTP/2.0 302 0" 0.020191  Mozilla/5.0 (Windows NT 10.0; Win64; x64) AppleWebKit/537.36 (KHTML, like Gecko) Chrome/92.0.4515.131 Safari/537.36
2021/08/15 09:26:35.938  [M] [router.go:1014]  ::1 - - [15/Aug/2021 09:26:35] "GET /auth/login HTTP/2.0 200 0" 0.005727  Mozilla/5.0 (Windows NT 10.0; Win64; x64) AppleWebKit/537.36 (KHTML, like Gecko) Chrome/92.0.4515.131 Safari/537.36
2021/08/15 09:26:50.255  [M] [router.go:1014]  ::1 - - [15/Aug/2021 09:26:50] "POST /auth/login HTTP/2.0 200 74" 0.008393 https://localhost:8888/auth/login Mozilla/5.0 (Windows NT 10.0; Win64; x64) AppleWebKit/537.36 (KHTML, like Gecko) Chrome/92.0.4515.131 Safari/537.36
2021/08/15 09:27:10.004  [M] [router.go:1014]  ::1 - - [15/Aug/2021 09:27:09] "POST /auth/login HTTP/2.0 200 65" 0.014962 https://localhost:8888/auth/login Mozilla/5.0 (Windows NT 10.0; Win64; x64) AppleWebKit/537.36 (KHTML, like Gecko) Chrome/92.0.4515.131 Safari/537.36
2021/08/15 09:27:14.353  [M] [router.go:1014]  ::1 - - [15/Aug/2021 09:27:14] "POST /auth/login HTTP/2.0 200 71" 0.009138 https://localhost:8888/auth/login Mozilla/5.0 (Windows NT 10.0; Win64; x64) AppleWebKit/537.36 (KHTML, like Gecko) Chrome/92.0.4515.131 Safari/537.36
2021/08/15 09:29:27.841  [M] [router.go:1014]  ::1 - - [15/Aug/2021 09:29:27] "POST /auth/login HTTP/2.0 200 67" 0.007226 https://localhost:8888/auth/login Mozilla/5.0 (Windows NT 10.0; Win64; x64) AppleWebKit/537.36 (KHTML, like Gecko) Chrome/92.0.4515.131 Safari/537.36
2021/08/15 09:29:31.331  [M] [router.go:1014]  ::1 - - [15/Aug/2021 09:29:31] "POST /auth/login HTTP/2.0 200 67" 0.006372 https://localhost:8888/auth/login Mozilla/5.0 (Windows NT 10.0; Win64; x64) AppleWebKit/537.36 (KHTML, like Gecko) Chrome/92.0.4515.131 Safari/537.36
2021/08/15 09:29:58.454  [M] [router.go:1014]  ::1 - - [15/Aug/2021 09:29:58] "POST /auth/login HTTP/2.0 200 65" 0.013329 https://localhost:8888/auth/login Mozilla/5.0 (Windows NT 10.0; Win64; x64) AppleWebKit/537.36 (KHTML, like Gecko) Chrome/92.0.4515.131 Safari/537.36
2021/08/15 09:33:02.741  [M] [router.go:1014]  ::1 - - [01/Jan/0001 12:00:00] "POST /auth/login HTTP/2.0 302 64" 0.000000 https://localhost:8888/auth/login Mozilla/5.0 (Windows NT 10.0; Win64; x64) AppleWebKit/537.36 (KHTML, like Gecko) Chrome/92.0.4515.131 Safari/537.36
2021/08/15 09:33:02.746  [M] [router.go:1014]  ::1 - - [15/Aug/2021 09:33:02] "POST /auth/login HTTP/2.0 302 64" 0.141778 https://localhost:8888/auth/login Mozilla/5.0 (Windows NT 10.0; Win64; x64) AppleWebKit/537.36 (KHTML, like Gecko) Chrome/92.0.4515.131 Safari/537.36
2021/08/15 09:33:02.755  [M] [router.go:1014]  ::1 - - [01/Jan/0001 12:00:00] "GET / HTTP/2.0 302 0" 0.000000 https://localhost:8888/auth/login Mozilla/5.0 (Windows NT 10.0; Win64; x64) AppleWebKit/537.36 (KHTML, like Gecko) Chrome/92.0.4515.131 Safari/537.36
2021/08/15 09:33:02.755  [M] [router.go:1014]  ::1 - - [15/Aug/2021 09:33:02] "GET / HTTP/2.0 302 0" 0.003999 https://localhost:8888/auth/login Mozilla/5.0 (Windows NT 10.0; Win64; x64) AppleWebKit/537.36 (KHTML, like Gecko) Chrome/92.0.4515.131 Safari/537.36
2021/08/15 09:33:02.764  [M] [router.go:1014]  ::1 - - [15/Aug/2021 09:33:02] "GET /user/query HTTP/2.0 200 0" 0.006000 https://localhost:8888/auth/login Mozilla/5.0 (Windows NT 10.0; Win64; x64) AppleWebKit/537.36 (KHTML, like Gecko) Chrome/92.0.4515.131 Safari/537.36
2021/08/15 09:33:06.182  [M] [router.go:1014]  ::1 - - [15/Aug/2021 09:33:06] "GET /asset/query HTTP/2.0 200 0" 0.014244 https://localhost:8888/user/query Mozilla/5.0 (Windows NT 10.0; Win64; x64) AppleWebKit/537.36 (KHTML, like Gecko) Chrome/92.0.4515.131 Safari/537.36
2021/08/15 09:33:07.138  [M] [router.go:1014]  ::1 - - [01/Jan/0001 12:00:00] "GET /alarm/query HTTP/2.0 404 0" 0.000000 https://localhost:8888/asset/query Mozilla/5.0 (Windows NT 10.0; Win64; x64) AppleWebKit/537.36 (KHTML, like Gecko) Chrome/92.0.4515.131 Safari/537.36
2021/08/15 09:33:07.141  [M] [router.go:1014]  ::1 - - [15/Aug/2021 09:33:07] "GET /alarm/query HTTP/2.0 404 0" 0.003810 https://localhost:8888/asset/query Mozilla/5.0 (Windows NT 10.0; Win64; x64) AppleWebKit/537.36 (KHTML, like Gecko) Chrome/92.0.4515.131 Safari/537.36
2021/08/15 09:33:08.203  [M] [router.go:1014]  ::1 - - [15/Aug/2021 09:33:08] "GET /asset/query HTTP/2.0 200 0" 0.009580 https://localhost:8888/user/query Mozilla/5.0 (Windows NT 10.0; Win64; x64) AppleWebKit/537.36 (KHTML, like Gecko) Chrome/92.0.4515.131 Safari/537.36
2021/08/15 09:35:17.659  [M] [router.go:1014]  ::1 - - [01/Jan/0001 12:00:00] "GET /alarm/query HTTP/2.0 404 0" 0.000000 https://localhost:8888/asset/query Mozilla/5.0 (Windows NT 10.0; Win64; x64) AppleWebKit/537.36 (KHTML, like Gecko) Chrome/92.0.4515.131 Safari/537.36
2021/08/15 09:35:17.662  [M] [router.go:1014]  ::1 - - [15/Aug/2021 09:35:17] "GET /alarm/query HTTP/2.0 404 0" 0.005859 https://localhost:8888/asset/query Mozilla/5.0 (Windows NT 10.0; Win64; x64) AppleWebKit/537.36 (KHTML, like Gecko) Chrome/92.0.4515.131 Safari/537.36
2021/08/15 09:35:19.016  [M] [router.go:1014]  ::1 - - [15/Aug/2021 09:35:19] "GET /asset/query HTTP/2.0 200 0" 0.005981 https://localhost:8888/user/query Mozilla/5.0 (Windows NT 10.0; Win64; x64) AppleWebKit/537.36 (KHTML, like Gecko) Chrome/92.0.4515.131 Safari/537.36
2021/08/15 09:36:07.066  [M] [router.go:1014]  ::1 - - [15/Aug/2021 09:36:07] "GET /asset/query HTTP/2.0 200 0" 0.019187 https://localhost:8888/asset/query Mozilla/5.0 (Windows NT 10.0; Win64; x64) AppleWebKit/537.36 (KHTML, like Gecko) Chrome/92.0.4515.131 Safari/537.36
2021/08/15 09:38:14.839  [I] [parser.go:413]  generate router from comments
2021/08/15 09:38:14.859  [I] [server.go:208]  https server Running on https://:8888
