0001/01/01 00:00:00.000  [M] [log.go:191]  [HTTP] http: TLS handshake error from [::1]:54492: remote error: tls: unknown certificate
2021/08/15 10:03:09.003  [D] [template.go:71]  template Execute err: template: prometheus/agent/query.html:27:30: executing "prometheus/agent/query.html" at <.Heartbeat>: can't evaluate field Heartbeat in type *models.PrometheusAgent
2021/08/15 10:03:09.003  [E] [router.go:896]  template: prometheus/agent/query.html:27:30: executing "prometheus/agent/query.html" at <.Heartbeat>: can't evaluate field Heartbeat in type *models.PrometheusAgent
2021/08/15 10:03:09.003  [M] [router.go:1014]  ::1 - - [15/Aug/2021 10:03:08] "GET /prometheusagent/query HTTP/2.0 200 0" 0.012846  Mozilla/5.0 (Windows NT 10.0; Win64; x64) AppleWebKit/537.36 (KHTML, like Gecko) Chrome/92.0.4515.131 Safari/537.36
2021/08/15 10:03:11.185  [D] [template.go:71]  template Execute err: template: prometheus/agent/query.html:27:30: executing "prometheus/agent/query.html" at <.Heartbeat>: can't evaluate field Heartbeat in type *models.PrometheusAgent
2021/08/15 10:03:11.187  [E] [router.go:896]  template: prometheus/agent/query.html:27:30: executing "prometheus/agent/query.html" at <.Heartbeat>: can't evaluate field Heartbeat in type *models.PrometheusAgent
2021/08/15 10:03:11.188  [M] [router.go:1014]  ::1 - - [15/Aug/2021 10:03:11] "GET /prometheusagent/query HTTP/2.0 200 0" 0.018188  Mozilla/5.0 (Windows NT 10.0; Win64; x64) AppleWebKit/537.36 (KHTML, like Gecko) Chrome/92.0.4515.131 Safari/537.36
2021/08/15 10:03:27.034  [M] [router.go:1014]  ::1 - - [15/Aug/2021 10:03:27] "GET /prometheusagent/query HTTP/2.0 200 0" 0.027522  Mozilla/5.0 (Windows NT 10.0; Win64; x64) AppleWebKit/537.36 (KHTML, like Gecko) Chrome/92.0.4515.131 Safari/537.36
2021/08/15 10:03:33.035  [M] [router.go:1014]  ::1 - - [15/Aug/2021 10:03:33] "GET /user/query HTTP/2.0 200 0" 0.014340 https://localhost:8888/prometheusagent/query Mozilla/5.0 (Windows NT 10.0; Win64; x64) AppleWebKit/537.36 (KHTML, like Gecko) Chrome/92.0.4515.131 Safari/537.36
2021/08/15 10:03:45.873  [M] [router.go:1014]  ::1 - - [15/Aug/2021 10:03:45] "GET /user/query HTTP/2.0 200 0" 0.011600  Mozilla/5.0 (Windows NT 10.0; Win64; x64) AppleWebKit/537.36 (KHTML, like Gecko) Chrome/92.0.4515.131 Safari/537.36
2021/08/15 10:03:46.338  [M] [router.go:1014]  ::1 - - [15/Aug/2021 10:03:46] "GET /prometheusagent/query HTTP/2.0 200 0" 0.024164 https://localhost:8888/user/query Mozilla/5.0 (Windows NT 10.0; Win64; x64) AppleWebKit/537.36 (KHTML, like Gecko) Chrome/92.0.4515.131 Safari/537.36
2021/08/15 10:04:49.929  [M] [router.go:1014]  ::1 - - [15/Aug/2021 10:04:49] "GET /prometheusagent/query HTTP/2.0 200 0" 0.022120  Mozilla/5.0 (Windows NT 10.0; Win64; x64) AppleWebKit/537.36 (KHTML, like Gecko) Chrome/92.0.4515.131 Safari/537.36
2021/08/15 10:05:37.397  [M] [router.go:1014]  ::1 - - [15/Aug/2021 10:05:37] "GET /prometheusagent/query HTTP/2.0 200 0" 0.012830  Mozilla/5.0 (Windows NT 10.0; Win64; x64) AppleWebKit/537.36 (KHTML, like Gecko) Chrome/92.0.4515.131 Safari/537.36
2021/08/15 10:06:54.658  [E] [template.go:227]  parse template err: prometheus/agent/query.html template: prometheus/agent/query.html:27: malformed character constant: 'Y-m-d H:i:s'
2021/08/15 10:06:54.660  [M] [router.go:1014]  ::1 - - [15/Aug/2021 10:06:54] "GET /prometheusagent/query HTTP/2.0 200 0" 0.021955  Mozilla/5.0 (Windows NT 10.0; Win64; x64) AppleWebKit/537.36 (KHTML, like Gecko) Chrome/92.0.4515.131 Safari/537.36
2021/08/15 10:07:03.922  [E] [template.go:227]  parse template err: prometheus/agent/query.html template: prometheus/agent/query.html:27: malformed character constant: 'Y-m-d H:i:s'
2021/08/15 10:07:03.924  [M] [router.go:1014]  ::1 - - [15/Aug/2021 10:07:03] "GET /prometheusagent/query HTTP/2.0 200 0" 0.011736  Mozilla/5.0 (Windows NT 10.0; Win64; x64) AppleWebKit/537.36 (KHTML, like Gecko) Chrome/92.0.4515.131 Safari/537.36
2021/08/15 10:07:04.758  [E] [template.go:227]  parse template err: prometheus/agent/query.html template: prometheus/agent/query.html:27: malformed character constant: 'Y-m-d H:i:s'
2021/08/15 10:07:04.760  [M] [router.go:1014]  ::1 - - [15/Aug/2021 10:07:04] "GET /prometheusagent/query HTTP/2.0 200 0" 0.017430  Mozilla/5.0 (Windows NT 10.0; Win64; x64) AppleWebKit/537.36 (KHTML, like Gecko) Chrome/92.0.4515.131 Safari/537.36
2021/08/15 10:07:05.464  [E] [template.go:227]  parse template err: prometheus/agent/query.html template: prometheus/agent/query.html:27: malformed character constant: 'Y-m-d H:i:s'
2021/08/15 10:07:05.468  [M] [router.go:1014]  ::1 - - [15/Aug/2021 10:07:05] "GET /prometheusagent/query HTTP/2.0 200 0" 0.011925  Mozilla/5.0 (Windows NT 10.0; Win64; x64) AppleWebKit/537.36 (KHTML, like Gecko) Chrome/92.0.4515.131 Safari/537.36
2021/08/15 10:07:15.216  [E] [template.go:227]  parse template err: prometheus/agent/query.html template: prometheus/agent/query.html:27: malformed character constant: 'Y-m-d H:i:s'
2021/08/15 10:07:15.217  [W] [hooks.go:81]  template: prometheus/agent/query.html:27: malformed character constant: 'Y-m-d H:i:s'
2021/08/15 10:07:40.806  [I] [parser.go:413]  generate router from comments
2021/08/15 10:07:40.812  [I] [server.go:208]  https server Running on https://:8888
