0001/01/01 00:00:00.000  [M] [log.go:191]  [HTTP] http: TLS handshake error from [::1]:60674: remote error: tls: unknown certificate
2021/08/15 09:44:07.005  [M] [router.go:1014]  ::1 - - [01/Jan/0001 12:00:00] "GET / HTTP/2.0 302 0" 0.000000  Mozilla/5.0 (Windows NT 10.0; Win64; x64) AppleWebKit/537.36 (KHTML, like Gecko) Chrome/92.0.4515.131 Safari/537.36
2021/08/15 09:44:07.016  [M] [router.go:1014]  ::1 - - [15/Aug/2021 09:44:06] "GET / HTTP/2.0 302 0" 0.027390  Mozilla/5.0 (Windows NT 10.0; Win64; x64) AppleWebKit/537.36 (KHTML, like Gecko) Chrome/92.0.4515.131 Safari/537.36
2021/08/15 09:44:07.046  [M] [router.go:1014]  ::1 - - [15/Aug/2021 09:44:07] "GET /user/query HTTP/2.0 200 0" 0.024230  Mozilla/5.0 (Windows NT 10.0; Win64; x64) AppleWebKit/537.36 (KHTML, like Gecko) Chrome/92.0.4515.131 Safari/537.36
2021/08/15 09:44:08.348  [M] [router.go:1014]  ::1 - - [01/Jan/0001 12:00:00] "GET /prometheusAgent/query HTTP/2.0 404 0" 0.000000 https://localhost:8888/user/query Mozilla/5.0 (Windows NT 10.0; Win64; x64) AppleWebKit/537.36 (KHTML, like Gecko) Chrome/92.0.4515.131 Safari/537.36
2021/08/15 09:44:08.351  [M] [router.go:1014]  ::1 - - [15/Aug/2021 09:44:08] "GET /prometheusAgent/query HTTP/2.0 404 0" 0.006117 https://localhost:8888/user/query Mozilla/5.0 (Windows NT 10.0; Win64; x64) AppleWebKit/537.36 (KHTML, like Gecko) Chrome/92.0.4515.131 Safari/537.36
2021/08/15 09:44:36.495  [M] [router.go:1014]  ::1 - - [01/Jan/0001 12:00:00] "GET /prometheus_agent/query HTTP/2.0 404 0" 0.000000  Mozilla/5.0 (Windows NT 10.0; Win64; x64) AppleWebKit/537.36 (KHTML, like Gecko) Chrome/92.0.4515.131 Safari/537.36
2021/08/15 09:44:36.498  [M] [router.go:1014]  ::1 - - [15/Aug/2021 09:44:36] "GET /prometheus_agent/query HTTP/2.0 404 0" 0.006822  Mozilla/5.0 (Windows NT 10.0; Win64; x64) AppleWebKit/537.36 (KHTML, like Gecko) Chrome/92.0.4515.131 Safari/537.36
2021/08/15 09:44:41.967  [M] [router.go:1014]  ::1 - - [01/Jan/0001 12:00:00] "GET /prometheus_agent/query/ HTTP/2.0 404 0" 0.000000  Mozilla/5.0 (Windows NT 10.0; Win64; x64) AppleWebKit/537.36 (KHTML, like Gecko) Chrome/92.0.4515.131 Safari/537.36
2021/08/15 09:44:41.969  [M] [router.go:1014]  ::1 - - [15/Aug/2021 09:44:41] "GET /prometheus_agent/query/ HTTP/2.0 404 0" 0.005703  Mozilla/5.0 (Windows NT 10.0; Win64; x64) AppleWebKit/537.36 (KHTML, like Gecko) Chrome/92.0.4515.131 Safari/537.36
2021/08/15 09:44:45.964  [M] [router.go:1014]  ::1 - - [01/Jan/0001 12:00:00] "GET /prometheusAgent/query/ HTTP/2.0 404 0" 0.000000  Mozilla/5.0 (Windows NT 10.0; Win64; x64) AppleWebKit/537.36 (KHTML, like Gecko) Chrome/92.0.4515.131 Safari/537.36
2021/08/15 09:44:45.967  [M] [router.go:1014]  ::1 - - [15/Aug/2021 09:44:45] "GET /prometheusAgent/query/ HTTP/2.0 404 0" 0.009448  Mozilla/5.0 (Windows NT 10.0; Win64; x64) AppleWebKit/537.36 (KHTML, like Gecko) Chrome/92.0.4515.131 Safari/537.36
2021/08/15 09:44:52.333  [M] [router.go:1014]  ::1 - - [15/Aug/2021 09:44:52] "GET /user/query HTTP/2.0 200 0" 0.030872  Mozilla/5.0 (Windows NT 10.0; Win64; x64) AppleWebKit/537.36 (KHTML, like Gecko) Chrome/92.0.4515.131 Safari/537.36
2021/08/15 09:45:48.400  [M] [router.go:1014]  ::1 - - [15/Aug/2021 09:45:48] "GET /PrometheusAgent/Query HTTP/2.0 200 0" 0.012837  Mozilla/5.0 (Windows NT 10.0; Win64; x64) AppleWebKit/537.36 (KHTML, like Gecko) Chrome/92.0.4515.131 Safari/537.36
2021/08/15 09:46:30.703  [M] [router.go:1014]  ::1 - - [01/Jan/0001 12:00:00] "GET /prometheusAgent/Query HTTP/2.0 404 0" 0.000000  Mozilla/5.0 (Windows NT 10.0; Win64; x64) AppleWebKit/537.36 (KHTML, like Gecko) Chrome/92.0.4515.131 Safari/537.36
2021/08/15 09:46:30.706  [M] [router.go:1014]  ::1 - - [15/Aug/2021 09:46:30] "GET /prometheusAgent/Query HTTP/2.0 404 0" 0.005658  Mozilla/5.0 (Windows NT 10.0; Win64; x64) AppleWebKit/537.36 (KHTML, like Gecko) Chrome/92.0.4515.131 Safari/537.36
2021/08/15 09:46:37.633  [M] [router.go:1014]  ::1 - - [01/Jan/0001 12:00:00] "GET /Prometheusagent/Query HTTP/2.0 404 0" 0.000000  Mozilla/5.0 (Windows NT 10.0; Win64; x64) AppleWebKit/537.36 (KHTML, like Gecko) Chrome/92.0.4515.131 Safari/537.36
2021/08/15 09:46:37.637  [M] [router.go:1014]  ::1 - - [15/Aug/2021 09:46:37] "GET /Prometheusagent/Query HTTP/2.0 404 0" 0.007462  Mozilla/5.0 (Windows NT 10.0; Win64; x64) AppleWebKit/537.36 (KHTML, like Gecko) Chrome/92.0.4515.131 Safari/537.36
2021/08/15 09:46:41.619  [M] [router.go:1014]  ::1 - - [15/Aug/2021 09:46:41] "GET /PrometheusAgent/Query HTTP/2.0 200 0" 0.010979  Mozilla/5.0 (Windows NT 10.0; Win64; x64) AppleWebKit/537.36 (KHTML, like Gecko) Chrome/92.0.4515.131 Safari/537.36
2021/08/15 09:47:19.369  [M] [router.go:1014]  ::1 - - [01/Jan/0001 12:00:00] "GET /PrometheusAgent/query HTTP/2.0 404 0" 0.000000  Mozilla/5.0 (Windows NT 10.0; Win64; x64) AppleWebKit/537.36 (KHTML, like Gecko) Chrome/92.0.4515.131 Safari/537.36
2021/08/15 09:47:19.372  [M] [router.go:1014]  ::1 - - [15/Aug/2021 09:47:19] "GET /PrometheusAgent/query HTTP/2.0 404 0" 0.005393  Mozilla/5.0 (Windows NT 10.0; Win64; x64) AppleWebKit/537.36 (KHTML, like Gecko) Chrome/92.0.4515.131 Safari/537.36
2021/08/15 09:47:26.473  [M] [router.go:1014]  ::1 - - [01/Jan/0001 12:00:00] "GET / HTTP/2.0 302 0" 0.000000  Mozilla/5.0 (Windows NT 10.0; Win64; x64) AppleWebKit/537.36 (KHTML, like Gecko) Chrome/92.0.4515.131 Safari/537.36
2021/08/15 09:47:26.483  [M] [router.go:1014]  ::1 - - [15/Aug/2021 09:47:26] "GET / HTTP/2.0 302 0" 0.051342  Mozilla/5.0 (Windows NT 10.0; Win64; x64) AppleWebKit/537.36 (KHTML, like Gecko) Chrome/92.0.4515.131 Safari/537.36
2021/08/15 09:47:26.505  [M] [router.go:1014]  ::1 - - [15/Aug/2021 09:47:26] "GET /user/query HTTP/2.0 200 0" 0.012670  Mozilla/5.0 (Windows NT 10.0; Win64; x64) AppleWebKit/537.36 (KHTML, like Gecko) Chrome/92.0.4515.131 Safari/537.36
2021/08/15 09:47:27.635  [M] [router.go:1014]  ::1 - - [01/Jan/0001 12:00:00] "GET /alarm/query HTTP/2.0 404 0" 0.000000 https://localhost:8888/user/query Mozilla/5.0 (Windows NT 10.0; Win64; x64) AppleWebKit/537.36 (KHTML, like Gecko) Chrome/92.0.4515.131 Safari/537.36
2021/08/15 09:47:27.639  [M] [router.go:1014]  ::1 - - [15/Aug/2021 09:47:27] "GET /alarm/query HTTP/2.0 404 0" 0.006486 https://localhost:8888/user/query Mozilla/5.0 (Windows NT 10.0; Win64; x64) AppleWebKit/537.36 (KHTML, like Gecko) Chrome/92.0.4515.131 Safari/537.36
2021/08/15 09:47:29.056  [M] [router.go:1014]  ::1 - - [15/Aug/2021 09:47:29] "GET /user/query HTTP/2.0 200 0" 0.007601  Mozilla/5.0 (Windows NT 10.0; Win64; x64) AppleWebKit/537.36 (KHTML, like Gecko) Chrome/92.0.4515.131 Safari/537.36
2021/08/15 09:47:30.913  [M] [router.go:1014]  ::1 - - [01/Jan/0001 12:00:00] "GET /role/query HTTP/2.0 404 0" 0.000000 https://localhost:8888/user/query Mozilla/5.0 (Windows NT 10.0; Win64; x64) AppleWebKit/537.36 (KHTML, like Gecko) Chrome/92.0.4515.131 Safari/537.36
2021/08/15 09:47:30.917  [M] [router.go:1014]  ::1 - - [15/Aug/2021 09:47:30] "GET /role/query HTTP/2.0 404 0" 0.004792 https://localhost:8888/user/query Mozilla/5.0 (Windows NT 10.0; Win64; x64) AppleWebKit/537.36 (KHTML, like Gecko) Chrome/92.0.4515.131 Safari/537.36
2021/08/15 09:47:32.247  [M] [router.go:1014]  ::1 - - [15/Aug/2021 09:47:32] "GET /user/query HTTP/2.0 200 0" 0.022059  Mozilla/5.0 (Windows NT 10.0; Win64; x64) AppleWebKit/537.36 (KHTML, like Gecko) Chrome/92.0.4515.131 Safari/537.36
2021/08/15 09:47:33.345  [M] [router.go:1014]  ::1 - - [15/Aug/2021 09:47:33] "GET /user/query HTTP/2.0 200 0" 0.027069 https://localhost:8888/user/query Mozilla/5.0 (Windows NT 10.0; Win64; x64) AppleWebKit/537.36 (KHTML, like Gecko) Chrome/92.0.4515.131 Safari/537.36
2021/08/15 09:47:34.957  [M] [router.go:1014]  ::1 - - [15/Aug/2021 09:47:34] "GET /user/create HTTP/2.0 200 0" 0.021198 https://localhost:8888/user/query Mozilla/5.0 (Windows NT 10.0; Win64; x64) AppleWebKit/537.36 (KHTML, like Gecko) Chrome/92.0.4515.131 Safari/537.36
2021/08/15 09:47:53.161  [M] [router.go:1014]  ::1 - - [01/Jan/0001 12:00:00] "GET /prometheusAgent/query HTTP/2.0 404 0" 0.000000 https://localhost:8888/user/create Mozilla/5.0 (Windows NT 10.0; Win64; x64) AppleWebKit/537.36 (KHTML, like Gecko) Chrome/92.0.4515.131 Safari/537.36
2021/08/15 09:47:53.168  [M] [router.go:1014]  ::1 - - [15/Aug/2021 09:47:53] "GET /prometheusAgent/query HTTP/2.0 404 0" 0.011814 https://localhost:8888/user/create Mozilla/5.0 (Windows NT 10.0; Win64; x64) AppleWebKit/537.36 (KHTML, like Gecko) Chrome/92.0.4515.131 Safari/537.36
2021/08/15 09:47:57.867  [M] [router.go:1014]  ::1 - - [01/Jan/0001 12:00:00] "GET /prometheus_agent/query HTTP/2.0 404 0" 0.000000  Mozilla/5.0 (Windows NT 10.0; Win64; x64) AppleWebKit/537.36 (KHTML, like Gecko) Chrome/92.0.4515.131 Safari/537.36
2021/08/15 09:47:57.870  [M] [router.go:1014]  ::1 - - [15/Aug/2021 09:47:57] "GET /prometheus_agent/query HTTP/2.0 404 0" 0.004887  Mozilla/5.0 (Windows NT 10.0; Win64; x64) AppleWebKit/537.36 (KHTML, like Gecko) Chrome/92.0.4515.131 Safari/537.36
2021/08/15 09:48:01.622  [M] [router.go:1014]  ::1 - - [01/Jan/0001 12:00:00] "GET /Prometheus_agent/query HTTP/2.0 404 0" 0.000000  Mozilla/5.0 (Windows NT 10.0; Win64; x64) AppleWebKit/537.36 (KHTML, like Gecko) Chrome/92.0.4515.131 Safari/537.36
2021/08/15 09:48:01.656  [M] [router.go:1014]  ::1 - - [15/Aug/2021 09:48:01] "GET /Prometheus_agent/query HTTP/2.0 404 0" 0.039474  Mozilla/5.0 (Windows NT 10.0; Win64; x64) AppleWebKit/537.36 (KHTML, like Gecko) Chrome/92.0.4515.131 Safari/537.36
2021/08/15 09:48:04.968  [M] [router.go:1014]  ::1 - - [01/Jan/0001 12:00:00] "GET /PrometheusAgent/query HTTP/2.0 404 0" 0.000000  Mozilla/5.0 (Windows NT 10.0; Win64; x64) AppleWebKit/537.36 (KHTML, like Gecko) Chrome/92.0.4515.131 Safari/537.36
2021/08/15 09:48:04.974  [M] [router.go:1014]  ::1 - - [15/Aug/2021 09:48:04] "GET /PrometheusAgent/query HTTP/2.0 404 0" 0.013291  Mozilla/5.0 (Windows NT 10.0; Win64; x64) AppleWebKit/537.36 (KHTML, like Gecko) Chrome/92.0.4515.131 Safari/537.36
2021/08/15 09:48:07.871  [M] [router.go:1014]  ::1 - - [15/Aug/2021 09:48:07] "GET /PrometheusAgent/Query HTTP/2.0 200 0" 0.008997  Mozilla/5.0 (Windows NT 10.0; Win64; x64) AppleWebKit/537.36 (KHTML, like Gecko) Chrome/92.0.4515.131 Safari/537.36
2021/08/15 09:48:17.236  [M] [router.go:1014]  ::1 - - [01/Jan/0001 12:00:00] "GET /PrometheusAgent/query HTTP/2.0 404 0" 0.000000  Mozilla/5.0 (Windows NT 10.0; Win64; x64) AppleWebKit/537.36 (KHTML, like Gecko) Chrome/92.0.4515.131 Safari/537.36
2021/08/15 09:48:17.239  [M] [router.go:1014]  ::1 - - [15/Aug/2021 09:48:17] "GET /PrometheusAgent/query HTTP/2.0 404 0" 0.005343  Mozilla/5.0 (Windows NT 10.0; Win64; x64) AppleWebKit/537.36 (KHTML, like Gecko) Chrome/92.0.4515.131 Safari/537.36
2021/08/15 09:48:24.267  [M] [router.go:1014]  ::1 - - [15/Aug/2021 09:48:24] "GET /PrometheusAgent/Query HTTP/2.0 200 0" 0.009916  Mozilla/5.0 (Windows NT 10.0; Win64; x64) AppleWebKit/537.36 (KHTML, like Gecko) Chrome/92.0.4515.131 Safari/537.36
2021/08/15 09:48:29.252  [M] [router.go:1014]  ::1 - - [15/Aug/2021 09:48:29] "GET /User/Query HTTP/2.0 200 0" 0.016777  Mozilla/5.0 (Windows NT 10.0; Win64; x64) AppleWebKit/537.36 (KHTML, like Gecko) Chrome/92.0.4515.131 Safari/537.36
2021/08/15 09:48:32.772  [M] [router.go:1014]  ::1 - - [01/Jan/0001 12:00:00] "GET /User/query HTTP/2.0 404 0" 0.000000  Mozilla/5.0 (Windows NT 10.0; Win64; x64) AppleWebKit/537.36 (KHTML, like Gecko) Chrome/92.0.4515.131 Safari/537.36
2021/08/15 09:48:32.775  [M] [router.go:1014]  ::1 - - [15/Aug/2021 09:48:32] "GET /User/query HTTP/2.0 404 0" 0.004361  Mozilla/5.0 (Windows NT 10.0; Win64; x64) AppleWebKit/537.36 (KHTML, like Gecko) Chrome/92.0.4515.131 Safari/537.36
2021/08/15 09:48:39.746  [M] [router.go:1014]  ::1 - - [15/Aug/2021 09:48:39] "GET /user/query HTTP/2.0 200 0" 0.014122  Mozilla/5.0 (Windows NT 10.0; Win64; x64) AppleWebKit/537.36 (KHTML, like Gecko) Chrome/92.0.4515.131 Safari/537.36
2021/08/15 09:48:42.714  [M] [router.go:1014]  ::1 - - [01/Jan/0001 12:00:00] "GET /user/Query HTTP/2.0 404 0" 0.000000  Mozilla/5.0 (Windows NT 10.0; Win64; x64) AppleWebKit/537.36 (KHTML, like Gecko) Chrome/92.0.4515.131 Safari/537.36
2021/08/15 09:48:42.716  [M] [router.go:1014]  ::1 - - [15/Aug/2021 09:48:42] "GET /user/Query HTTP/2.0 404 0" 0.003899  Mozilla/5.0 (Windows NT 10.0; Win64; x64) AppleWebKit/537.36 (KHTML, like Gecko) Chrome/92.0.4515.131 Safari/537.36
2021/08/15 09:48:47.551  [M] [router.go:1014]  ::1 - - [15/Aug/2021 09:48:47] "GET /user/query HTTP/2.0 200 0" 0.013673  Mozilla/5.0 (Windows NT 10.0; Win64; x64) AppleWebKit/537.36 (KHTML, like Gecko) Chrome/92.0.4515.131 Safari/537.36
2021/08/15 09:48:52.744  [M] [router.go:1014]  ::1 - - [15/Aug/2021 09:48:52] "GET /PrometheusAgent/Query HTTP/2.0 200 0" 0.004115  Mozilla/5.0 (Windows NT 10.0; Win64; x64) AppleWebKit/537.36 (KHTML, like Gecko) Chrome/92.0.4515.131 Safari/537.36
2021/08/15 09:49:01.195  [M] [router.go:1014]  ::1 - - [01/Jan/0001 12:00:00] "GET /prometheus_agent/Query HTTP/2.0 404 0" 0.000000  Mozilla/5.0 (Windows NT 10.0; Win64; x64) AppleWebKit/537.36 (KHTML, like Gecko) Chrome/92.0.4515.131 Safari/537.36
2021/08/15 09:49:01.200  [M] [router.go:1014]  ::1 - - [15/Aug/2021 09:49:01] "GET /prometheus_agent/Query HTTP/2.0 404 0" 0.009017  Mozilla/5.0 (Windows NT 10.0; Win64; x64) AppleWebKit/537.36 (KHTML, like Gecko) Chrome/92.0.4515.131 Safari/537.36
2021/08/15 09:49:04.570  [M] [router.go:1014]  ::1 - - [01/Jan/0001 12:00:00] "GET /prometheusAgent/Query HTTP/2.0 404 0" 0.000000  Mozilla/5.0 (Windows NT 10.0; Win64; x64) AppleWebKit/537.36 (KHTML, like Gecko) Chrome/92.0.4515.131 Safari/537.36
2021/08/15 09:49:04.575  [M] [router.go:1014]  ::1 - - [15/Aug/2021 09:49:04] "GET /prometheusAgent/Query HTTP/2.0 404 0" 0.005691  Mozilla/5.0 (Windows NT 10.0; Win64; x64) AppleWebKit/537.36 (KHTML, like Gecko) Chrome/92.0.4515.131 Safari/537.36
2021/08/15 09:51:02.334  [I] [parser.go:413]  generate router from comments
2021/08/15 09:51:02.339  [I] [server.go:208]  https server Running on https://:8888
