0001/01/01 00:00:00.000  [M] [log.go:191]  [HTTP] http: TLS handshake error from [::1]:51083: remote error: tls: unknown certificate
2021/08/15 11:19:58.995  [M] [router.go:1014]  ::1 - - [15/Aug/2021 11:19:58] "GET /prometheusagent/modify?id=1 HTTP/2.0 200 0" 0.017965  Mozilla/5.0 (Windows NT 10.0; Win64; x64) AppleWebKit/537.36 (KHTML, like Gecko) Chrome/92.0.4515.131 Safari/537.36
2021/08/15 11:20:03.588  [M] [router.go:1014]  ::1 - - [15/Aug/2021 11:20:03] "GET /v1/agent/config/?uuid=54c5b5660d8d4962b86315575d42e5bb&version= HTTP/1.1 200 0" 0.001213  Go-http-client/1.1
2021/08/15 11:20:03.624  [M] [router.go:1014]  ::1 - - [15/Aug/2021 11:20:03] "POST /v1/agent/heartbeat/ HTTP/1.1 200 60" 0.037471  Go-http-client/1.1
2021/08/15 11:20:13.586  [M] [router.go:1014]  ::1 - - [15/Aug/2021 11:20:13] "GET /v1/agent/config/?uuid=54c5b5660d8d4962b86315575d42e5bb&version= HTTP/1.1 200 0" 0.000530  Go-http-client/1.1
2021/08/15 11:20:13.631  [M] [router.go:1014]  ::1 - - [15/Aug/2021 11:20:13] "POST /v1/agent/heartbeat/ HTTP/1.1 200 60" 0.045406  Go-http-client/1.1
2021/08/15 11:20:23.591  [M] [router.go:1014]  ::1 - - [15/Aug/2021 11:20:23] "GET /v1/agent/config/?uuid=54c5b5660d8d4962b86315575d42e5bb&version= HTTP/1.1 200 0" 0.004996  Go-http-client/1.1
2021/08/15 11:20:23.712  [M] [router.go:1014]  ::1 - - [15/Aug/2021 11:20:23] "POST /v1/agent/heartbeat/ HTTP/1.1 200 60" 0.125967  Go-http-client/1.1
2021/08/15 11:20:33.588  [M] [router.go:1014]  ::1 - - [15/Aug/2021 11:20:33] "GET /v1/agent/config/?uuid=54c5b5660d8d4962b86315575d42e5bb&version= HTTP/1.1 200 0" 0.000929  Go-http-client/1.1
2021/08/15 11:20:33.621  [M] [router.go:1014]  ::1 - - [15/Aug/2021 11:20:33] "POST /v1/agent/heartbeat/ HTTP/1.1 200 60" 0.033099  Go-http-client/1.1
2021/08/15 11:20:43.587  [M] [router.go:1014]  ::1 - - [15/Aug/2021 11:20:43] "GET /v1/agent/config/?uuid=54c5b5660d8d4962b86315575d42e5bb&version= HTTP/1.1 200 0" 0.001396  Go-http-client/1.1
2021/08/15 11:20:43.620  [M] [router.go:1014]  ::1 - - [15/Aug/2021 11:20:43] "POST /v1/agent/heartbeat/ HTTP/1.1 200 60" 0.034546  Go-http-client/1.1
2021/08/15 11:20:53.585  [M] [router.go:1014]  ::1 - - [15/Aug/2021 11:20:53] "GET /v1/agent/config/?uuid=54c5b5660d8d4962b86315575d42e5bb&version= HTTP/1.1 200 0" 0.000560  Go-http-client/1.1
2021/08/15 11:20:53.622  [M] [router.go:1014]  ::1 - - [15/Aug/2021 11:20:53] "POST /v1/agent/heartbeat/ HTTP/1.1 200 60" 0.036949  Go-http-client/1.1
2021/08/15 11:21:03.586  [M] [router.go:1014]  ::1 - - [15/Aug/2021 11:21:03] "GET /v1/agent/config/?uuid=54c5b5660d8d4962b86315575d42e5bb&version= HTTP/1.1 200 0" 0.000975  Go-http-client/1.1
2021/08/15 11:21:03.617  [M] [router.go:1014]  ::1 - - [15/Aug/2021 11:21:03] "POST /v1/agent/heartbeat/ HTTP/1.1 200 60" 0.032061  Go-http-client/1.1
2021/08/15 11:21:13.593  [M] [router.go:1014]  ::1 - - [15/Aug/2021 11:21:13] "GET /v1/agent/config/?uuid=54c5b5660d8d4962b86315575d42e5bb&version= HTTP/1.1 200 0" 0.000205  Go-http-client/1.1
2021/08/15 11:21:13.624  [M] [router.go:1014]  ::1 - - [15/Aug/2021 11:21:13] "POST /v1/agent/register/ HTTP/1.1 200 99" 0.037141  Go-http-client/1.1
2021/08/15 11:21:13.646  [M] [router.go:1014]  ::1 - - [15/Aug/2021 11:21:13] "POST /v1/agent/heartbeat/ HTTP/1.1 200 60" 0.059303  Go-http-client/1.1
2021/08/15 11:21:23.586  [M] [router.go:1014]  ::1 - - [15/Aug/2021 11:21:23] "GET /v1/agent/config/?uuid=54c5b5660d8d4962b86315575d42e5bb&version= HTTP/1.1 200 0" 0.000526  Go-http-client/1.1
2021/08/15 11:21:23.622  [M] [router.go:1014]  ::1 - - [15/Aug/2021 11:21:23] "POST /v1/agent/heartbeat/ HTTP/1.1 200 60" 0.037185  Go-http-client/1.1
2021/08/15 11:21:26.554  [M] [router.go:1014]  ::1 - - [15/Aug/2021 11:21:26] "GET /prometheusagent/modify?id=1 HTTP/2.0 200 0" 0.034771  Mozilla/5.0 (Windows NT 10.0; Win64; x64) AppleWebKit/537.36 (KHTML, like Gecko) Chrome/92.0.4515.131 Safari/537.36
2021/08/15 11:21:28.895  [M] [router.go:1014]  ::1 - - [15/Aug/2021 11:21:28] "GET /prometheusagent/modify?id=1 HTTP/2.0 200 0" 0.016786  Mozilla/5.0 (Windows NT 10.0; Win64; x64) AppleWebKit/537.36 (KHTML, like Gecko) Chrome/92.0.4515.131 Safari/537.36
2021/08/15 11:21:31.879  [M] [router.go:1014]  ::1 - - [15/Aug/2021 11:21:31] "GET /prometheusagent/query HTTP/2.0 200 0" 0.028452 https://localhost:8888/prometheusagent/query Mozilla/5.0 (Windows NT 10.0; Win64; x64) AppleWebKit/537.36 (KHTML, like Gecko) Chrome/92.0.4515.131 Safari/537.36
2021/08/15 11:21:33.585  [M] [router.go:1014]  ::1 - - [15/Aug/2021 11:21:33] "GET /v1/agent/config/?uuid=54c5b5660d8d4962b86315575d42e5bb&version= HTTP/1.1 200 0" 0.000000  Go-http-client/1.1
2021/08/15 11:21:33.629  [M] [router.go:1014]  ::1 - - [15/Aug/2021 11:21:33] "POST /v1/agent/heartbeat/ HTTP/1.1 200 60" 0.043728  Go-http-client/1.1
2021/08/15 11:21:33.804  [M] [router.go:1014]  ::1 - - [15/Aug/2021 11:21:33] "GET /prometheusagent/modify?id=1 HTTP/2.0 200 0" 0.042223 https://localhost:8888/prometheusagent/query Mozilla/5.0 (Windows NT 10.0; Win64; x64) AppleWebKit/537.36 (KHTML, like Gecko) Chrome/92.0.4515.131 Safari/537.36
2021/08/15 11:21:43.585  [M] [router.go:1014]  ::1 - - [15/Aug/2021 11:21:43] "GET /v1/agent/config/?uuid=54c5b5660d8d4962b86315575d42e5bb&version= HTTP/1.1 200 0" 0.000587  Go-http-client/1.1
2021/08/15 11:21:43.617  [M] [router.go:1014]  ::1 - - [15/Aug/2021 11:21:43] "POST /v1/agent/heartbeat/ HTTP/1.1 200 60" 0.032948  Go-http-client/1.1
2021/08/15 11:21:53.585  [M] [router.go:1014]  ::1 - - [15/Aug/2021 11:21:53] "GET /v1/agent/config/?uuid=54c5b5660d8d4962b86315575d42e5bb&version= HTTP/1.1 200 0" 0.000529  Go-http-client/1.1
2021/08/15 11:21:53.662  [M] [router.go:1014]  ::1 - - [15/Aug/2021 11:21:53] "POST /v1/agent/heartbeat/ HTTP/1.1 200 60" 0.078076  Go-http-client/1.1
2021/08/15 11:22:02.876  [M] [router.go:1014]  ::1 - - [15/Aug/2021 11:22:02] "GET /prometheusagent/modify?id=1 HTTP/2.0 200 0" 0.014260  Mozilla/5.0 (Windows NT 10.0; Win64; x64) AppleWebKit/537.36 (KHTML, like Gecko) Chrome/92.0.4515.131 Safari/537.36
2021/08/15 11:22:03.585  [M] [router.go:1014]  ::1 - - [15/Aug/2021 11:22:03] "GET /v1/agent/config/?uuid=54c5b5660d8d4962b86315575d42e5bb&version= HTTP/1.1 200 0" 0.000535  Go-http-client/1.1
2021/08/15 11:22:03.626  [M] [router.go:1014]  ::1 - - [15/Aug/2021 11:22:03] "POST /v1/agent/heartbeat/ HTTP/1.1 200 60" 0.040871  Go-http-client/1.1
2021/08/15 11:22:13.586  [M] [router.go:1014]  ::1 - - [15/Aug/2021 11:22:13] "GET /v1/agent/config/?uuid=54c5b5660d8d4962b86315575d42e5bb&version= HTTP/1.1 200 0" 0.000521  Go-http-client/1.1
2021/08/15 11:22:13.620  [M] [router.go:1014]  ::1 - - [15/Aug/2021 11:22:13] "POST /v1/agent/heartbeat/ HTTP/1.1 200 60" 0.035179  Go-http-client/1.1
2021/08/15 11:22:23.588  [M] [router.go:1014]  ::1 - - [15/Aug/2021 11:22:23] "GET /v1/agent/config/?uuid=54c5b5660d8d4962b86315575d42e5bb&version= HTTP/1.1 200 0" 0.001525  Go-http-client/1.1
2021/08/15 11:22:23.624  [M] [router.go:1014]  ::1 - - [15/Aug/2021 11:22:23] "POST /v1/agent/heartbeat/ HTTP/1.1 200 60" 0.037815  Go-http-client/1.1
2021/08/15 11:22:33.508  [M] [router.go:1014]  ::1 - - [15/Aug/2021 11:22:33] "GET /prometheusagent/modify?id=1 HTTP/2.0 200 0" 0.029638  Mozilla/5.0 (Windows NT 10.0; Win64; x64) AppleWebKit/537.36 (KHTML, like Gecko) Chrome/92.0.4515.131 Safari/537.36
2021/08/15 11:22:33.665  [M] [router.go:1014]  ::1 - - [15/Aug/2021 11:22:33] "GET /v1/agent/config/?uuid=54c5b5660d8d4962b86315575d42e5bb&version= HTTP/1.1 200 0" 0.057276  Go-http-client/1.1
2021/08/15 11:22:33.828  [M] [router.go:1014]  ::1 - - [15/Aug/2021 11:22:33] "POST /v1/agent/heartbeat/ HTTP/1.1 200 60" 0.219874  Go-http-client/1.1
2021/08/15 11:22:38.525  [M] [router.go:1014]  ::1 - - [15/Aug/2021 11:22:38] "GET /prometheusagent/modify?id=1 HTTP/2.0 200 0" 0.011948  Mozilla/5.0 (Windows NT 10.0; Win64; x64) AppleWebKit/537.36 (KHTML, like Gecko) Chrome/92.0.4515.131 Safari/537.36
2021/08/15 11:22:43.587  [M] [router.go:1014]  ::1 - - [15/Aug/2021 11:22:43] "GET /v1/agent/config/?uuid=54c5b5660d8d4962b86315575d42e5bb&version= HTTP/1.1 200 0" 0.000623  Go-http-client/1.1
2021/08/15 11:22:43.624  [M] [router.go:1014]  ::1 - - [15/Aug/2021 11:22:43] "POST /v1/agent/heartbeat/ HTTP/1.1 200 60" 0.038259  Go-http-client/1.1
2021/08/15 11:22:53.586  [M] [router.go:1014]  ::1 - - [15/Aug/2021 11:22:53] "GET /v1/agent/config/?uuid=54c5b5660d8d4962b86315575d42e5bb&version= HTTP/1.1 200 0" 0.000888  Go-http-client/1.1
2021/08/15 11:22:53.618  [M] [router.go:1014]  ::1 - - [15/Aug/2021 11:22:53] "POST /v1/agent/heartbeat/ HTTP/1.1 200 60" 0.032627  Go-http-client/1.1
2021/08/15 11:23:01.006  [M] [router.go:1014]  ::1 - - [15/Aug/2021 11:23:00] "GET /prometheusagent/modify?id=1 HTTP/2.0 200 0" 0.031403  Mozilla/5.0 (Windows NT 10.0; Win64; x64) AppleWebKit/537.36 (KHTML, like Gecko) Chrome/92.0.4515.131 Safari/537.36
2021/08/15 11:23:03.587  [M] [router.go:1014]  ::1 - - [15/Aug/2021 11:23:03] "GET /v1/agent/config/?uuid=54c5b5660d8d4962b86315575d42e5bb&version= HTTP/1.1 200 0" 0.000163  Go-http-client/1.1
2021/08/15 11:23:03.657  [M] [router.go:1014]  ::1 - - [15/Aug/2021 11:23:03] "POST /v1/agent/heartbeat/ HTTP/1.1 200 60" 0.070976  Go-http-client/1.1
2021/08/15 11:23:13.587  [M] [router.go:1014]  ::1 - - [15/Aug/2021 11:23:13] "GET /v1/agent/config/?uuid=54c5b5660d8d4962b86315575d42e5bb&version= HTTP/1.1 200 0" 0.000603  Go-http-client/1.1
2021/08/15 11:23:13.618  [M] [router.go:1014]  ::1 - - [15/Aug/2021 11:23:13] "POST /v1/agent/heartbeat/ HTTP/1.1 200 60" 0.032187  Go-http-client/1.1
2021/08/15 11:23:23.677  [M] [router.go:1014]  ::1 - - [15/Aug/2021 11:23:23] "GET /v1/agent/config/?uuid=54c5b5660d8d4962b86315575d42e5bb&version= HTTP/1.1 200 0" 0.015924  Go-http-client/1.1
2021/08/15 11:23:23.858  [M] [router.go:1014]  ::1 - - [15/Aug/2021 11:23:23] "POST /v1/agent/heartbeat/ HTTP/1.1 200 60" 0.196632  Go-http-client/1.1
2021/08/15 11:23:33.591  [M] [router.go:1014]  ::1 - - [15/Aug/2021 11:23:33] "GET /v1/agent/config/?uuid=54c5b5660d8d4962b86315575d42e5bb&version= HTTP/1.1 200 0" 0.000539  Go-http-client/1.1
2021/08/15 11:23:33.619  [M] [router.go:1014]  ::1 - - [15/Aug/2021 11:23:33] "POST /v1/agent/heartbeat/ HTTP/1.1 200 60" 0.028508  Go-http-client/1.1
2021/08/15 11:23:43.590  [M] [router.go:1014]  ::1 - - [15/Aug/2021 11:23:43] "GET /v1/agent/config/?uuid=54c5b5660d8d4962b86315575d42e5bb&version= HTTP/1.1 200 0" 0.001995  Go-http-client/1.1
2021/08/15 11:23:43.622  [M] [router.go:1014]  ::1 - - [15/Aug/2021 11:23:43] "POST /v1/agent/heartbeat/ HTTP/1.1 200 60" 0.035083  Go-http-client/1.1
2021/08/15 11:23:53.587  [M] [router.go:1014]  ::1 - - [15/Aug/2021 11:23:53] "GET /v1/agent/config/?uuid=54c5b5660d8d4962b86315575d42e5bb&version= HTTP/1.1 200 0" 0.000538  Go-http-client/1.1
2021/08/15 11:23:53.618  [M] [router.go:1014]  ::1 - - [15/Aug/2021 11:23:53] "POST /v1/agent/heartbeat/ HTTP/1.1 200 60" 0.030952  Go-http-client/1.1
2021/08/15 11:24:03.587  [M] [router.go:1014]  ::1 - - [15/Aug/2021 11:24:03] "GET /v1/agent/config/?uuid=54c5b5660d8d4962b86315575d42e5bb&version= HTTP/1.1 200 0" 0.000572  Go-http-client/1.1
2021/08/15 11:24:03.614  [M] [router.go:1014]  ::1 - - [15/Aug/2021 11:24:03] "POST /v1/agent/heartbeat/ HTTP/1.1 200 60" 0.027865  Go-http-client/1.1
2021/08/15 11:24:13.591  [M] [router.go:1014]  ::1 - - [15/Aug/2021 11:24:13] "GET /v1/agent/config/?uuid=54c5b5660d8d4962b86315575d42e5bb&version= HTTP/1.1 200 0" 0.000534  Go-http-client/1.1
2021/08/15 11:24:13.677  [M] [router.go:1014]  ::1 - - [15/Aug/2021 11:24:13] "POST /v1/agent/heartbeat/ HTTP/1.1 200 60" 0.089179  Go-http-client/1.1
2021/08/15 11:24:23.586  [M] [router.go:1014]  ::1 - - [15/Aug/2021 11:24:23] "GET /v1/agent/config/?uuid=54c5b5660d8d4962b86315575d42e5bb&version= HTTP/1.1 200 0" 0.000530  Go-http-client/1.1
2021/08/15 11:24:23.618  [M] [router.go:1014]  ::1 - - [15/Aug/2021 11:24:23] "POST /v1/agent/heartbeat/ HTTP/1.1 200 60" 0.032101  Go-http-client/1.1
2021/08/15 11:24:33.587  [M] [router.go:1014]  ::1 - - [15/Aug/2021 11:24:33] "GET /v1/agent/config/?uuid=54c5b5660d8d4962b86315575d42e5bb&version= HTTP/1.1 200 0" 0.001655  Go-http-client/1.1
2021/08/15 11:24:33.655  [M] [router.go:1014]  ::1 - - [15/Aug/2021 11:24:33] "POST /v1/agent/heartbeat/ HTTP/1.1 200 60" 0.069966  Go-http-client/1.1
2021/08/15 11:24:43.586  [M] [router.go:1014]  ::1 - - [15/Aug/2021 11:24:43] "GET /v1/agent/config/?uuid=54c5b5660d8d4962b86315575d42e5bb&version= HTTP/1.1 200 0" 0.000845  Go-http-client/1.1
2021/08/15 11:24:43.629  [M] [router.go:1014]  ::1 - - [15/Aug/2021 11:24:43] "POST /v1/agent/heartbeat/ HTTP/1.1 200 60" 0.044021  Go-http-client/1.1
2021/08/15 11:24:47.119  [M] [router.go:1014]  ::1 - - [15/Aug/2021 11:24:47] "GET /prometheusagent/modify?id=1 HTTP/2.0 200 0" 0.037675  Mozilla/5.0 (Windows NT 10.0; Win64; x64) AppleWebKit/537.36 (KHTML, like Gecko) Chrome/92.0.4515.131 Safari/537.36
2021/08/15 11:24:53.598  [M] [router.go:1014]  ::1 - - [15/Aug/2021 11:24:53] "GET /v1/agent/config/?uuid=54c5b5660d8d4962b86315575d42e5bb&version= HTTP/1.1 200 0" 0.004993  Go-http-client/1.1
2021/08/15 11:24:53.690  [M] [router.go:1014]  ::1 - - [15/Aug/2021 11:24:53] "POST /v1/agent/heartbeat/ HTTP/1.1 200 60" 0.095572  Go-http-client/1.1
2021/08/15 11:25:03.585  [M] [router.go:1014]  ::1 - - [15/Aug/2021 11:25:03] "GET /v1/agent/config/?uuid=54c5b5660d8d4962b86315575d42e5bb&version= HTTP/1.1 200 0" 0.000528  Go-http-client/1.1
2021/08/15 11:25:03.613  [M] [router.go:1014]  ::1 - - [15/Aug/2021 11:25:03] "POST /v1/agent/heartbeat/ HTTP/1.1 200 60" 0.028963  Go-http-client/1.1
2021/08/15 11:25:13.588  [M] [router.go:1014]  ::1 - - [15/Aug/2021 11:25:13] "GET /v1/agent/config/?uuid=54c5b5660d8d4962b86315575d42e5bb&version= HTTP/1.1 200 0" 0.000000  Go-http-client/1.1
2021/08/15 11:25:13.666  [M] [router.go:1014]  ::1 - - [15/Aug/2021 11:25:13] "POST /v1/agent/heartbeat/ HTTP/1.1 200 60" 0.078403  Go-http-client/1.1
2021/08/15 11:25:23.587  [M] [router.go:1014]  ::1 - - [15/Aug/2021 11:25:23] "GET /v1/agent/config/?uuid=54c5b5660d8d4962b86315575d42e5bb&version= HTTP/1.1 200 0" 0.000432  Go-http-client/1.1
2021/08/15 11:25:23.628  [M] [router.go:1014]  ::1 - - [15/Aug/2021 11:25:23] "POST /v1/agent/heartbeat/ HTTP/1.1 200 60" 0.041872  Go-http-client/1.1
2021/08/15 11:25:33.585  [M] [router.go:1014]  ::1 - - [15/Aug/2021 11:25:33] "GET /v1/agent/config/?uuid=54c5b5660d8d4962b86315575d42e5bb&version= HTTP/1.1 200 0" 0.000558  Go-http-client/1.1
2021/08/15 11:25:33.617  [M] [router.go:1014]  ::1 - - [15/Aug/2021 11:25:33] "POST /v1/agent/heartbeat/ HTTP/1.1 200 60" 0.032764  Go-http-client/1.1
2021/08/15 11:25:43.587  [M] [router.go:1014]  ::1 - - [15/Aug/2021 11:25:43] "GET /v1/agent/config/?uuid=54c5b5660d8d4962b86315575d42e5bb&version= HTTP/1.1 200 0" 0.000538  Go-http-client/1.1
2021/08/15 11:25:43.628  [M] [router.go:1014]  ::1 - - [15/Aug/2021 11:25:43] "POST /v1/agent/heartbeat/ HTTP/1.1 200 60" 0.041416  Go-http-client/1.1
2021/08/15 11:25:53.589  [M] [router.go:1014]  ::1 - - [15/Aug/2021 11:25:53] "GET /v1/agent/config/?uuid=54c5b5660d8d4962b86315575d42e5bb&version= HTTP/1.1 200 0" 0.000000  Go-http-client/1.1
2021/08/15 11:25:53.671  [M] [router.go:1014]  ::1 - - [15/Aug/2021 11:25:53] "POST /v1/agent/heartbeat/ HTTP/1.1 200 60" 0.082750  Go-http-client/1.1
2021/08/15 11:26:03.587  [M] [router.go:1014]  ::1 - - [15/Aug/2021 11:26:03] "GET /v1/agent/config/?uuid=54c5b5660d8d4962b86315575d42e5bb&version= HTTP/1.1 200 0" 0.001121  Go-http-client/1.1
2021/08/15 11:26:03.620  [M] [router.go:1014]  ::1 - - [15/Aug/2021 11:26:03] "POST /v1/agent/heartbeat/ HTTP/1.1 200 60" 0.034816  Go-http-client/1.1
2021/08/15 11:26:08.023  [M] [router.go:1014]  ::1 - - [15/Aug/2021 11:26:07] "GET /prometheusagent/modify?id=1 HTTP/2.0 200 0" 0.046100  Mozilla/5.0 (Windows NT 10.0; Win64; x64) AppleWebKit/537.36 (KHTML, like Gecko) Chrome/92.0.4515.131 Safari/537.36
2021/08/15 11:26:13.585  [M] [router.go:1014]  ::1 - - [15/Aug/2021 11:26:13] "GET /v1/agent/config/?uuid=54c5b5660d8d4962b86315575d42e5bb&version= HTTP/1.1 200 0" 0.000546  Go-http-client/1.1
2021/08/15 11:26:13.620  [M] [router.go:1014]  ::1 - - [15/Aug/2021 11:26:13] "POST /v1/agent/heartbeat/ HTTP/1.1 200 60" 0.036034  Go-http-client/1.1
2021/08/15 11:26:23.586  [M] [router.go:1014]  ::1 - - [15/Aug/2021 11:26:23] "GET /v1/agent/config/?uuid=54c5b5660d8d4962b86315575d42e5bb&version= HTTP/1.1 200 0" 0.001527  Go-http-client/1.1
2021/08/15 11:26:23.627  [M] [router.go:1014]  ::1 - - [15/Aug/2021 11:26:23] "POST /v1/agent/heartbeat/ HTTP/1.1 200 60" 0.042512  Go-http-client/1.1
2021/08/15 11:26:33.589  [M] [router.go:1014]  ::1 - - [15/Aug/2021 11:26:33] "GET /v1/agent/config/?uuid=54c5b5660d8d4962b86315575d42e5bb&version= HTTP/1.1 200 0" 0.000937  Go-http-client/1.1
2021/08/15 11:26:33.658  [M] [router.go:1014]  ::1 - - [15/Aug/2021 11:26:33] "POST /v1/agent/heartbeat/ HTTP/1.1 200 60" 0.069349  Go-http-client/1.1
2021/08/15 11:26:43.587  [M] [router.go:1014]  ::1 - - [15/Aug/2021 11:26:43] "GET /v1/agent/config/?uuid=54c5b5660d8d4962b86315575d42e5bb&version= HTTP/1.1 200 0" 0.001997  Go-http-client/1.1
2021/08/15 11:26:43.636  [M] [router.go:1014]  ::1 - - [15/Aug/2021 11:26:43] "POST /v1/agent/heartbeat/ HTTP/1.1 200 60" 0.050485  Go-http-client/1.1
2021/08/15 11:26:50.492  [M] [router.go:1014]  ::1 - - [15/Aug/2021 11:26:50] "GET /prometheusagent/modify?id=1 HTTP/2.0 200 0" 0.059615  Mozilla/5.0 (Windows NT 10.0; Win64; x64) AppleWebKit/537.36 (KHTML, like Gecko) Chrome/92.0.4515.131 Safari/537.36
2021/08/15 11:26:53.598  [M] [router.go:1014]  ::1 - - [15/Aug/2021 11:26:53] "GET /v1/agent/config/?uuid=54c5b5660d8d4962b86315575d42e5bb&version= HTTP/1.1 200 0" 0.005935  Go-http-client/1.1
2021/08/15 11:26:53.665  [M] [router.go:1014]  ::1 - - [15/Aug/2021 11:26:53] "POST /v1/agent/heartbeat/ HTTP/1.1 200 60" 0.067277  Go-http-client/1.1
2021/08/15 11:27:03.589  [M] [router.go:1014]  ::1 - - [15/Aug/2021 11:27:03] "GET /v1/agent/config/?uuid=54c5b5660d8d4962b86315575d42e5bb&version= HTTP/1.1 200 0" 0.002004  Go-http-client/1.1
2021/08/15 11:27:03.626  [M] [router.go:1014]  ::1 - - [15/Aug/2021 11:27:03] "POST /v1/agent/heartbeat/ HTTP/1.1 200 60" 0.038696  Go-http-client/1.1
2021/08/15 11:27:13.589  [M] [router.go:1014]  ::1 - - [15/Aug/2021 11:27:13] "GET /v1/agent/config/?uuid=54c5b5660d8d4962b86315575d42e5bb&version= HTTP/1.1 200 0" 0.001000  Go-http-client/1.1
2021/08/15 11:27:13.688  [M] [router.go:1014]  ::1 - - [15/Aug/2021 11:27:13] "POST /v1/agent/heartbeat/ HTTP/1.1 200 60" 0.101212  Go-http-client/1.1
2021/08/15 11:27:23.591  [M] [router.go:1014]  ::1 - - [15/Aug/2021 11:27:23] "GET /v1/agent/config/?uuid=54c5b5660d8d4962b86315575d42e5bb&version= HTTP/1.1 200 0" 0.001197  Go-http-client/1.1
2021/08/15 11:27:23.627  [M] [router.go:1014]  ::1 - - [15/Aug/2021 11:27:23] "POST /v1/agent/heartbeat/ HTTP/1.1 200 60" 0.036312  Go-http-client/1.1
2021/08/15 11:27:26.192  [M] [router.go:1014]  ::1 - - [15/Aug/2021 11:27:26] "GET /prometheusagent/modify?id=1 HTTP/2.0 200 0" 0.018554  Mozilla/5.0 (Windows NT 10.0; Win64; x64) AppleWebKit/537.36 (KHTML, like Gecko) Chrome/92.0.4515.131 Safari/537.36
2021/08/15 11:27:33.588  [M] [router.go:1014]  ::1 - - [15/Aug/2021 11:27:33] "GET /v1/agent/config/?uuid=54c5b5660d8d4962b86315575d42e5bb&version= HTTP/1.1 200 0" 0.000914  Go-http-client/1.1
2021/08/15 11:27:33.614  [M] [router.go:1014]  ::1 - - [15/Aug/2021 11:27:33] "POST /v1/agent/heartbeat/ HTTP/1.1 200 60" 0.026417  Go-http-client/1.1
2021/08/15 11:27:43.590  [M] [router.go:1014]  ::1 - - [15/Aug/2021 11:27:43] "GET /v1/agent/config/?uuid=54c5b5660d8d4962b86315575d42e5bb&version= HTTP/1.1 200 0" 0.000000  Go-http-client/1.1
2021/08/15 11:27:43.626  [M] [router.go:1014]  ::1 - - [15/Aug/2021 11:27:43] "POST /v1/agent/heartbeat/ HTTP/1.1 200 60" 0.036309  Go-http-client/1.1
2021/08/15 11:27:51.723  [M] [router.go:1014]  ::1 - - [15/Aug/2021 11:27:51] "GET /prometheusagent/modify?id=1 HTTP/2.0 200 0" 0.019550  Mozilla/5.0 (Windows NT 10.0; Win64; x64) AppleWebKit/537.36 (KHTML, like Gecko) Chrome/92.0.4515.131 Safari/537.36
2021/08/15 11:27:53.586  [M] [router.go:1014]  ::1 - - [15/Aug/2021 11:27:53] "GET /v1/agent/config/?uuid=54c5b5660d8d4962b86315575d42e5bb&version= HTTP/1.1 200 0" 0.000557  Go-http-client/1.1
2021/08/15 11:27:53.613  [M] [router.go:1014]  ::1 - - [15/Aug/2021 11:27:53] "POST /v1/agent/heartbeat/ HTTP/1.1 200 60" 0.028060  Go-http-client/1.1
2021/08/15 11:28:03.587  [M] [router.go:1014]  ::1 - - [15/Aug/2021 11:28:03] "GET /v1/agent/config/?uuid=54c5b5660d8d4962b86315575d42e5bb&version= HTTP/1.1 200 0" 0.000540  Go-http-client/1.1
2021/08/15 11:28:03.619  [M] [router.go:1014]  ::1 - - [15/Aug/2021 11:28:03] "POST /v1/agent/heartbeat/ HTTP/1.1 200 60" 0.032779  Go-http-client/1.1
2021/08/15 11:28:13.588  [M] [router.go:1014]  ::1 - - [15/Aug/2021 11:28:13] "GET /v1/agent/config/?uuid=54c5b5660d8d4962b86315575d42e5bb&version= HTTP/1.1 200 0" 0.001040  Go-http-client/1.1
2021/08/15 11:28:13.648  [M] [router.go:1014]  ::1 - - [15/Aug/2021 11:28:13] "POST /v1/agent/heartbeat/ HTTP/1.1 200 60" 0.062119  Go-http-client/1.1
2021/08/15 11:28:23.585  [M] [router.go:1014]  ::1 - - [15/Aug/2021 11:28:23] "GET /v1/agent/config/?uuid=54c5b5660d8d4962b86315575d42e5bb&version= HTTP/1.1 200 0" 0.000524  Go-http-client/1.1
2021/08/15 11:28:23.618  [M] [router.go:1014]  ::1 - - [15/Aug/2021 11:28:23] "POST /v1/agent/heartbeat/ HTTP/1.1 200 60" 0.032684  Go-http-client/1.1
2021/08/15 11:28:33.592  [M] [router.go:1014]  ::1 - - [15/Aug/2021 11:28:33] "GET /v1/agent/config/?uuid=54c5b5660d8d4962b86315575d42e5bb&version= HTTP/1.1 200 0" 0.001684  Go-http-client/1.1
2021/08/15 11:28:33.637  [M] [router.go:1014]  ::1 - - [15/Aug/2021 11:28:33] "POST /v1/agent/heartbeat/ HTTP/1.1 200 60" 0.046766  Go-http-client/1.1
2021/08/15 11:28:43.585  [M] [router.go:1014]  ::1 - - [15/Aug/2021 11:28:43] "GET /v1/agent/config/?uuid=54c5b5660d8d4962b86315575d42e5bb&version= HTTP/1.1 200 0" 0.000540  Go-http-client/1.1
2021/08/15 11:28:43.625  [M] [router.go:1014]  ::1 - - [15/Aug/2021 11:28:43] "POST /v1/agent/heartbeat/ HTTP/1.1 200 60" 0.039623  Go-http-client/1.1
2021/08/15 11:28:53.586  [M] [router.go:1014]  ::1 - - [15/Aug/2021 11:28:53] "GET /v1/agent/config/?uuid=54c5b5660d8d4962b86315575d42e5bb&version= HTTP/1.1 200 0" 0.001540  Go-http-client/1.1
2021/08/15 11:28:53.647  [M] [router.go:1014]  ::1 - - [15/Aug/2021 11:28:53] "POST /v1/agent/heartbeat/ HTTP/1.1 200 60" 0.062480  Go-http-client/1.1
2021/08/15 11:29:03.663  [M] [router.go:1014]  ::1 - - [15/Aug/2021 11:29:03] "GET /v1/agent/config/?uuid=54c5b5660d8d4962b86315575d42e5bb&version= HTTP/1.1 200 0" 0.019000  Go-http-client/1.1
2021/08/15 11:29:03.745  [M] [router.go:1014]  ::1 - - [15/Aug/2021 11:29:03] "POST /v1/agent/heartbeat/ HTTP/1.1 200 60" 0.073859  Go-http-client/1.1
2021/08/15 11:29:13.586  [M] [router.go:1014]  ::1 - - [15/Aug/2021 11:29:13] "GET /v1/agent/config/?uuid=54c5b5660d8d4962b86315575d42e5bb&version= HTTP/1.1 200 0" 0.000901  Go-http-client/1.1
2021/08/15 11:29:13.620  [M] [router.go:1014]  ::1 - - [15/Aug/2021 11:29:13] "POST /v1/agent/heartbeat/ HTTP/1.1 200 60" 0.034873  Go-http-client/1.1
2021/08/15 11:29:23.589  [M] [router.go:1014]  ::1 - - [15/Aug/2021 11:29:23] "GET /v1/agent/config/?uuid=54c5b5660d8d4962b86315575d42e5bb&version= HTTP/1.1 200 0" 0.000000  Go-http-client/1.1
2021/08/15 11:29:23.623  [M] [router.go:1014]  ::1 - - [15/Aug/2021 11:29:23] "POST /v1/agent/heartbeat/ HTTP/1.1 200 60" 0.034066  Go-http-client/1.1
2021/08/15 11:29:33.587  [M] [router.go:1014]  ::1 - - [15/Aug/2021 11:29:33] "GET /v1/agent/config/?uuid=54c5b5660d8d4962b86315575d42e5bb&version= HTTP/1.1 200 0" 0.000556  Go-http-client/1.1
2021/08/15 11:29:33.620  [M] [router.go:1014]  ::1 - - [15/Aug/2021 11:29:33] "POST /v1/agent/heartbeat/ HTTP/1.1 200 60" 0.034544  Go-http-client/1.1
2021/08/15 11:29:43.591  [M] [router.go:1014]  ::1 - - [15/Aug/2021 11:29:43] "GET /v1/agent/config/?uuid=54c5b5660d8d4962b86315575d42e5bb&version= HTTP/1.1 200 0" 0.003050  Go-http-client/1.1
2021/08/15 11:29:43.718  [M] [router.go:1014]  ::1 - - [15/Aug/2021 11:29:43] "POST /v1/agent/heartbeat/ HTTP/1.1 200 60" 0.129169  Go-http-client/1.1
2021/08/15 11:29:47.388  [M] [router.go:1014]  ::1 - - [15/Aug/2021 11:29:47] "GET /prometheusagent/modify?id=1 HTTP/2.0 200 0" 0.038963  Mozilla/5.0 (Windows NT 10.0; Win64; x64) AppleWebKit/537.36 (KHTML, like Gecko) Chrome/92.0.4515.131 Safari/537.36
2021/08/15 11:29:53.585  [M] [router.go:1014]  ::1 - - [15/Aug/2021 11:29:53] "GET /v1/agent/config/?uuid=54c5b5660d8d4962b86315575d42e5bb&version= HTTP/1.1 200 0" 0.000534  Go-http-client/1.1
2021/08/15 11:29:53.622  [M] [router.go:1014]  ::1 - - [15/Aug/2021 11:29:53] "POST /v1/agent/heartbeat/ HTTP/1.1 200 60" 0.037462  Go-http-client/1.1
2021/08/15 11:30:03.585  [M] [router.go:1014]  ::1 - - [15/Aug/2021 11:30:03] "GET /v1/agent/config/?uuid=54c5b5660d8d4962b86315575d42e5bb&version= HTTP/1.1 200 0" 0.000539  Go-http-client/1.1
2021/08/15 11:30:03.615  [M] [router.go:1014]  ::1 - - [15/Aug/2021 11:30:03] "POST /v1/agent/heartbeat/ HTTP/1.1 200 60" 0.030892  Go-http-client/1.1
2021/08/15 11:30:13.587  [M] [router.go:1014]  ::1 - - [15/Aug/2021 11:30:13] "GET /v1/agent/config/?uuid=54c5b5660d8d4962b86315575d42e5bb&version= HTTP/1.1 200 0" 0.000684  Go-http-client/1.1
2021/08/15 11:30:13.653  [M] [router.go:1014]  ::1 - - [15/Aug/2021 11:30:13] "POST /v1/agent/heartbeat/ HTTP/1.1 200 60" 0.066040  Go-http-client/1.1
2021/08/15 11:30:23.586  [M] [router.go:1014]  ::1 - - [15/Aug/2021 11:30:23] "GET /v1/agent/config/?uuid=54c5b5660d8d4962b86315575d42e5bb&version= HTTP/1.1 200 0" 0.000539  Go-http-client/1.1
2021/08/15 11:30:23.614  [M] [router.go:1014]  ::1 - - [15/Aug/2021 11:30:23] "POST /v1/agent/heartbeat/ HTTP/1.1 200 60" 0.028387  Go-http-client/1.1
2021/08/15 11:30:33.585  [M] [router.go:1014]  ::1 - - [15/Aug/2021 11:30:33] "GET /v1/agent/config/?uuid=54c5b5660d8d4962b86315575d42e5bb&version= HTTP/1.1 200 0" 0.000556  Go-http-client/1.1
2021/08/15 11:30:33.619  [M] [router.go:1014]  ::1 - - [15/Aug/2021 11:30:33] "POST /v1/agent/heartbeat/ HTTP/1.1 200 60" 0.034655  Go-http-client/1.1
2021/08/15 11:30:43.593  [M] [router.go:1014]  ::1 - - [15/Aug/2021 11:30:43] "GET /v1/agent/config/?uuid=54c5b5660d8d4962b86315575d42e5bb&version= HTTP/1.1 200 0" 0.001837  Go-http-client/1.1
2021/08/15 11:30:43.624  [M] [router.go:1014]  ::1 - - [15/Aug/2021 11:30:43] "POST /v1/agent/heartbeat/ HTTP/1.1 200 60" 0.034282  Go-http-client/1.1
2021/08/15 11:30:45.035  [M] [router.go:1014]  ::1 - - [15/Aug/2021 11:30:45] "GET /prometheusagent/modify?id=1 HTTP/2.0 200 0" 0.025707  Mozilla/5.0 (Windows NT 10.0; Win64; x64) AppleWebKit/537.36 (KHTML, like Gecko) Chrome/92.0.4515.131 Safari/537.36
2021/08/15 11:30:48.718  [M] [router.go:1014]  ::1 - - [15/Aug/2021 11:30:48] "GET /prometheusagent/query HTTP/2.0 200 0" 0.034273 https://localhost:8888/prometheusagent/modify?id=1 Mozilla/5.0 (Windows NT 10.0; Win64; x64) AppleWebKit/537.36 (KHTML, like Gecko) Chrome/92.0.4515.131 Safari/537.36
2021/08/15 11:30:50.449  [M] [router.go:1014]  ::1 - - [15/Aug/2021 11:30:50] "GET /prometheusagent/modify?id=1 HTTP/2.0 200 0" 0.008390 https://localhost:8888/prometheusagent/query Mozilla/5.0 (Windows NT 10.0; Win64; x64) AppleWebKit/537.36 (KHTML, like Gecko) Chrome/92.0.4515.131 Safari/537.36
2021/08/15 11:30:53.586  [M] [router.go:1014]  ::1 - - [15/Aug/2021 11:30:53] "GET /v1/agent/config/?uuid=54c5b5660d8d4962b86315575d42e5bb&version= HTTP/1.1 200 0" 0.000524  Go-http-client/1.1
2021/08/15 11:30:53.618  [M] [router.go:1014]  ::1 - - [15/Aug/2021 11:30:53] "POST /v1/agent/heartbeat/ HTTP/1.1 200 60" 0.033210  Go-http-client/1.1
2021/08/15 11:30:57.544  [M] [router.go:1014]  ::1 - - [01/Jan/0001 12:00:00] "POST /prometheusagent/modify HTTP/2.0 302 61" 0.000000 https://localhost:8888/prometheusagent/modify?id=1 Mozilla/5.0 (Windows NT 10.0; Win64; x64) AppleWebKit/537.36 (KHTML, like Gecko) Chrome/92.0.4515.131 Safari/537.36
2021/08/15 11:30:57.545  [M] [router.go:1014]  ::1 - - [15/Aug/2021 11:30:57] "POST /prometheusagent/modify HTTP/2.0 302 61" 0.045620 https://localhost:8888/prometheusagent/modify?id=1 Mozilla/5.0 (Windows NT 10.0; Win64; x64) AppleWebKit/537.36 (KHTML, like Gecko) Chrome/92.0.4515.131 Safari/537.36
2021/08/15 11:30:57.557  [M] [router.go:1014]  ::1 - - [15/Aug/2021 11:30:57] "GET /prometheusagent/query HTTP/2.0 200 0" 0.009527 https://localhost:8888/prometheusagent/modify?id=1 Mozilla/5.0 (Windows NT 10.0; Win64; x64) AppleWebKit/537.36 (KHTML, like Gecko) Chrome/92.0.4515.131 Safari/537.36
2021/08/15 11:30:58.776  [M] [router.go:1014]  ::1 - - [15/Aug/2021 11:30:58] "GET /prometheusagent/modify?id=1 HTTP/2.0 200 0" 0.016393 https://localhost:8888/prometheusagent/query Mozilla/5.0 (Windows NT 10.0; Win64; x64) AppleWebKit/537.36 (KHTML, like Gecko) Chrome/92.0.4515.131 Safari/537.36
2021/08/15 11:31:03.587  [M] [router.go:1014]  ::1 - - [15/Aug/2021 11:31:03] "GET /v1/agent/config/?uuid=54c5b5660d8d4962b86315575d42e5bb&version= HTTP/1.1 200 0" 0.000733  Go-http-client/1.1
2021/08/15 11:31:03.613  [M] [router.go:1014]  ::1 - - [15/Aug/2021 11:31:03] "POST /v1/agent/heartbeat/ HTTP/1.1 200 60" 0.027254  Go-http-client/1.1
2021/08/15 11:31:13.589  [M] [router.go:1014]  ::1 - - [15/Aug/2021 11:31:13] "GET /v1/agent/config/?uuid=54c5b5660d8d4962b86315575d42e5bb&version= HTTP/1.1 200 0" 0.002537  Go-http-client/1.1
2021/08/15 11:31:13.625  [M] [router.go:1014]  ::1 - - [15/Aug/2021 11:31:13] "POST /v1/agent/heartbeat/ HTTP/1.1 200 60" 0.035665  Go-http-client/1.1
2021/08/15 11:31:23.588  [M] [router.go:1014]  ::1 - - [15/Aug/2021 11:31:23] "GET /v1/agent/config/?uuid=54c5b5660d8d4962b86315575d42e5bb&version= HTTP/1.1 200 0" 0.002277  Go-http-client/1.1
2021/08/15 11:31:23.622  [M] [router.go:1014]  ::1 - - [15/Aug/2021 11:31:23] "POST /v1/agent/heartbeat/ HTTP/1.1 200 60" 0.036329  Go-http-client/1.1
2021/08/15 11:31:33.586  [M] [router.go:1014]  ::1 - - [15/Aug/2021 11:31:33] "GET /v1/agent/config/?uuid=54c5b5660d8d4962b86315575d42e5bb&version= HTTP/1.1 200 0" 0.000533  Go-http-client/1.1
2021/08/15 11:31:33.617  [M] [router.go:1014]  ::1 - - [15/Aug/2021 11:31:33] "POST /v1/agent/heartbeat/ HTTP/1.1 200 60" 0.031826  Go-http-client/1.1
2021/08/15 11:31:43.589  [M] [router.go:1014]  ::1 - - [15/Aug/2021 11:31:43] "GET /v1/agent/config/?uuid=54c5b5660d8d4962b86315575d42e5bb&version= HTTP/1.1 200 0" 0.002523  Go-http-client/1.1
2021/08/15 11:31:43.654  [M] [router.go:1014]  ::1 - - [15/Aug/2021 11:31:43] "POST /v1/agent/heartbeat/ HTTP/1.1 200 60" 0.069132  Go-http-client/1.1
2021/08/15 11:31:53.585  [M] [router.go:1014]  ::1 - - [15/Aug/2021 11:31:53] "GET /v1/agent/config/?uuid=54c5b5660d8d4962b86315575d42e5bb&version= HTTP/1.1 200 0" 0.000558  Go-http-client/1.1
2021/08/15 11:31:53.626  [M] [router.go:1014]  ::1 - - [15/Aug/2021 11:31:53] "POST /v1/agent/heartbeat/ HTTP/1.1 200 60" 0.041288  Go-http-client/1.1
2021/08/15 11:32:03.586  [M] [router.go:1014]  ::1 - - [15/Aug/2021 11:32:03] "GET /v1/agent/config/?uuid=54c5b5660d8d4962b86315575d42e5bb&version= HTTP/1.1 200 0" 0.000565  Go-http-client/1.1
2021/08/15 11:32:03.654  [M] [router.go:1014]  ::1 - - [15/Aug/2021 11:32:03] "POST /v1/agent/heartbeat/ HTTP/1.1 200 60" 0.069100  Go-http-client/1.1
2021/08/15 11:32:13.587  [M] [router.go:1014]  ::1 - - [15/Aug/2021 11:32:13] "GET /v1/agent/config/?uuid=54c5b5660d8d4962b86315575d42e5bb&version= HTTP/1.1 200 0" 0.000526  Go-http-client/1.1
2021/08/15 11:32:13.617  [M] [router.go:1014]  ::1 - - [15/Aug/2021 11:32:13] "POST /v1/agent/heartbeat/ HTTP/1.1 200 60" 0.030586  Go-http-client/1.1
2021/08/15 11:32:23.585  [M] [router.go:1014]  ::1 - - [15/Aug/2021 11:32:23] "GET /v1/agent/config/?uuid=54c5b5660d8d4962b86315575d42e5bb&version= HTTP/1.1 200 0" 0.000548  Go-http-client/1.1
2021/08/15 11:32:23.662  [M] [router.go:1014]  ::1 - - [15/Aug/2021 11:32:23] "POST /v1/agent/heartbeat/ HTTP/1.1 200 60" 0.077432  Go-http-client/1.1
2021/08/15 11:32:33.586  [M] [router.go:1014]  ::1 - - [15/Aug/2021 11:32:33] "GET /v1/agent/config/?uuid=54c5b5660d8d4962b86315575d42e5bb&version= HTTP/1.1 200 0" 0.000538  Go-http-client/1.1
2021/08/15 11:32:33.617  [M] [router.go:1014]  ::1 - - [15/Aug/2021 11:32:33] "POST /v1/agent/heartbeat/ HTTP/1.1 200 60" 0.031268  Go-http-client/1.1
2021/08/15 11:32:43.586  [M] [router.go:1014]  ::1 - - [15/Aug/2021 11:32:43] "GET /v1/agent/config/?uuid=54c5b5660d8d4962b86315575d42e5bb&version= HTTP/1.1 200 0" 0.000687  Go-http-client/1.1
2021/08/15 11:32:43.619  [M] [router.go:1014]  ::1 - - [15/Aug/2021 11:32:43] "POST /v1/agent/heartbeat/ HTTP/1.1 200 60" 0.033500  Go-http-client/1.1
2021/08/15 11:32:53.587  [M] [router.go:1014]  ::1 - - [15/Aug/2021 11:32:53] "GET /v1/agent/config/?uuid=54c5b5660d8d4962b86315575d42e5bb&version= HTTP/1.1 200 0" 0.002522  Go-http-client/1.1
2021/08/15 11:32:53.615  [M] [router.go:1014]  ::1 - - [15/Aug/2021 11:32:53] "POST /v1/agent/heartbeat/ HTTP/1.1 200 60" 0.030943  Go-http-client/1.1
2021/08/15 11:33:03.592  [M] [router.go:1014]  ::1 - - [15/Aug/2021 11:33:03] "GET /v1/agent/config/?uuid=54c5b5660d8d4962b86315575d42e5bb&version= HTTP/1.1 200 0" 0.005132  Go-http-client/1.1
2021/08/15 11:33:03.672  [M] [router.go:1014]  ::1 - - [15/Aug/2021 11:33:03] "POST /v1/agent/heartbeat/ HTTP/1.1 200 60" 0.085637  Go-http-client/1.1
2021/08/15 11:33:13.587  [M] [router.go:1014]  ::1 - - [15/Aug/2021 11:33:13] "GET /v1/agent/config/?uuid=54c5b5660d8d4962b86315575d42e5bb&version= HTTP/1.1 200 0" 0.000508  Go-http-client/1.1
2021/08/15 11:33:13.624  [M] [router.go:1014]  ::1 - - [15/Aug/2021 11:33:13] "POST /v1/agent/heartbeat/ HTTP/1.1 200 60" 0.038122  Go-http-client/1.1
2021/08/15 11:33:23.585  [M] [router.go:1014]  ::1 - - [15/Aug/2021 11:33:23] "GET /v1/agent/config/?uuid=54c5b5660d8d4962b86315575d42e5bb&version= HTTP/1.1 200 0" 0.000541  Go-http-client/1.1
2021/08/15 11:33:23.611  [M] [router.go:1014]  ::1 - - [15/Aug/2021 11:33:23] "POST /v1/agent/heartbeat/ HTTP/1.1 200 60" 0.026643  Go-http-client/1.1
2021/08/15 11:33:33.586  [M] [router.go:1014]  ::1 - - [15/Aug/2021 11:33:33] "GET /v1/agent/config/?uuid=54c5b5660d8d4962b86315575d42e5bb&version= HTTP/1.1 200 0" 0.000612  Go-http-client/1.1
2021/08/15 11:33:33.688  [M] [router.go:1014]  ::1 - - [15/Aug/2021 11:33:33] "POST /v1/agent/heartbeat/ HTTP/1.1 200 60" 0.103261  Go-http-client/1.1
2021/08/15 11:33:43.587  [M] [router.go:1014]  ::1 - - [15/Aug/2021 11:33:43] "GET /v1/agent/config/?uuid=54c5b5660d8d4962b86315575d42e5bb&version= HTTP/1.1 200 0" 0.000527  Go-http-client/1.1
2021/08/15 11:33:43.653  [M] [router.go:1014]  ::1 - - [15/Aug/2021 11:33:43] "POST /v1/agent/heartbeat/ HTTP/1.1 200 60" 0.066945  Go-http-client/1.1
2021/08/15 11:33:53.592  [M] [router.go:1014]  ::1 - - [15/Aug/2021 11:33:53] "GET /v1/agent/config/?uuid=54c5b5660d8d4962b86315575d42e5bb&version= HTTP/1.1 200 0" 0.000575  Go-http-client/1.1
2021/08/15 11:33:53.625  [M] [router.go:1014]  ::1 - - [15/Aug/2021 11:33:53] "POST /v1/agent/heartbeat/ HTTP/1.1 200 60" 0.032900  Go-http-client/1.1
2021/08/15 11:34:03.586  [M] [router.go:1014]  ::1 - - [15/Aug/2021 11:34:03] "GET /v1/agent/config/?uuid=54c5b5660d8d4962b86315575d42e5bb&version= HTTP/1.1 200 0" 0.000853  Go-http-client/1.1
2021/08/15 11:34:03.652  [M] [router.go:1014]  ::1 - - [15/Aug/2021 11:34:03] "POST /v1/agent/heartbeat/ HTTP/1.1 200 60" 0.065794  Go-http-client/1.1
2021/08/15 11:34:13.587  [M] [router.go:1014]  ::1 - - [15/Aug/2021 11:34:13] "GET /v1/agent/config/?uuid=54c5b5660d8d4962b86315575d42e5bb&version= HTTP/1.1 200 0" 0.000538  Go-http-client/1.1
2021/08/15 11:34:13.622  [M] [router.go:1014]  ::1 - - [15/Aug/2021 11:34:13] "POST /v1/agent/heartbeat/ HTTP/1.1 200 60" 0.035616  Go-http-client/1.1
2021/08/15 11:34:23.585  [M] [router.go:1014]  ::1 - - [15/Aug/2021 11:34:23] "GET /v1/agent/config/?uuid=54c5b5660d8d4962b86315575d42e5bb&version= HTTP/1.1 200 0" 0.000553  Go-http-client/1.1
2021/08/15 11:34:23.617  [M] [router.go:1014]  ::1 - - [15/Aug/2021 11:34:23] "POST /v1/agent/heartbeat/ HTTP/1.1 200 60" 0.032222  Go-http-client/1.1
2021/08/15 11:34:33.586  [M] [router.go:1014]  ::1 - - [15/Aug/2021 11:34:33] "GET /v1/agent/config/?uuid=54c5b5660d8d4962b86315575d42e5bb&version= HTTP/1.1 200 0" 0.001007  Go-http-client/1.1
2021/08/15 11:34:33.621  [M] [router.go:1014]  ::1 - - [15/Aug/2021 11:34:33] "POST /v1/agent/heartbeat/ HTTP/1.1 200 60" 0.036208  Go-http-client/1.1
2021/08/15 11:34:43.585  [M] [router.go:1014]  ::1 - - [15/Aug/2021 11:34:43] "GET /v1/agent/config/?uuid=54c5b5660d8d4962b86315575d42e5bb&version= HTTP/1.1 200 0" 0.000659  Go-http-client/1.1
2021/08/15 11:34:43.618  [M] [router.go:1014]  ::1 - - [15/Aug/2021 11:34:43] "POST /v1/agent/heartbeat/ HTTP/1.1 200 60" 0.033304  Go-http-client/1.1
2021/08/15 11:34:53.588  [M] [router.go:1014]  ::1 - - [15/Aug/2021 11:34:53] "GET /v1/agent/config/?uuid=54c5b5660d8d4962b86315575d42e5bb&version= HTTP/1.1 200 0" 0.000579  Go-http-client/1.1
2021/08/15 11:34:53.613  [M] [router.go:1014]  ::1 - - [15/Aug/2021 11:34:53] "POST /v1/agent/heartbeat/ HTTP/1.1 200 60" 0.025542  Go-http-client/1.1
2021/08/15 11:35:03.586  [M] [router.go:1014]  ::1 - - [15/Aug/2021 11:35:03] "GET /v1/agent/config/?uuid=54c5b5660d8d4962b86315575d42e5bb&version= HTTP/1.1 200 0" 0.000508  Go-http-client/1.1
2021/08/15 11:35:03.623  [M] [router.go:1014]  ::1 - - [15/Aug/2021 11:35:03] "POST /v1/agent/heartbeat/ HTTP/1.1 200 60" 0.037772  Go-http-client/1.1
2021/08/15 11:35:13.586  [M] [router.go:1014]  ::1 - - [15/Aug/2021 11:35:13] "GET /v1/agent/config/?uuid=54c5b5660d8d4962b86315575d42e5bb&version= HTTP/1.1 200 0" 0.000804  Go-http-client/1.1
2021/08/15 11:35:13.621  [M] [router.go:1014]  ::1 - - [15/Aug/2021 11:35:13] "POST /v1/agent/heartbeat/ HTTP/1.1 200 60" 0.036588  Go-http-client/1.1
2021/08/15 11:35:23.586  [M] [router.go:1014]  ::1 - - [15/Aug/2021 11:35:23] "GET /v1/agent/config/?uuid=54c5b5660d8d4962b86315575d42e5bb&version= HTTP/1.1 200 0" 0.001369  Go-http-client/1.1
2021/08/15 11:35:23.616  [M] [router.go:1014]  ::1 - - [15/Aug/2021 11:35:23] "POST /v1/agent/heartbeat/ HTTP/1.1 200 60" 0.031423  Go-http-client/1.1
2021/08/15 11:35:33.595  [M] [router.go:1014]  ::1 - - [15/Aug/2021 11:35:33] "GET /v1/agent/config/?uuid=54c5b5660d8d4962b86315575d42e5bb&version= HTTP/1.1 200 0" 0.005353  Go-http-client/1.1
2021/08/15 11:35:33.674  [M] [router.go:1014]  ::1 - - [15/Aug/2021 11:35:33] "POST /v1/agent/heartbeat/ HTTP/1.1 200 60" 0.084935  Go-http-client/1.1
2021/08/15 11:35:43.591  [M] [router.go:1014]  ::1 - - [15/Aug/2021 11:35:43] "GET /v1/agent/config/?uuid=54c5b5660d8d4962b86315575d42e5bb&version= HTTP/1.1 200 0" 0.001193  Go-http-client/1.1
2021/08/15 11:35:43.633  [M] [router.go:1014]  ::1 - - [15/Aug/2021 11:35:43] "POST /v1/agent/heartbeat/ HTTP/1.1 200 60" 0.042795  Go-http-client/1.1
2021/08/15 11:35:53.594  [M] [router.go:1014]  ::1 - - [15/Aug/2021 11:35:53] "GET /v1/agent/config/?uuid=54c5b5660d8d4962b86315575d42e5bb&version= HTTP/1.1 200 0" 0.000544  Go-http-client/1.1
2021/08/15 11:35:53.645  [M] [router.go:1014]  ::1 - - [15/Aug/2021 11:35:53] "POST /v1/agent/heartbeat/ HTTP/1.1 200 60" 0.050671  Go-http-client/1.1
2021/08/15 11:36:03.587  [M] [router.go:1014]  ::1 - - [15/Aug/2021 11:36:03] "GET /v1/agent/config/?uuid=54c5b5660d8d4962b86315575d42e5bb&version= HTTP/1.1 200 0" 0.000993  Go-http-client/1.1
2021/08/15 11:36:03.628  [M] [router.go:1014]  ::1 - - [15/Aug/2021 11:36:03] "POST /v1/agent/heartbeat/ HTTP/1.1 200 60" 0.043050  Go-http-client/1.1
2021/08/15 11:36:13.592  [M] [router.go:1014]  ::1 - - [15/Aug/2021 11:36:13] "GET /v1/agent/config/?uuid=54c5b5660d8d4962b86315575d42e5bb&version= HTTP/1.1 200 0" 0.001326  Go-http-client/1.1
2021/08/15 11:36:13.621  [M] [router.go:1014]  ::1 - - [15/Aug/2021 11:36:13] "POST /v1/agent/heartbeat/ HTTP/1.1 200 60" 0.036307  Go-http-client/1.1
2021/08/15 11:36:13.654  [M] [router.go:1014]  ::1 - - [15/Aug/2021 11:36:13] "POST /v1/agent/register/ HTTP/1.1 200 99" 0.070203  Go-http-client/1.1
2021/08/15 11:36:23.584  [M] [router.go:1014]  ::1 - - [15/Aug/2021 11:36:23] "GET /v1/agent/config/?uuid=54c5b5660d8d4962b86315575d42e5bb&version= HTTP/1.1 200 0" 0.000000  Go-http-client/1.1
2021/08/15 11:36:23.663  [M] [router.go:1014]  ::1 - - [15/Aug/2021 11:36:23] "POST /v1/agent/heartbeat/ HTTP/1.1 200 60" 0.078257  Go-http-client/1.1
2021/08/15 11:36:33.592  [M] [router.go:1014]  ::1 - - [15/Aug/2021 11:36:33] "GET /v1/agent/config/?uuid=54c5b5660d8d4962b86315575d42e5bb&version= HTTP/1.1 200 0" 0.002002  Go-http-client/1.1
2021/08/15 11:36:33.681  [M] [router.go:1014]  ::1 - - [15/Aug/2021 11:36:33] "POST /v1/agent/heartbeat/ HTTP/1.1 200 60" 0.091330  Go-http-client/1.1
2021/08/15 11:36:43.598  [M] [router.go:1014]  ::1 - - [15/Aug/2021 11:36:43] "GET /v1/agent/config/?uuid=54c5b5660d8d4962b86315575d42e5bb&version= HTTP/1.1 200 0" 0.002175  Go-http-client/1.1
2021/08/15 11:36:43.670  [M] [router.go:1014]  ::1 - - [15/Aug/2021 11:36:43] "POST /v1/agent/heartbeat/ HTTP/1.1 200 60" 0.074235  Go-http-client/1.1
2021/08/15 11:36:53.596  [M] [router.go:1014]  ::1 - - [15/Aug/2021 11:36:53] "GET /v1/agent/config/?uuid=54c5b5660d8d4962b86315575d42e5bb&version= HTTP/1.1 200 0" 0.003263  Go-http-client/1.1
2021/08/15 11:36:53.673  [M] [router.go:1014]  ::1 - - [15/Aug/2021 11:36:53] "POST /v1/agent/heartbeat/ HTTP/1.1 200 60" 0.080127  Go-http-client/1.1
2021/08/15 11:37:03.648  [M] [router.go:1014]  ::1 - - [15/Aug/2021 11:37:03] "GET /v1/agent/config/?uuid=54c5b5660d8d4962b86315575d42e5bb&version= HTTP/1.1 200 0" 0.005015  Go-http-client/1.1
2021/08/15 11:37:03.809  [M] [router.go:1014]  ::1 - - [15/Aug/2021 11:37:03] "POST /v1/agent/heartbeat/ HTTP/1.1 200 60" 0.165583  Go-http-client/1.1
2021/08/15 11:37:13.586  [M] [router.go:1014]  ::1 - - [15/Aug/2021 11:37:13] "GET /v1/agent/config/?uuid=54c5b5660d8d4962b86315575d42e5bb&version= HTTP/1.1 200 0" 0.002000  Go-http-client/1.1
2021/08/15 11:37:13.621  [M] [router.go:1014]  ::1 - - [15/Aug/2021 11:37:13] "POST /v1/agent/heartbeat/ HTTP/1.1 200 60" 0.036393  Go-http-client/1.1
2021/08/15 11:37:23.590  [M] [router.go:1014]  ::1 - - [15/Aug/2021 11:37:23] "GET /v1/agent/config/?uuid=54c5b5660d8d4962b86315575d42e5bb&version= HTTP/1.1 200 0" 0.001696  Go-http-client/1.1
2021/08/15 11:37:23.716  [M] [router.go:1014]  ::1 - - [15/Aug/2021 11:37:23] "POST /v1/agent/heartbeat/ HTTP/1.1 200 60" 0.126923  Go-http-client/1.1
2021/08/15 11:37:33.587  [M] [router.go:1014]  ::1 - - [15/Aug/2021 11:37:33] "GET /v1/agent/config/?uuid=54c5b5660d8d4962b86315575d42e5bb&version= HTTP/1.1 200 0" 0.002333  Go-http-client/1.1
2021/08/15 11:37:33.626  [M] [router.go:1014]  ::1 - - [15/Aug/2021 11:37:33] "POST /v1/agent/heartbeat/ HTTP/1.1 200 60" 0.041179  Go-http-client/1.1
2021/08/15 11:37:43.670  [M] [router.go:1014]  ::1 - - [15/Aug/2021 11:37:43] "GET /v1/agent/config/?uuid=54c5b5660d8d4962b86315575d42e5bb&version= HTTP/1.1 200 0" 0.017532  Go-http-client/1.1
2021/08/15 11:37:43.741  [M] [router.go:1014]  ::1 - - [15/Aug/2021 11:37:43] "POST /v1/agent/heartbeat/ HTTP/1.1 200 60" 0.089243  Go-http-client/1.1
2021/08/15 11:37:53.587  [M] [router.go:1014]  ::1 - - [15/Aug/2021 11:37:53] "GET /v1/agent/config/?uuid=54c5b5660d8d4962b86315575d42e5bb&version= HTTP/1.1 200 0" 0.002398  Go-http-client/1.1
2021/08/15 11:37:53.625  [M] [router.go:1014]  ::1 - - [15/Aug/2021 11:37:53] "POST /v1/agent/heartbeat/ HTTP/1.1 200 60" 0.040674  Go-http-client/1.1
2021/08/15 11:38:03.609  [M] [router.go:1014]  ::1 - - [15/Aug/2021 11:38:03] "GET /v1/agent/config/?uuid=54c5b5660d8d4962b86315575d42e5bb&version= HTTP/1.1 200 0" 0.005111  Go-http-client/1.1
2021/08/15 11:38:03.676  [M] [router.go:1014]  ::1 - - [15/Aug/2021 11:38:03] "POST /v1/agent/heartbeat/ HTTP/1.1 200 60" 0.070617  Go-http-client/1.1
2021/08/15 11:38:13.585  [M] [router.go:1014]  ::1 - - [15/Aug/2021 11:38:13] "GET /v1/agent/config/?uuid=54c5b5660d8d4962b86315575d42e5bb&version= HTTP/1.1 200 0" 0.000532  Go-http-client/1.1
2021/08/15 11:38:13.616  [M] [router.go:1014]  ::1 - - [15/Aug/2021 11:38:13] "POST /v1/agent/heartbeat/ HTTP/1.1 200 60" 0.031865  Go-http-client/1.1
2021/08/15 11:38:23.586  [M] [router.go:1014]  ::1 - - [15/Aug/2021 11:38:23] "GET /v1/agent/config/?uuid=54c5b5660d8d4962b86315575d42e5bb&version= HTTP/1.1 200 0" 0.000638  Go-http-client/1.1
2021/08/15 11:38:23.623  [M] [router.go:1014]  ::1 - - [15/Aug/2021 11:38:23] "POST /v1/agent/heartbeat/ HTTP/1.1 200 60" 0.037073  Go-http-client/1.1
2021/08/15 11:38:33.585  [M] [router.go:1014]  ::1 - - [15/Aug/2021 11:38:33] "GET /v1/agent/config/?uuid=54c5b5660d8d4962b86315575d42e5bb&version= HTTP/1.1 200 0" 0.000000  Go-http-client/1.1
2021/08/15 11:38:33.616  [M] [router.go:1014]  ::1 - - [15/Aug/2021 11:38:33] "POST /v1/agent/heartbeat/ HTTP/1.1 200 60" 0.030585  Go-http-client/1.1
2021/08/15 11:38:43.590  [M] [router.go:1014]  ::1 - - [15/Aug/2021 11:38:43] "GET /v1/agent/config/?uuid=54c5b5660d8d4962b86315575d42e5bb&version= HTTP/1.1 200 0" 0.001313  Go-http-client/1.1
2021/08/15 11:38:43.620  [M] [router.go:1014]  ::1 - - [15/Aug/2021 11:38:43] "POST /v1/agent/heartbeat/ HTTP/1.1 200 60" 0.032063  Go-http-client/1.1
2021/08/15 11:38:53.585  [M] [router.go:1014]  ::1 - - [15/Aug/2021 11:38:53] "GET /v1/agent/config/?uuid=54c5b5660d8d4962b86315575d42e5bb&version= HTTP/1.1 200 0" 0.000532  Go-http-client/1.1
2021/08/15 11:38:53.616  [M] [router.go:1014]  ::1 - - [15/Aug/2021 11:38:53] "POST /v1/agent/heartbeat/ HTTP/1.1 200 60" 0.031033  Go-http-client/1.1
2021/08/15 11:39:03.588  [M] [router.go:1014]  ::1 - - [15/Aug/2021 11:39:03] "GET /v1/agent/config/?uuid=54c5b5660d8d4962b86315575d42e5bb&version= HTTP/1.1 200 0" 0.001010  Go-http-client/1.1
2021/08/15 11:39:03.628  [M] [router.go:1014]  ::1 - - [15/Aug/2021 11:39:03] "POST /v1/agent/heartbeat/ HTTP/1.1 200 60" 0.040348  Go-http-client/1.1
2021/08/15 11:39:13.594  [M] [router.go:1014]  ::1 - - [15/Aug/2021 11:39:13] "GET /v1/agent/config/?uuid=54c5b5660d8d4962b86315575d42e5bb&version= HTTP/1.1 200 0" 0.001404  Go-http-client/1.1
2021/08/15 11:39:13.683  [M] [router.go:1014]  ::1 - - [15/Aug/2021 11:39:13] "POST /v1/agent/heartbeat/ HTTP/1.1 200 60" 0.089900  Go-http-client/1.1
2021/08/15 11:39:23.587  [M] [router.go:1014]  ::1 - - [15/Aug/2021 11:39:23] "GET /v1/agent/config/?uuid=54c5b5660d8d4962b86315575d42e5bb&version= HTTP/1.1 200 0" 0.000000  Go-http-client/1.1
2021/08/15 11:39:23.627  [M] [router.go:1014]  ::1 - - [15/Aug/2021 11:39:23] "POST /v1/agent/heartbeat/ HTTP/1.1 200 60" 0.040940  Go-http-client/1.1
2021/08/15 11:39:33.620  [M] [router.go:1014]  ::1 - - [15/Aug/2021 11:39:33] "GET /v1/agent/config/?uuid=54c5b5660d8d4962b86315575d42e5bb&version= HTTP/1.1 200 0" 0.003899  Go-http-client/1.1
2021/08/15 11:39:33.761  [M] [router.go:1014]  ::1 - - [15/Aug/2021 11:39:33] "POST /v1/agent/heartbeat/ HTTP/1.1 200 60" 0.144458  Go-http-client/1.1
2021/08/15 11:39:43.588  [M] [router.go:1014]  ::1 - - [15/Aug/2021 11:39:43] "GET /v1/agent/config/?uuid=54c5b5660d8d4962b86315575d42e5bb&version= HTTP/1.1 200 0" 0.002993  Go-http-client/1.1
2021/08/15 11:39:43.658  [M] [router.go:1014]  ::1 - - [15/Aug/2021 11:39:43] "POST /v1/agent/heartbeat/ HTTP/1.1 200 60" 0.072660  Go-http-client/1.1
2021/08/15 11:39:53.586  [M] [router.go:1014]  ::1 - - [15/Aug/2021 11:39:53] "GET /v1/agent/config/?uuid=54c5b5660d8d4962b86315575d42e5bb&version= HTTP/1.1 200 0" 0.000000  Go-http-client/1.1
2021/08/15 11:39:53.631  [M] [router.go:1014]  ::1 - - [15/Aug/2021 11:39:53] "POST /v1/agent/heartbeat/ HTTP/1.1 200 60" 0.045488  Go-http-client/1.1
2021/08/15 11:40:03.592  [M] [router.go:1014]  ::1 - - [15/Aug/2021 11:40:03] "GET /v1/agent/config/?uuid=54c5b5660d8d4962b86315575d42e5bb&version= HTTP/1.1 200 0" 0.001999  Go-http-client/1.1
2021/08/15 11:40:03.665  [M] [router.go:1014]  ::1 - - [15/Aug/2021 11:40:03] "POST /v1/agent/heartbeat/ HTTP/1.1 200 60" 0.076897  Go-http-client/1.1
2021/08/15 11:40:13.634  [M] [router.go:1014]  ::1 - - [15/Aug/2021 11:40:13] "GET /v1/agent/config/?uuid=54c5b5660d8d4962b86315575d42e5bb&version= HTTP/1.1 200 0" 0.018908  Go-http-client/1.1
2021/08/15 11:40:13.928  [M] [router.go:1014]  ::1 - - [15/Aug/2021 11:40:13] "POST /v1/agent/heartbeat/ HTTP/1.1 200 60" 0.312394  Go-http-client/1.1
2021/08/15 11:40:23.588  [M] [router.go:1014]  ::1 - - [15/Aug/2021 11:40:23] "GET /v1/agent/config/?uuid=54c5b5660d8d4962b86315575d42e5bb&version= HTTP/1.1 200 0" 0.000560  Go-http-client/1.1
2021/08/15 11:40:23.618  [M] [router.go:1014]  ::1 - - [15/Aug/2021 11:40:23] "POST /v1/agent/heartbeat/ HTTP/1.1 200 60" 0.030595  Go-http-client/1.1
2021/08/15 11:40:33.589  [M] [router.go:1014]  ::1 - - [15/Aug/2021 11:40:33] "GET /v1/agent/config/?uuid=54c5b5660d8d4962b86315575d42e5bb&version= HTTP/1.1 200 0" 0.000990  Go-http-client/1.1
2021/08/15 11:40:33.621  [M] [router.go:1014]  ::1 - - [15/Aug/2021 11:40:33] "POST /v1/agent/heartbeat/ HTTP/1.1 200 60" 0.033052  Go-http-client/1.1
2021/08/15 11:40:43.587  [M] [router.go:1014]  ::1 - - [15/Aug/2021 11:40:43] "GET /v1/agent/config/?uuid=54c5b5660d8d4962b86315575d42e5bb&version= HTTP/1.1 200 0" 0.001224  Go-http-client/1.1
2021/08/15 11:40:43.635  [M] [router.go:1014]  ::1 - - [15/Aug/2021 11:40:43] "POST /v1/agent/heartbeat/ HTTP/1.1 200 60" 0.049401  Go-http-client/1.1
2021/08/15 11:40:53.585  [M] [router.go:1014]  ::1 - - [15/Aug/2021 11:40:53] "GET /v1/agent/config/?uuid=54c5b5660d8d4962b86315575d42e5bb&version= HTTP/1.1 200 0" 0.000566  Go-http-client/1.1
2021/08/15 11:40:53.623  [M] [router.go:1014]  ::1 - - [15/Aug/2021 11:40:53] "POST /v1/agent/heartbeat/ HTTP/1.1 200 60" 0.038199  Go-http-client/1.1
2021/08/15 11:41:03.586  [M] [router.go:1014]  ::1 - - [15/Aug/2021 11:41:03] "GET /v1/agent/config/?uuid=54c5b5660d8d4962b86315575d42e5bb&version= HTTP/1.1 200 0" 0.001017  Go-http-client/1.1
2021/08/15 11:41:03.617  [M] [router.go:1014]  ::1 - - [15/Aug/2021 11:41:03] "POST /v1/agent/heartbeat/ HTTP/1.1 200 60" 0.031807  Go-http-client/1.1
2021/08/15 11:41:13.585  [M] [router.go:1014]  ::1 - - [15/Aug/2021 11:41:13] "GET /v1/agent/config/?uuid=54c5b5660d8d4962b86315575d42e5bb&version= HTTP/1.1 200 0" 0.000529  Go-http-client/1.1
2021/08/15 11:41:13.621  [M] [router.go:1014]  ::1 - - [15/Aug/2021 11:41:13] "POST /v1/agent/heartbeat/ HTTP/1.1 200 60" 0.036713  Go-http-client/1.1
2021/08/15 11:41:23.596  [M] [router.go:1014]  ::1 - - [15/Aug/2021 11:41:23] "GET /v1/agent/config/?uuid=54c5b5660d8d4962b86315575d42e5bb&version= HTTP/1.1 200 0" 0.003047  Go-http-client/1.1
2021/08/15 11:41:23.692  [M] [router.go:1014]  ::1 - - [15/Aug/2021 11:41:23] "POST /v1/agent/heartbeat/ HTTP/1.1 200 60" 0.098368  Go-http-client/1.1
2021/08/15 11:41:33.585  [M] [router.go:1014]  ::1 - - [15/Aug/2021 11:41:33] "GET /v1/agent/config/?uuid=54c5b5660d8d4962b86315575d42e5bb&version= HTTP/1.1 200 0" 0.000526  Go-http-client/1.1
2021/08/15 11:41:33.621  [M] [router.go:1014]  ::1 - - [15/Aug/2021 11:41:33] "POST /v1/agent/heartbeat/ HTTP/1.1 200 60" 0.036053  Go-http-client/1.1
2021/08/15 11:41:43.593  [M] [router.go:1014]  ::1 - - [15/Aug/2021 11:41:43] "GET /v1/agent/config/?uuid=54c5b5660d8d4962b86315575d42e5bb&version= HTTP/1.1 200 0" 0.000953  Go-http-client/1.1
2021/08/15 11:41:43.677  [M] [router.go:1014]  ::1 - - [15/Aug/2021 11:41:43] "POST /v1/agent/heartbeat/ HTTP/1.1 200 60" 0.084999  Go-http-client/1.1
2021/08/15 11:41:53.585  [M] [router.go:1014]  ::1 - - [15/Aug/2021 11:41:53] "GET /v1/agent/config/?uuid=54c5b5660d8d4962b86315575d42e5bb&version= HTTP/1.1 200 0" 0.000000  Go-http-client/1.1
2021/08/15 11:41:53.627  [M] [router.go:1014]  ::1 - - [15/Aug/2021 11:41:53] "POST /v1/agent/heartbeat/ HTTP/1.1 200 60" 0.041877  Go-http-client/1.1
2021/08/15 11:42:03.588  [M] [router.go:1014]  ::1 - - [15/Aug/2021 11:42:03] "GET /v1/agent/config/?uuid=54c5b5660d8d4962b86315575d42e5bb&version= HTTP/1.1 200 0" 0.001001  Go-http-client/1.1
2021/08/15 11:42:03.649  [M] [router.go:1014]  ::1 - - [15/Aug/2021 11:42:03] "POST /v1/agent/heartbeat/ HTTP/1.1 200 60" 0.061619  Go-http-client/1.1
2021/08/15 11:42:13.586  [M] [router.go:1014]  ::1 - - [15/Aug/2021 11:42:13] "GET /v1/agent/config/?uuid=54c5b5660d8d4962b86315575d42e5bb&version= HTTP/1.1 200 0" 0.000993  Go-http-client/1.1
2021/08/15 11:42:13.629  [M] [router.go:1014]  ::1 - - [15/Aug/2021 11:42:13] "POST /v1/agent/heartbeat/ HTTP/1.1 200 60" 0.043905  Go-http-client/1.1
2021/08/15 11:42:23.587  [M] [router.go:1014]  ::1 - - [15/Aug/2021 11:42:23] "GET /v1/agent/config/?uuid=54c5b5660d8d4962b86315575d42e5bb&version= HTTP/1.1 200 0" 0.000553  Go-http-client/1.1
2021/08/15 11:42:23.657  [M] [router.go:1014]  ::1 - - [15/Aug/2021 11:42:23] "POST /v1/agent/heartbeat/ HTTP/1.1 200 60" 0.070074  Go-http-client/1.1
2021/08/15 11:42:33.607  [M] [router.go:1014]  ::1 - - [15/Aug/2021 11:42:33] "GET /v1/agent/config/?uuid=54c5b5660d8d4962b86315575d42e5bb&version= HTTP/1.1 200 0" 0.008567  Go-http-client/1.1
2021/08/15 11:42:33.677  [M] [router.go:1014]  ::1 - - [15/Aug/2021 11:42:33] "POST /v1/agent/heartbeat/ HTTP/1.1 200 60" 0.078770  Go-http-client/1.1
2021/08/15 11:42:43.588  [M] [router.go:1014]  ::1 - - [15/Aug/2021 11:42:43] "GET /v1/agent/config/?uuid=54c5b5660d8d4962b86315575d42e5bb&version= HTTP/1.1 200 0" 0.000552  Go-http-client/1.1
2021/08/15 11:42:43.627  [M] [router.go:1014]  ::1 - - [15/Aug/2021 11:42:43] "POST /v1/agent/heartbeat/ HTTP/1.1 200 60" 0.038545  Go-http-client/1.1
2021/08/15 11:42:53.587  [M] [router.go:1014]  ::1 - - [15/Aug/2021 11:42:53] "GET /v1/agent/config/?uuid=54c5b5660d8d4962b86315575d42e5bb&version= HTTP/1.1 200 0" 0.000976  Go-http-client/1.1
2021/08/15 11:42:53.632  [M] [router.go:1014]  ::1 - - [15/Aug/2021 11:42:53] "POST /v1/agent/heartbeat/ HTTP/1.1 200 60" 0.044719  Go-http-client/1.1
2021/08/15 11:43:03.607  [M] [router.go:1014]  ::1 - - [15/Aug/2021 11:43:03] "GET /v1/agent/config/?uuid=54c5b5660d8d4962b86315575d42e5bb&version= HTTP/1.1 200 0" 0.006717  Go-http-client/1.1
2021/08/15 11:43:03.736  [M] [router.go:1014]  ::1 - - [15/Aug/2021 11:43:03] "POST /v1/agent/heartbeat/ HTTP/1.1 200 60" 0.135731  Go-http-client/1.1
2021/08/15 11:43:13.587  [M] [router.go:1014]  ::1 - - [15/Aug/2021 11:43:13] "GET /v1/agent/config/?uuid=54c5b5660d8d4962b86315575d42e5bb&version= HTTP/1.1 200 0" 0.000530  Go-http-client/1.1
2021/08/15 11:43:13.619  [M] [router.go:1014]  ::1 - - [15/Aug/2021 11:43:13] "POST /v1/agent/heartbeat/ HTTP/1.1 200 60" 0.032834  Go-http-client/1.1
2021/08/15 11:43:23.587  [M] [router.go:1014]  ::1 - - [15/Aug/2021 11:43:23] "GET /v1/agent/config/?uuid=54c5b5660d8d4962b86315575d42e5bb&version= HTTP/1.1 200 0" 0.001255  Go-http-client/1.1
2021/08/15 11:43:23.625  [M] [router.go:1014]  ::1 - - [15/Aug/2021 11:43:23] "POST /v1/agent/heartbeat/ HTTP/1.1 200 60" 0.038055  Go-http-client/1.1
2021/08/15 11:43:33.589  [M] [router.go:1014]  ::1 - - [15/Aug/2021 11:43:33] "GET /v1/agent/config/?uuid=54c5b5660d8d4962b86315575d42e5bb&version= HTTP/1.1 200 0" 0.000696  Go-http-client/1.1
2021/08/15 11:43:33.618  [M] [router.go:1014]  ::1 - - [15/Aug/2021 11:43:33] "POST /v1/agent/heartbeat/ HTTP/1.1 200 60" 0.030815  Go-http-client/1.1
2021/08/15 11:43:43.594  [M] [router.go:1014]  ::1 - - [15/Aug/2021 11:43:43] "GET /v1/agent/config/?uuid=54c5b5660d8d4962b86315575d42e5bb&version= HTTP/1.1 200 0" 0.002133  Go-http-client/1.1
2021/08/15 11:43:43.645  [M] [router.go:1014]  ::1 - - [15/Aug/2021 11:43:43] "POST /v1/agent/heartbeat/ HTTP/1.1 200 60" 0.052776  Go-http-client/1.1
2021/08/15 11:43:53.592  [M] [router.go:1014]  ::1 - - [15/Aug/2021 11:43:53] "GET /v1/agent/config/?uuid=54c5b5660d8d4962b86315575d42e5bb&version= HTTP/1.1 200 0" 0.002929  Go-http-client/1.1
2021/08/15 11:43:53.665  [M] [router.go:1014]  ::1 - - [15/Aug/2021 11:43:53] "POST /v1/agent/heartbeat/ HTTP/1.1 200 60" 0.075014  Go-http-client/1.1
2021/08/15 11:44:03.588  [M] [router.go:1014]  ::1 - - [15/Aug/2021 11:44:03] "GET /v1/agent/config/?uuid=54c5b5660d8d4962b86315575d42e5bb&version= HTTP/1.1 200 0" 0.000680  Go-http-client/1.1
2021/08/15 11:44:03.629  [M] [router.go:1014]  ::1 - - [15/Aug/2021 11:44:03] "POST /v1/agent/heartbeat/ HTTP/1.1 200 60" 0.041183  Go-http-client/1.1
2021/08/15 11:44:13.591  [M] [router.go:1014]  ::1 - - [15/Aug/2021 11:44:13] "GET /v1/agent/config/?uuid=54c5b5660d8d4962b86315575d42e5bb&version= HTTP/1.1 200 0" 0.000998  Go-http-client/1.1
2021/08/15 11:44:13.678  [M] [router.go:1014]  ::1 - - [15/Aug/2021 11:44:13] "POST /v1/agent/heartbeat/ HTTP/1.1 200 60" 0.087707  Go-http-client/1.1
2021/08/15 11:44:23.589  [M] [router.go:1014]  ::1 - - [15/Aug/2021 11:44:23] "GET /v1/agent/config/?uuid=54c5b5660d8d4962b86315575d42e5bb&version= HTTP/1.1 200 0" 0.000860  Go-http-client/1.1
2021/08/15 11:44:23.622  [M] [router.go:1014]  ::1 - - [15/Aug/2021 11:44:23] "POST /v1/agent/heartbeat/ HTTP/1.1 200 60" 0.034287  Go-http-client/1.1
2021/08/15 11:44:33.599  [M] [router.go:1014]  ::1 - - [15/Aug/2021 11:44:33] "GET /v1/agent/config/?uuid=54c5b5660d8d4962b86315575d42e5bb&version= HTTP/1.1 200 0" 0.005523  Go-http-client/1.1
2021/08/15 11:44:33.690  [M] [router.go:1014]  ::1 - - [15/Aug/2021 11:44:33] "POST /v1/agent/heartbeat/ HTTP/1.1 200 60" 0.097345  Go-http-client/1.1
2021/08/15 11:44:43.593  [M] [router.go:1014]  ::1 - - [15/Aug/2021 11:44:43] "GET /v1/agent/config/?uuid=54c5b5660d8d4962b86315575d42e5bb&version= HTTP/1.1 200 0" 0.000977  Go-http-client/1.1
2021/08/15 11:44:43.656  [M] [router.go:1014]  ::1 - - [15/Aug/2021 11:44:43] "POST /v1/agent/heartbeat/ HTTP/1.1 200 60" 0.063210  Go-http-client/1.1
2021/08/15 11:44:53.590  [M] [router.go:1014]  ::1 - - [15/Aug/2021 11:44:53] "GET /v1/agent/config/?uuid=54c5b5660d8d4962b86315575d42e5bb&version= HTTP/1.1 200 0" 0.001569  Go-http-client/1.1
2021/08/15 11:44:53.624  [M] [router.go:1014]  ::1 - - [15/Aug/2021 11:44:53] "POST /v1/agent/heartbeat/ HTTP/1.1 200 60" 0.036093  Go-http-client/1.1
2021/08/15 11:45:03.596  [M] [router.go:1014]  ::1 - - [15/Aug/2021 11:45:03] "GET /v1/agent/config/?uuid=54c5b5660d8d4962b86315575d42e5bb&version= HTTP/1.1 200 0" 0.003814  Go-http-client/1.1
2021/08/15 11:45:03.677  [M] [router.go:1014]  ::1 - - [15/Aug/2021 11:45:03] "POST /v1/agent/heartbeat/ HTTP/1.1 200 60" 0.084762  Go-http-client/1.1
2021/08/15 11:45:13.592  [M] [router.go:1014]  ::1 - - [15/Aug/2021 11:45:13] "GET /v1/agent/config/?uuid=54c5b5660d8d4962b86315575d42e5bb&version= HTTP/1.1 200 0" 0.004165  Go-http-client/1.1
2021/08/15 11:45:13.703  [M] [router.go:1014]  ::1 - - [15/Aug/2021 11:45:13] "POST /v1/agent/heartbeat/ HTTP/1.1 200 60" 0.115287  Go-http-client/1.1
2021/08/15 11:45:23.591  [M] [router.go:1014]  ::1 - - [15/Aug/2021 11:45:23] "GET /v1/agent/config/?uuid=54c5b5660d8d4962b86315575d42e5bb&version= HTTP/1.1 200 0" 0.003009  Go-http-client/1.1
2021/08/15 11:45:23.639  [M] [router.go:1014]  ::1 - - [15/Aug/2021 11:45:23] "POST /v1/agent/heartbeat/ HTTP/1.1 200 60" 0.051285  Go-http-client/1.1
2021/08/15 11:45:33.609  [M] [router.go:1014]  ::1 - - [15/Aug/2021 11:45:33] "GET /v1/agent/config/?uuid=54c5b5660d8d4962b86315575d42e5bb&version= HTTP/1.1 200 0" 0.008720  Go-http-client/1.1
2021/08/15 11:45:33.745  [M] [router.go:1014]  ::1 - - [15/Aug/2021 11:45:33] "POST /v1/agent/heartbeat/ HTTP/1.1 200 60" 0.120964  Go-http-client/1.1
2021/08/15 11:45:43.589  [M] [router.go:1014]  ::1 - - [15/Aug/2021 11:45:43] "GET /v1/agent/config/?uuid=54c5b5660d8d4962b86315575d42e5bb&version= HTTP/1.1 200 0" 0.000297  Go-http-client/1.1
2021/08/15 11:45:43.638  [M] [router.go:1014]  ::1 - - [15/Aug/2021 11:45:43] "POST /v1/agent/heartbeat/ HTTP/1.1 200 60" 0.049707  Go-http-client/1.1
2021/08/15 11:45:53.587  [M] [router.go:1014]  ::1 - - [15/Aug/2021 11:45:53] "GET /v1/agent/config/?uuid=54c5b5660d8d4962b86315575d42e5bb&version= HTTP/1.1 200 0" 0.000000  Go-http-client/1.1
2021/08/15 11:45:53.687  [M] [router.go:1014]  ::1 - - [15/Aug/2021 11:45:53] "POST /v1/agent/heartbeat/ HTTP/1.1 200 60" 0.099964  Go-http-client/1.1
2021/08/15 11:46:03.595  [M] [router.go:1014]  ::1 - - [15/Aug/2021 11:46:03] "GET /v1/agent/config/?uuid=54c5b5660d8d4962b86315575d42e5bb&version= HTTP/1.1 200 0" 0.001000  Go-http-client/1.1
2021/08/15 11:46:03.676  [M] [router.go:1014]  ::1 - - [15/Aug/2021 11:46:03] "POST /v1/agent/heartbeat/ HTTP/1.1 200 60" 0.082350  Go-http-client/1.1
2021/08/15 11:46:13.588  [M] [router.go:1014]  ::1 - - [15/Aug/2021 11:46:13] "GET /v1/agent/config/?uuid=54c5b5660d8d4962b86315575d42e5bb&version= HTTP/1.1 200 0" 0.000000  Go-http-client/1.1
2021/08/15 11:46:13.633  [M] [router.go:1014]  ::1 - - [15/Aug/2021 11:46:13] "POST /v1/agent/heartbeat/ HTTP/1.1 200 60" 0.045983  Go-http-client/1.1
2021/08/15 11:46:23.598  [M] [router.go:1014]  ::1 - - [15/Aug/2021 11:46:23] "GET /v1/agent/config/?uuid=54c5b5660d8d4962b86315575d42e5bb&version= HTTP/1.1 200 0" 0.002181  Go-http-client/1.1
2021/08/15 11:46:23.661  [M] [router.go:1014]  ::1 - - [15/Aug/2021 11:46:23] "POST /v1/agent/heartbeat/ HTTP/1.1 200 60" 0.064609  Go-http-client/1.1
2021/08/15 11:46:33.586  [M] [router.go:1014]  ::1 - - [15/Aug/2021 11:46:33] "GET /v1/agent/config/?uuid=54c5b5660d8d4962b86315575d42e5bb&version= HTTP/1.1 200 0" 0.000000  Go-http-client/1.1
2021/08/15 11:46:33.617  [M] [router.go:1014]  ::1 - - [15/Aug/2021 11:46:33] "POST /v1/agent/heartbeat/ HTTP/1.1 200 60" 0.031320  Go-http-client/1.1
2021/08/15 11:46:43.599  [M] [router.go:1014]  ::1 - - [15/Aug/2021 11:46:43] "GET /v1/agent/config/?uuid=54c5b5660d8d4962b86315575d42e5bb&version= HTTP/1.1 200 0" 0.001009  Go-http-client/1.1
2021/08/15 11:46:43.667  [M] [router.go:1014]  ::1 - - [15/Aug/2021 11:46:43] "POST /v1/agent/heartbeat/ HTTP/1.1 200 60" 0.069210  Go-http-client/1.1
2021/08/15 11:46:53.597  [M] [router.go:1014]  ::1 - - [15/Aug/2021 11:46:53] "GET /v1/agent/config/?uuid=54c5b5660d8d4962b86315575d42e5bb&version= HTTP/1.1 200 0" 0.001484  Go-http-client/1.1
2021/08/15 11:46:53.718  [M] [router.go:1014]  ::1 - - [15/Aug/2021 11:46:53] "POST /v1/agent/heartbeat/ HTTP/1.1 200 60" 0.122410  Go-http-client/1.1
2021/08/15 11:47:03.589  [M] [router.go:1014]  ::1 - - [15/Aug/2021 11:47:03] "GET /v1/agent/config/?uuid=54c5b5660d8d4962b86315575d42e5bb&version= HTTP/1.1 200 0" 0.001452  Go-http-client/1.1
2021/08/15 11:47:03.640  [M] [router.go:1014]  ::1 - - [15/Aug/2021 11:47:03] "POST /v1/agent/heartbeat/ HTTP/1.1 200 60" 0.052038  Go-http-client/1.1
2021/08/15 11:47:13.602  [M] [router.go:1014]  ::1 - - [15/Aug/2021 11:47:13] "GET /v1/agent/config/?uuid=54c5b5660d8d4962b86315575d42e5bb&version= HTTP/1.1 200 0" 0.005004  Go-http-client/1.1
2021/08/15 11:47:13.690  [M] [router.go:1014]  ::1 - - [15/Aug/2021 11:47:13] "POST /v1/agent/heartbeat/ HTTP/1.1 200 60" 0.091341  Go-http-client/1.1
2021/08/15 11:47:23.611  [M] [router.go:1014]  ::1 - - [15/Aug/2021 11:47:23] "GET /v1/agent/config/?uuid=54c5b5660d8d4962b86315575d42e5bb&version= HTTP/1.1 200 0" 0.011295  Go-http-client/1.1
2021/08/15 11:47:23.695  [M] [router.go:1014]  ::1 - - [15/Aug/2021 11:47:23] "POST /v1/agent/heartbeat/ HTTP/1.1 200 60" 0.096229  Go-http-client/1.1
2021/08/15 11:47:33.604  [M] [router.go:1014]  ::1 - - [15/Aug/2021 11:47:33] "GET /v1/agent/config/?uuid=54c5b5660d8d4962b86315575d42e5bb&version= HTTP/1.1 200 0" 0.003227  Go-http-client/1.1
2021/08/15 11:47:33.663  [M] [router.go:1014]  ::1 - - [15/Aug/2021 11:47:33] "POST /v1/agent/heartbeat/ HTTP/1.1 200 60" 0.067574  Go-http-client/1.1
2021/08/15 11:47:43.589  [M] [router.go:1014]  ::1 - - [15/Aug/2021 11:47:43] "GET /v1/agent/config/?uuid=54c5b5660d8d4962b86315575d42e5bb&version= HTTP/1.1 200 0" 0.001994  Go-http-client/1.1
2021/08/15 11:47:43.627  [M] [router.go:1014]  ::1 - - [15/Aug/2021 11:47:43] "POST /v1/agent/heartbeat/ HTTP/1.1 200 60" 0.039613  Go-http-client/1.1
2021/08/15 11:47:53.615  [M] [router.go:1014]  ::1 - - [15/Aug/2021 11:47:53] "GET /v1/agent/config/?uuid=54c5b5660d8d4962b86315575d42e5bb&version= HTTP/1.1 200 0" 0.002654  Go-http-client/1.1
2021/08/15 11:47:53.757  [M] [router.go:1014]  ::1 - - [15/Aug/2021 11:47:53] "POST /v1/agent/heartbeat/ HTTP/1.1 200 60" 0.144973  Go-http-client/1.1
2021/08/15 11:48:03.597  [M] [router.go:1014]  ::1 - - [15/Aug/2021 11:48:03] "GET /v1/agent/config/?uuid=54c5b5660d8d4962b86315575d42e5bb&version= HTTP/1.1 200 0" 0.001803  Go-http-client/1.1
2021/08/15 11:48:03.644  [M] [router.go:1014]  ::1 - - [15/Aug/2021 11:48:03] "POST /v1/agent/heartbeat/ HTTP/1.1 200 60" 0.049061  Go-http-client/1.1
2021/08/15 11:48:13.588  [M] [router.go:1014]  ::1 - - [15/Aug/2021 11:48:13] "GET /v1/agent/config/?uuid=54c5b5660d8d4962b86315575d42e5bb&version= HTTP/1.1 200 0" 0.001442  Go-http-client/1.1
2021/08/15 11:48:13.633  [M] [router.go:1014]  ::1 - - [15/Aug/2021 11:48:13] "POST /v1/agent/heartbeat/ HTTP/1.1 200 60" 0.046426  Go-http-client/1.1
2021/08/15 11:48:23.615  [M] [router.go:1014]  ::1 - - [15/Aug/2021 11:48:23] "GET /v1/agent/config/?uuid=54c5b5660d8d4962b86315575d42e5bb&version= HTTP/1.1 200 0" 0.007532  Go-http-client/1.1
2021/08/15 11:48:23.742  [M] [router.go:1014]  ::1 - - [15/Aug/2021 11:48:23] "POST /v1/agent/heartbeat/ HTTP/1.1 200 60" 0.134286  Go-http-client/1.1
2021/08/15 11:48:33.591  [M] [router.go:1014]  ::1 - - [15/Aug/2021 11:48:33] "GET /v1/agent/config/?uuid=54c5b5660d8d4962b86315575d42e5bb&version= HTTP/1.1 200 0" 0.000997  Go-http-client/1.1
2021/08/15 11:48:33.643  [M] [router.go:1014]  ::1 - - [15/Aug/2021 11:48:33] "POST /v1/agent/heartbeat/ HTTP/1.1 200 60" 0.051801  Go-http-client/1.1
2021/08/15 11:48:43.634  [M] [router.go:1014]  ::1 - - [15/Aug/2021 11:48:43] "GET /v1/agent/config/?uuid=54c5b5660d8d4962b86315575d42e5bb&version= HTTP/1.1 200 0" 0.007232  Go-http-client/1.1
2021/08/15 11:48:43.745  [M] [router.go:1014]  ::1 - - [15/Aug/2021 11:48:43] "POST /v1/agent/heartbeat/ HTTP/1.1 200 60" 0.117455  Go-http-client/1.1
2021/08/15 11:48:53.593  [M] [router.go:1014]  ::1 - - [15/Aug/2021 11:48:53] "GET /v1/agent/config/?uuid=54c5b5660d8d4962b86315575d42e5bb&version= HTTP/1.1 200 0" 0.000942  Go-http-client/1.1
2021/08/15 11:48:53.637  [M] [router.go:1014]  ::1 - - [15/Aug/2021 11:48:53] "POST /v1/agent/heartbeat/ HTTP/1.1 200 60" 0.046378  Go-http-client/1.1
2021/08/15 11:49:03.590  [M] [router.go:1014]  ::1 - - [15/Aug/2021 11:49:03] "GET /v1/agent/config/?uuid=54c5b5660d8d4962b86315575d42e5bb&version= HTTP/1.1 200 0" 0.001234  Go-http-client/1.1
2021/08/15 11:49:03.626  [M] [router.go:1014]  ::1 - - [15/Aug/2021 11:49:03] "POST /v1/agent/heartbeat/ HTTP/1.1 200 60" 0.036031  Go-http-client/1.1
2021/08/15 11:49:13.587  [M] [router.go:1014]  ::1 - - [15/Aug/2021 11:49:13] "GET /v1/agent/config/?uuid=54c5b5660d8d4962b86315575d42e5bb&version= HTTP/1.1 200 0" 0.000000  Go-http-client/1.1
2021/08/15 11:49:13.624  [M] [router.go:1014]  ::1 - - [15/Aug/2021 11:49:13] "POST /v1/agent/heartbeat/ HTTP/1.1 200 60" 0.036834  Go-http-client/1.1
2021/08/15 11:49:23.585  [M] [router.go:1014]  ::1 - - [15/Aug/2021 11:49:23] "GET /v1/agent/config/?uuid=54c5b5660d8d4962b86315575d42e5bb&version= HTTP/1.1 200 0" 0.000000  Go-http-client/1.1
2021/08/15 11:49:23.623  [M] [router.go:1014]  ::1 - - [15/Aug/2021 11:49:23] "POST /v1/agent/heartbeat/ HTTP/1.1 200 60" 0.038903  Go-http-client/1.1
2021/08/15 11:49:33.585  [M] [router.go:1014]  ::1 - - [15/Aug/2021 11:49:33] "GET /v1/agent/config/?uuid=54c5b5660d8d4962b86315575d42e5bb&version= HTTP/1.1 200 0" 0.000000  Go-http-client/1.1
2021/08/15 11:49:33.628  [M] [router.go:1014]  ::1 - - [15/Aug/2021 11:49:33] "POST /v1/agent/heartbeat/ HTTP/1.1 200 60" 0.043001  Go-http-client/1.1
2021/08/15 11:49:43.591  [M] [router.go:1014]  ::1 - - [15/Aug/2021 11:49:43] "GET /v1/agent/config/?uuid=54c5b5660d8d4962b86315575d42e5bb&version= HTTP/1.1 200 0" 0.000538  Go-http-client/1.1
2021/08/15 11:49:43.636  [M] [router.go:1014]  ::1 - - [15/Aug/2021 11:49:43] "POST /v1/agent/heartbeat/ HTTP/1.1 200 60" 0.045919  Go-http-client/1.1
2021/08/15 11:49:53.585  [M] [router.go:1014]  ::1 - - [15/Aug/2021 11:49:53] "GET /v1/agent/config/?uuid=54c5b5660d8d4962b86315575d42e5bb&version= HTTP/1.1 200 0" 0.000538  Go-http-client/1.1
2021/08/15 11:49:53.619  [M] [router.go:1014]  ::1 - - [15/Aug/2021 11:49:53] "POST /v1/agent/heartbeat/ HTTP/1.1 200 60" 0.034199  Go-http-client/1.1
2021/08/15 11:50:03.588  [M] [router.go:1014]  ::1 - - [15/Aug/2021 11:50:03] "GET /v1/agent/config/?uuid=54c5b5660d8d4962b86315575d42e5bb&version= HTTP/1.1 200 0" 0.001043  Go-http-client/1.1
2021/08/15 11:50:03.663  [M] [router.go:1014]  ::1 - - [15/Aug/2021 11:50:03] "POST /v1/agent/heartbeat/ HTTP/1.1 200 60" 0.075437  Go-http-client/1.1
2021/08/15 11:50:13.585  [M] [router.go:1014]  ::1 - - [15/Aug/2021 11:50:13] "GET /v1/agent/config/?uuid=54c5b5660d8d4962b86315575d42e5bb&version= HTTP/1.1 200 0" 0.000531  Go-http-client/1.1
2021/08/15 11:50:13.627  [M] [router.go:1014]  ::1 - - [15/Aug/2021 11:50:13] "POST /v1/agent/heartbeat/ HTTP/1.1 200 60" 0.042714  Go-http-client/1.1
2021/08/15 11:50:23.667  [M] [router.go:1014]  ::1 - - [15/Aug/2021 11:50:23] "GET /v1/agent/config/?uuid=54c5b5660d8d4962b86315575d42e5bb&version= HTTP/1.1 200 0" 0.009269  Go-http-client/1.1
2021/08/15 11:50:23.816  [M] [router.go:1014]  ::1 - - [15/Aug/2021 11:50:23] "POST /v1/agent/heartbeat/ HTTP/1.1 200 60" 0.158388  Go-http-client/1.1
2021/08/15 11:50:33.591  [M] [router.go:1014]  ::1 - - [15/Aug/2021 11:50:33] "GET /v1/agent/config/?uuid=54c5b5660d8d4962b86315575d42e5bb&version= HTTP/1.1 200 0" 0.002006  Go-http-client/1.1
2021/08/15 11:50:33.697  [M] [router.go:1014]  ::1 - - [15/Aug/2021 11:50:33] "POST /v1/agent/heartbeat/ HTTP/1.1 200 60" 0.108909  Go-http-client/1.1
2021/08/15 11:50:43.587  [M] [router.go:1014]  ::1 - - [15/Aug/2021 11:50:43] "GET /v1/agent/config/?uuid=54c5b5660d8d4962b86315575d42e5bb&version= HTTP/1.1 200 0" 0.000263  Go-http-client/1.1
2021/08/15 11:50:43.614  [M] [router.go:1014]  ::1 - - [15/Aug/2021 11:50:43] "POST /v1/agent/heartbeat/ HTTP/1.1 200 60" 0.029498  Go-http-client/1.1
2021/08/15 11:50:53.589  [M] [router.go:1014]  ::1 - - [15/Aug/2021 11:50:53] "GET /v1/agent/config/?uuid=54c5b5660d8d4962b86315575d42e5bb&version= HTTP/1.1 200 0" 0.001224  Go-http-client/1.1
2021/08/15 11:50:53.662  [M] [router.go:1014]  ::1 - - [15/Aug/2021 11:50:53] "POST /v1/agent/heartbeat/ HTTP/1.1 200 60" 0.074320  Go-http-client/1.1
2021/08/15 11:51:16.409  [I] [parser.go:413]  generate router from comments
2021/08/15 11:51:16.416  [I] [server.go:208]  https server Running on https://:8888
