0001/01/01 00:00:00.000  [M] [log.go:191]  [HTTP] http: TLS handshake error from 127.0.0.1:58897: remote error: tls: unknown certificate
2021/08/15 19:07:32.213  [M] [router.go:1014]  ::1 - - [15/Aug/2021 07:07:32] "GET /prometheusalert/query HTTP/2.0 200 0" 0.052940  Mozilla/5.0 (Windows NT 10.0; Win64; x64) AppleWebKit/537.36 (KHTML, like Gecko) Chrome/92.0.4515.131 Safari/537.36
2021/08/15 19:08:34.882  [M] [router.go:1014]  ::1 - - [15/Aug/2021 07:08:34] "GET /prometheusalert/query HTTP/2.0 200 0" 0.061471  Mozilla/5.0 (Windows NT 10.0; Win64; x64) AppleWebKit/537.36 (KHTML, like Gecko) Chrome/92.0.4515.131 Safari/537.36
2021/08/15 19:09:34.082  [M] [router.go:1014]  ::1 - - [15/Aug/2021 07:09:34] "GET /prometheusalert/query HTTP/2.0 200 0" 0.061394  Mozilla/5.0 (Windows NT 10.0; Win64; x64) AppleWebKit/537.36 (KHTML, like Gecko) Chrome/92.0.4515.131 Safari/537.36
2021/08/15 19:11:10.583  [M] [router.go:1014]  ::1 - - [15/Aug/2021 07:11:10] "GET /prometheusalert/query HTTP/2.0 200 0" 0.048846  Mozilla/5.0 (Windows NT 10.0; Win64; x64) AppleWebKit/537.36 (KHTML, like Gecko) Chrome/92.0.4515.131 Safari/537.36
2021/08/15 19:11:12.745  [M] [router.go:1014]  ::1 - - [15/Aug/2021 07:11:12] "GET /prometheusalert/query?p=3 HTTP/2.0 200 0" 0.020192 https://localhost:8888/prometheusalert/query Mozilla/5.0 (Windows NT 10.0; Win64; x64) AppleWebKit/537.36 (KHTML, like Gecko) Chrome/92.0.4515.131 Safari/537.36
2021/08/15 19:11:14.253  [M] [router.go:1014]  ::1 - - [15/Aug/2021 07:11:14] "GET /prometheusalert/query HTTP/2.0 200 0" 0.089684 https://localhost:8888/prometheusalert/query?p=3 Mozilla/5.0 (Windows NT 10.0; Win64; x64) AppleWebKit/537.36 (KHTML, like Gecko) Chrome/92.0.4515.131 Safari/537.36
2021/08/15 19:11:15.638  [M] [router.go:1014]  ::1 - - [15/Aug/2021 07:11:15] "GET /prometheusalert/query HTTP/2.0 200 0" 0.042765 https://localhost:8888/prometheusalert/query Mozilla/5.0 (Windows NT 10.0; Win64; x64) AppleWebKit/537.36 (KHTML, like Gecko) Chrome/92.0.4515.131 Safari/537.36
2021/08/15 19:11:16.254  [M] [router.go:1014]  ::1 - - [15/Aug/2021 07:11:16] "GET /prometheusalert/query HTTP/2.0 200 0" 0.042161 https://localhost:8888/prometheusalert/query Mozilla/5.0 (Windows NT 10.0; Win64; x64) AppleWebKit/537.36 (KHTML, like Gecko) Chrome/92.0.4515.131 Safari/537.36
2021/08/15 19:11:17.534  [M] [router.go:1014]  ::1 - - [15/Aug/2021 07:11:17] "GET /prometheusalert/query?p=2 HTTP/2.0 200 0" 0.045452 https://localhost:8888/prometheusalert/query Mozilla/5.0 (Windows NT 10.0; Win64; x64) AppleWebKit/537.36 (KHTML, like Gecko) Chrome/92.0.4515.131 Safari/537.36
2021/08/15 19:11:18.579  [M] [router.go:1014]  ::1 - - [15/Aug/2021 07:11:18] "GET /prometheusalert/query?p=3 HTTP/2.0 200 0" 0.030043 https://localhost:8888/prometheusalert/query?p=2 Mozilla/5.0 (Windows NT 10.0; Win64; x64) AppleWebKit/537.36 (KHTML, like Gecko) Chrome/92.0.4515.131 Safari/537.36
2021/08/15 19:11:20.527  [M] [router.go:1014]  ::1 - - [15/Aug/2021 07:11:20] "GET /prometheusalert/query?p=2 HTTP/2.0 200 0" 0.061303 https://localhost:8888/prometheusalert/query?p=3 Mozilla/5.0 (Windows NT 10.0; Win64; x64) AppleWebKit/537.36 (KHTML, like Gecko) Chrome/92.0.4515.131 Safari/537.36
2021/08/15 19:11:21.595  [M] [router.go:1014]  ::1 - - [15/Aug/2021 07:11:21] "GET /prometheusalert/query HTTP/2.0 200 0" 0.051260 https://localhost:8888/prometheusalert/query?p=2 Mozilla/5.0 (Windows NT 10.0; Win64; x64) AppleWebKit/537.36 (KHTML, like Gecko) Chrome/92.0.4515.131 Safari/537.36
2021/08/15 19:12:54.674  [D] [template.go:71]  template Execute err: template: prometheus/alert/query.html:66:70: executing "prometheus/alert/query.html" at <.paginator.PageLink>: can't evaluate field paginator in type int
2021/08/15 19:12:54.674  [E] [router.go:896]  template: prometheus/alert/query.html:66:70: executing "prometheus/alert/query.html" at <.paginator.PageLink>: can't evaluate field paginator in type int
2021/08/15 19:12:54.677  [M] [router.go:1014]  ::1 - - [15/Aug/2021 07:12:54] "GET /prometheusalert/query HTTP/2.0 200 0" 0.055180  Mozilla/5.0 (Windows NT 10.0; Win64; x64) AppleWebKit/537.36 (KHTML, like Gecko) Chrome/92.0.4515.131 Safari/537.36
2021/08/15 19:12:56.490  [D] [template.go:71]  template Execute err: template: prometheus/alert/query.html:66:70: executing "prometheus/alert/query.html" at <.paginator.PageLink>: can't evaluate field paginator in type int
2021/08/15 19:12:56.492  [E] [router.go:896]  template: prometheus/alert/query.html:66:70: executing "prometheus/alert/query.html" at <.paginator.PageLink>: can't evaluate field paginator in type int
2021/08/15 19:12:56.492  [M] [router.go:1014]  ::1 - - [15/Aug/2021 07:12:56] "GET /prometheusalert/query HTTP/2.0 200 0" 0.041743  Mozilla/5.0 (Windows NT 10.0; Win64; x64) AppleWebKit/537.36 (KHTML, like Gecko) Chrome/92.0.4515.131 Safari/537.36
2021/08/15 19:13:21.050  [M] [router.go:1014]  ::1 - - [15/Aug/2021 07:13:20] "GET /prometheusalert/query HTTP/2.0 200 0" 0.054997  Mozilla/5.0 (Windows NT 10.0; Win64; x64) AppleWebKit/537.36 (KHTML, like Gecko) Chrome/92.0.4515.131 Safari/537.36
2021/08/15 19:13:22.895  [M] [router.go:1014]  ::1 - - [15/Aug/2021 07:13:22] "GET /prometheusalert/query HTTP/2.0 200 0" 0.054711 https://localhost:8888/prometheusalert/query Mozilla/5.0 (Windows NT 10.0; Win64; x64) AppleWebKit/537.36 (KHTML, like Gecko) Chrome/92.0.4515.131 Safari/537.36
2021/08/15 19:13:23.535  [M] [router.go:1014]  ::1 - - [15/Aug/2021 07:13:23] "GET /prometheusalert/query?p=2 HTTP/2.0 200 0" 0.043371 https://localhost:8888/prometheusalert/query Mozilla/5.0 (Windows NT 10.0; Win64; x64) AppleWebKit/537.36 (KHTML, like Gecko) Chrome/92.0.4515.131 Safari/537.36
2021/08/15 19:13:24.106  [M] [router.go:1014]  ::1 - - [15/Aug/2021 07:13:24] "GET /prometheusalert/query?p=3 HTTP/2.0 200 0" 0.019995 https://localhost:8888/prometheusalert/query?p=2 Mozilla/5.0 (Windows NT 10.0; Win64; x64) AppleWebKit/537.36 (KHTML, like Gecko) Chrome/92.0.4515.131 Safari/537.36
2021/08/15 19:13:25.638  [M] [router.go:1014]  ::1 - - [15/Aug/2021 07:13:25] "GET /prometheusalert/query?p=2 HTTP/2.0 200 0" 0.047241 https://localhost:8888/prometheusalert/query?p=3 Mozilla/5.0 (Windows NT 10.0; Win64; x64) AppleWebKit/537.36 (KHTML, like Gecko) Chrome/92.0.4515.131 Safari/537.36
2021/08/15 19:13:26.319  [M] [router.go:1014]  ::1 - - [15/Aug/2021 07:13:26] "GET /prometheusalert/query HTTP/2.0 200 0" 0.046740 https://localhost:8888/prometheusalert/query?p=2 Mozilla/5.0 (Windows NT 10.0; Win64; x64) AppleWebKit/537.36 (KHTML, like Gecko) Chrome/92.0.4515.131 Safari/537.36
2021/08/15 19:13:30.397  [M] [router.go:1014]  ::1 - - [15/Aug/2021 07:13:30] "GET /prometheusalert/query HTTP/2.0 200 0" 0.050586 https://localhost:8888/prometheusalert/query Mozilla/5.0 (Windows NT 10.0; Win64; x64) AppleWebKit/537.36 (KHTML, like Gecko) Chrome/92.0.4515.131 Safari/537.36
2021/08/15 19:13:30.903  [M] [router.go:1014]  ::1 - - [15/Aug/2021 07:13:30] "GET /prometheusalert/query HTTP/2.0 200 0" 0.032124 https://localhost:8888/prometheusalert/query Mozilla/5.0 (Windows NT 10.0; Win64; x64) AppleWebKit/537.36 (KHTML, like Gecko) Chrome/92.0.4515.131 Safari/537.36
2021/08/15 19:15:03.869  [M] [router.go:1014]  ::1 - - [15/Aug/2021 07:15:03] "GET /prometheusalert/query HTTP/2.0 200 0" 0.068314  Mozilla/5.0 (Windows NT 10.0; Win64; x64) AppleWebKit/537.36 (KHTML, like Gecko) Chrome/92.0.4515.131 Safari/537.36
2021/08/15 19:15:06.011  [M] [router.go:1014]  ::1 - - [15/Aug/2021 07:15:05] "GET /prometheusalert/query?p=2 HTTP/2.0 200 0" 0.056190 https://localhost:8888/prometheusalert/query Mozilla/5.0 (Windows NT 10.0; Win64; x64) AppleWebKit/537.36 (KHTML, like Gecko) Chrome/92.0.4515.131 Safari/537.36
2021/08/15 19:15:06.639  [M] [router.go:1014]  ::1 - - [15/Aug/2021 07:15:06] "GET /prometheusalert/query?p=3 HTTP/2.0 200 0" 0.022849 https://localhost:8888/prometheusalert/query?p=2 Mozilla/5.0 (Windows NT 10.0; Win64; x64) AppleWebKit/537.36 (KHTML, like Gecko) Chrome/92.0.4515.131 Safari/537.36
2021/08/15 19:15:08.178  [M] [router.go:1014]  ::1 - - [15/Aug/2021 07:15:08] "GET /prometheusalert/query?p=2 HTTP/2.0 200 0" 0.048803 https://localhost:8888/prometheusalert/query?p=3 Mozilla/5.0 (Windows NT 10.0; Win64; x64) AppleWebKit/537.36 (KHTML, like Gecko) Chrome/92.0.4515.131 Safari/537.36
2021/08/15 19:15:08.979  [M] [router.go:1014]  ::1 - - [15/Aug/2021 07:15:08] "GET /prometheusalert/query HTTP/2.0 200 0" 0.039940 https://localhost:8888/prometheusalert/query?p=2 Mozilla/5.0 (Windows NT 10.0; Win64; x64) AppleWebKit/537.36 (KHTML, like Gecko) Chrome/92.0.4515.131 Safari/537.36
2021/08/15 19:15:10.161  [M] [router.go:1014]  ::1 - - [15/Aug/2021 07:15:10] "GET /prometheusalert/query?p=2 HTTP/2.0 200 0" 0.046799 https://localhost:8888/prometheusalert/query Mozilla/5.0 (Windows NT 10.0; Win64; x64) AppleWebKit/537.36 (KHTML, like Gecko) Chrome/92.0.4515.131 Safari/537.36
2021/08/15 19:15:11.997  [M] [router.go:1014]  ::1 - - [15/Aug/2021 07:15:11] "GET /prometheusalert/query?p=2 HTTP/2.0 200 0" 0.043762 https://localhost:8888/prometheusalert/query?p=2 Mozilla/5.0 (Windows NT 10.0; Win64; x64) AppleWebKit/537.36 (KHTML, like Gecko) Chrome/92.0.4515.131 Safari/537.36
2021/08/15 19:15:15.263  [M] [router.go:1014]  ::1 - - [15/Aug/2021 07:15:15] "GET /prometheusalert/query?p=2 HTTP/2.0 200 0" 0.049471 https://localhost:8888/prometheusalert/query?p=2 Mozilla/5.0 (Windows NT 10.0; Win64; x64) AppleWebKit/537.36 (KHTML, like Gecko) Chrome/92.0.4515.131 Safari/537.36
2021/08/15 19:16:17.109  [M] [router.go:1014]  ::1 - - [15/Aug/2021 07:16:17] "GET /prometheusalert/query?p=2 HTTP/2.0 200 0" 0.056077  Mozilla/5.0 (Windows NT 10.0; Win64; x64) AppleWebKit/537.36 (KHTML, like Gecko) Chrome/92.0.4515.131 Safari/537.36
2021/08/15 19:16:18.859  [M] [router.go:1014]  ::1 - - [15/Aug/2021 07:16:18] "GET /prometheusalert/query HTTP/2.0 200 0" 0.051285 https://localhost:8888/prometheusalert/query?p=2 Mozilla/5.0 (Windows NT 10.0; Win64; x64) AppleWebKit/537.36 (KHTML, like Gecko) Chrome/92.0.4515.131 Safari/537.36
2021/08/15 19:16:19.975  [M] [router.go:1014]  ::1 - - [15/Aug/2021 07:16:19] "GET /prometheusalert/query?p=2 HTTP/2.0 200 0" 0.050223 https://localhost:8888/prometheusalert/query Mozilla/5.0 (Windows NT 10.0; Win64; x64) AppleWebKit/537.36 (KHTML, like Gecko) Chrome/92.0.4515.131 Safari/537.36
2021/08/15 19:16:20.555  [M] [router.go:1014]  ::1 - - [15/Aug/2021 07:16:20] "GET /prometheusalert/query?p=3 HTTP/2.0 200 0" 0.031828 https://localhost:8888/prometheusalert/query?p=2 Mozilla/5.0 (Windows NT 10.0; Win64; x64) AppleWebKit/537.36 (KHTML, like Gecko) Chrome/92.0.4515.131 Safari/537.36
2021/08/15 19:16:23.066  [M] [router.go:1014]  ::1 - - [15/Aug/2021 07:16:23] "GET /prometheusalert/query?p=2 HTTP/2.0 200 0" 0.053328 https://localhost:8888/prometheusalert/query?p=3 Mozilla/5.0 (Windows NT 10.0; Win64; x64) AppleWebKit/537.36 (KHTML, like Gecko) Chrome/92.0.4515.131 Safari/537.36
2021/08/15 19:16:23.694  [M] [router.go:1014]  ::1 - - [15/Aug/2021 07:16:23] "GET /prometheusalert/query HTTP/2.0 200 0" 0.045738 https://localhost:8888/prometheusalert/query?p=2 Mozilla/5.0 (Windows NT 10.0; Win64; x64) AppleWebKit/537.36 (KHTML, like Gecko) Chrome/92.0.4515.131 Safari/537.36
2021/08/15 19:16:26.730  [M] [router.go:1014]  ::1 - - [15/Aug/2021 07:16:26] "POST /prometheusalert/query HTTP/2.0 200 3" 0.030902 https://localhost:8888/prometheusalert/query Mozilla/5.0 (Windows NT 10.0; Win64; x64) AppleWebKit/537.36 (KHTML, like Gecko) Chrome/92.0.4515.131 Safari/537.36
2021/08/15 19:16:29.268  [M] [router.go:1014]  ::1 - - [15/Aug/2021 07:16:29] "POST /prometheusalert/query HTTP/2.0 200 2" 0.056698 https://localhost:8888/prometheusalert/query Mozilla/5.0 (Windows NT 10.0; Win64; x64) AppleWebKit/537.36 (KHTML, like Gecko) Chrome/92.0.4515.131 Safari/537.36
2021/08/15 19:16:33.997  [M] [router.go:1014]  ::1 - - [15/Aug/2021 07:16:33] "POST /prometheusalert/query HTTP/2.0 200 7" 0.056596 https://localhost:8888/prometheusalert/query Mozilla/5.0 (Windows NT 10.0; Win64; x64) AppleWebKit/537.36 (KHTML, like Gecko) Chrome/92.0.4515.131 Safari/537.36
2021/08/15 19:16:37.408  [M] [router.go:1014]  ::1 - - [15/Aug/2021 07:16:37] "GET /prometheusalert/query?p=2 HTTP/2.0 200 0" 0.043950 https://localhost:8888/prometheusalert/query Mozilla/5.0 (Windows NT 10.0; Win64; x64) AppleWebKit/537.36 (KHTML, like Gecko) Chrome/92.0.4515.131 Safari/537.36
2021/08/15 19:16:38.007  [M] [router.go:1014]  ::1 - - [15/Aug/2021 07:16:37] "GET /prometheusalert/query?p=3 HTTP/2.0 200 0" 0.022028 https://localhost:8888/prometheusalert/query?p=2 Mozilla/5.0 (Windows NT 10.0; Win64; x64) AppleWebKit/537.36 (KHTML, like Gecko) Chrome/92.0.4515.131 Safari/537.36
2021/08/15 19:16:39.727  [M] [router.go:1014]  ::1 - - [15/Aug/2021 07:16:39] "GET /prometheusalert/query HTTP/2.0 200 0" 0.057310 https://localhost:8888/prometheusalert/query?p=3 Mozilla/5.0 (Windows NT 10.0; Win64; x64) AppleWebKit/537.36 (KHTML, like Gecko) Chrome/92.0.4515.131 Safari/537.36
2021/08/15 19:16:47.744  [M] [router.go:1014]  ::1 - - [15/Aug/2021 07:16:47] "POST /prometheusalert/query HTTP/2.0 200 5" 0.046296 https://localhost:8888/prometheusalert/query Mozilla/5.0 (Windows NT 10.0; Win64; x64) AppleWebKit/537.36 (KHTML, like Gecko) Chrome/92.0.4515.131 Safari/537.36
2021/08/15 19:16:49.833  [M] [router.go:1014]  ::1 - - [15/Aug/2021 07:16:49] "GET /prometheusalert/query?p=2 HTTP/2.0 200 0" 0.056526 https://localhost:8888/prometheusalert/query Mozilla/5.0 (Windows NT 10.0; Win64; x64) AppleWebKit/537.36 (KHTML, like Gecko) Chrome/92.0.4515.131 Safari/537.36
2021/08/15 19:16:56.227  [M] [router.go:1014]  ::1 - - [15/Aug/2021 07:16:56] "POST /prometheusalert/query HTTP/2.0 200 5" 0.058625 https://localhost:8888/prometheusalert/query?p=2 Mozilla/5.0 (Windows NT 10.0; Win64; x64) AppleWebKit/537.36 (KHTML, like Gecko) Chrome/92.0.4515.131 Safari/537.36
2021/08/15 19:16:57.616  [M] [router.go:1014]  ::1 - - [15/Aug/2021 07:16:57] "GET /prometheusalert/query?p=2 HTTP/2.0 200 0" 0.055614 https://localhost:8888/prometheusalert/query Mozilla/5.0 (Windows NT 10.0; Win64; x64) AppleWebKit/537.36 (KHTML, like Gecko) Chrome/92.0.4515.131 Safari/537.36
2021/08/15 19:17:09.590  [M] [router.go:1014]  ::1 - - [15/Aug/2021 07:17:09] "GET /prometheusalert/query?p=3 HTTP/2.0 200 0" 0.028717 https://localhost:8888/prometheusalert/query?p=2 Mozilla/5.0 (Windows NT 10.0; Win64; x64) AppleWebKit/537.36 (KHTML, like Gecko) Chrome/92.0.4515.131 Safari/537.36
2021/08/15 19:17:16.025  [M] [router.go:1014]  ::1 - - [15/Aug/2021 07:17:16] "POST /prometheusalert/query HTTP/2.0 200 3" 0.016335 https://localhost:8888/prometheusalert/query?p=3 Mozilla/5.0 (Windows NT 10.0; Win64; x64) AppleWebKit/537.36 (KHTML, like Gecko) Chrome/92.0.4515.131 Safari/537.36
2021/08/15 19:17:20.037  [M] [router.go:1014]  ::1 - - [15/Aug/2021 07:17:19] "POST /prometheusalert/query HTTP/2.0 200 5" 0.049501 https://localhost:8888/prometheusalert/query Mozilla/5.0 (Windows NT 10.0; Win64; x64) AppleWebKit/537.36 (KHTML, like Gecko) Chrome/92.0.4515.131 Safari/537.36
2021/08/15 19:17:40.011  [M] [router.go:1014]  ::1 - - [15/Aug/2021 07:17:39] "POST /prometheusalert/query HTTP/2.0 200 3" 0.028000 https://localhost:8888/prometheusalert/query Mozilla/5.0 (Windows NT 10.0; Win64; x64) AppleWebKit/537.36 (KHTML, like Gecko) Chrome/92.0.4515.131 Safari/537.36
2021/08/15 19:18:14.030  [M] [router.go:1014]  ::1 - - [15/Aug/2021 07:18:13] "GET /prometheusalert/query HTTP/2.0 200 0" 0.083618  Mozilla/5.0 (Windows NT 10.0; Win64; x64) AppleWebKit/537.36 (KHTML, like Gecko) Chrome/92.0.4515.131 Safari/537.36
2021/08/15 19:18:17.137  [M] [router.go:1014]  ::1 - - [15/Aug/2021 07:18:17] "GET /prometheusalert/query?q=cpu HTTP/2.0 200 0" 0.056146 https://localhost:8888/prometheusalert/query Mozilla/5.0 (Windows NT 10.0; Win64; x64) AppleWebKit/537.36 (KHTML, like Gecko) Chrome/92.0.4515.131 Safari/537.36
2021/08/15 19:18:18.272  [M] [router.go:1014]  ::1 - - [15/Aug/2021 07:18:18] "GET /prometheusalert/query?p=2&q=cpu HTTP/2.0 200 0" 0.026064 https://localhost:8888/prometheusalert/query?q=cpu Mozilla/5.0 (Windows NT 10.0; Win64; x64) AppleWebKit/537.36 (KHTML, like Gecko) Chrome/92.0.4515.131 Safari/537.36
2021/08/15 19:18:19.511  [M] [router.go:1014]  ::1 - - [15/Aug/2021 07:18:19] "GET /prometheusalert/query?q=cpu HTTP/2.0 200 0" 0.057004 https://localhost:8888/prometheusalert/query?p=2&q=cpu Mozilla/5.0 (Windows NT 10.0; Win64; x64) AppleWebKit/537.36 (KHTML, like Gecko) Chrome/92.0.4515.131 Safari/537.36
2021/08/15 19:18:20.738  [M] [router.go:1014]  ::1 - - [15/Aug/2021 07:18:20] "GET /prometheusalert/query?p=2&q=cpu HTTP/2.0 200 0" 0.025095 https://localhost:8888/prometheusalert/query?q=cpu Mozilla/5.0 (Windows NT 10.0; Win64; x64) AppleWebKit/537.36 (KHTML, like Gecko) Chrome/92.0.4515.131 Safari/537.36
2021/08/15 19:18:22.006  [M] [router.go:1014]  ::1 - - [15/Aug/2021 07:18:21] "GET /prometheusalert/query?q=cpu HTTP/2.0 200 0" 0.054461 https://localhost:8888/prometheusalert/query?p=2&q=cpu Mozilla/5.0 (Windows NT 10.0; Win64; x64) AppleWebKit/537.36 (KHTML, like Gecko) Chrome/92.0.4515.131 Safari/537.36
2021/08/15 19:18:22.800  [M] [router.go:1014]  ::1 - - [15/Aug/2021 07:18:22] "GET /prometheusalert/query?p=2&q=cpu HTTP/2.0 200 0" 0.019353 https://localhost:8888/prometheusalert/query?q=cpu Mozilla/5.0 (Windows NT 10.0; Win64; x64) AppleWebKit/537.36 (KHTML, like Gecko) Chrome/92.0.4515.131 Safari/537.36
2021/08/15 19:18:46.065  [M] [router.go:1014]  ::1 - - [15/Aug/2021 07:18:46] "GET /prometheusalert/query?q= HTTP/2.0 200 0" 0.043941 https://localhost:8888/prometheusalert/query?p=2&q=cpu Mozilla/5.0 (Windows NT 10.0; Win64; x64) AppleWebKit/537.36 (KHTML, like Gecko) Chrome/92.0.4515.131 Safari/537.36
2021/08/15 19:18:47.462  [M] [router.go:1014]  ::1 - - [15/Aug/2021 07:18:47] "GET /prometheusalert/query?q= HTTP/2.0 200 0" 0.047055 https://localhost:8888/prometheusalert/query?q= Mozilla/5.0 (Windows NT 10.0; Win64; x64) AppleWebKit/537.36 (KHTML, like Gecko) Chrome/92.0.4515.131 Safari/537.36
2021/08/15 19:18:47.825  [M] [router.go:1014]  ::1 - - [15/Aug/2021 07:18:47] "GET /prometheusalert/query?p=2&q= HTTP/2.0 200 0" 0.048079 https://localhost:8888/prometheusalert/query?q= Mozilla/5.0 (Windows NT 10.0; Win64; x64) AppleWebKit/537.36 (KHTML, like Gecko) Chrome/92.0.4515.131 Safari/537.36
2021/08/15 19:18:48.316  [M] [router.go:1014]  ::1 - - [15/Aug/2021 07:18:48] "GET /prometheusalert/query?p=3&q= HTTP/2.0 200 0" 0.019068 https://localhost:8888/prometheusalert/query?p=2&q= Mozilla/5.0 (Windows NT 10.0; Win64; x64) AppleWebKit/537.36 (KHTML, like Gecko) Chrome/92.0.4515.131 Safari/537.36
2021/08/15 19:18:49.789  [M] [router.go:1014]  ::1 - - [15/Aug/2021 07:18:49] "GET /prometheusalert/query?p=2&q= HTTP/2.0 200 0" 0.051820 https://localhost:8888/prometheusalert/query?p=3&q= Mozilla/5.0 (Windows NT 10.0; Win64; x64) AppleWebKit/537.36 (KHTML, like Gecko) Chrome/92.0.4515.131 Safari/537.36
2021/08/15 19:18:51.033  [M] [router.go:1014]  ::1 - - [15/Aug/2021 07:18:50] "GET /prometheusalert/query?q= HTTP/2.0 200 0" 0.047679 https://localhost:8888/prometheusalert/query?p=2&q= Mozilla/5.0 (Windows NT 10.0; Win64; x64) AppleWebKit/537.36 (KHTML, like Gecko) Chrome/92.0.4515.131 Safari/537.36
2021/08/15 19:19:10.222  [M] [router.go:1014]  ::1 - - [15/Aug/2021 07:19:10] "GET /prometheusalert/query?q= HTTP/2.0 200 0" 0.060453 https://localhost:8888/prometheusalert/query?p=2&q= Mozilla/5.0 (Windows NT 10.0; Win64; x64) AppleWebKit/537.36 (KHTML, like Gecko) Chrome/92.0.4515.131 Safari/537.36
2021/08/15 19:19:12.932  [M] [router.go:1014]  ::1 - - [15/Aug/2021 07:19:12] "GET /prometheusalert/query?q= HTTP/2.0 200 0" 0.050223 https://localhost:8888/prometheusalert/query?p=2&q= Mozilla/5.0 (Windows NT 10.0; Win64; x64) AppleWebKit/537.36 (KHTML, like Gecko) Chrome/92.0.4515.131 Safari/537.36
2021/08/15 19:19:14.602  [M] [router.go:1014]  ::1 - - [15/Aug/2021 07:19:14] "GET /prometheusalert/query HTTP/2.0 200 0" 0.046843 https://localhost:8888/prometheusalert/query?q= Mozilla/5.0 (Windows NT 10.0; Win64; x64) AppleWebKit/537.36 (KHTML, like Gecko) Chrome/92.0.4515.131 Safari/537.36
2021/08/15 19:19:15.486  [M] [router.go:1014]  ::1 - - [15/Aug/2021 07:19:15] "GET /prometheusagent/query HTTP/2.0 200 0" 0.019480 https://localhost:8888/prometheusalert/query Mozilla/5.0 (Windows NT 10.0; Win64; x64) AppleWebKit/537.36 (KHTML, like Gecko) Chrome/92.0.4515.131 Safari/537.36
2021/08/15 19:19:16.047  [M] [router.go:1014]  ::1 - - [15/Aug/2021 07:19:15] "GET /prometheusalert/query HTTP/2.0 200 0" 0.052011 https://localhost:8888/prometheusagent/query Mozilla/5.0 (Windows NT 10.0; Win64; x64) AppleWebKit/537.36 (KHTML, like Gecko) Chrome/92.0.4515.131 Safari/537.36
2021/08/15 19:19:17.703  [M] [router.go:1014]  ::1 - - [15/Aug/2021 07:19:17] "GET /prometheusagent/query HTTP/2.0 200 0" 0.012513 https://localhost:8888/prometheusalert/query Mozilla/5.0 (Windows NT 10.0; Win64; x64) AppleWebKit/537.36 (KHTML, like Gecko) Chrome/92.0.4515.131 Safari/537.36
2021/08/15 19:19:18.380  [M] [router.go:1014]  ::1 - - [15/Aug/2021 07:19:18] "GET /prometheusalert/query HTTP/2.0 200 0" 0.080562 https://localhost:8888/prometheusagent/query Mozilla/5.0 (Windows NT 10.0; Win64; x64) AppleWebKit/537.36 (KHTML, like Gecko) Chrome/92.0.4515.131 Safari/537.36
2021/08/15 19:19:19.200  [M] [router.go:1014]  ::1 - - [15/Aug/2021 07:19:19] "GET /prometheusagent/query HTTP/2.0 200 0" 0.007997 https://localhost:8888/prometheusalert/query Mozilla/5.0 (Windows NT 10.0; Win64; x64) AppleWebKit/537.36 (KHTML, like Gecko) Chrome/92.0.4515.131 Safari/537.36
2021/08/15 19:19:19.574  [M] [router.go:1014]  ::1 - - [15/Aug/2021 07:19:19] "GET /prometheusalert/query HTTP/2.0 200 0" 0.062816 https://localhost:8888/prometheusagent/query Mozilla/5.0 (Windows NT 10.0; Win64; x64) AppleWebKit/537.36 (KHTML, like Gecko) Chrome/92.0.4515.131 Safari/537.36
2021/08/15 19:19:20.388  [M] [router.go:1014]  ::1 - - [15/Aug/2021 07:19:20] "GET /prometheusalert/query HTTP/2.0 200 0" 0.052279 https://localhost:8888/prometheusagent/query Mozilla/5.0 (Windows NT 10.0; Win64; x64) AppleWebKit/537.36 (KHTML, like Gecko) Chrome/92.0.4515.131 Safari/537.36
2021/08/15 19:19:33.615  [M] [router.go:1014]  ::1 - - [15/Aug/2021 07:19:33] "GET /prometheusalert/query HTTP/2.0 200 0" 0.038577 https://localhost:8888/prometheusagent/query Mozilla/5.0 (Windows NT 10.0; Win64; x64) AppleWebKit/537.36 (KHTML, like Gecko) Chrome/92.0.4515.131 Safari/537.36
2021/08/15 19:19:34.376  [M] [router.go:1014]  ::1 - - [15/Aug/2021 07:19:34] "GET /prometheusalert/query HTTP/2.0 200 0" 0.050432 https://localhost:8888/prometheusagent/query Mozilla/5.0 (Windows NT 10.0; Win64; x64) AppleWebKit/537.36 (KHTML, like Gecko) Chrome/92.0.4515.131 Safari/537.36
2021/08/15 19:19:35.458  [M] [router.go:1014]  ::1 - - [15/Aug/2021 07:19:35] "GET /prometheusalert/query HTTP/2.0 200 0" 0.064297 https://localhost:8888/prometheusagent/query Mozilla/5.0 (Windows NT 10.0; Win64; x64) AppleWebKit/537.36 (KHTML, like Gecko) Chrome/92.0.4515.131 Safari/537.36
2021/08/15 19:19:35.560  [M] [router.go:1014]  10.0.0.2 - - [15/Aug/2021 07:19:35] "POST /v1/alert/trigger/ HTTP/1.1 200 649" 0.027034  Alertmanager/0.22.2
2021/08/15 19:19:36.072  [M] [router.go:1014]  ::1 - - [15/Aug/2021 07:19:36] "GET /prometheusalert/query HTTP/2.0 200 0" 0.054522 https://localhost:8888/prometheusagent/query Mozilla/5.0 (Windows NT 10.0; Win64; x64) AppleWebKit/537.36 (KHTML, like Gecko) Chrome/92.0.4515.131 Safari/537.36
2021/08/15 19:19:36.302  [M] [router.go:1014]  ::1 - - [15/Aug/2021 07:19:36] "GET /prometheusalert/query HTTP/2.0 200 0" 0.054359 https://localhost:8888/prometheusagent/query Mozilla/5.0 (Windows NT 10.0; Win64; x64) AppleWebKit/537.36 (KHTML, like Gecko) Chrome/92.0.4515.131 Safari/537.36
2021/08/15 19:19:36.485  [M] [router.go:1014]  ::1 - - [15/Aug/2021 07:19:36] "GET /prometheusalert/query HTTP/2.0 200 0" 0.045761 https://localhost:8888/prometheusagent/query Mozilla/5.0 (Windows NT 10.0; Win64; x64) AppleWebKit/537.36 (KHTML, like Gecko) Chrome/92.0.4515.131 Safari/537.36
2021/08/15 19:19:45.632  [M] [router.go:1014]  ::1 - - [15/Aug/2021 07:19:45] "GET /prometheusalert/query?q= HTTP/2.0 200 0" 0.069997 https://localhost:8888/prometheusalert/query Mozilla/5.0 (Windows NT 10.0; Win64; x64) AppleWebKit/537.36 (KHTML, like Gecko) Chrome/92.0.4515.131 Safari/537.36
2021/08/15 19:19:46.279  [M] [router.go:1014]  ::1 - - [15/Aug/2021 07:19:46] "GET /prometheusalert/query?q= HTTP/2.0 200 0" 0.063656 https://localhost:8888/prometheusalert/query?q= Mozilla/5.0 (Windows NT 10.0; Win64; x64) AppleWebKit/537.36 (KHTML, like Gecko) Chrome/92.0.4515.131 Safari/537.36
2021/08/15 19:19:46.648  [M] [router.go:1014]  ::1 - - [15/Aug/2021 07:19:46] "GET /prometheusalert/query?q= HTTP/2.0 200 0" 0.059730 https://localhost:8888/prometheusalert/query?q= Mozilla/5.0 (Windows NT 10.0; Win64; x64) AppleWebKit/537.36 (KHTML, like Gecko) Chrome/92.0.4515.131 Safari/537.36
2021/08/15 19:19:47.729  [M] [router.go:1014]  ::1 - - [15/Aug/2021 07:19:47] "GET /prometheusalert/query?p=2&q= HTTP/2.0 200 0" 0.038358 https://localhost:8888/prometheusalert/query?q= Mozilla/5.0 (Windows NT 10.0; Win64; x64) AppleWebKit/537.36 (KHTML, like Gecko) Chrome/92.0.4515.131 Safari/537.36
2021/08/15 19:19:48.132  [M] [router.go:1014]  ::1 - - [15/Aug/2021 07:19:48] "GET /prometheusalert/query?p=3&q= HTTP/2.0 200 0" 0.044673 https://localhost:8888/prometheusalert/query?p=2&q= Mozilla/5.0 (Windows NT 10.0; Win64; x64) AppleWebKit/537.36 (KHTML, like Gecko) Chrome/92.0.4515.131 Safari/537.36
2021/08/15 19:19:49.345  [M] [router.go:1014]  ::1 - - [15/Aug/2021 07:19:49] "GET /prometheusalert/query?q= HTTP/2.0 200 0" 0.067791 https://localhost:8888/prometheusalert/query?p=3&q= Mozilla/5.0 (Windows NT 10.0; Win64; x64) AppleWebKit/537.36 (KHTML, like Gecko) Chrome/92.0.4515.131 Safari/537.36
2021/08/15 19:19:51.606  [M] [router.go:1014]  ::1 - - [15/Aug/2021 07:19:51] "GET /prometheusalert/query?q= HTTP/2.0 200 0" 0.046437 https://localhost:8888/prometheusalert/query?p=3&q= Mozilla/5.0 (Windows NT 10.0; Win64; x64) AppleWebKit/537.36 (KHTML, like Gecko) Chrome/92.0.4515.131 Safari/537.36
2021/08/15 19:19:57.140  [M] [router.go:1014]  10.0.0.2 - - [15/Aug/2021 07:19:56] "POST /v1/alert/trigger/ HTTP/1.1 200 966" 0.311874  Alertmanager/0.22.2
2021/08/15 19:20:11.351  [I] [parser.go:413]  generate router from comments
2021/08/15 19:20:11.364  [I] [server.go:208]  https server Running on https://:8888
