0001/01/01 00:00:00.000  [M] [log.go:191]  [HTTP] http: TLS handshake error from [::1]:60650: remote error: tls: unknown certificate
2021/08/15 11:51:21.663  [M] [router.go:1014]  ::1 - - [15/Aug/2021 11:51:21] "GET /prometheusagent/modify?id=1 HTTP/2.0 200 0" 0.045040  Mozilla/5.0 (Windows NT 10.0; Win64; x64) AppleWebKit/537.36 (KHTML, like Gecko) Chrome/92.0.4515.131 Safari/537.36
2021/08/15 11:51:23.593  [M] [router.go:1014]  ::1 - - [15/Aug/2021 11:51:23] "GET /v1/agent/config/?uuid=54c5b5660d8d4962b86315575d42e5bb&version= HTTP/1.1 200 0" 0.000531  Go-http-client/1.1
2021/08/15 11:51:23.630  [M] [router.go:1014]  ::1 - - [15/Aug/2021 11:51:23] "POST /v1/agent/heartbeat/ HTTP/1.1 200 60" 0.036894  Go-http-client/1.1
2021/08/15 11:51:25.725  [M] [router.go:1014]  ::1 - - [15/Aug/2021 11:51:25] "GET /prometheusagent/modify?id=1 HTTP/2.0 200 0" 0.029722  Mozilla/5.0 (Windows NT 10.0; Win64; x64) AppleWebKit/537.36 (KHTML, like Gecko) Chrome/92.0.4515.131 Safari/537.36
2021/08/15 11:51:28.035  [M] [router.go:1014]  ::1 - - [15/Aug/2021 11:51:28] "POST /prometheusagent/modify HTTP/2.0 200 61" 0.013539 https://localhost:8888/prometheusagent/modify?id=1 Mozilla/5.0 (Windows NT 10.0; Win64; x64) AppleWebKit/537.36 (KHTML, like Gecko) Chrome/92.0.4515.131 Safari/537.36
2021/08/15 11:51:29.327  [M] [router.go:1014]  ::1 - - [15/Aug/2021 11:51:29] "POST /prometheusagent/modify HTTP/2.0 200 61" 0.018836 https://localhost:8888/prometheusagent/modify Mozilla/5.0 (Windows NT 10.0; Win64; x64) AppleWebKit/537.36 (KHTML, like Gecko) Chrome/92.0.4515.131 Safari/537.36
2021/08/15 11:51:30.046  [M] [router.go:1014]  ::1 - - [15/Aug/2021 11:51:30] "POST /prometheusagent/modify HTTP/2.0 200 61" 0.018436 https://localhost:8888/prometheusagent/modify Mozilla/5.0 (Windows NT 10.0; Win64; x64) AppleWebKit/537.36 (KHTML, like Gecko) Chrome/92.0.4515.131 Safari/537.36
2021/08/15 11:51:30.310  [M] [router.go:1014]  ::1 - - [15/Aug/2021 11:51:30] "POST /prometheusagent/modify HTTP/2.0 200 61" 0.015965 https://localhost:8888/prometheusagent/modify Mozilla/5.0 (Windows NT 10.0; Win64; x64) AppleWebKit/537.36 (KHTML, like Gecko) Chrome/92.0.4515.131 Safari/537.36
2021/08/15 11:51:33.451  [M] [router.go:1014]  ::1 - - [01/Jan/0001 12:00:00] "POST /prometheusagent/modify HTTP/2.0 302 18" 0.000000 https://localhost:8888/prometheusagent/modify Mozilla/5.0 (Windows NT 10.0; Win64; x64) AppleWebKit/537.36 (KHTML, like Gecko) Chrome/92.0.4515.131 Safari/537.36
2021/08/15 11:51:33.459  [M] [router.go:1014]  ::1 - - [15/Aug/2021 11:51:33] "POST /prometheusagent/modify HTTP/2.0 302 18" 0.047529 https://localhost:8888/prometheusagent/modify Mozilla/5.0 (Windows NT 10.0; Win64; x64) AppleWebKit/537.36 (KHTML, like Gecko) Chrome/92.0.4515.131 Safari/537.36
2021/08/15 11:51:33.478  [M] [router.go:1014]  ::1 - - [15/Aug/2021 11:51:33] "GET /prometheusagent/query HTTP/2.0 200 0" 0.014656 https://localhost:8888/prometheusagent/modify Mozilla/5.0 (Windows NT 10.0; Win64; x64) AppleWebKit/537.36 (KHTML, like Gecko) Chrome/92.0.4515.131 Safari/537.36
2021/08/15 11:51:33.592  [M] [router.go:1014]  ::1 - - [15/Aug/2021 11:51:33] "GET /v1/agent/config/?uuid=54c5b5660d8d4962b86315575d42e5bb&version= HTTP/1.1 200 0" 0.002089  Go-http-client/1.1
2021/08/15 11:51:33.647  [M] [router.go:1014]  ::1 - - [15/Aug/2021 11:51:33] "POST /v1/agent/heartbeat/ HTTP/1.1 200 60" 0.056803  Go-http-client/1.1
2021/08/15 11:51:35.154  [M] [router.go:1014]  ::1 - - [15/Aug/2021 11:51:35] "GET /prometheusagent/modify?id=1 HTTP/2.0 200 0" 0.010113 https://localhost:8888/prometheusagent/query Mozilla/5.0 (Windows NT 10.0; Win64; x64) AppleWebKit/537.36 (KHTML, like Gecko) Chrome/92.0.4515.131 Safari/537.36
2021/08/15 11:51:39.025  [M] [router.go:1014]  ::1 - - [01/Jan/0001 12:00:00] "POST /prometheusagent/modify HTTP/2.0 302 12" 0.000000 https://localhost:8888/prometheusagent/modify?id=1 Mozilla/5.0 (Windows NT 10.0; Win64; x64) AppleWebKit/537.36 (KHTML, like Gecko) Chrome/92.0.4515.131 Safari/537.36
2021/08/15 11:51:39.043  [M] [router.go:1014]  ::1 - - [15/Aug/2021 11:51:38] "POST /prometheusagent/modify HTTP/2.0 302 12" 0.069364 https://localhost:8888/prometheusagent/modify?id=1 Mozilla/5.0 (Windows NT 10.0; Win64; x64) AppleWebKit/537.36 (KHTML, like Gecko) Chrome/92.0.4515.131 Safari/537.36
2021/08/15 11:51:39.088  [M] [router.go:1014]  ::1 - - [15/Aug/2021 11:51:39] "GET /prometheusagent/query HTTP/2.0 200 0" 0.017130 https://localhost:8888/prometheusagent/modify?id=1 Mozilla/5.0 (Windows NT 10.0; Win64; x64) AppleWebKit/537.36 (KHTML, like Gecko) Chrome/92.0.4515.131 Safari/537.36
2021/08/15 11:51:40.380  [M] [router.go:1014]  ::1 - - [15/Aug/2021 11:51:40] "GET /prometheusagent/modify?id=1 HTTP/2.0 200 0" 0.050101 https://localhost:8888/prometheusagent/query Mozilla/5.0 (Windows NT 10.0; Win64; x64) AppleWebKit/537.36 (KHTML, like Gecko) Chrome/92.0.4515.131 Safari/537.36
2021/08/15 11:51:43.585  [M] [router.go:1014]  ::1 - - [15/Aug/2021 11:51:43] "GET /v1/agent/config/?uuid=54c5b5660d8d4962b86315575d42e5bb&version= HTTP/1.1 200 0" 0.000528  Go-http-client/1.1
2021/08/15 11:51:43.618  [M] [router.go:1014]  ::1 - - [15/Aug/2021 11:51:43] "POST /v1/agent/heartbeat/ HTTP/1.1 200 60" 0.033504  Go-http-client/1.1
2021/08/15 11:51:53.585  [M] [router.go:1014]  ::1 - - [15/Aug/2021 11:51:53] "GET /v1/agent/config/?uuid=54c5b5660d8d4962b86315575d42e5bb&version= HTTP/1.1 200 0" 0.000665  Go-http-client/1.1
2021/08/15 11:51:53.633  [M] [router.go:1014]  ::1 - - [15/Aug/2021 11:51:53] "POST /v1/agent/heartbeat/ HTTP/1.1 200 60" 0.048259  Go-http-client/1.1
2021/08/15 11:51:58.210  [M] [router.go:1014]  ::1 - - [15/Aug/2021 11:51:58] "GET /prometheusagent/modify?id=1 HTTP/2.0 200 0" 0.026124  Mozilla/5.0 (Windows NT 10.0; Win64; x64) AppleWebKit/537.36 (KHTML, like Gecko) Chrome/92.0.4515.131 Safari/537.36
2021/08/15 11:52:03.587  [M] [router.go:1014]  ::1 - - [15/Aug/2021 11:52:03] "GET /v1/agent/config/?uuid=54c5b5660d8d4962b86315575d42e5bb&version= HTTP/1.1 200 0" 0.002005  Go-http-client/1.1
2021/08/15 11:52:03.620  [M] [router.go:1014]  ::1 - - [15/Aug/2021 11:52:03] "POST /v1/agent/heartbeat/ HTTP/1.1 200 60" 0.035444  Go-http-client/1.1
2021/08/15 11:52:12.591  [M] [router.go:1014]  ::1 - - [15/Aug/2021 11:52:12] "POST /prometheusagent/modify HTTP/2.0 200 181" 0.008962 https://localhost:8888/prometheusagent/modify?id=1 Mozilla/5.0 (Windows NT 10.0; Win64; x64) AppleWebKit/537.36 (KHTML, like Gecko) Chrome/92.0.4515.131 Safari/537.36
2021/08/15 11:52:13.588  [M] [router.go:1014]  ::1 - - [15/Aug/2021 11:52:13] "GET /v1/agent/config/?uuid=54c5b5660d8d4962b86315575d42e5bb&version= HTTP/1.1 200 0" 0.001659  Go-http-client/1.1
2021/08/15 11:52:13.624  [M] [router.go:1014]  ::1 - - [15/Aug/2021 11:52:13] "POST /v1/agent/heartbeat/ HTTP/1.1 200 60" 0.038260  Go-http-client/1.1
2021/08/15 11:52:13.763  [M] [router.go:1014]  ::1 - - [15/Aug/2021 11:52:13] "POST /prometheusagent/modify HTTP/2.0 200 181" 0.006676 https://localhost:8888/prometheusagent/modify Mozilla/5.0 (Windows NT 10.0; Win64; x64) AppleWebKit/537.36 (KHTML, like Gecko) Chrome/92.0.4515.131 Safari/537.36
2021/08/15 11:52:14.321  [M] [router.go:1014]  ::1 - - [15/Aug/2021 11:52:14] "POST /prometheusagent/modify HTTP/2.0 200 181" 0.013614 https://localhost:8888/prometheusagent/modify Mozilla/5.0 (Windows NT 10.0; Win64; x64) AppleWebKit/537.36 (KHTML, like Gecko) Chrome/92.0.4515.131 Safari/537.36
2021/08/15 11:52:14.498  [M] [router.go:1014]  ::1 - - [15/Aug/2021 11:52:14] "POST /prometheusagent/modify HTTP/2.0 200 181" 0.006783 https://localhost:8888/prometheusagent/modify Mozilla/5.0 (Windows NT 10.0; Win64; x64) AppleWebKit/537.36 (KHTML, like Gecko) Chrome/92.0.4515.131 Safari/537.36
2021/08/15 11:52:14.691  [M] [router.go:1014]  ::1 - - [15/Aug/2021 11:52:14] "POST /prometheusagent/modify HTTP/2.0 200 181" 0.011000 https://localhost:8888/prometheusagent/modify Mozilla/5.0 (Windows NT 10.0; Win64; x64) AppleWebKit/537.36 (KHTML, like Gecko) Chrome/92.0.4515.131 Safari/537.36
2021/08/15 11:52:15.209  [M] [router.go:1014]  ::1 - - [15/Aug/2021 11:52:15] "POST /prometheusagent/modify HTTP/2.0 200 181" 0.015180 https://localhost:8888/prometheusagent/modify Mozilla/5.0 (Windows NT 10.0; Win64; x64) AppleWebKit/537.36 (KHTML, like Gecko) Chrome/92.0.4515.131 Safari/537.36
2021/08/15 11:52:15.398  [M] [router.go:1014]  ::1 - - [15/Aug/2021 11:52:15] "POST /prometheusagent/modify HTTP/2.0 200 181" 0.010530 https://localhost:8888/prometheusagent/modify Mozilla/5.0 (Windows NT 10.0; Win64; x64) AppleWebKit/537.36 (KHTML, like Gecko) Chrome/92.0.4515.131 Safari/537.36
2021/08/15 11:52:15.641  [M] [router.go:1014]  ::1 - - [15/Aug/2021 11:52:15] "POST /prometheusagent/modify HTTP/2.0 200 181" 0.014800 https://localhost:8888/prometheusagent/modify Mozilla/5.0 (Windows NT 10.0; Win64; x64) AppleWebKit/537.36 (KHTML, like Gecko) Chrome/92.0.4515.131 Safari/537.36
2021/08/15 11:52:18.965  [M] [router.go:1014]  ::1 - - [15/Aug/2021 11:52:18] "POST /prometheusagent/modify HTTP/2.0 200 181" 0.017097 https://localhost:8888/prometheusagent/modify Mozilla/5.0 (Windows NT 10.0; Win64; x64) AppleWebKit/537.36 (KHTML, like Gecko) Chrome/92.0.4515.131 Safari/537.36
2021/08/15 11:52:19.311  [M] [router.go:1014]  ::1 - - [15/Aug/2021 11:52:19] "POST /prometheusagent/modify HTTP/2.0 200 181" 0.028373 https://localhost:8888/prometheusagent/modify Mozilla/5.0 (Windows NT 10.0; Win64; x64) AppleWebKit/537.36 (KHTML, like Gecko) Chrome/92.0.4515.131 Safari/537.36
2021/08/15 11:52:19.464  [M] [router.go:1014]  ::1 - - [15/Aug/2021 11:52:19] "POST /prometheusagent/modify HTTP/2.0 200 181" 0.005002 https://localhost:8888/prometheusagent/modify Mozilla/5.0 (Windows NT 10.0; Win64; x64) AppleWebKit/537.36 (KHTML, like Gecko) Chrome/92.0.4515.131 Safari/537.36
2021/08/15 11:52:20.180  [M] [router.go:1014]  ::1 - - [15/Aug/2021 11:52:20] "POST /prometheusagent/modify HTTP/2.0 200 181" 0.016960 https://localhost:8888/prometheusagent/modify Mozilla/5.0 (Windows NT 10.0; Win64; x64) AppleWebKit/537.36 (KHTML, like Gecko) Chrome/92.0.4515.131 Safari/537.36
2021/08/15 11:52:20.914  [M] [router.go:1014]  ::1 - - [15/Aug/2021 11:52:20] "POST /prometheusagent/modify HTTP/2.0 200 181" 0.006693 https://localhost:8888/prometheusagent/modify Mozilla/5.0 (Windows NT 10.0; Win64; x64) AppleWebKit/537.36 (KHTML, like Gecko) Chrome/92.0.4515.131 Safari/537.36
2021/08/15 11:52:21.087  [M] [router.go:1014]  ::1 - - [15/Aug/2021 11:52:21] "POST /prometheusagent/modify HTTP/2.0 200 181" 0.014785 https://localhost:8888/prometheusagent/modify Mozilla/5.0 (Windows NT 10.0; Win64; x64) AppleWebKit/537.36 (KHTML, like Gecko) Chrome/92.0.4515.131 Safari/537.36
2021/08/15 11:52:21.316  [M] [router.go:1014]  ::1 - - [15/Aug/2021 11:52:21] "POST /prometheusagent/modify HTTP/2.0 200 181" 0.015840 https://localhost:8888/prometheusagent/modify Mozilla/5.0 (Windows NT 10.0; Win64; x64) AppleWebKit/537.36 (KHTML, like Gecko) Chrome/92.0.4515.131 Safari/537.36
2021/08/15 11:52:23.585  [M] [router.go:1014]  ::1 - - [15/Aug/2021 11:52:23] "GET /v1/agent/config/?uuid=54c5b5660d8d4962b86315575d42e5bb&version= HTTP/1.1 200 0" 0.000541  Go-http-client/1.1
2021/08/15 11:52:23.620  [M] [router.go:1014]  ::1 - - [15/Aug/2021 11:52:23] "POST /v1/agent/heartbeat/ HTTP/1.1 200 60" 0.035032  Go-http-client/1.1
2021/08/15 11:52:33.587  [M] [router.go:1014]  ::1 - - [15/Aug/2021 11:52:33] "GET /v1/agent/config/?uuid=54c5b5660d8d4962b86315575d42e5bb&version= HTTP/1.1 200 0" 0.001026  Go-http-client/1.1
2021/08/15 11:52:33.627  [M] [router.go:1014]  ::1 - - [15/Aug/2021 11:52:33] "POST /v1/agent/heartbeat/ HTTP/1.1 200 60" 0.042559  Go-http-client/1.1
2021/08/15 11:52:43.588  [M] [router.go:1014]  ::1 - - [15/Aug/2021 11:52:43] "GET /v1/agent/config/?uuid=54c5b5660d8d4962b86315575d42e5bb&version= HTTP/1.1 200 0" 0.001095  Go-http-client/1.1
2021/08/15 11:52:43.628  [M] [router.go:1014]  ::1 - - [15/Aug/2021 11:52:43] "POST /v1/agent/heartbeat/ HTTP/1.1 200 60" 0.040732  Go-http-client/1.1
2021/08/15 11:52:53.587  [M] [router.go:1014]  ::1 - - [15/Aug/2021 11:52:53] "GET /v1/agent/config/?uuid=54c5b5660d8d4962b86315575d42e5bb&version= HTTP/1.1 200 0" 0.000967  Go-http-client/1.1
2021/08/15 11:52:53.615  [M] [router.go:1014]  ::1 - - [15/Aug/2021 11:52:53] "POST /v1/agent/heartbeat/ HTTP/1.1 200 60" 0.026646  Go-http-client/1.1
2021/08/15 11:53:03.589  [M] [router.go:1014]  ::1 - - [15/Aug/2021 11:53:03] "GET /v1/agent/config/?uuid=54c5b5660d8d4962b86315575d42e5bb&version= HTTP/1.1 200 0" 0.001004  Go-http-client/1.1
2021/08/15 11:53:03.619  [M] [router.go:1014]  ::1 - - [15/Aug/2021 11:53:03] "POST /v1/agent/heartbeat/ HTTP/1.1 200 60" 0.031000  Go-http-client/1.1
2021/08/15 11:53:04.828  [M] [router.go:1014]  ::1 - - [15/Aug/2021 11:53:04] "POST /prometheusagent/modify HTTP/2.0 200 181" 0.034198 https://localhost:8888/prometheusagent/modify Mozilla/5.0 (Windows NT 10.0; Win64; x64) AppleWebKit/537.36 (KHTML, like Gecko) Chrome/92.0.4515.131 Safari/537.36
2021/08/15 11:53:13.587  [M] [router.go:1014]  ::1 - - [15/Aug/2021 11:53:13] "GET /v1/agent/config/?uuid=54c5b5660d8d4962b86315575d42e5bb&version= HTTP/1.1 200 0" 0.001060  Go-http-client/1.1
2021/08/15 11:53:13.615  [M] [router.go:1014]  ::1 - - [15/Aug/2021 11:53:13] "POST /v1/agent/heartbeat/ HTTP/1.1 200 60" 0.029253  Go-http-client/1.1
2021/08/15 11:53:23.589  [M] [router.go:1014]  ::1 - - [15/Aug/2021 11:53:23] "GET /v1/agent/config/?uuid=54c5b5660d8d4962b86315575d42e5bb&version= HTTP/1.1 200 0" 0.002845  Go-http-client/1.1
2021/08/15 11:53:23.619  [M] [router.go:1014]  ::1 - - [15/Aug/2021 11:53:23] "POST /v1/agent/heartbeat/ HTTP/1.1 200 60" 0.033390  Go-http-client/1.1
2021/08/15 11:53:33.588  [M] [router.go:1014]  ::1 - - [15/Aug/2021 11:53:33] "GET /v1/agent/config/?uuid=54c5b5660d8d4962b86315575d42e5bb&version= HTTP/1.1 200 0" 0.002211  Go-http-client/1.1
2021/08/15 11:53:33.631  [M] [router.go:1014]  ::1 - - [15/Aug/2021 11:53:33] "POST /v1/agent/heartbeat/ HTTP/1.1 200 60" 0.046530  Go-http-client/1.1
2021/08/15 11:53:43.587  [M] [router.go:1014]  ::1 - - [15/Aug/2021 11:53:43] "GET /v1/agent/config/?uuid=54c5b5660d8d4962b86315575d42e5bb&version= HTTP/1.1 200 0" 0.002438  Go-http-client/1.1
2021/08/15 11:53:43.646  [M] [router.go:1014]  ::1 - - [15/Aug/2021 11:53:43] "POST /v1/agent/heartbeat/ HTTP/1.1 200 60" 0.061370  Go-http-client/1.1
2021/08/15 11:53:53.603  [M] [router.go:1014]  ::1 - - [15/Aug/2021 11:53:53] "GET /v1/agent/config/?uuid=54c5b5660d8d4962b86315575d42e5bb&version= HTTP/1.1 200 0" 0.001552  Go-http-client/1.1
2021/08/15 11:53:53.712  [M] [router.go:1014]  ::1 - - [15/Aug/2021 11:53:53] "POST /v1/agent/heartbeat/ HTTP/1.1 200 60" 0.110400  Go-http-client/1.1
2021/08/15 11:54:03.587  [M] [router.go:1014]  ::1 - - [15/Aug/2021 11:54:03] "GET /v1/agent/config/?uuid=54c5b5660d8d4962b86315575d42e5bb&version= HTTP/1.1 200 0" 0.000849  Go-http-client/1.1
2021/08/15 11:54:03.624  [M] [router.go:1014]  ::1 - - [15/Aug/2021 11:54:03] "POST /v1/agent/heartbeat/ HTTP/1.1 200 60" 0.036927  Go-http-client/1.1
2021/08/15 11:54:13.588  [M] [router.go:1014]  ::1 - - [15/Aug/2021 11:54:13] "GET /v1/agent/config/?uuid=54c5b5660d8d4962b86315575d42e5bb&version= HTTP/1.1 200 0" 0.001074  Go-http-client/1.1
2021/08/15 11:54:13.661  [M] [router.go:1014]  ::1 - - [15/Aug/2021 11:54:13] "POST /v1/agent/heartbeat/ HTTP/1.1 200 60" 0.074709  Go-http-client/1.1
2021/08/15 11:54:21.476  [I] [parser.go:413]  generate router from comments
2021/08/15 11:54:21.482  [I] [server.go:208]  https server Running on https://:8888
