0001/01/01 00:00:00.000  [M] [log.go:191]  [HTTP] http: TLS handshake error from [::1]:58214: remote error: tls: unknown certificate
2021/08/15 10:37:39.236  [M] [router.go:1014]  ::1 - - [15/Aug/2021 10:37:39] "GET /prometheusagent/modify?id=1 HTTP/2.0 200 0" 0.018396  Mozilla/5.0 (Windows NT 10.0; Win64; x64) AppleWebKit/537.36 (KHTML, like Gecko) Chrome/92.0.4515.131 Safari/537.36
2021/08/15 10:37:41.686  [M] [router.go:1014]  ::1 - - [15/Aug/2021 10:37:41] "GET /prometheusagent/query HTTP/2.0 200 0" 0.014099 https://localhost:8888/prometheusagent/modify?id=1 Mozilla/5.0 (Windows NT 10.0; Win64; x64) AppleWebKit/537.36 (KHTML, like Gecko) Chrome/92.0.4515.131 Safari/537.36
2021/08/15 10:37:43.135  [M] [router.go:1014]  ::1 - - [15/Aug/2021 10:37:43] "GET /prometheusagent/modify?id=1 HTTP/2.0 200 0" 0.014096 https://localhost:8888/prometheusagent/query Mozilla/5.0 (Windows NT 10.0; Win64; x64) AppleWebKit/537.36 (KHTML, like Gecko) Chrome/92.0.4515.131 Safari/537.36
2021/08/15 10:37:46.636  [M] [router.go:1014]  ::1 - - [15/Aug/2021 10:37:46] "POST /prometheusagent/modify HTTP/2.0 200 22" 0.010766 https://localhost:8888/prometheusagent/modify?id=1 Mozilla/5.0 (Windows NT 10.0; Win64; x64) AppleWebKit/537.36 (KHTML, like Gecko) Chrome/92.0.4515.131 Safari/537.36
2021/08/15 10:38:04.458  [M] [router.go:1014]  ::1 - - [15/Aug/2021 10:38:04] "POST /prometheusagent/modify HTTP/2.0 200 21" 0.014342 https://localhost:8888/prometheusagent/modify Mozilla/5.0 (Windows NT 10.0; Win64; x64) AppleWebKit/537.36 (KHTML, like Gecko) Chrome/92.0.4515.131 Safari/537.36
2021/08/15 10:38:39.337  [M] [router.go:1014]  ::1 - - [15/Aug/2021 10:38:39] "GET /prometheusagent/modify HTTP/2.0 200 0" 0.047471  Mozilla/5.0 (Windows NT 10.0; Win64; x64) AppleWebKit/537.36 (KHTML, like Gecko) Chrome/92.0.4515.131 Safari/537.36
2021/08/15 10:38:41.225  [M] [router.go:1014]  ::1 - - [15/Aug/2021 10:38:41] "GET /prometheusagent/query HTTP/2.0 200 0" 0.030124 https://localhost:8888/prometheusagent/modify Mozilla/5.0 (Windows NT 10.0; Win64; x64) AppleWebKit/537.36 (KHTML, like Gecko) Chrome/92.0.4515.131 Safari/537.36
2021/08/15 10:38:43.177  [M] [router.go:1014]  ::1 - - [15/Aug/2021 10:38:43] "GET /prometheusagent/modify?id=1 HTTP/2.0 200 0" 0.041058 https://localhost:8888/prometheusagent/query Mozilla/5.0 (Windows NT 10.0; Win64; x64) AppleWebKit/537.36 (KHTML, like Gecko) Chrome/92.0.4515.131 Safari/537.36
2021/08/15 10:38:45.303  [M] [router.go:1014]  ::1 - - [15/Aug/2021 10:38:45] "POST /prometheusagent/modify HTTP/2.0 200 12" 0.016341 https://localhost:8888/prometheusagent/modify?id=1 Mozilla/5.0 (Windows NT 10.0; Win64; x64) AppleWebKit/537.36 (KHTML, like Gecko) Chrome/92.0.4515.131 Safari/537.36
2021/08/15 10:38:50.227  [M] [router.go:1014]  ::1 - - [15/Aug/2021 10:38:50] "POST /prometheusagent/modify HTTP/2.0 200 16" 0.020893 https://localhost:8888/prometheusagent/modify Mozilla/5.0 (Windows NT 10.0; Win64; x64) AppleWebKit/537.36 (KHTML, like Gecko) Chrome/92.0.4515.131 Safari/537.36
2021/08/15 10:38:51.335  [M] [router.go:1014]  ::1 - - [15/Aug/2021 10:38:51] "POST /prometheusagent/modify HTTP/2.0 200 16" 0.027465 https://localhost:8888/prometheusagent/modify Mozilla/5.0 (Windows NT 10.0; Win64; x64) AppleWebKit/537.36 (KHTML, like Gecko) Chrome/92.0.4515.131 Safari/537.36
2021/08/15 10:38:51.624  [M] [router.go:1014]  ::1 - - [15/Aug/2021 10:38:51] "POST /prometheusagent/modify HTTP/2.0 200 16" 0.006956 https://localhost:8888/prometheusagent/modify Mozilla/5.0 (Windows NT 10.0; Win64; x64) AppleWebKit/537.36 (KHTML, like Gecko) Chrome/92.0.4515.131 Safari/537.36
2021/08/15 10:38:51.838  [M] [router.go:1014]  ::1 - - [15/Aug/2021 10:38:51] "POST /prometheusagent/modify HTTP/2.0 200 16" 0.009686 https://localhost:8888/prometheusagent/modify Mozilla/5.0 (Windows NT 10.0; Win64; x64) AppleWebKit/537.36 (KHTML, like Gecko) Chrome/92.0.4515.131 Safari/537.36
2021/08/15 10:38:52.045  [M] [router.go:1014]  ::1 - - [15/Aug/2021 10:38:52] "POST /prometheusagent/modify HTTP/2.0 200 16" 0.021908 https://localhost:8888/prometheusagent/modify Mozilla/5.0 (Windows NT 10.0; Win64; x64) AppleWebKit/537.36 (KHTML, like Gecko) Chrome/92.0.4515.131 Safari/537.36
2021/08/15 10:39:06.730  [M] [router.go:1014]  ::1 - - [15/Aug/2021 10:39:06] "POST /prometheusagent/modify HTTP/2.0 200 23" 0.016992 https://localhost:8888/prometheusagent/modify Mozilla/5.0 (Windows NT 10.0; Win64; x64) AppleWebKit/537.36 (KHTML, like Gecko) Chrome/92.0.4515.131 Safari/537.36
2021/08/15 10:39:15.961  [M] [router.go:1014]  ::1 - - [15/Aug/2021 10:39:15] "GET /prometheusagent/query HTTP/2.0 200 0" 0.027531 https://localhost:8888/prometheusagent/modify Mozilla/5.0 (Windows NT 10.0; Win64; x64) AppleWebKit/537.36 (KHTML, like Gecko) Chrome/92.0.4515.131 Safari/537.36
2021/08/15 10:39:17.280  [M] [router.go:1014]  ::1 - - [15/Aug/2021 10:39:17] "GET /prometheusagent/modify?id=1 HTTP/2.0 200 0" 0.007962 https://localhost:8888/prometheusagent/query Mozilla/5.0 (Windows NT 10.0; Win64; x64) AppleWebKit/537.36 (KHTML, like Gecko) Chrome/92.0.4515.131 Safari/537.36
2021/08/15 10:39:21.048  [M] [router.go:1014]  ::1 - - [15/Aug/2021 10:39:21] "POST /prometheusagent/modify HTTP/2.0 200 16" 0.011246 https://localhost:8888/prometheusagent/modify?id=1 Mozilla/5.0 (Windows NT 10.0; Win64; x64) AppleWebKit/537.36 (KHTML, like Gecko) Chrome/92.0.4515.131 Safari/537.36
2021/08/15 10:39:46.246  [M] [router.go:1014]  ::1 - - [15/Aug/2021 10:39:46] "GET /prometheusagent/query HTTP/2.0 200 0" 0.009393 https://localhost:8888/prometheusagent/modify Mozilla/5.0 (Windows NT 10.0; Win64; x64) AppleWebKit/537.36 (KHTML, like Gecko) Chrome/92.0.4515.131 Safari/537.36
2021/08/15 10:39:47.386  [M] [router.go:1014]  ::1 - - [15/Aug/2021 10:39:47] "GET /prometheusagent/modify?id=1 HTTP/2.0 200 0" 0.009727 https://localhost:8888/prometheusagent/query Mozilla/5.0 (Windows NT 10.0; Win64; x64) AppleWebKit/537.36 (KHTML, like Gecko) Chrome/92.0.4515.131 Safari/537.36
2021/08/15 10:41:06.542  [I] [parser.go:413]  generate router from comments
2021/08/15 10:41:06.552  [I] [server.go:208]  https server Running on https://:8888
