0001/01/01 00:00:00.000  [M] [log.go:191]  [HTTP] http: superfluous response.WriteHeader call from github.com/beego/beego/v2/server/web/context.(*Response).WriteHeader (context.go:230)
2021/08/15 12:15:01.818  [I] [parser.go:413]  generate router from comments
2021/08/15 12:15:01.821  [I] [server.go:208]  https server Running on https://:8888
2021/08/15 12:15:02.000  [M] [router.go:1014]  127.0.0.1 - - [15/Aug/2021 12:15:01] "POST /v1/agent/heartbeat/ HTTP/1.1 200 60" 0.046462  Go-http-client/1.1
2021/08/15 12:15:02.004  [M] [router.go:1014]  127.0.0.1 - - [15/Aug/2021 12:15:01] "GET /v1/agent/config/?uuid=54c5b5660d8d4962b86315575d42e5bb&version= HTTP/1.1 200 0" 0.005117  Go-http-client/1.1
2021/08/15 12:15:03.593  [M] [router.go:1014]  ::1 - - [15/Aug/2021 12:15:03] "GET /v1/agent/config/?uuid=54c5b5660d8d4962b86315575d42e5bb&version= HTTP/1.1 200 0" 0.002766  Go-http-client/1.1
2021/08/15 12:15:03.647  [M] [router.go:1014]  ::1 - - [15/Aug/2021 12:15:03] "POST /v1/agent/heartbeat/ HTTP/1.1 200 60" 0.056912  Go-http-client/1.1
2021/08/15 12:15:05.833  [M] [router.go:1014]  ::1 - - [15/Aug/2021 12:15:05] "GET /v1/agent/config/?uuid=54c5b5660d8d4962b86315575d42e5bb&version= HTTP/1.1 200 0" 0.008493  Go-http-client/1.1
2021/08/15 12:15:05.869  [M] [router.go:1014]  ::1 - - [15/Aug/2021 12:15:05] "POST /v1/agent/heartbeat/ HTTP/1.1 200 60" 0.042786  Go-http-client/1.1
2021/08/15 12:15:05.896  [M] [router.go:1014]  ::1 - - [15/Aug/2021 12:15:05] "POST /v1/agent/register/ HTTP/1.1 200 99" 0.069474  Go-http-client/1.1
2021/08/15 12:15:13.588  [M] [router.go:1014]  ::1 - - [15/Aug/2021 12:15:13] "GET /v1/agent/config/?uuid=54c5b5660d8d4962b86315575d42e5bb&version= HTTP/1.1 200 0" 0.002001  Go-http-client/1.1
2021/08/15 12:15:13.622  [M] [router.go:1014]  ::1 - - [15/Aug/2021 12:15:13] "POST /v1/agent/heartbeat/ HTTP/1.1 200 60" 0.035847  Go-http-client/1.1
2021/08/15 12:15:15.819  [M] [router.go:1014]  ::1 - - [15/Aug/2021 12:15:15] "GET /v1/agent/config/?uuid=54c5b5660d8d4962b86315575d42e5bb&version= HTTP/1.1 200 0" 0.014011  Go-http-client/1.1
2021/08/15 12:15:15.868  [M] [router.go:1014]  ::1 - - [15/Aug/2021 12:15:15] "POST /v1/agent/heartbeat/ HTTP/1.1 200 60" 0.063913  Go-http-client/1.1
2021/08/15 12:15:23.595  [M] [router.go:1014]  ::1 - - [15/Aug/2021 12:15:23] "GET /v1/agent/config/?uuid=54c5b5660d8d4962b86315575d42e5bb&version= HTTP/1.1 200 0" 0.006698  Go-http-client/1.1
2021/08/15 12:15:23.652  [M] [router.go:1014]  ::1 - - [15/Aug/2021 12:15:23] "POST /v1/agent/heartbeat/ HTTP/1.1 200 60" 0.064327  Go-http-client/1.1
2021/08/15 12:15:26.008  [M] [router.go:1014]  ::1 - - [15/Aug/2021 12:15:25] "GET /v1/agent/config/?uuid=54c5b5660d8d4962b86315575d42e5bb&version= HTTP/1.1 200 0" 0.023910  Go-http-client/1.1
2021/08/15 12:15:26.045  [M] [router.go:1014]  ::1 - - [15/Aug/2021 12:15:25] "POST /v1/agent/heartbeat/ HTTP/1.1 200 60" 0.060422  Go-http-client/1.1
2021/08/15 12:15:33.589  [M] [router.go:1014]  ::1 - - [15/Aug/2021 12:15:33] "GET /v1/agent/config/?uuid=54c5b5660d8d4962b86315575d42e5bb&version= HTTP/1.1 200 0" 0.003465  Go-http-client/1.1
2021/08/15 12:15:33.620  [M] [router.go:1014]  ::1 - - [15/Aug/2021 12:15:33] "POST /v1/agent/heartbeat/ HTTP/1.1 200 60" 0.034588  Go-http-client/1.1
2021/08/15 12:15:35.807  [M] [router.go:1014]  ::1 - - [15/Aug/2021 12:15:35] "GET /v1/agent/config/?uuid=54c5b5660d8d4962b86315575d42e5bb&version= HTTP/1.1 200 0" 0.003001  Go-http-client/1.1
2021/08/15 12:15:35.843  [M] [router.go:1014]  ::1 - - [15/Aug/2021 12:15:35] "POST /v1/agent/heartbeat/ HTTP/1.1 200 60" 0.039248  Go-http-client/1.1
2021/08/15 12:15:43.588  [M] [router.go:1014]  ::1 - - [15/Aug/2021 12:15:43] "GET /v1/agent/config/?uuid=54c5b5660d8d4962b86315575d42e5bb&version= HTTP/1.1 200 0" 0.002988  Go-http-client/1.1
2021/08/15 12:15:43.617  [M] [router.go:1014]  ::1 - - [15/Aug/2021 12:15:43] "POST /v1/agent/heartbeat/ HTTP/1.1 200 60" 0.031468  Go-http-client/1.1
2021/08/15 12:15:45.822  [M] [router.go:1014]  ::1 - - [15/Aug/2021 12:15:45] "GET /v1/agent/config/?uuid=54c5b5660d8d4962b86315575d42e5bb&version= HTTP/1.1 200 0" 0.008905  Go-http-client/1.1
2021/08/15 12:15:45.868  [M] [router.go:1014]  ::1 - - [15/Aug/2021 12:15:45] "POST /v1/agent/heartbeat/ HTTP/1.1 200 60" 0.054681  Go-http-client/1.1
2021/08/15 12:15:53.742  [M] [router.go:1014]  ::1 - - [15/Aug/2021 12:15:53] "GET /v1/agent/config/?uuid=54c5b5660d8d4962b86315575d42e5bb&version= HTTP/1.1 200 0" 0.108924  Go-http-client/1.1
2021/08/15 12:15:53.880  [M] [router.go:1014]  ::1 - - [15/Aug/2021 12:15:53] "POST /v1/agent/heartbeat/ HTTP/1.1 200 60" 0.247233  Go-http-client/1.1
2021/08/15 12:15:55.813  [M] [router.go:1014]  ::1 - - [15/Aug/2021 12:15:55] "GET /v1/agent/config/?uuid=54c5b5660d8d4962b86315575d42e5bb&version= HTTP/1.1 200 0" 0.006699  Go-http-client/1.1
2021/08/15 12:15:55.846  [M] [router.go:1014]  ::1 - - [15/Aug/2021 12:15:55] "POST /v1/agent/heartbeat/ HTTP/1.1 200 60" 0.039586  Go-http-client/1.1
2021/08/15 12:16:03.586  [M] [router.go:1014]  ::1 - - [15/Aug/2021 12:16:03] "GET /v1/agent/config/?uuid=54c5b5660d8d4962b86315575d42e5bb&version= HTTP/1.1 200 0" 0.001972  Go-http-client/1.1
2021/08/15 12:16:03.615  [M] [router.go:1014]  ::1 - - [15/Aug/2021 12:16:03] "POST /v1/agent/heartbeat/ HTTP/1.1 200 60" 0.030385  Go-http-client/1.1
2021/08/15 12:16:05.806  [M] [router.go:1014]  ::1 - - [15/Aug/2021 12:16:05] "GET /v1/agent/config/?uuid=54c5b5660d8d4962b86315575d42e5bb&version= HTTP/1.1 200 0" 0.002001  Go-http-client/1.1
2021/08/15 12:16:05.833  [M] [router.go:1014]  ::1 - - [15/Aug/2021 12:16:05] "POST /v1/agent/heartbeat/ HTTP/1.1 200 60" 0.028757  Go-http-client/1.1
2021/08/15 12:16:13.594  [M] [router.go:1014]  ::1 - - [15/Aug/2021 12:16:13] "GET /v1/agent/config/?uuid=54c5b5660d8d4962b86315575d42e5bb&version= HTTP/1.1 200 0" 0.004664  Go-http-client/1.1
2021/08/15 12:16:13.636  [M] [router.go:1014]  ::1 - - [15/Aug/2021 12:16:13] "POST /v1/agent/heartbeat/ HTTP/1.1 200 60" 0.049598  Go-http-client/1.1
2021/08/15 12:16:15.815  [M] [router.go:1014]  ::1 - - [15/Aug/2021 12:16:15] "GET /v1/agent/config/?uuid=54c5b5660d8d4962b86315575d42e5bb&version= HTTP/1.1 200 0" 0.006307  Go-http-client/1.1
2021/08/15 12:16:15.872  [M] [router.go:1014]  ::1 - - [15/Aug/2021 12:16:15] "POST /v1/agent/heartbeat/ HTTP/1.1 200 60" 0.062442  Go-http-client/1.1
2021/08/15 12:16:23.593  [M] [router.go:1014]  ::1 - - [15/Aug/2021 12:16:23] "GET /v1/agent/config/?uuid=54c5b5660d8d4962b86315575d42e5bb&version= HTTP/1.1 200 0" 0.004995  Go-http-client/1.1
2021/08/15 12:16:23.640  [M] [router.go:1014]  ::1 - - [15/Aug/2021 12:16:23] "POST /v1/agent/heartbeat/ HTTP/1.1 200 60" 0.051391  Go-http-client/1.1
2021/08/15 12:16:25.806  [M] [router.go:1014]  ::1 - - [15/Aug/2021 12:16:25] "GET /v1/agent/config/?uuid=54c5b5660d8d4962b86315575d42e5bb&version= HTTP/1.1 200 0" 0.001907  Go-http-client/1.1
2021/08/15 12:16:25.842  [M] [router.go:1014]  ::1 - - [15/Aug/2021 12:16:25] "POST /v1/agent/heartbeat/ HTTP/1.1 200 60" 0.037493  Go-http-client/1.1
2021/08/15 12:16:33.587  [M] [router.go:1014]  ::1 - - [15/Aug/2021 12:16:33] "GET /v1/agent/config/?uuid=54c5b5660d8d4962b86315575d42e5bb&version= HTTP/1.1 200 0" 0.002781  Go-http-client/1.1
2021/08/15 12:16:33.610  [M] [router.go:1014]  ::1 - - [15/Aug/2021 12:16:33] "POST /v1/agent/heartbeat/ HTTP/1.1 200 60" 0.025882  Go-http-client/1.1
2021/08/15 12:16:35.806  [M] [router.go:1014]  ::1 - - [15/Aug/2021 12:16:35] "GET /v1/agent/config/?uuid=54c5b5660d8d4962b86315575d42e5bb&version= HTTP/1.1 200 0" 0.001518  Go-http-client/1.1
2021/08/15 12:16:35.844  [M] [router.go:1014]  ::1 - - [15/Aug/2021 12:16:35] "POST /v1/agent/heartbeat/ HTTP/1.1 200 60" 0.039694  Go-http-client/1.1
2021/08/15 12:16:43.588  [M] [router.go:1014]  ::1 - - [15/Aug/2021 12:16:43] "GET /v1/agent/config/?uuid=54c5b5660d8d4962b86315575d42e5bb&version= HTTP/1.1 200 0" 0.002219  Go-http-client/1.1
2021/08/15 12:16:43.616  [M] [router.go:1014]  ::1 - - [15/Aug/2021 12:16:43] "POST /v1/agent/heartbeat/ HTTP/1.1 200 60" 0.030124  Go-http-client/1.1
2021/08/15 12:16:45.806  [M] [router.go:1014]  ::1 - - [15/Aug/2021 12:16:45] "GET /v1/agent/config/?uuid=54c5b5660d8d4962b86315575d42e5bb&version= HTTP/1.1 200 0" 0.001321  Go-http-client/1.1
2021/08/15 12:16:45.894  [M] [router.go:1014]  ::1 - - [15/Aug/2021 12:16:45] "POST /v1/agent/heartbeat/ HTTP/1.1 200 60" 0.089750  Go-http-client/1.1
2021/08/15 12:16:53.587  [M] [router.go:1014]  ::1 - - [15/Aug/2021 12:16:53] "GET /v1/agent/config/?uuid=54c5b5660d8d4962b86315575d42e5bb&version= HTTP/1.1 200 0" 0.001965  Go-http-client/1.1
2021/08/15 12:16:53.619  [M] [router.go:1014]  ::1 - - [15/Aug/2021 12:16:53] "POST /v1/agent/heartbeat/ HTTP/1.1 200 60" 0.033919  Go-http-client/1.1
2021/08/15 12:16:58.774  [M] [router.go:1014]  ::1 - - [15/Aug/2021 12:16:58] "GET /v1/agent/config/?uuid=54c5b5660d8d4962b86315575d42e5bb&version= HTTP/1.1 200 0" 0.004002  Go-http-client/1.1
2021/08/15 12:16:58.815  [M] [router.go:1014]  ::1 - - [15/Aug/2021 12:16:58] "POST /v1/agent/heartbeat/ HTTP/1.1 200 60" 0.042480  Go-http-client/1.1
2021/08/15 12:16:58.844  [M] [router.go:1014]  ::1 - - [15/Aug/2021 12:16:58] "POST /v1/agent/register/ HTTP/1.1 200 99" 0.072181  Go-http-client/1.1
2021/08/15 12:17:03.601  [M] [router.go:1014]  ::1 - - [15/Aug/2021 12:17:03] "GET /v1/agent/config/?uuid=54c5b5660d8d4962b86315575d42e5bb&version= HTTP/1.1 200 0" 0.014669  Go-http-client/1.1
2021/08/15 12:17:03.664  [M] [router.go:1014]  ::1 - - [15/Aug/2021 12:17:03] "POST /v1/agent/heartbeat/ HTTP/1.1 200 60" 0.077189  Go-http-client/1.1
2021/08/15 12:17:08.767  [M] [router.go:1014]  ::1 - - [15/Aug/2021 12:17:08] "GET /v1/agent/config/?uuid=54c5b5660d8d4962b86315575d42e5bb&version= HTTP/1.1 200 0" 0.004764  Go-http-client/1.1
2021/08/15 12:17:08.799  [M] [router.go:1014]  ::1 - - [15/Aug/2021 12:17:08] "POST /v1/agent/heartbeat/ HTTP/1.1 200 60" 0.036058  Go-http-client/1.1
2021/08/15 12:17:13.599  [M] [router.go:1014]  ::1 - - [15/Aug/2021 12:17:13] "GET /v1/agent/config/?uuid=54c5b5660d8d4962b86315575d42e5bb&version= HTTP/1.1 200 0" 0.006102  Go-http-client/1.1
2021/08/15 12:17:13.636  [M] [router.go:1014]  ::1 - - [15/Aug/2021 12:17:13] "POST /v1/agent/heartbeat/ HTTP/1.1 200 60" 0.043709  Go-http-client/1.1
2021/08/15 12:17:18.771  [M] [router.go:1014]  ::1 - - [15/Aug/2021 12:17:18] "GET /v1/agent/config/?uuid=54c5b5660d8d4962b86315575d42e5bb&version= HTTP/1.1 200 0" 0.008876  Go-http-client/1.1
2021/08/15 12:17:18.875  [M] [router.go:1014]  ::1 - - [15/Aug/2021 12:17:18] "POST /v1/agent/heartbeat/ HTTP/1.1 200 60" 0.113541  Go-http-client/1.1
2021/08/15 12:17:23.595  [M] [router.go:1014]  ::1 - - [15/Aug/2021 12:17:23] "GET /v1/agent/config/?uuid=54c5b5660d8d4962b86315575d42e5bb&version= HTTP/1.1 200 0" 0.006537  Go-http-client/1.1
2021/08/15 12:17:23.631  [M] [router.go:1014]  ::1 - - [15/Aug/2021 12:17:23] "POST /v1/agent/heartbeat/ HTTP/1.1 200 60" 0.042924  Go-http-client/1.1
2021/08/15 12:17:28.766  [M] [router.go:1014]  ::1 - - [15/Aug/2021 12:17:28] "GET /v1/agent/config/?uuid=54c5b5660d8d4962b86315575d42e5bb&version= HTTP/1.1 200 0" 0.003836  Go-http-client/1.1
2021/08/15 12:17:28.817  [M] [router.go:1014]  ::1 - - [15/Aug/2021 12:17:28] "POST /v1/agent/heartbeat/ HTTP/1.1 200 60" 0.054614  Go-http-client/1.1
2021/08/15 12:17:33.600  [M] [router.go:1014]  ::1 - - [15/Aug/2021 12:17:33] "GET /v1/agent/config/?uuid=54c5b5660d8d4962b86315575d42e5bb&version= HTTP/1.1 200 0" 0.009603  Go-http-client/1.1
2021/08/15 12:17:33.660  [M] [router.go:1014]  ::1 - - [15/Aug/2021 12:17:33] "POST /v1/agent/heartbeat/ HTTP/1.1 200 60" 0.069842  Go-http-client/1.1
2021/08/15 12:17:38.765  [M] [router.go:1014]  ::1 - - [15/Aug/2021 12:17:38] "GET /v1/agent/config/?uuid=54c5b5660d8d4962b86315575d42e5bb&version= HTTP/1.1 200 0" 0.002218  Go-http-client/1.1
2021/08/15 12:17:38.811  [M] [router.go:1014]  ::1 - - [15/Aug/2021 12:17:38] "POST /v1/agent/heartbeat/ HTTP/1.1 200 60" 0.048899  Go-http-client/1.1
2021/08/15 12:17:43.587  [M] [router.go:1014]  ::1 - - [15/Aug/2021 12:17:43] "GET /v1/agent/config/?uuid=54c5b5660d8d4962b86315575d42e5bb&version= HTTP/1.1 200 0" 0.001770  Go-http-client/1.1
2021/08/15 12:17:43.622  [M] [router.go:1014]  ::1 - - [15/Aug/2021 12:17:43] "POST /v1/agent/heartbeat/ HTTP/1.1 200 60" 0.036390  Go-http-client/1.1
2021/08/15 12:17:48.791  [M] [router.go:1014]  ::1 - - [15/Aug/2021 12:17:48] "GET /v1/agent/config/?uuid=54c5b5660d8d4962b86315575d42e5bb&version= HTTP/1.1 200 0" 0.022116  Go-http-client/1.1
2021/08/15 12:17:48.829  [M] [router.go:1014]  ::1 - - [15/Aug/2021 12:17:48] "POST /v1/agent/heartbeat/ HTTP/1.1 200 60" 0.061434  Go-http-client/1.1
2021/08/15 12:17:53.588  [M] [router.go:1014]  ::1 - - [15/Aug/2021 12:17:53] "GET /v1/agent/config/?uuid=54c5b5660d8d4962b86315575d42e5bb&version= HTTP/1.1 200 0" 0.003472  Go-http-client/1.1
2021/08/15 12:17:53.628  [M] [router.go:1014]  ::1 - - [15/Aug/2021 12:17:53] "POST /v1/agent/heartbeat/ HTTP/1.1 200 60" 0.043306  Go-http-client/1.1
2021/08/15 12:17:58.765  [M] [router.go:1014]  ::1 - - [15/Aug/2021 12:17:58] "GET /v1/agent/config/?uuid=54c5b5660d8d4962b86315575d42e5bb&version= HTTP/1.1 200 0" 0.003176  Go-http-client/1.1
2021/08/15 12:17:58.795  [M] [router.go:1014]  ::1 - - [15/Aug/2021 12:17:58] "POST /v1/agent/heartbeat/ HTTP/1.1 200 60" 0.032766  Go-http-client/1.1
2021/08/15 12:18:03.594  [M] [router.go:1014]  ::1 - - [15/Aug/2021 12:18:03] "GET /v1/agent/config/?uuid=54c5b5660d8d4962b86315575d42e5bb&version= HTTP/1.1 200 0" 0.004998  Go-http-client/1.1
2021/08/15 12:18:03.683  [M] [router.go:1014]  ::1 - - [15/Aug/2021 12:18:03] "POST /v1/agent/heartbeat/ HTTP/1.1 200 60" 0.093551  Go-http-client/1.1
2021/08/15 12:18:08.764  [M] [router.go:1014]  ::1 - - [15/Aug/2021 12:18:08] "GET /v1/agent/config/?uuid=54c5b5660d8d4962b86315575d42e5bb&version= HTTP/1.1 200 0" 0.001997  Go-http-client/1.1
2021/08/15 12:18:08.799  [M] [router.go:1014]  ::1 - - [15/Aug/2021 12:18:08] "POST /v1/agent/heartbeat/ HTTP/1.1 200 60" 0.037014  Go-http-client/1.1
2021/08/15 12:18:13.590  [M] [router.go:1014]  ::1 - - [15/Aug/2021 12:18:13] "GET /v1/agent/config/?uuid=54c5b5660d8d4962b86315575d42e5bb&version= HTTP/1.1 200 0" 0.004746  Go-http-client/1.1
2021/08/15 12:18:13.617  [M] [router.go:1014]  ::1 - - [15/Aug/2021 12:18:13] "POST /v1/agent/heartbeat/ HTTP/1.1 200 60" 0.031723  Go-http-client/1.1
2021/08/15 12:18:18.767  [M] [router.go:1014]  ::1 - - [15/Aug/2021 12:18:18] "GET /v1/agent/config/?uuid=54c5b5660d8d4962b86315575d42e5bb&version= HTTP/1.1 200 0" 0.003358  Go-http-client/1.1
2021/08/15 12:18:18.830  [M] [router.go:1014]  ::1 - - [15/Aug/2021 12:18:18] "POST /v1/agent/heartbeat/ HTTP/1.1 200 60" 0.066239  Go-http-client/1.1
2021/08/15 12:18:23.587  [M] [router.go:1014]  ::1 - - [15/Aug/2021 12:18:23] "GET /v1/agent/config/?uuid=54c5b5660d8d4962b86315575d42e5bb&version= HTTP/1.1 200 0" 0.001530  Go-http-client/1.1
2021/08/15 12:18:23.621  [M] [router.go:1014]  ::1 - - [15/Aug/2021 12:18:23] "POST /v1/agent/heartbeat/ HTTP/1.1 200 60" 0.036509  Go-http-client/1.1
2021/08/15 12:18:28.765  [M] [router.go:1014]  ::1 - - [15/Aug/2021 12:18:28] "GET /v1/agent/config/?uuid=54c5b5660d8d4962b86315575d42e5bb&version= HTTP/1.1 200 0" 0.002971  Go-http-client/1.1
2021/08/15 12:18:28.799  [M] [router.go:1014]  ::1 - - [15/Aug/2021 12:18:28] "POST /v1/agent/heartbeat/ HTTP/1.1 200 60" 0.036752  Go-http-client/1.1
2021/08/15 12:18:33.590  [M] [router.go:1014]  ::1 - - [15/Aug/2021 12:18:33] "GET /v1/agent/config/?uuid=54c5b5660d8d4962b86315575d42e5bb&version= HTTP/1.1 200 0" 0.004343  Go-http-client/1.1
2021/08/15 12:18:33.666  [M] [router.go:1014]  ::1 - - [15/Aug/2021 12:18:33] "POST /v1/agent/heartbeat/ HTTP/1.1 200 60" 0.080402  Go-http-client/1.1
2021/08/15 12:18:38.765  [M] [router.go:1014]  ::1 - - [15/Aug/2021 12:18:38] "GET /v1/agent/config/?uuid=54c5b5660d8d4962b86315575d42e5bb&version= HTTP/1.1 200 0" 0.002171  Go-http-client/1.1
2021/08/15 12:18:38.793  [M] [router.go:1014]  ::1 - - [15/Aug/2021 12:18:38] "POST /v1/agent/heartbeat/ HTTP/1.1 200 60" 0.030340  Go-http-client/1.1
2021/08/15 12:18:43.588  [M] [router.go:1014]  ::1 - - [15/Aug/2021 12:18:43] "GET /v1/agent/config/?uuid=54c5b5660d8d4962b86315575d42e5bb&version= HTTP/1.1 200 0" 0.002556  Go-http-client/1.1
2021/08/15 12:18:43.628  [M] [router.go:1014]  ::1 - - [15/Aug/2021 12:18:43] "POST /v1/agent/heartbeat/ HTTP/1.1 200 60" 0.042485  Go-http-client/1.1
2021/08/15 12:18:48.781  [M] [router.go:1014]  ::1 - - [15/Aug/2021 12:18:48] "GET /v1/agent/config/?uuid=54c5b5660d8d4962b86315575d42e5bb&version= HTTP/1.1 200 0" 0.006436  Go-http-client/1.1
2021/08/15 12:18:48.814  [M] [router.go:1014]  ::1 - - [15/Aug/2021 12:18:48] "POST /v1/agent/heartbeat/ HTTP/1.1 200 60" 0.038962  Go-http-client/1.1
2021/08/15 12:18:53.588  [M] [router.go:1014]  ::1 - - [15/Aug/2021 12:18:53] "GET /v1/agent/config/?uuid=54c5b5660d8d4962b86315575d42e5bb&version= HTTP/1.1 200 0" 0.002474  Go-http-client/1.1
2021/08/15 12:18:53.616  [M] [router.go:1014]  ::1 - - [15/Aug/2021 12:18:53] "POST /v1/agent/heartbeat/ HTTP/1.1 200 60" 0.030747  Go-http-client/1.1
2021/08/15 12:18:58.794  [M] [router.go:1014]  ::1 - - [15/Aug/2021 12:18:58] "GET /v1/agent/config/?uuid=54c5b5660d8d4962b86315575d42e5bb&version= HTTP/1.1 200 0" 0.027740  Go-http-client/1.1
2021/08/15 12:18:58.833  [M] [router.go:1014]  ::1 - - [15/Aug/2021 12:18:58] "POST /v1/agent/heartbeat/ HTTP/1.1 200 60" 0.065281  Go-http-client/1.1
2021/08/15 12:19:03.594  [M] [router.go:1014]  ::1 - - [15/Aug/2021 12:19:03] "GET /v1/agent/config/?uuid=54c5b5660d8d4962b86315575d42e5bb&version= HTTP/1.1 200 0" 0.004573  Go-http-client/1.1
2021/08/15 12:19:03.634  [M] [router.go:1014]  ::1 - - [15/Aug/2021 12:19:03] "POST /v1/agent/heartbeat/ HTTP/1.1 200 60" 0.044378  Go-http-client/1.1
2021/08/15 12:19:07.553  [M] [router.go:1014]  ::1 - - [15/Aug/2021 12:19:07] "GET /v1/agent/config/?uuid=54c5b5660d8d4962b86315575d42e5bb&version= HTTP/1.1 200 0" 0.008943  Go-http-client/1.1
2021/08/15 12:19:07.580  [M] [router.go:1014]  ::1 - - [15/Aug/2021 12:19:07] "POST /v1/agent/heartbeat/ HTTP/1.1 200 60" 0.036202  Go-http-client/1.1
2021/08/15 12:19:07.610  [M] [router.go:1014]  ::1 - - [15/Aug/2021 12:19:07] "POST /v1/agent/register/ HTTP/1.1 200 99" 0.065423  Go-http-client/1.1
2021/08/15 12:19:13.591  [M] [router.go:1014]  ::1 - - [15/Aug/2021 12:19:13] "GET /v1/agent/config/?uuid=54c5b5660d8d4962b86315575d42e5bb&version= HTTP/1.1 200 0" 0.006903  Go-http-client/1.1
2021/08/15 12:19:13.640  [M] [router.go:1014]  ::1 - - [15/Aug/2021 12:19:13] "POST /v1/agent/heartbeat/ HTTP/1.1 200 60" 0.056235  Go-http-client/1.1
2021/08/15 12:19:17.536  [M] [router.go:1014]  ::1 - - [15/Aug/2021 12:19:17] "GET /v1/agent/config/?uuid=54c5b5660d8d4962b86315575d42e5bb&version= HTTP/1.1 200 0" 0.003049  Go-http-client/1.1
2021/08/15 12:19:17.572  [M] [router.go:1014]  ::1 - - [15/Aug/2021 12:19:17] "POST /v1/agent/heartbeat/ HTTP/1.1 200 60" 0.038841  Go-http-client/1.1
2021/08/15 12:19:23.594  [M] [router.go:1014]  ::1 - - [15/Aug/2021 12:19:23] "GET /v1/agent/config/?uuid=54c5b5660d8d4962b86315575d42e5bb&version= HTTP/1.1 200 0" 0.008240  Go-http-client/1.1
2021/08/15 12:19:23.669  [M] [router.go:1014]  ::1 - - [15/Aug/2021 12:19:23] "POST /v1/agent/heartbeat/ HTTP/1.1 200 60" 0.084158  Go-http-client/1.1
2021/08/15 12:19:27.535  [M] [router.go:1014]  ::1 - - [15/Aug/2021 12:19:27] "GET /v1/agent/config/?uuid=54c5b5660d8d4962b86315575d42e5bb&version= HTTP/1.1 200 0" 0.001241  Go-http-client/1.1
2021/08/15 12:19:27.581  [M] [router.go:1014]  ::1 - - [15/Aug/2021 12:19:27] "POST /v1/agent/heartbeat/ HTTP/1.1 200 60" 0.047739  Go-http-client/1.1
2021/08/15 12:19:33.590  [M] [router.go:1014]  ::1 - - [15/Aug/2021 12:19:33] "GET /v1/agent/config/?uuid=54c5b5660d8d4962b86315575d42e5bb&version= HTTP/1.1 200 0" 0.004001  Go-http-client/1.1
2021/08/15 12:19:33.623  [M] [router.go:1014]  ::1 - - [15/Aug/2021 12:19:33] "POST /v1/agent/heartbeat/ HTTP/1.1 200 60" 0.037638  Go-http-client/1.1
2021/08/15 12:19:37.535  [M] [router.go:1014]  ::1 - - [15/Aug/2021 12:19:37] "GET /v1/agent/config/?uuid=54c5b5660d8d4962b86315575d42e5bb&version= HTTP/1.1 200 0" 0.001383  Go-http-client/1.1
2021/08/15 12:19:37.609  [M] [router.go:1014]  ::1 - - [15/Aug/2021 12:19:37] "POST /v1/agent/heartbeat/ HTTP/1.1 200 60" 0.076330  Go-http-client/1.1
2021/08/15 12:19:43.591  [M] [router.go:1014]  ::1 - - [15/Aug/2021 12:19:43] "GET /v1/agent/config/?uuid=54c5b5660d8d4962b86315575d42e5bb&version= HTTP/1.1 200 0" 0.005709  Go-http-client/1.1
2021/08/15 12:19:43.632  [M] [router.go:1014]  ::1 - - [15/Aug/2021 12:19:43] "POST /v1/agent/heartbeat/ HTTP/1.1 200 60" 0.046732  Go-http-client/1.1
2021/08/15 12:19:47.561  [M] [router.go:1014]  ::1 - - [15/Aug/2021 12:19:47] "GET /v1/agent/config/?uuid=54c5b5660d8d4962b86315575d42e5bb&version= HTTP/1.1 200 0" 0.021392  Go-http-client/1.1
2021/08/15 12:19:47.602  [M] [router.go:1014]  ::1 - - [15/Aug/2021 12:19:47] "POST /v1/agent/heartbeat/ HTTP/1.1 200 60" 0.061766  Go-http-client/1.1
2021/08/15 12:19:53.587  [M] [router.go:1014]  ::1 - - [15/Aug/2021 12:19:53] "GET /v1/agent/config/?uuid=54c5b5660d8d4962b86315575d42e5bb&version= HTTP/1.1 200 0" 0.002000  Go-http-client/1.1
2021/08/15 12:19:53.615  [M] [router.go:1014]  ::1 - - [15/Aug/2021 12:19:53] "POST /v1/agent/heartbeat/ HTTP/1.1 200 60" 0.029822  Go-http-client/1.1
2021/08/15 12:19:57.536  [M] [router.go:1014]  ::1 - - [15/Aug/2021 12:19:57] "GET /v1/agent/config/?uuid=54c5b5660d8d4962b86315575d42e5bb&version= HTTP/1.1 200 0" 0.002706  Go-http-client/1.1
2021/08/15 12:19:57.577  [M] [router.go:1014]  ::1 - - [15/Aug/2021 12:19:57] "POST /v1/agent/heartbeat/ HTTP/1.1 200 60" 0.043206  Go-http-client/1.1
2021/08/15 12:20:03.587  [M] [router.go:1014]  ::1 - - [15/Aug/2021 12:20:03] "GET /v1/agent/config/?uuid=54c5b5660d8d4962b86315575d42e5bb&version= HTTP/1.1 200 0" 0.002046  Go-http-client/1.1
2021/08/15 12:20:03.627  [M] [router.go:1014]  ::1 - - [15/Aug/2021 12:20:03] "POST /v1/agent/heartbeat/ HTTP/1.1 200 60" 0.041656  Go-http-client/1.1
2021/08/15 12:20:07.535  [M] [router.go:1014]  ::1 - - [15/Aug/2021 12:20:07] "GET /v1/agent/config/?uuid=54c5b5660d8d4962b86315575d42e5bb&version= HTTP/1.1 200 0" 0.001749  Go-http-client/1.1
2021/08/15 12:20:07.575  [M] [router.go:1014]  ::1 - - [15/Aug/2021 12:20:07] "POST /v1/agent/heartbeat/ HTTP/1.1 200 60" 0.041994  Go-http-client/1.1
2021/08/15 12:20:13.588  [M] [router.go:1014]  ::1 - - [15/Aug/2021 12:20:13] "GET /v1/agent/config/?uuid=54c5b5660d8d4962b86315575d42e5bb&version= HTTP/1.1 200 0" 0.003118  Go-http-client/1.1
2021/08/15 12:20:13.623  [M] [router.go:1014]  ::1 - - [15/Aug/2021 12:20:13] "POST /v1/agent/heartbeat/ HTTP/1.1 200 60" 0.037380  Go-http-client/1.1
2021/08/15 12:20:17.534  [M] [router.go:1014]  ::1 - - [15/Aug/2021 12:20:17] "GET /v1/agent/config/?uuid=54c5b5660d8d4962b86315575d42e5bb&version= HTTP/1.1 200 0" 0.001268  Go-http-client/1.1
2021/08/15 12:20:17.607  [M] [router.go:1014]  ::1 - - [15/Aug/2021 12:20:17] "POST /v1/agent/heartbeat/ HTTP/1.1 200 60" 0.074677  Go-http-client/1.1
2021/08/15 12:20:23.591  [M] [router.go:1014]  ::1 - - [15/Aug/2021 12:20:23] "GET /v1/agent/config/?uuid=54c5b5660d8d4962b86315575d42e5bb&version= HTTP/1.1 200 0" 0.003984  Go-http-client/1.1
2021/08/15 12:20:23.723  [M] [router.go:1014]  ::1 - - [15/Aug/2021 12:20:23] "POST /v1/agent/heartbeat/ HTTP/1.1 200 60" 0.135420  Go-http-client/1.1
2021/08/15 12:20:27.538  [M] [router.go:1014]  ::1 - - [15/Aug/2021 12:20:27] "GET /v1/agent/config/?uuid=54c5b5660d8d4962b86315575d42e5bb&version= HTTP/1.1 200 0" 0.003940  Go-http-client/1.1
2021/08/15 12:20:27.576  [M] [router.go:1014]  ::1 - - [15/Aug/2021 12:20:27] "POST /v1/agent/heartbeat/ HTTP/1.1 200 60" 0.042141  Go-http-client/1.1
2021/08/15 12:20:33.590  [M] [router.go:1014]  ::1 - - [15/Aug/2021 12:20:33] "GET /v1/agent/config/?uuid=54c5b5660d8d4962b86315575d42e5bb&version= HTTP/1.1 200 0" 0.004000  Go-http-client/1.1
2021/08/15 12:20:33.624  [M] [router.go:1014]  ::1 - - [15/Aug/2021 12:20:33] "POST /v1/agent/heartbeat/ HTTP/1.1 200 60" 0.038133  Go-http-client/1.1
2021/08/15 12:20:37.535  [M] [router.go:1014]  ::1 - - [15/Aug/2021 12:20:37] "GET /v1/agent/config/?uuid=54c5b5660d8d4962b86315575d42e5bb&version= HTTP/1.1 200 0" 0.002000  Go-http-client/1.1
2021/08/15 12:20:37.569  [M] [router.go:1014]  ::1 - - [15/Aug/2021 12:20:37] "POST /v1/agent/heartbeat/ HTTP/1.1 200 60" 0.035917  Go-http-client/1.1
2021/08/15 12:20:43.589  [M] [router.go:1014]  ::1 - - [15/Aug/2021 12:20:43] "GET /v1/agent/config/?uuid=54c5b5660d8d4962b86315575d42e5bb&version= HTTP/1.1 200 0" 0.003001  Go-http-client/1.1
2021/08/15 12:20:43.627  [M] [router.go:1014]  ::1 - - [15/Aug/2021 12:20:43] "POST /v1/agent/heartbeat/ HTTP/1.1 200 60" 0.040724  Go-http-client/1.1
2021/08/15 12:20:47.545  [M] [router.go:1014]  ::1 - - [15/Aug/2021 12:20:47] "GET /v1/agent/config/?uuid=54c5b5660d8d4962b86315575d42e5bb&version= HTTP/1.1 200 0" 0.008669  Go-http-client/1.1
2021/08/15 12:20:47.579  [M] [router.go:1014]  ::1 - - [15/Aug/2021 12:20:47] "POST /v1/agent/heartbeat/ HTTP/1.1 200 60" 0.044385  Go-http-client/1.1
2021/08/15 12:20:53.587  [M] [router.go:1014]  ::1 - - [15/Aug/2021 12:20:53] "GET /v1/agent/config/?uuid=54c5b5660d8d4962b86315575d42e5bb&version= HTTP/1.1 200 0" 0.002939  Go-http-client/1.1
2021/08/15 12:20:53.697  [M] [router.go:1014]  ::1 - - [15/Aug/2021 12:20:53] "POST /v1/agent/heartbeat/ HTTP/1.1 200 60" 0.112463  Go-http-client/1.1
2021/08/15 12:20:57.543  [M] [router.go:1014]  ::1 - - [15/Aug/2021 12:20:57] "GET /v1/agent/config/?uuid=54c5b5660d8d4962b86315575d42e5bb&version= HTTP/1.1 200 0" 0.006982  Go-http-client/1.1
2021/08/15 12:20:57.583  [M] [router.go:1014]  ::1 - - [15/Aug/2021 12:20:57] "POST /v1/agent/heartbeat/ HTTP/1.1 200 60" 0.047187  Go-http-client/1.1
2021/08/15 12:21:03.592  [M] [router.go:1014]  ::1 - - [15/Aug/2021 12:21:03] "GET /v1/agent/config/?uuid=54c5b5660d8d4962b86315575d42e5bb&version= HTTP/1.1 200 0" 0.003373  Go-http-client/1.1
2021/08/15 12:21:03.628  [M] [router.go:1014]  ::1 - - [15/Aug/2021 12:21:03] "POST /v1/agent/heartbeat/ HTTP/1.1 200 60" 0.038978  Go-http-client/1.1
2021/08/15 12:21:07.544  [M] [router.go:1014]  ::1 - - [15/Aug/2021 12:21:07] "GET /v1/agent/config/?uuid=54c5b5660d8d4962b86315575d42e5bb&version= HTTP/1.1 200 0" 0.008424  Go-http-client/1.1
2021/08/15 12:21:07.645  [M] [router.go:1014]  ::1 - - [15/Aug/2021 12:21:07] "POST /v1/agent/heartbeat/ HTTP/1.1 200 60" 0.110746  Go-http-client/1.1
2021/08/15 12:21:13.606  [M] [router.go:1014]  ::1 - - [15/Aug/2021 12:21:13] "GET /v1/agent/config/?uuid=54c5b5660d8d4962b86315575d42e5bb&version= HTTP/1.1 200 0" 0.015302  Go-http-client/1.1
2021/08/15 12:21:13.647  [M] [router.go:1014]  ::1 - - [15/Aug/2021 12:21:13] "POST /v1/agent/heartbeat/ HTTP/1.1 200 60" 0.056927  Go-http-client/1.1
2021/08/15 12:21:13.674  [M] [router.go:1014]  ::1 - - [15/Aug/2021 12:21:13] "POST /v1/agent/register/ HTTP/1.1 200 99" 0.076165  Go-http-client/1.1
2021/08/15 12:21:17.557  [M] [router.go:1014]  ::1 - - [15/Aug/2021 12:21:17] "GET /v1/agent/config/?uuid=54c5b5660d8d4962b86315575d42e5bb&version= HTTP/1.1 200 0" 0.012265  Go-http-client/1.1
2021/08/15 12:21:17.643  [M] [router.go:1014]  ::1 - - [15/Aug/2021 12:21:17] "POST /v1/agent/heartbeat/ HTTP/1.1 200 60" 0.098663  Go-http-client/1.1
2021/08/15 12:21:23.613  [M] [router.go:1014]  ::1 - - [15/Aug/2021 12:21:23] "GET /v1/agent/config/?uuid=54c5b5660d8d4962b86315575d42e5bb&version= HTTP/1.1 200 0" 0.014799  Go-http-client/1.1
2021/08/15 12:21:23.673  [M] [router.go:1014]  ::1 - - [15/Aug/2021 12:21:23] "POST /v1/agent/heartbeat/ HTTP/1.1 200 60" 0.075787  Go-http-client/1.1
2021/08/15 12:21:27.540  [M] [router.go:1014]  ::1 - - [15/Aug/2021 12:21:27] "GET /v1/agent/config/?uuid=54c5b5660d8d4962b86315575d42e5bb&version= HTTP/1.1 200 0" 0.005374  Go-http-client/1.1
2021/08/15 12:21:27.582  [M] [router.go:1014]  ::1 - - [15/Aug/2021 12:21:27] "POST /v1/agent/heartbeat/ HTTP/1.1 200 60" 0.047268  Go-http-client/1.1
2021/08/15 12:21:33.598  [M] [router.go:1014]  ::1 - - [15/Aug/2021 12:21:33] "GET /v1/agent/config/?uuid=54c5b5660d8d4962b86315575d42e5bb&version= HTTP/1.1 200 0" 0.004972  Go-http-client/1.1
2021/08/15 12:21:33.647  [M] [router.go:1014]  ::1 - - [15/Aug/2021 12:21:33] "POST /v1/agent/heartbeat/ HTTP/1.1 200 60" 0.054431  Go-http-client/1.1
2021/08/15 12:21:37.543  [M] [router.go:1014]  ::1 - - [15/Aug/2021 12:21:37] "GET /v1/agent/config/?uuid=54c5b5660d8d4962b86315575d42e5bb&version= HTTP/1.1 200 0" 0.008219  Go-http-client/1.1
2021/08/15 12:21:37.621  [M] [router.go:1014]  ::1 - - [15/Aug/2021 12:21:37] "POST /v1/agent/heartbeat/ HTTP/1.1 200 60" 0.085953  Go-http-client/1.1
2021/08/15 12:21:43.591  [M] [router.go:1014]  ::1 - - [15/Aug/2021 12:21:43] "GET /v1/agent/config/?uuid=54c5b5660d8d4962b86315575d42e5bb&version= HTTP/1.1 200 0" 0.006527  Go-http-client/1.1
2021/08/15 12:21:43.624  [M] [router.go:1014]  ::1 - - [15/Aug/2021 12:21:43] "POST /v1/agent/heartbeat/ HTTP/1.1 200 60" 0.039872  Go-http-client/1.1
2021/08/15 12:21:47.568  [M] [router.go:1014]  ::1 - - [15/Aug/2021 12:21:47] "GET /v1/agent/config/?uuid=54c5b5660d8d4962b86315575d42e5bb&version= HTTP/1.1 200 0" 0.020866  Go-http-client/1.1
2021/08/15 12:21:47.603  [M] [router.go:1014]  ::1 - - [15/Aug/2021 12:21:47] "POST /v1/agent/heartbeat/ HTTP/1.1 200 60" 0.055772  Go-http-client/1.1
2021/08/15 12:21:53.637  [M] [router.go:1014]  ::1 - - [15/Aug/2021 12:21:53] "GET /v1/agent/config/?uuid=54c5b5660d8d4962b86315575d42e5bb&version= HTTP/1.1 200 0" 0.038530  Go-http-client/1.1
2021/08/15 12:21:53.697  [M] [router.go:1014]  ::1 - - [15/Aug/2021 12:21:53] "POST /v1/agent/heartbeat/ HTTP/1.1 200 60" 0.098566  Go-http-client/1.1
2021/08/15 12:21:57.545  [M] [router.go:1014]  ::1 - - [15/Aug/2021 12:21:57] "GET /v1/agent/config/?uuid=54c5b5660d8d4962b86315575d42e5bb&version= HTTP/1.1 200 0" 0.009871  Go-http-client/1.1
2021/08/15 12:21:57.589  [M] [router.go:1014]  ::1 - - [15/Aug/2021 12:21:57] "POST /v1/agent/heartbeat/ HTTP/1.1 200 60" 0.053886  Go-http-client/1.1
2021/08/15 12:22:03.589  [M] [router.go:1014]  ::1 - - [15/Aug/2021 12:22:03] "GET /v1/agent/config/?uuid=54c5b5660d8d4962b86315575d42e5bb&version= HTTP/1.1 200 0" 0.002735  Go-http-client/1.1
2021/08/15 12:22:03.626  [M] [router.go:1014]  ::1 - - [15/Aug/2021 12:22:03] "POST /v1/agent/heartbeat/ HTTP/1.1 200 60" 0.039632  Go-http-client/1.1
2021/08/15 12:22:07.535  [M] [router.go:1014]  ::1 - - [15/Aug/2021 12:22:07] "GET /v1/agent/config/?uuid=54c5b5660d8d4962b86315575d42e5bb&version= HTTP/1.1 200 0" 0.001816  Go-http-client/1.1
2021/08/15 12:22:07.567  [M] [router.go:1014]  ::1 - - [15/Aug/2021 12:22:07] "POST /v1/agent/heartbeat/ HTTP/1.1 200 60" 0.033701  Go-http-client/1.1
2021/08/15 12:22:13.591  [M] [router.go:1014]  ::1 - - [15/Aug/2021 12:22:13] "GET /v1/agent/config/?uuid=54c5b5660d8d4962b86315575d42e5bb&version= HTTP/1.1 200 0" 0.003387  Go-http-client/1.1
2021/08/15 12:22:13.629  [M] [router.go:1014]  ::1 - - [15/Aug/2021 12:22:13] "POST /v1/agent/heartbeat/ HTTP/1.1 200 60" 0.041335  Go-http-client/1.1
2021/08/15 12:22:17.536  [M] [router.go:1014]  ::1 - - [15/Aug/2021 12:22:17] "GET /v1/agent/config/?uuid=54c5b5660d8d4962b86315575d42e5bb&version= HTTP/1.1 200 0" 0.002969  Go-http-client/1.1
2021/08/15 12:22:17.574  [M] [router.go:1014]  ::1 - - [15/Aug/2021 12:22:17] "POST /v1/agent/heartbeat/ HTTP/1.1 200 60" 0.040988  Go-http-client/1.1
2021/08/15 12:22:23.595  [M] [router.go:1014]  ::1 - - [15/Aug/2021 12:22:23] "GET /v1/agent/config/?uuid=54c5b5660d8d4962b86315575d42e5bb&version= HTTP/1.1 200 0" 0.008294  Go-http-client/1.1
2021/08/15 12:22:23.624  [M] [router.go:1014]  ::1 - - [15/Aug/2021 12:22:23] "POST /v1/agent/heartbeat/ HTTP/1.1 200 60" 0.037292  Go-http-client/1.1
2021/08/15 12:22:27.537  [M] [router.go:1014]  ::1 - - [15/Aug/2021 12:22:27] "GET /v1/agent/config/?uuid=54c5b5660d8d4962b86315575d42e5bb&version= HTTP/1.1 200 0" 0.004321  Go-http-client/1.1
2021/08/15 12:22:27.584  [M] [router.go:1014]  ::1 - - [15/Aug/2021 12:22:27] "POST /v1/agent/heartbeat/ HTTP/1.1 200 60" 0.049716  Go-http-client/1.1
2021/08/15 12:22:33.589  [M] [router.go:1014]  ::1 - - [15/Aug/2021 12:22:33] "GET /v1/agent/config/?uuid=54c5b5660d8d4962b86315575d42e5bb&version= HTTP/1.1 200 0" 0.003002  Go-http-client/1.1
2021/08/15 12:22:33.633  [M] [router.go:1014]  ::1 - - [15/Aug/2021 12:22:33] "POST /v1/agent/heartbeat/ HTTP/1.1 200 60" 0.047319  Go-http-client/1.1
2021/08/15 12:22:37.536  [M] [router.go:1014]  ::1 - - [15/Aug/2021 12:22:37] "GET /v1/agent/config/?uuid=54c5b5660d8d4962b86315575d42e5bb&version= HTTP/1.1 200 0" 0.002322  Go-http-client/1.1
2021/08/15 12:22:37.572  [M] [router.go:1014]  ::1 - - [15/Aug/2021 12:22:37] "POST /v1/agent/heartbeat/ HTTP/1.1 200 60" 0.038940  Go-http-client/1.1
2021/08/15 12:22:43.749  [M] [router.go:1014]  ::1 - - [15/Aug/2021 12:22:43] "GET /v1/agent/config/?uuid=54c5b5660d8d4962b86315575d42e5bb&version= HTTP/1.1 200 0" 0.065579  Go-http-client/1.1
2021/08/15 12:22:43.960  [M] [router.go:1014]  ::1 - - [15/Aug/2021 12:22:43] "POST /v1/agent/heartbeat/ HTTP/1.1 200 60" 0.275882  Go-http-client/1.1
2021/08/15 12:22:47.541  [M] [router.go:1014]  ::1 - - [15/Aug/2021 12:22:47] "GET /v1/agent/config/?uuid=54c5b5660d8d4962b86315575d42e5bb&version= HTTP/1.1 200 0" 0.006667  Go-http-client/1.1
2021/08/15 12:22:47.584  [M] [router.go:1014]  ::1 - - [15/Aug/2021 12:22:47] "POST /v1/agent/heartbeat/ HTTP/1.1 200 60" 0.048135  Go-http-client/1.1
2021/08/15 12:22:53.592  [M] [router.go:1014]  ::1 - - [15/Aug/2021 12:22:53] "GET /v1/agent/config/?uuid=54c5b5660d8d4962b86315575d42e5bb&version= HTTP/1.1 200 0" 0.002872  Go-http-client/1.1
2021/08/15 12:22:53.634  [M] [router.go:1014]  ::1 - - [15/Aug/2021 12:22:53] "POST /v1/agent/heartbeat/ HTTP/1.1 200 60" 0.044954  Go-http-client/1.1
2021/08/15 12:22:57.535  [M] [router.go:1014]  ::1 - - [15/Aug/2021 12:22:57] "GET /v1/agent/config/?uuid=54c5b5660d8d4962b86315575d42e5bb&version= HTTP/1.1 200 0" 0.002000  Go-http-client/1.1
2021/08/15 12:22:57.573  [M] [router.go:1014]  ::1 - - [15/Aug/2021 12:22:57] "POST /v1/agent/heartbeat/ HTTP/1.1 200 60" 0.039085  Go-http-client/1.1
2021/08/15 12:23:03.589  [M] [router.go:1014]  ::1 - - [15/Aug/2021 12:23:03] "GET /v1/agent/config/?uuid=54c5b5660d8d4962b86315575d42e5bb&version= HTTP/1.1 200 0" 0.004124  Go-http-client/1.1
2021/08/15 12:23:03.624  [M] [router.go:1014]  ::1 - - [15/Aug/2021 12:23:03] "POST /v1/agent/heartbeat/ HTTP/1.1 200 60" 0.039411  Go-http-client/1.1
2021/08/15 12:23:07.539  [M] [router.go:1014]  ::1 - - [15/Aug/2021 12:23:07] "GET /v1/agent/config/?uuid=54c5b5660d8d4962b86315575d42e5bb&version= HTTP/1.1 200 0" 0.003647  Go-http-client/1.1
2021/08/15 12:23:07.577  [M] [router.go:1014]  ::1 - - [15/Aug/2021 12:23:07] "POST /v1/agent/heartbeat/ HTTP/1.1 200 60" 0.041342  Go-http-client/1.1
2021/08/15 12:23:13.590  [M] [router.go:1014]  ::1 - - [15/Aug/2021 12:23:13] "GET /v1/agent/config/?uuid=54c5b5660d8d4962b86315575d42e5bb&version= HTTP/1.1 200 0" 0.004001  Go-http-client/1.1
2021/08/15 12:23:13.621  [M] [router.go:1014]  ::1 - - [15/Aug/2021 12:23:13] "POST /v1/agent/heartbeat/ HTTP/1.1 200 60" 0.034941  Go-http-client/1.1
2021/08/15 12:23:17.638  [M] [router.go:1014]  ::1 - - [15/Aug/2021 12:23:17] "GET /v1/agent/config/?uuid=54c5b5660d8d4962b86315575d42e5bb&version= HTTP/1.1 200 0" 0.042313  Go-http-client/1.1
2021/08/15 12:23:17.735  [M] [router.go:1014]  ::1 - - [15/Aug/2021 12:23:17] "POST /v1/agent/heartbeat/ HTTP/1.1 200 60" 0.138550  Go-http-client/1.1
2021/08/15 12:23:23.635  [M] [router.go:1014]  ::1 - - [15/Aug/2021 12:23:23] "GET /v1/agent/config/?uuid=54c5b5660d8d4962b86315575d42e5bb&version= HTTP/1.1 200 0" 0.039643  Go-http-client/1.1
2021/08/15 12:23:23.704  [M] [router.go:1014]  ::1 - - [15/Aug/2021 12:23:23] "POST /v1/agent/heartbeat/ HTTP/1.1 200 60" 0.109758  Go-http-client/1.1
2021/08/15 12:23:27.535  [M] [router.go:1014]  ::1 - - [15/Aug/2021 12:23:27] "GET /v1/agent/config/?uuid=54c5b5660d8d4962b86315575d42e5bb&version= HTTP/1.1 200 0" 0.002004  Go-http-client/1.1
2021/08/15 12:23:27.566  [M] [router.go:1014]  ::1 - - [15/Aug/2021 12:23:27] "POST /v1/agent/heartbeat/ HTTP/1.1 200 60" 0.032226  Go-http-client/1.1
2021/08/15 12:23:33.587  [M] [router.go:1014]  ::1 - - [15/Aug/2021 12:23:33] "GET /v1/agent/config/?uuid=54c5b5660d8d4962b86315575d42e5bb&version= HTTP/1.1 200 0" 0.002503  Go-http-client/1.1
2021/08/15 12:23:33.620  [M] [router.go:1014]  ::1 - - [15/Aug/2021 12:23:33] "POST /v1/agent/heartbeat/ HTTP/1.1 200 60" 0.035149  Go-http-client/1.1
2021/08/15 12:23:37.546  [M] [router.go:1014]  ::1 - - [15/Aug/2021 12:23:37] "GET /v1/agent/config/?uuid=54c5b5660d8d4962b86315575d42e5bb&version= HTTP/1.1 200 0" 0.012308  Go-http-client/1.1
2021/08/15 12:23:37.615  [M] [router.go:1014]  ::1 - - [15/Aug/2021 12:23:37] "POST /v1/agent/heartbeat/ HTTP/1.1 200 60" 0.080413  Go-http-client/1.1
2021/08/15 12:23:43.614  [M] [router.go:1014]  ::1 - - [15/Aug/2021 12:23:43] "GET /v1/agent/config/?uuid=54c5b5660d8d4962b86315575d42e5bb&version= HTTP/1.1 200 0" 0.018700  Go-http-client/1.1
2021/08/15 12:23:43.674  [M] [router.go:1014]  ::1 - - [15/Aug/2021 12:23:43] "POST /v1/agent/heartbeat/ HTTP/1.1 200 60" 0.078153  Go-http-client/1.1
2021/08/15 12:23:47.586  [M] [router.go:1014]  ::1 - - [15/Aug/2021 12:23:47] "GET /v1/agent/config/?uuid=54c5b5660d8d4962b86315575d42e5bb&version= HTTP/1.1 200 0" 0.048654  Go-http-client/1.1
2021/08/15 12:23:47.639  [M] [router.go:1014]  ::1 - - [15/Aug/2021 12:23:47] "POST /v1/agent/heartbeat/ HTTP/1.1 200 60" 0.101930  Go-http-client/1.1
2021/08/15 12:23:53.627  [M] [router.go:1014]  ::1 - - [15/Aug/2021 12:23:53] "GET /v1/agent/config/?uuid=54c5b5660d8d4962b86315575d42e5bb&version= HTTP/1.1 200 0" 0.035193  Go-http-client/1.1
2021/08/15 12:23:53.713  [M] [router.go:1014]  ::1 - - [15/Aug/2021 12:23:53] "POST /v1/agent/heartbeat/ HTTP/1.1 200 60" 0.121993  Go-http-client/1.1
2021/08/15 12:23:57.536  [M] [router.go:1014]  ::1 - - [15/Aug/2021 12:23:57] "GET /v1/agent/config/?uuid=54c5b5660d8d4962b86315575d42e5bb&version= HTTP/1.1 200 0" 0.003173  Go-http-client/1.1
2021/08/15 12:23:57.569  [M] [router.go:1014]  ::1 - - [15/Aug/2021 12:23:57] "POST /v1/agent/heartbeat/ HTTP/1.1 200 60" 0.036021  Go-http-client/1.1
2021/08/15 12:24:03.594  [M] [router.go:1014]  ::1 - - [15/Aug/2021 12:24:03] "GET /v1/agent/config/?uuid=54c5b5660d8d4962b86315575d42e5bb&version= HTTP/1.1 200 0" 0.005981  Go-http-client/1.1
2021/08/15 12:24:03.631  [M] [router.go:1014]  ::1 - - [15/Aug/2021 12:24:03] "POST /v1/agent/heartbeat/ HTTP/1.1 200 60" 0.042593  Go-http-client/1.1
2021/08/15 12:24:07.536  [M] [router.go:1014]  ::1 - - [15/Aug/2021 12:24:07] "GET /v1/agent/config/?uuid=54c5b5660d8d4962b86315575d42e5bb&version= HTTP/1.1 200 0" 0.002001  Go-http-client/1.1
2021/08/15 12:24:07.641  [M] [router.go:1014]  ::1 - - [15/Aug/2021 12:24:07] "POST /v1/agent/heartbeat/ HTTP/1.1 200 60" 0.106219  Go-http-client/1.1
2021/08/15 12:24:13.596  [M] [router.go:1014]  ::1 - - [15/Aug/2021 12:24:13] "GET /v1/agent/config/?uuid=54c5b5660d8d4962b86315575d42e5bb&version= HTTP/1.1 200 0" 0.009820  Go-http-client/1.1
2021/08/15 12:24:13.635  [M] [router.go:1014]  ::1 - - [15/Aug/2021 12:24:13] "POST /v1/agent/heartbeat/ HTTP/1.1 200 60" 0.047933  Go-http-client/1.1
2021/08/15 12:24:17.554  [M] [router.go:1014]  ::1 - - [15/Aug/2021 12:24:17] "GET /v1/agent/config/?uuid=54c5b5660d8d4962b86315575d42e5bb&version= HTTP/1.1 200 0" 0.019732  Go-http-client/1.1
2021/08/15 12:24:17.588  [M] [router.go:1014]  ::1 - - [15/Aug/2021 12:24:17] "POST /v1/agent/heartbeat/ HTTP/1.1 200 60" 0.053937  Go-http-client/1.1
2021/08/15 12:24:23.603  [M] [router.go:1014]  ::1 - - [15/Aug/2021 12:24:23] "GET /v1/agent/config/?uuid=54c5b5660d8d4962b86315575d42e5bb&version= HTTP/1.1 200 0" 0.012318  Go-http-client/1.1
2021/08/15 12:24:23.700  [M] [router.go:1014]  ::1 - - [15/Aug/2021 12:24:23] "POST /v1/agent/heartbeat/ HTTP/1.1 200 60" 0.109401  Go-http-client/1.1
2021/08/15 12:24:27.566  [M] [router.go:1014]  ::1 - - [15/Aug/2021 12:24:27] "GET /v1/agent/config/?uuid=54c5b5660d8d4962b86315575d42e5bb&version= HTTP/1.1 200 0" 0.012723  Go-http-client/1.1
2021/08/15 12:24:27.602  [M] [router.go:1014]  ::1 - - [15/Aug/2021 12:24:27] "POST /v1/agent/heartbeat/ HTTP/1.1 200 60" 0.049010  Go-http-client/1.1
2021/08/15 12:24:33.592  [M] [router.go:1014]  ::1 - - [15/Aug/2021 12:24:33] "GET /v1/agent/config/?uuid=54c5b5660d8d4962b86315575d42e5bb&version= HTTP/1.1 200 0" 0.004180  Go-http-client/1.1
2021/08/15 12:24:33.628  [M] [router.go:1014]  ::1 - - [15/Aug/2021 12:24:33] "POST /v1/agent/heartbeat/ HTTP/1.1 200 60" 0.040301  Go-http-client/1.1
2021/08/15 12:24:37.536  [M] [router.go:1014]  ::1 - - [15/Aug/2021 12:24:37] "GET /v1/agent/config/?uuid=54c5b5660d8d4962b86315575d42e5bb&version= HTTP/1.1 200 0" 0.002001  Go-http-client/1.1
2021/08/15 12:24:37.568  [M] [router.go:1014]  ::1 - - [15/Aug/2021 12:24:37] "POST /v1/agent/heartbeat/ HTTP/1.1 200 60" 0.034254  Go-http-client/1.1
2021/08/15 12:24:43.618  [M] [router.go:1014]  ::1 - - [15/Aug/2021 12:24:43] "GET /v1/agent/config/?uuid=54c5b5660d8d4962b86315575d42e5bb&version= HTTP/1.1 200 0" 0.018264  Go-http-client/1.1
2021/08/15 12:24:43.678  [M] [router.go:1014]  ::1 - - [15/Aug/2021 12:24:43] "POST /v1/agent/heartbeat/ HTTP/1.1 200 60" 0.078161  Go-http-client/1.1
2021/08/15 12:24:47.535  [M] [router.go:1014]  ::1 - - [15/Aug/2021 12:24:47] "GET /v1/agent/config/?uuid=54c5b5660d8d4962b86315575d42e5bb&version= HTTP/1.1 200 0" 0.002519  Go-http-client/1.1
2021/08/15 12:24:47.567  [M] [router.go:1014]  ::1 - - [15/Aug/2021 12:24:47] "POST /v1/agent/heartbeat/ HTTP/1.1 200 60" 0.034537  Go-http-client/1.1
2021/08/15 12:24:53.596  [M] [router.go:1014]  ::1 - - [15/Aug/2021 12:24:53] "GET /v1/agent/config/?uuid=54c5b5660d8d4962b86315575d42e5bb&version= HTTP/1.1 200 0" 0.008322  Go-http-client/1.1
2021/08/15 12:24:53.644  [M] [router.go:1014]  ::1 - - [15/Aug/2021 12:24:53] "POST /v1/agent/heartbeat/ HTTP/1.1 200 60" 0.054872  Go-http-client/1.1
2021/08/15 12:24:57.569  [M] [router.go:1014]  ::1 - - [15/Aug/2021 12:24:57] "GET /v1/agent/config/?uuid=54c5b5660d8d4962b86315575d42e5bb&version= HTTP/1.1 200 0" 0.033417  Go-http-client/1.1
2021/08/15 12:24:57.638  [M] [router.go:1014]  ::1 - - [15/Aug/2021 12:24:57] "POST /v1/agent/heartbeat/ HTTP/1.1 200 60" 0.102672  Go-http-client/1.1
2021/08/15 12:25:03.597  [M] [router.go:1014]  ::1 - - [15/Aug/2021 12:25:03] "GET /v1/agent/config/?uuid=54c5b5660d8d4962b86315575d42e5bb&version= HTTP/1.1 200 0" 0.011181  Go-http-client/1.1
2021/08/15 12:25:03.682  [M] [router.go:1014]  ::1 - - [15/Aug/2021 12:25:03] "POST /v1/agent/heartbeat/ HTTP/1.1 200 60" 0.095517  Go-http-client/1.1
2021/08/15 12:25:07.556  [M] [router.go:1014]  ::1 - - [15/Aug/2021 12:25:07] "GET /v1/agent/config/?uuid=54c5b5660d8d4962b86315575d42e5bb&version= HTTP/1.1 200 0" 0.015456  Go-http-client/1.1
2021/08/15 12:25:07.593  [M] [router.go:1014]  ::1 - - [15/Aug/2021 12:25:07] "POST /v1/agent/heartbeat/ HTTP/1.1 200 60" 0.053397  Go-http-client/1.1
2021/08/15 12:25:13.600  [M] [router.go:1014]  ::1 - - [15/Aug/2021 12:25:13] "GET /v1/agent/config/?uuid=54c5b5660d8d4962b86315575d42e5bb&version= HTTP/1.1 200 0" 0.010541  Go-http-client/1.1
2021/08/15 12:25:13.641  [M] [router.go:1014]  ::1 - - [15/Aug/2021 12:25:13] "POST /v1/agent/heartbeat/ HTTP/1.1 200 60" 0.051499  Go-http-client/1.1
2021/08/15 12:25:17.543  [M] [router.go:1014]  ::1 - - [15/Aug/2021 12:25:17] "GET /v1/agent/config/?uuid=54c5b5660d8d4962b86315575d42e5bb&version= HTTP/1.1 200 0" 0.007050  Go-http-client/1.1
2021/08/15 12:25:17.620  [M] [router.go:1014]  ::1 - - [15/Aug/2021 12:25:17] "POST /v1/agent/heartbeat/ HTTP/1.1 200 60" 0.084269  Go-http-client/1.1
2021/08/15 12:25:23.603  [M] [router.go:1014]  ::1 - - [15/Aug/2021 12:25:23] "GET /v1/agent/config/?uuid=54c5b5660d8d4962b86315575d42e5bb&version= HTTP/1.1 200 0" 0.014790  Go-http-client/1.1
2021/08/15 12:25:23.679  [M] [router.go:1014]  ::1 - - [15/Aug/2021 12:25:23] "POST /v1/agent/heartbeat/ HTTP/1.1 200 60" 0.090914  Go-http-client/1.1
2021/08/15 12:25:27.560  [M] [router.go:1014]  ::1 - - [15/Aug/2021 12:25:27] "GET /v1/agent/config/?uuid=54c5b5660d8d4962b86315575d42e5bb&version= HTTP/1.1 200 0" 0.024467  Go-http-client/1.1
2021/08/15 12:25:27.599  [M] [router.go:1014]  ::1 - - [15/Aug/2021 12:25:27] "POST /v1/agent/heartbeat/ HTTP/1.1 200 60" 0.063114  Go-http-client/1.1
2021/08/15 12:25:33.647  [M] [router.go:1014]  ::1 - - [15/Aug/2021 12:25:33] "GET /v1/agent/config/?uuid=54c5b5660d8d4962b86315575d42e5bb&version= HTTP/1.1 200 0" 0.030593  Go-http-client/1.1
2021/08/15 12:25:33.701  [M] [router.go:1014]  ::1 - - [15/Aug/2021 12:25:33] "POST /v1/agent/heartbeat/ HTTP/1.1 200 60" 0.084148  Go-http-client/1.1
2021/08/15 12:25:37.547  [M] [router.go:1014]  ::1 - - [15/Aug/2021 12:25:37] "GET /v1/agent/config/?uuid=54c5b5660d8d4962b86315575d42e5bb&version= HTTP/1.1 200 0" 0.011862  Go-http-client/1.1
2021/08/15 12:25:37.631  [M] [router.go:1014]  ::1 - - [15/Aug/2021 12:25:37] "POST /v1/agent/heartbeat/ HTTP/1.1 200 60" 0.096788  Go-http-client/1.1
2021/08/15 12:25:43.609  [M] [router.go:1014]  ::1 - - [15/Aug/2021 12:25:43] "GET /v1/agent/config/?uuid=54c5b5660d8d4962b86315575d42e5bb&version= HTTP/1.1 200 0" 0.017097  Go-http-client/1.1
2021/08/15 12:25:43.649  [M] [router.go:1014]  ::1 - - [15/Aug/2021 12:25:43] "POST /v1/agent/heartbeat/ HTTP/1.1 200 60" 0.058541  Go-http-client/1.1
2021/08/15 12:25:47.535  [M] [router.go:1014]  ::1 - - [15/Aug/2021 12:25:47] "GET /v1/agent/config/?uuid=54c5b5660d8d4962b86315575d42e5bb&version= HTTP/1.1 200 0" 0.001739  Go-http-client/1.1
2021/08/15 12:25:47.563  [M] [router.go:1014]  ::1 - - [15/Aug/2021 12:25:47] "POST /v1/agent/heartbeat/ HTTP/1.1 200 60" 0.030640  Go-http-client/1.1
2021/08/15 12:25:53.629  [M] [router.go:1014]  ::1 - - [15/Aug/2021 12:25:53] "GET /v1/agent/config/?uuid=54c5b5660d8d4962b86315575d42e5bb&version= HTTP/1.1 200 0" 0.031684  Go-http-client/1.1
2021/08/15 12:25:53.701  [M] [router.go:1014]  ::1 - - [15/Aug/2021 12:25:53] "POST /v1/agent/heartbeat/ HTTP/1.1 200 60" 0.102972  Go-http-client/1.1
2021/08/15 12:25:57.536  [M] [router.go:1014]  ::1 - - [15/Aug/2021 12:25:57] "GET /v1/agent/config/?uuid=54c5b5660d8d4962b86315575d42e5bb&version= HTTP/1.1 200 0" 0.002997  Go-http-client/1.1
2021/08/15 12:25:57.571  [M] [router.go:1014]  ::1 - - [15/Aug/2021 12:25:57] "POST /v1/agent/heartbeat/ HTTP/1.1 200 60" 0.037526  Go-http-client/1.1
2021/08/15 12:26:03.588  [M] [router.go:1014]  ::1 - - [15/Aug/2021 12:26:03] "GET /v1/agent/config/?uuid=54c5b5660d8d4962b86315575d42e5bb&version= HTTP/1.1 200 0" 0.002736  Go-http-client/1.1
2021/08/15 12:26:03.619  [M] [router.go:1014]  ::1 - - [15/Aug/2021 12:26:03] "POST /v1/agent/heartbeat/ HTTP/1.1 200 60" 0.033308  Go-http-client/1.1
2021/08/15 12:26:07.537  [M] [router.go:1014]  ::1 - - [15/Aug/2021 12:26:07] "GET /v1/agent/config/?uuid=54c5b5660d8d4962b86315575d42e5bb&version= HTTP/1.1 200 0" 0.003106  Go-http-client/1.1
2021/08/15 12:26:07.573  [M] [router.go:1014]  ::1 - - [15/Aug/2021 12:26:07] "POST /v1/agent/heartbeat/ HTTP/1.1 200 60" 0.039273  Go-http-client/1.1
2021/08/15 12:26:13.604  [M] [router.go:1014]  ::1 - - [15/Aug/2021 12:26:13] "GET /v1/agent/config/?uuid=54c5b5660d8d4962b86315575d42e5bb&version= HTTP/1.1 200 0" 0.011296  Go-http-client/1.1
2021/08/15 12:26:13.711  [M] [router.go:1014]  ::1 - - [15/Aug/2021 12:26:13] "POST /v1/agent/heartbeat/ HTTP/1.1 200 60" 0.117179  Go-http-client/1.1
2021/08/15 12:26:17.564  [M] [router.go:1014]  ::1 - - [15/Aug/2021 12:26:17] "GET /v1/agent/config/?uuid=54c5b5660d8d4962b86315575d42e5bb&version= HTTP/1.1 200 0" 0.027228  Go-http-client/1.1
2021/08/15 12:26:17.643  [M] [router.go:1014]  ::1 - - [15/Aug/2021 12:26:17] "POST /v1/agent/heartbeat/ HTTP/1.1 200 60" 0.108103  Go-http-client/1.1
2021/08/15 12:26:23.639  [M] [router.go:1014]  ::1 - - [15/Aug/2021 12:26:23] "GET /v1/agent/config/?uuid=54c5b5660d8d4962b86315575d42e5bb&version= HTTP/1.1 200 0" 0.022453  Go-http-client/1.1
2021/08/15 12:26:23.721  [M] [router.go:1014]  ::1 - - [15/Aug/2021 12:26:23] "POST /v1/agent/heartbeat/ HTTP/1.1 200 60" 0.105139  Go-http-client/1.1
2021/08/15 12:26:27.542  [M] [router.go:1014]  ::1 - - [15/Aug/2021 12:26:27] "GET /v1/agent/config/?uuid=54c5b5660d8d4962b86315575d42e5bb&version= HTTP/1.1 200 0" 0.007752  Go-http-client/1.1
2021/08/15 12:26:27.579  [M] [router.go:1014]  ::1 - - [15/Aug/2021 12:26:27] "POST /v1/agent/heartbeat/ HTTP/1.1 200 60" 0.043962  Go-http-client/1.1
2021/08/15 12:26:33.598  [M] [router.go:1014]  ::1 - - [15/Aug/2021 12:26:33] "GET /v1/agent/config/?uuid=54c5b5660d8d4962b86315575d42e5bb&version= HTTP/1.1 200 0" 0.010816  Go-http-client/1.1
2021/08/15 12:26:33.641  [M] [router.go:1014]  ::1 - - [15/Aug/2021 12:26:33] "POST /v1/agent/heartbeat/ HTTP/1.1 200 60" 0.052998  Go-http-client/1.1
2021/08/15 12:26:37.545  [M] [router.go:1014]  ::1 - - [15/Aug/2021 12:26:37] "GET /v1/agent/config/?uuid=54c5b5660d8d4962b86315575d42e5bb&version= HTTP/1.1 200 0" 0.009610  Go-http-client/1.1
2021/08/15 12:26:37.614  [M] [router.go:1014]  ::1 - - [15/Aug/2021 12:26:37] "POST /v1/agent/heartbeat/ HTTP/1.1 200 60" 0.079248  Go-http-client/1.1
2021/08/15 12:26:43.595  [M] [router.go:1014]  ::1 - - [15/Aug/2021 12:26:43] "GET /v1/agent/config/?uuid=54c5b5660d8d4962b86315575d42e5bb&version= HTTP/1.1 200 0" 0.006900  Go-http-client/1.1
2021/08/15 12:26:43.628  [M] [router.go:1014]  ::1 - - [15/Aug/2021 12:26:43] "POST /v1/agent/heartbeat/ HTTP/1.1 200 60" 0.038925  Go-http-client/1.1
2021/08/15 12:26:47.559  [M] [router.go:1014]  ::1 - - [15/Aug/2021 12:26:47] "GET /v1/agent/config/?uuid=54c5b5660d8d4962b86315575d42e5bb&version= HTTP/1.1 200 0" 0.024034  Go-http-client/1.1
2021/08/15 12:26:47.614  [M] [router.go:1014]  ::1 - - [15/Aug/2021 12:26:47] "POST /v1/agent/heartbeat/ HTTP/1.1 200 60" 0.078290  Go-http-client/1.1
2021/08/15 12:26:53.592  [M] [router.go:1014]  ::1 - - [15/Aug/2021 12:26:53] "GET /v1/agent/config/?uuid=54c5b5660d8d4962b86315575d42e5bb&version= HTTP/1.1 200 0" 0.005811  Go-http-client/1.1
2021/08/15 12:26:53.673  [M] [router.go:1014]  ::1 - - [15/Aug/2021 12:26:53] "POST /v1/agent/heartbeat/ HTTP/1.1 200 60" 0.087083  Go-http-client/1.1
2021/08/15 12:26:57.537  [M] [router.go:1014]  ::1 - - [15/Aug/2021 12:26:57] "GET /v1/agent/config/?uuid=54c5b5660d8d4962b86315575d42e5bb&version= HTTP/1.1 200 0" 0.003995  Go-http-client/1.1
2021/08/15 12:26:57.582  [M] [router.go:1014]  ::1 - - [15/Aug/2021 12:26:57] "POST /v1/agent/heartbeat/ HTTP/1.1 200 60" 0.048481  Go-http-client/1.1
2021/08/15 12:27:03.595  [M] [router.go:1014]  ::1 - - [15/Aug/2021 12:27:03] "GET /v1/agent/config/?uuid=54c5b5660d8d4962b86315575d42e5bb&version= HTTP/1.1 200 0" 0.007949  Go-http-client/1.1
2021/08/15 12:27:03.629  [M] [router.go:1014]  ::1 - - [15/Aug/2021 12:27:03] "POST /v1/agent/heartbeat/ HTTP/1.1 200 60" 0.040878  Go-http-client/1.1
2021/08/15 12:27:07.536  [M] [router.go:1014]  ::1 - - [15/Aug/2021 12:27:07] "GET /v1/agent/config/?uuid=54c5b5660d8d4962b86315575d42e5bb&version= HTTP/1.1 200 0" 0.001990  Go-http-client/1.1
2021/08/15 12:27:07.619  [M] [router.go:1014]  ::1 - - [15/Aug/2021 12:27:07] "POST /v1/agent/heartbeat/ HTTP/1.1 200 60" 0.085633  Go-http-client/1.1
2021/08/15 12:27:13.693  [M] [router.go:1014]  ::1 - - [15/Aug/2021 12:27:13] "GET /v1/agent/config/?uuid=54c5b5660d8d4962b86315575d42e5bb&version= HTTP/1.1 200 0" 0.076956  Go-http-client/1.1
2021/08/15 12:27:13.736  [M] [router.go:1014]  ::1 - - [15/Aug/2021 12:27:13] "POST /v1/agent/heartbeat/ HTTP/1.1 200 60" 0.119342  Go-http-client/1.1
2021/08/15 12:27:17.538  [M] [router.go:1014]  ::1 - - [15/Aug/2021 12:27:17] "GET /v1/agent/config/?uuid=54c5b5660d8d4962b86315575d42e5bb&version= HTTP/1.1 200 0" 0.005099  Go-http-client/1.1
2021/08/15 12:27:17.582  [M] [router.go:1014]  ::1 - - [15/Aug/2021 12:27:17] "POST /v1/agent/heartbeat/ HTTP/1.1 200 60" 0.048719  Go-http-client/1.1
2021/08/15 12:27:23.590  [M] [router.go:1014]  ::1 - - [15/Aug/2021 12:27:23] "GET /v1/agent/config/?uuid=54c5b5660d8d4962b86315575d42e5bb&version= HTTP/1.1 200 0" 0.004998  Go-http-client/1.1
2021/08/15 12:27:23.638  [M] [router.go:1014]  ::1 - - [15/Aug/2021 12:27:23] "POST /v1/agent/heartbeat/ HTTP/1.1 200 60" 0.053052  Go-http-client/1.1
2021/08/15 12:27:27.549  [M] [router.go:1014]  ::1 - - [15/Aug/2021 12:27:27] "GET /v1/agent/config/?uuid=54c5b5660d8d4962b86315575d42e5bb&version= HTTP/1.1 200 0" 0.012720  Go-http-client/1.1
2021/08/15 12:27:27.591  [M] [router.go:1014]  ::1 - - [15/Aug/2021 12:27:27] "POST /v1/agent/heartbeat/ HTTP/1.1 200 60" 0.054987  Go-http-client/1.1
2021/08/15 12:27:33.592  [M] [router.go:1014]  ::1 - - [15/Aug/2021 12:27:33] "GET /v1/agent/config/?uuid=54c5b5660d8d4962b86315575d42e5bb&version= HTTP/1.1 200 0" 0.005348  Go-http-client/1.1
2021/08/15 12:27:33.645  [M] [router.go:1014]  ::1 - - [15/Aug/2021 12:27:33] "POST /v1/agent/heartbeat/ HTTP/1.1 200 60" 0.058955  Go-http-client/1.1
2021/08/15 12:27:37.555  [M] [router.go:1014]  ::1 - - [15/Aug/2021 12:27:37] "GET /v1/agent/config/?uuid=54c5b5660d8d4962b86315575d42e5bb&version= HTTP/1.1 200 0" 0.019370  Go-http-client/1.1
2021/08/15 12:27:37.660  [M] [router.go:1014]  ::1 - - [15/Aug/2021 12:27:37] "POST /v1/agent/heartbeat/ HTTP/1.1 200 60" 0.124156  Go-http-client/1.1
2021/08/15 12:27:43.591  [M] [router.go:1014]  ::1 - - [15/Aug/2021 12:27:43] "GET /v1/agent/config/?uuid=54c5b5660d8d4962b86315575d42e5bb&version= HTTP/1.1 200 0" 0.003521  Go-http-client/1.1
2021/08/15 12:27:43.626  [M] [router.go:1014]  ::1 - - [15/Aug/2021 12:27:43] "POST /v1/agent/heartbeat/ HTTP/1.1 200 60" 0.037963  Go-http-client/1.1
2021/08/15 12:27:47.547  [M] [router.go:1014]  ::1 - - [15/Aug/2021 12:27:47] "GET /v1/agent/config/?uuid=54c5b5660d8d4962b86315575d42e5bb&version= HTTP/1.1 200 0" 0.010436  Go-http-client/1.1
2021/08/15 12:27:47.598  [M] [router.go:1014]  ::1 - - [15/Aug/2021 12:27:47] "POST /v1/agent/heartbeat/ HTTP/1.1 200 60" 0.061177  Go-http-client/1.1
2021/08/15 12:27:53.598  [M] [router.go:1014]  ::1 - - [15/Aug/2021 12:27:53] "GET /v1/agent/config/?uuid=54c5b5660d8d4962b86315575d42e5bb&version= HTTP/1.1 200 0" 0.007688  Go-http-client/1.1
2021/08/15 12:27:53.688  [M] [router.go:1014]  ::1 - - [15/Aug/2021 12:27:53] "POST /v1/agent/heartbeat/ HTTP/1.1 200 60" 0.098184  Go-http-client/1.1
2021/08/15 12:27:57.537  [M] [router.go:1014]  ::1 - - [15/Aug/2021 12:27:57] "GET /v1/agent/config/?uuid=54c5b5660d8d4962b86315575d42e5bb&version= HTTP/1.1 200 0" 0.003998  Go-http-client/1.1
2021/08/15 12:27:57.578  [M] [router.go:1014]  ::1 - - [15/Aug/2021 12:27:57] "POST /v1/agent/heartbeat/ HTTP/1.1 200 60" 0.044747  Go-http-client/1.1
2021/08/15 12:28:03.598  [M] [router.go:1014]  ::1 - - [15/Aug/2021 12:28:03] "GET /v1/agent/config/?uuid=54c5b5660d8d4962b86315575d42e5bb&version= HTTP/1.1 200 0" 0.011303  Go-http-client/1.1
2021/08/15 12:28:03.638  [M] [router.go:1014]  ::1 - - [15/Aug/2021 12:28:03] "POST /v1/agent/heartbeat/ HTTP/1.1 200 60" 0.052093  Go-http-client/1.1
2021/08/15 12:28:07.536  [M] [router.go:1014]  ::1 - - [15/Aug/2021 12:28:07] "GET /v1/agent/config/?uuid=54c5b5660d8d4962b86315575d42e5bb&version= HTTP/1.1 200 0" 0.002334  Go-http-client/1.1
2021/08/15 12:28:07.612  [M] [router.go:1014]  ::1 - - [15/Aug/2021 12:28:07] "POST /v1/agent/heartbeat/ HTTP/1.1 200 60" 0.077835  Go-http-client/1.1
2021/08/15 12:28:13.590  [M] [router.go:1014]  ::1 - - [15/Aug/2021 12:28:13] "GET /v1/agent/config/?uuid=54c5b5660d8d4962b86315575d42e5bb&version= HTTP/1.1 200 0" 0.003521  Go-http-client/1.1
2021/08/15 12:28:13.656  [M] [router.go:1014]  ::1 - - [15/Aug/2021 12:28:13] "POST /v1/agent/heartbeat/ HTTP/1.1 200 60" 0.069275  Go-http-client/1.1
2021/08/15 12:28:17.591  [M] [router.go:1014]  ::1 - - [15/Aug/2021 12:28:17] "GET /v1/agent/config/?uuid=54c5b5660d8d4962b86315575d42e5bb&version= HTTP/1.1 200 0" 0.056973  Go-http-client/1.1
2021/08/15 12:28:17.716  [M] [router.go:1014]  ::1 - - [15/Aug/2021 12:28:17] "POST /v1/agent/heartbeat/ HTTP/1.1 200 60" 0.181584  Go-http-client/1.1
2021/08/15 12:28:23.588  [M] [router.go:1014]  ::1 - - [15/Aug/2021 12:28:23] "GET /v1/agent/config/?uuid=54c5b5660d8d4962b86315575d42e5bb&version= HTTP/1.1 200 0" 0.003134  Go-http-client/1.1
2021/08/15 12:28:23.618  [M] [router.go:1014]  ::1 - - [15/Aug/2021 12:28:23] "POST /v1/agent/heartbeat/ HTTP/1.1 200 60" 0.033468  Go-http-client/1.1
2021/08/15 12:28:27.593  [M] [router.go:1014]  ::1 - - [15/Aug/2021 12:28:27] "GET /v1/agent/config/?uuid=54c5b5660d8d4962b86315575d42e5bb&version= HTTP/1.1 200 0" 0.048284  Go-http-client/1.1
2021/08/15 12:28:27.681  [M] [router.go:1014]  ::1 - - [15/Aug/2021 12:28:27] "POST /v1/agent/heartbeat/ HTTP/1.1 200 60" 0.135557  Go-http-client/1.1
2021/08/15 12:28:33.589  [M] [router.go:1014]  ::1 - - [15/Aug/2021 12:28:33] "GET /v1/agent/config/?uuid=54c5b5660d8d4962b86315575d42e5bb&version= HTTP/1.1 200 0" 0.003998  Go-http-client/1.1
2021/08/15 12:28:33.620  [M] [router.go:1014]  ::1 - - [15/Aug/2021 12:28:33] "POST /v1/agent/heartbeat/ HTTP/1.1 200 60" 0.035049  Go-http-client/1.1
2021/08/15 12:28:37.541  [M] [router.go:1014]  ::1 - - [15/Aug/2021 12:28:37] "GET /v1/agent/config/?uuid=54c5b5660d8d4962b86315575d42e5bb&version= HTTP/1.1 200 0" 0.007178  Go-http-client/1.1
2021/08/15 12:28:37.576  [M] [router.go:1014]  ::1 - - [15/Aug/2021 12:28:37] "POST /v1/agent/heartbeat/ HTTP/1.1 200 60" 0.041487  Go-http-client/1.1
2021/08/15 12:28:43.602  [M] [router.go:1014]  ::1 - - [15/Aug/2021 12:28:43] "GET /v1/agent/config/?uuid=54c5b5660d8d4962b86315575d42e5bb&version= HTTP/1.1 200 0" 0.013355  Go-http-client/1.1
2021/08/15 12:28:43.669  [M] [router.go:1014]  ::1 - - [15/Aug/2021 12:28:43] "POST /v1/agent/heartbeat/ HTTP/1.1 200 60" 0.080355  Go-http-client/1.1
2021/08/15 12:28:47.563  [M] [router.go:1014]  ::1 - - [15/Aug/2021 12:28:47] "GET /v1/agent/config/?uuid=54c5b5660d8d4962b86315575d42e5bb&version= HTTP/1.1 200 0" 0.019773  Go-http-client/1.1
2021/08/15 12:28:47.668  [M] [router.go:1014]  ::1 - - [15/Aug/2021 12:28:47] "POST /v1/agent/heartbeat/ HTTP/1.1 200 60" 0.124398  Go-http-client/1.1
2021/08/15 12:28:53.608  [M] [router.go:1014]  ::1 - - [15/Aug/2021 12:28:53] "GET /v1/agent/config/?uuid=54c5b5660d8d4962b86315575d42e5bb&version= HTTP/1.1 200 0" 0.020340  Go-http-client/1.1
2021/08/15 12:28:53.672  [M] [router.go:1014]  ::1 - - [15/Aug/2021 12:28:53] "POST /v1/agent/heartbeat/ HTTP/1.1 200 60" 0.083991  Go-http-client/1.1
2021/08/15 12:28:57.538  [M] [router.go:1014]  ::1 - - [15/Aug/2021 12:28:57] "GET /v1/agent/config/?uuid=54c5b5660d8d4962b86315575d42e5bb&version= HTTP/1.1 200 0" 0.004226  Go-http-client/1.1
2021/08/15 12:28:57.571  [M] [router.go:1014]  ::1 - - [15/Aug/2021 12:28:57] "POST /v1/agent/heartbeat/ HTTP/1.1 200 60" 0.037728  Go-http-client/1.1
2021/08/15 12:29:03.601  [M] [router.go:1014]  ::1 - - [15/Aug/2021 12:29:03] "GET /v1/agent/config/?uuid=54c5b5660d8d4962b86315575d42e5bb&version= HTTP/1.1 200 0" 0.015026  Go-http-client/1.1
2021/08/15 12:29:03.637  [M] [router.go:1014]  ::1 - - [15/Aug/2021 12:29:03] "POST /v1/agent/heartbeat/ HTTP/1.1 200 60" 0.050549  Go-http-client/1.1
2021/08/15 12:29:07.542  [M] [router.go:1014]  ::1 - - [15/Aug/2021 12:29:07] "GET /v1/agent/config/?uuid=54c5b5660d8d4962b86315575d42e5bb&version= HTTP/1.1 200 0" 0.007046  Go-http-client/1.1
2021/08/15 12:29:07.617  [M] [router.go:1014]  ::1 - - [15/Aug/2021 12:29:07] "POST /v1/agent/heartbeat/ HTTP/1.1 200 60" 0.082207  Go-http-client/1.1
2021/08/15 12:29:13.586  [M] [router.go:1014]  ::1 - - [15/Aug/2021 12:29:13] "GET /v1/agent/config/?uuid=54c5b5660d8d4962b86315575d42e5bb&version= HTTP/1.1 200 0" 0.002012  Go-http-client/1.1
2021/08/15 12:29:13.628  [M] [router.go:1014]  ::1 - - [15/Aug/2021 12:29:13] "POST /v1/agent/heartbeat/ HTTP/1.1 200 60" 0.043507  Go-http-client/1.1
2021/08/15 12:29:17.558  [M] [router.go:1014]  ::1 - - [15/Aug/2021 12:29:17] "GET /v1/agent/config/?uuid=54c5b5660d8d4962b86315575d42e5bb&version=0 HTTP/1.1 200 0" 0.017487  Go-http-client/1.1
2021/08/15 12:29:17.602  [M] [router.go:1014]  ::1 - - [15/Aug/2021 12:29:17] "POST /v1/agent/heartbeat/ HTTP/1.1 200 60" 0.062558  Go-http-client/1.1
2021/08/15 12:29:17.632  [M] [router.go:1014]  ::1 - - [15/Aug/2021 12:29:17] "POST /v1/agent/register/ HTTP/1.1 200 99" 0.090931  Go-http-client/1.1
2021/08/15 12:29:23.598  [M] [router.go:1014]  ::1 - - [15/Aug/2021 12:29:23] "GET /v1/agent/config/?uuid=54c5b5660d8d4962b86315575d42e5bb&version= HTTP/1.1 200 0" 0.010024  Go-http-client/1.1
2021/08/15 12:29:23.632  [M] [router.go:1014]  ::1 - - [15/Aug/2021 12:29:23] "POST /v1/agent/heartbeat/ HTTP/1.1 200 60" 0.045056  Go-http-client/1.1
2021/08/15 12:29:27.513  [M] [router.go:1014]  ::1 - - [15/Aug/2021 12:29:27] "GET /v1/agent/config/?uuid=54c5b5660d8d4962b86315575d42e5bb&version=0 HTTP/1.1 200 0" 0.004002  Go-http-client/1.1
2021/08/15 12:29:27.547  [M] [router.go:1014]  ::1 - - [15/Aug/2021 12:29:27] "POST /v1/agent/heartbeat/ HTTP/1.1 200 60" 0.038151  Go-http-client/1.1
2021/08/15 12:29:33.601  [M] [router.go:1014]  ::1 - - [15/Aug/2021 12:29:33] "GET /v1/agent/config/?uuid=54c5b5660d8d4962b86315575d42e5bb&version= HTTP/1.1 200 0" 0.009211  Go-http-client/1.1
2021/08/15 12:29:33.627  [M] [router.go:1014]  ::1 - - [15/Aug/2021 12:29:33] "POST /v1/agent/heartbeat/ HTTP/1.1 200 60" 0.039212  Go-http-client/1.1
2021/08/15 12:29:37.522  [M] [router.go:1014]  ::1 - - [15/Aug/2021 12:29:37] "GET /v1/agent/config/?uuid=54c5b5660d8d4962b86315575d42e5bb&version=0 HTTP/1.1 200 0" 0.015076  Go-http-client/1.1
2021/08/15 12:29:37.557  [M] [router.go:1014]  ::1 - - [15/Aug/2021 12:29:37] "POST /v1/agent/heartbeat/ HTTP/1.1 200 60" 0.050225  Go-http-client/1.1
2021/08/15 12:29:43.586  [M] [router.go:1014]  ::1 - - [15/Aug/2021 12:29:43] "GET /v1/agent/config/?uuid=54c5b5660d8d4962b86315575d42e5bb&version= HTTP/1.1 200 0" 0.002000  Go-http-client/1.1
2021/08/15 12:29:43.616  [M] [router.go:1014]  ::1 - - [15/Aug/2021 12:29:43] "POST /v1/agent/heartbeat/ HTTP/1.1 200 60" 0.032000  Go-http-client/1.1
2021/08/15 12:29:47.511  [M] [router.go:1014]  ::1 - - [15/Aug/2021 12:29:47] "GET /v1/agent/config/?uuid=54c5b5660d8d4962b86315575d42e5bb&version=0 HTTP/1.1 200 0" 0.004517  Go-http-client/1.1
2021/08/15 12:29:47.542  [M] [router.go:1014]  ::1 - - [15/Aug/2021 12:29:47] "POST /v1/agent/heartbeat/ HTTP/1.1 200 60" 0.033530  Go-http-client/1.1
2021/08/15 12:29:53.596  [M] [router.go:1014]  ::1 - - [15/Aug/2021 12:29:53] "GET /v1/agent/config/?uuid=54c5b5660d8d4962b86315575d42e5bb&version= HTTP/1.1 200 0" 0.006992  Go-http-client/1.1
2021/08/15 12:29:53.627  [M] [router.go:1014]  ::1 - - [15/Aug/2021 12:29:53] "POST /v1/agent/heartbeat/ HTTP/1.1 200 60" 0.040582  Go-http-client/1.1
2021/08/15 12:29:57.514  [M] [router.go:1014]  ::1 - - [15/Aug/2021 12:29:57] "GET /v1/agent/config/?uuid=54c5b5660d8d4962b86315575d42e5bb&version=0 HTTP/1.1 200 0" 0.005575  Go-http-client/1.1
2021/08/15 12:29:57.546  [M] [router.go:1014]  ::1 - - [15/Aug/2021 12:29:57] "POST /v1/agent/heartbeat/ HTTP/1.1 200 60" 0.037691  Go-http-client/1.1
2021/08/15 12:30:03.594  [M] [router.go:1014]  ::1 - - [15/Aug/2021 12:30:03] "GET /v1/agent/config/?uuid=54c5b5660d8d4962b86315575d42e5bb&version= HTTP/1.1 200 0" 0.007297  Go-http-client/1.1
2021/08/15 12:30:03.632  [M] [router.go:1014]  ::1 - - [15/Aug/2021 12:30:03] "POST /v1/agent/heartbeat/ HTTP/1.1 200 60" 0.045895  Go-http-client/1.1
2021/08/15 12:30:06.401  [M] [router.go:1014]  ::1 - - [15/Aug/2021 12:30:06] "GET /v1/agent/config/?uuid=54c5b5660d8d4962b86315575d42e5bb&version=0 HTTP/1.1 200 0" 0.040883  Go-http-client/1.1
2021/08/15 12:30:06.434  [M] [router.go:1014]  ::1 - - [15/Aug/2021 12:30:06] "POST /v1/agent/heartbeat/ HTTP/1.1 200 60" 0.074081  Go-http-client/1.1
2021/08/15 12:30:06.462  [M] [router.go:1014]  ::1 - - [15/Aug/2021 12:30:06] "POST /v1/agent/register/ HTTP/1.1 200 99" 0.101916  Go-http-client/1.1
2021/08/15 12:30:13.591  [M] [router.go:1014]  ::1 - - [15/Aug/2021 12:30:13] "GET /v1/agent/config/?uuid=54c5b5660d8d4962b86315575d42e5bb&version= HTTP/1.1 200 0" 0.004543  Go-http-client/1.1
2021/08/15 12:30:13.635  [M] [router.go:1014]  ::1 - - [15/Aug/2021 12:30:13] "POST /v1/agent/heartbeat/ HTTP/1.1 200 60" 0.046347  Go-http-client/1.1
2021/08/15 12:30:23.621  [M] [router.go:1014]  ::1 - - [15/Aug/2021 12:30:23] "GET /v1/agent/config/?uuid=54c5b5660d8d4962b86315575d42e5bb&version= HTTP/1.1 200 0" 0.012236  Go-http-client/1.1
2021/08/15 12:30:23.668  [M] [router.go:1014]  ::1 - - [15/Aug/2021 12:30:23] "POST /v1/agent/heartbeat/ HTTP/1.1 200 60" 0.053313  Go-http-client/1.1
2021/08/15 12:30:24.093  [M] [router.go:1014]  ::1 - - [15/Aug/2021 12:30:24] "GET /v1/agent/config/?uuid=54c5b5660d8d4962b86315575d42e5bb&version=0 HTTP/1.1 200 0" 0.003013  Go-http-client/1.1
2021/08/15 12:30:24.140  [M] [router.go:1014]  ::1 - - [15/Aug/2021 12:30:24] "POST /v1/agent/register/ HTTP/1.1 200 99" 0.051329  Go-http-client/1.1
2021/08/15 12:30:24.168  [M] [router.go:1014]  ::1 - - [15/Aug/2021 12:30:24] "POST /v1/agent/heartbeat/ HTTP/1.1 200 60" 0.078879  Go-http-client/1.1
2021/08/15 12:30:33.586  [M] [router.go:1014]  ::1 - - [15/Aug/2021 12:30:33] "GET /v1/agent/config/?uuid=54c5b5660d8d4962b86315575d42e5bb&version= HTTP/1.1 200 0" 0.001437  Go-http-client/1.1
2021/08/15 12:30:33.643  [M] [router.go:1014]  ::1 - - [15/Aug/2021 12:30:33] "POST /v1/agent/heartbeat/ HTTP/1.1 200 60" 0.058694  Go-http-client/1.1
2021/08/15 12:30:34.103  [M] [router.go:1014]  ::1 - - [15/Aug/2021 12:30:34] "GET /v1/agent/config/?uuid=54c5b5660d8d4962b86315575d42e5bb&version=0 HTTP/1.1 200 0" 0.015936  Go-http-client/1.1
2021/08/15 12:30:34.171  [M] [router.go:1014]  ::1 - - [15/Aug/2021 12:30:34] "POST /v1/agent/heartbeat/ HTTP/1.1 200 60" 0.084632  Go-http-client/1.1
2021/08/15 12:30:43.591  [M] [router.go:1014]  ::1 - - [15/Aug/2021 12:30:43] "GET /v1/agent/config/?uuid=54c5b5660d8d4962b86315575d42e5bb&version= HTTP/1.1 200 0" 0.006523  Go-http-client/1.1
2021/08/15 12:30:43.622  [M] [router.go:1014]  ::1 - - [15/Aug/2021 12:30:43] "POST /v1/agent/heartbeat/ HTTP/1.1 200 60" 0.037131  Go-http-client/1.1
2021/08/15 12:30:44.085  [M] [router.go:1014]  ::1 - - [15/Aug/2021 12:30:44] "GET /v1/agent/config/?uuid=54c5b5660d8d4962b86315575d42e5bb&version=0 HTTP/1.1 200 0" 0.002303  Go-http-client/1.1
2021/08/15 12:30:44.127  [M] [router.go:1014]  ::1 - - [15/Aug/2021 12:30:44] "POST /v1/agent/heartbeat/ HTTP/1.1 200 60" 0.045811  Go-http-client/1.1
2021/08/15 12:30:53.587  [M] [router.go:1014]  ::1 - - [15/Aug/2021 12:30:53] "GET /v1/agent/config/?uuid=54c5b5660d8d4962b86315575d42e5bb&version= HTTP/1.1 200 0" 0.002781  Go-http-client/1.1
2021/08/15 12:30:53.618  [M] [router.go:1014]  ::1 - - [15/Aug/2021 12:30:53] "POST /v1/agent/heartbeat/ HTTP/1.1 200 60" 0.033365  Go-http-client/1.1
2021/08/15 12:30:54.090  [M] [router.go:1014]  ::1 - - [15/Aug/2021 12:30:54] "GET /v1/agent/config/?uuid=54c5b5660d8d4962b86315575d42e5bb&version=0 HTTP/1.1 200 0" 0.005394  Go-http-client/1.1
2021/08/15 12:30:54.134  [M] [router.go:1014]  ::1 - - [15/Aug/2021 12:30:54] "POST /v1/agent/heartbeat/ HTTP/1.1 200 60" 0.049843  Go-http-client/1.1
2021/08/15 12:31:03.590  [M] [router.go:1014]  ::1 - - [15/Aug/2021 12:31:03] "GET /v1/agent/config/?uuid=54c5b5660d8d4962b86315575d42e5bb&version= HTTP/1.1 200 0" 0.003411  Go-http-client/1.1
2021/08/15 12:31:03.615  [M] [router.go:1014]  ::1 - - [15/Aug/2021 12:31:03] "POST /v1/agent/heartbeat/ HTTP/1.1 200 60" 0.028688  Go-http-client/1.1
2021/08/15 12:31:04.085  [M] [router.go:1014]  ::1 - - [15/Aug/2021 12:31:04] "GET /v1/agent/config/?uuid=54c5b5660d8d4962b86315575d42e5bb&version=0 HTTP/1.1 200 0" 0.002826  Go-http-client/1.1
2021/08/15 12:31:04.147  [M] [router.go:1014]  ::1 - - [15/Aug/2021 12:31:04] "POST /v1/agent/heartbeat/ HTTP/1.1 200 60" 0.064197  Go-http-client/1.1
2021/08/15 12:31:13.595  [M] [router.go:1014]  ::1 - - [15/Aug/2021 12:31:13] "GET /v1/agent/config/?uuid=54c5b5660d8d4962b86315575d42e5bb&version= HTTP/1.1 200 0" 0.006012  Go-http-client/1.1
2021/08/15 12:31:13.669  [M] [router.go:1014]  ::1 - - [15/Aug/2021 12:31:13] "POST /v1/agent/heartbeat/ HTTP/1.1 200 60" 0.079865  Go-http-client/1.1
2021/08/15 12:31:14.084  [M] [router.go:1014]  ::1 - - [15/Aug/2021 12:31:14] "GET /v1/agent/config/?uuid=54c5b5660d8d4962b86315575d42e5bb&version=0 HTTP/1.1 200 0" 0.002260  Go-http-client/1.1
2021/08/15 12:31:14.133  [M] [router.go:1014]  ::1 - - [15/Aug/2021 12:31:14] "POST /v1/agent/heartbeat/ HTTP/1.1 200 60" 0.050599  Go-http-client/1.1
2021/08/15 12:31:23.642  [M] [router.go:1014]  ::1 - - [15/Aug/2021 12:31:23] "GET /v1/agent/config/?uuid=54c5b5660d8d4962b86315575d42e5bb&version= HTTP/1.1 200 0" 0.025791  Go-http-client/1.1
2021/08/15 12:31:23.730  [M] [router.go:1014]  ::1 - - [15/Aug/2021 12:31:23] "POST /v1/agent/heartbeat/ HTTP/1.1 200 60" 0.109782  Go-http-client/1.1
2021/08/15 12:31:31.609  [M] [router.go:1014]  ::1 - - [15/Aug/2021 12:31:31] "GET /v1/agent/config/?uuid=54c5b5660d8d4962b86315575d42e5bb&version=0 HTTP/1.1 200 0" 0.020606  Go-http-client/1.1
2021/08/15 12:31:31.641  [M] [router.go:1014]  ::1 - - [15/Aug/2021 12:31:31] "POST /v1/agent/heartbeat/ HTTP/1.1 200 60" 0.062095  Go-http-client/1.1
2021/08/15 12:31:31.683  [M] [router.go:1014]  ::1 - - [15/Aug/2021 12:31:31] "POST /v1/agent/register/ HTTP/1.1 200 99" 0.104198  Go-http-client/1.1
2021/08/15 12:31:33.592  [M] [router.go:1014]  ::1 - - [15/Aug/2021 12:31:33] "GET /v1/agent/config/?uuid=54c5b5660d8d4962b86315575d42e5bb&version= HTTP/1.1 200 0" 0.007151  Go-http-client/1.1
2021/08/15 12:31:33.641  [M] [router.go:1014]  ::1 - - [15/Aug/2021 12:31:33] "POST /v1/agent/heartbeat/ HTTP/1.1 200 60" 0.055250  Go-http-client/1.1
2021/08/15 12:31:41.576  [M] [router.go:1014]  ::1 - - [15/Aug/2021 12:31:41] "GET /v1/agent/config/?uuid=54c5b5660d8d4962b86315575d42e5bb&version=0 HTTP/1.1 200 0" 0.007009  Go-http-client/1.1
2021/08/15 12:31:41.606  [M] [router.go:1014]  ::1 - - [15/Aug/2021 12:31:41] "POST /v1/agent/heartbeat/ HTTP/1.1 200 60" 0.036557  Go-http-client/1.1
2021/08/15 12:31:43.603  [M] [router.go:1014]  ::1 - - [15/Aug/2021 12:31:43] "GET /v1/agent/config/?uuid=54c5b5660d8d4962b86315575d42e5bb&version= HTTP/1.1 200 0" 0.013728  Go-http-client/1.1
2021/08/15 12:31:43.648  [M] [router.go:1014]  ::1 - - [15/Aug/2021 12:31:43] "POST /v1/agent/heartbeat/ HTTP/1.1 200 60" 0.058491  Go-http-client/1.1
2021/08/15 12:31:51.560  [M] [router.go:1014]  ::1 - - [15/Aug/2021 12:31:51] "GET /v1/agent/config/?uuid=54c5b5660d8d4962b86315575d42e5bb&version=0 HTTP/1.1 200 0" 0.001850  Go-http-client/1.1
2021/08/15 12:31:51.595  [M] [router.go:1014]  ::1 - - [15/Aug/2021 12:31:51] "POST /v1/agent/heartbeat/ HTTP/1.1 200 60" 0.037516  Go-http-client/1.1
2021/08/15 12:31:53.591  [M] [router.go:1014]  ::1 - - [15/Aug/2021 12:31:53] "GET /v1/agent/config/?uuid=54c5b5660d8d4962b86315575d42e5bb&version= HTTP/1.1 200 0" 0.005678  Go-http-client/1.1
2021/08/15 12:31:53.651  [M] [router.go:1014]  ::1 - - [15/Aug/2021 12:31:53] "POST /v1/agent/heartbeat/ HTTP/1.1 200 60" 0.064749  Go-http-client/1.1
2021/08/15 12:32:01.559  [M] [router.go:1014]  ::1 - - [15/Aug/2021 12:32:01] "GET /v1/agent/config/?uuid=54c5b5660d8d4962b86315575d42e5bb&version=0 HTTP/1.1 200 0" 0.000991  Go-http-client/1.1
2021/08/15 12:32:01.587  [M] [router.go:1014]  ::1 - - [15/Aug/2021 12:32:01] "POST /v1/agent/heartbeat/ HTTP/1.1 200 60" 0.029254  Go-http-client/1.1
2021/08/15 12:32:03.602  [M] [router.go:1014]  ::1 - - [15/Aug/2021 12:32:03] "GET /v1/agent/config/?uuid=54c5b5660d8d4962b86315575d42e5bb&version= HTTP/1.1 200 0" 0.013043  Go-http-client/1.1
2021/08/15 12:32:03.638  [M] [router.go:1014]  ::1 - - [15/Aug/2021 12:32:03] "POST /v1/agent/heartbeat/ HTTP/1.1 200 60" 0.047556  Go-http-client/1.1
2021/08/15 12:32:13.670  [M] [router.go:1014]  ::1 - - [15/Aug/2021 12:32:13] "GET /v1/agent/config/?uuid=54c5b5660d8d4962b86315575d42e5bb&version= HTTP/1.1 200 0" 0.058647  Go-http-client/1.1
2021/08/15 12:32:13.684  [M] [router.go:1014]  ::1 - - [15/Aug/2021 12:32:13] "POST /v1/agent/heartbeat/ HTTP/1.1 200 60" 0.072652  Go-http-client/1.1
2021/08/15 12:32:14.430  [M] [router.go:1014]  ::1 - - [15/Aug/2021 12:32:14] "GET /v1/agent/config/?uuid=54c5b5660d8d4962b86315575d42e5bb&version=0 HTTP/1.1 200 0" 0.017191  Go-http-client/1.1
2021/08/15 12:32:14.454  [M] [router.go:1014]  ::1 - - [15/Aug/2021 12:32:14] "POST /v1/agent/register/ HTTP/1.1 200 99" 0.041371  Go-http-client/1.1
2021/08/15 12:32:14.485  [M] [router.go:1014]  ::1 - - [15/Aug/2021 12:32:14] "POST /v1/agent/heartbeat/ HTTP/1.1 200 60" 0.072858  Go-http-client/1.1
2021/08/15 12:32:23.593  [M] [router.go:1014]  ::1 - - [15/Aug/2021 12:32:23] "GET /v1/agent/config/?uuid=54c5b5660d8d4962b86315575d42e5bb&version= HTTP/1.1 200 0" 0.004706  Go-http-client/1.1
2021/08/15 12:32:23.630  [M] [router.go:1014]  ::1 - - [15/Aug/2021 12:32:23] "POST /v1/agent/heartbeat/ HTTP/1.1 200 60" 0.041379  Go-http-client/1.1
2021/08/15 12:32:24.398  [M] [router.go:1014]  ::1 - - [15/Aug/2021 12:32:24] "GET /v1/agent/config/?uuid=54c5b5660d8d4962b86315575d42e5bb&version=0 HTTP/1.1 200 0" 0.017300  Go-http-client/1.1
2021/08/15 12:32:24.429  [M] [router.go:1014]  ::1 - - [15/Aug/2021 12:32:24] "POST /v1/agent/heartbeat/ HTTP/1.1 200 60" 0.047952  Go-http-client/1.1
2021/08/15 12:32:33.590  [M] [router.go:1014]  ::1 - - [15/Aug/2021 12:32:33] "GET /v1/agent/config/?uuid=54c5b5660d8d4962b86315575d42e5bb&version= HTTP/1.1 200 0" 0.002400  Go-http-client/1.1
2021/08/15 12:32:33.632  [M] [router.go:1014]  ::1 - - [15/Aug/2021 12:32:33] "POST /v1/agent/heartbeat/ HTTP/1.1 200 60" 0.045587  Go-http-client/1.1
2021/08/15 12:32:34.388  [M] [router.go:1014]  ::1 - - [15/Aug/2021 12:32:34] "GET /v1/agent/config/?uuid=54c5b5660d8d4962b86315575d42e5bb&version=0 HTTP/1.1 200 0" 0.009572  Go-http-client/1.1
2021/08/15 12:32:34.415  [M] [router.go:1014]  ::1 - - [15/Aug/2021 12:32:34] "POST /v1/agent/heartbeat/ HTTP/1.1 200 60" 0.036941  Go-http-client/1.1
2021/08/15 12:32:43.590  [M] [router.go:1014]  ::1 - - [15/Aug/2021 12:32:43] "GET /v1/agent/config/?uuid=54c5b5660d8d4962b86315575d42e5bb&version= HTTP/1.1 200 0" 0.002995  Go-http-client/1.1
2021/08/15 12:32:43.628  [M] [router.go:1014]  ::1 - - [15/Aug/2021 12:32:43] "POST /v1/agent/heartbeat/ HTTP/1.1 200 60" 0.041083  Go-http-client/1.1
2021/08/15 12:32:44.390  [M] [router.go:1014]  ::1 - - [15/Aug/2021 12:32:44] "GET /v1/agent/config/?uuid=54c5b5660d8d4962b86315575d42e5bb&version=0 HTTP/1.1 200 0" 0.010163  Go-http-client/1.1
2021/08/15 12:32:44.420  [M] [router.go:1014]  ::1 - - [15/Aug/2021 12:32:44] "POST /v1/agent/heartbeat/ HTTP/1.1 200 60" 0.039401  Go-http-client/1.1
2021/08/15 12:32:53.586  [M] [router.go:1014]  ::1 - - [15/Aug/2021 12:32:53] "GET /v1/agent/config/?uuid=54c5b5660d8d4962b86315575d42e5bb&version= HTTP/1.1 200 0" 0.002038  Go-http-client/1.1
2021/08/15 12:32:53.624  [M] [router.go:1014]  ::1 - - [15/Aug/2021 12:32:53] "POST /v1/agent/heartbeat/ HTTP/1.1 200 60" 0.040027  Go-http-client/1.1
2021/08/15 12:32:54.386  [M] [router.go:1014]  ::1 - - [15/Aug/2021 12:32:54] "GET /v1/agent/config/?uuid=54c5b5660d8d4962b86315575d42e5bb&version=0 HTTP/1.1 200 0" 0.005990  Go-http-client/1.1
2021/08/15 12:32:54.424  [M] [router.go:1014]  ::1 - - [15/Aug/2021 12:32:54] "POST /v1/agent/heartbeat/ HTTP/1.1 200 60" 0.045394  Go-http-client/1.1
2021/08/15 12:33:12.285  [I] [parser.go:413]  generate router from comments
2021/08/15 12:33:12.289  [I] [server.go:208]  https server Running on https://:8888
2021/08/15 12:33:13.641  [M] [router.go:1014]  ::1 - - [15/Aug/2021 12:33:13] "GET /v1/agent/config/?uuid=54c5b5660d8d4962b86315575d42e5bb&version= HTTP/1.1 200 0" 0.037761  Go-http-client/1.1
2021/08/15 12:33:13.669  [M] [router.go:1014]  ::1 - - [15/Aug/2021 12:33:13] "POST /v1/agent/heartbeat/ HTTP/1.1 200 60" 0.066555  Go-http-client/1.1
2021/08/15 12:33:16.942  [M] [router.go:1014]  ::1 - - [15/Aug/2021 12:33:16] "GET /v1/agent/config/?uuid=54c5b5660d8d4962b86315575d42e5bb&version=0 HTTP/1.1 200 0" 0.012995  Go-http-client/1.1
2021/08/15 12:33:16.978  [M] [router.go:1014]  ::1 - - [15/Aug/2021 12:33:16] "POST /v1/agent/register/ HTTP/1.1 200 99" 0.048986  Go-http-client/1.1
2021/08/15 12:33:16.999  [M] [router.go:1014]  ::1 - - [15/Aug/2021 12:33:16] "POST /v1/agent/heartbeat/ HTTP/1.1 200 60" 0.070179  Go-http-client/1.1
2021/08/15 12:33:23.589  [M] [router.go:1014]  ::1 - - [15/Aug/2021 12:33:23] "GET /v1/agent/config/?uuid=54c5b5660d8d4962b86315575d42e5bb&version= HTTP/1.1 200 0" 0.003987  Go-http-client/1.1
2021/08/15 12:33:23.628  [M] [router.go:1014]  ::1 - - [15/Aug/2021 12:33:23] "POST /v1/agent/heartbeat/ HTTP/1.1 200 60" 0.042773  Go-http-client/1.1
2021/08/15 12:33:26.909  [M] [router.go:1014]  ::1 - - [15/Aug/2021 12:33:26] "GET /v1/agent/config/?uuid=54c5b5660d8d4962b86315575d42e5bb&version=1628999952 HTTP/1.1 200 0" 0.004229  Go-http-client/1.1
2021/08/15 12:33:26.953  [M] [router.go:1014]  ::1 - - [15/Aug/2021 12:33:26] "POST /v1/agent/heartbeat/ HTTP/1.1 200 60" 0.046003  Go-http-client/1.1
2021/08/15 12:33:33.591  [M] [router.go:1014]  ::1 - - [15/Aug/2021 12:33:33] "GET /v1/agent/config/?uuid=54c5b5660d8d4962b86315575d42e5bb&version= HTTP/1.1 200 0" 0.004717  Go-http-client/1.1
2021/08/15 12:33:33.640  [M] [router.go:1014]  ::1 - - [15/Aug/2021 12:33:33] "POST /v1/agent/heartbeat/ HTTP/1.1 200 60" 0.052278  Go-http-client/1.1
2021/08/15 12:33:36.910  [M] [router.go:1014]  ::1 - - [15/Aug/2021 12:33:36] "GET /v1/agent/config/?uuid=54c5b5660d8d4962b86315575d42e5bb&version=1628999952 HTTP/1.1 200 0" 0.005003  Go-http-client/1.1
2021/08/15 12:33:37.007  [M] [router.go:1014]  ::1 - - [15/Aug/2021 12:33:36] "POST /v1/agent/heartbeat/ HTTP/1.1 200 60" 0.101031  Go-http-client/1.1
2021/08/15 12:33:43.588  [M] [router.go:1014]  ::1 - - [15/Aug/2021 12:33:43] "GET /v1/agent/config/?uuid=54c5b5660d8d4962b86315575d42e5bb&version= HTTP/1.1 200 0" 0.002696  Go-http-client/1.1
2021/08/15 12:33:43.618  [M] [router.go:1014]  ::1 - - [15/Aug/2021 12:33:43] "POST /v1/agent/heartbeat/ HTTP/1.1 200 60" 0.033587  Go-http-client/1.1
2021/08/15 12:33:46.912  [M] [router.go:1014]  ::1 - - [15/Aug/2021 12:33:46] "GET /v1/agent/config/?uuid=54c5b5660d8d4962b86315575d42e5bb&version=1628999952 HTTP/1.1 200 0" 0.006292  Go-http-client/1.1
2021/08/15 12:33:46.960  [M] [router.go:1014]  ::1 - - [15/Aug/2021 12:33:46] "POST /v1/agent/heartbeat/ HTTP/1.1 200 60" 0.054269  Go-http-client/1.1
2021/08/15 12:33:53.593  [M] [router.go:1014]  ::1 - - [15/Aug/2021 12:33:53] "GET /v1/agent/config/?uuid=54c5b5660d8d4962b86315575d42e5bb&version= HTTP/1.1 200 0" 0.007243  Go-http-client/1.1
2021/08/15 12:33:53.700  [M] [router.go:1014]  ::1 - - [15/Aug/2021 12:33:53] "POST /v1/agent/heartbeat/ HTTP/1.1 200 60" 0.114169  Go-http-client/1.1
2021/08/15 12:33:56.909  [M] [router.go:1014]  ::1 - - [15/Aug/2021 12:33:56] "GET /v1/agent/config/?uuid=54c5b5660d8d4962b86315575d42e5bb&version=1628999952 HTTP/1.1 200 0" 0.001946  Go-http-client/1.1
2021/08/15 12:33:56.948  [M] [router.go:1014]  ::1 - - [15/Aug/2021 12:33:56] "POST /v1/agent/heartbeat/ HTTP/1.1 200 60" 0.041680  Go-http-client/1.1
2021/08/15 12:34:03.586  [M] [router.go:1014]  ::1 - - [15/Aug/2021 12:34:03] "GET /v1/agent/config/?uuid=54c5b5660d8d4962b86315575d42e5bb&version= HTTP/1.1 200 0" 0.001617  Go-http-client/1.1
2021/08/15 12:34:03.618  [M] [router.go:1014]  ::1 - - [15/Aug/2021 12:34:03] "POST /v1/agent/heartbeat/ HTTP/1.1 200 60" 0.033707  Go-http-client/1.1
2021/08/15 12:34:06.910  [M] [router.go:1014]  ::1 - - [15/Aug/2021 12:34:06] "GET /v1/agent/config/?uuid=54c5b5660d8d4962b86315575d42e5bb&version=1628999952 HTTP/1.1 200 0" 0.003560  Go-http-client/1.1
2021/08/15 12:34:06.990  [M] [router.go:1014]  ::1 - - [15/Aug/2021 12:34:06] "POST /v1/agent/heartbeat/ HTTP/1.1 200 60" 0.083526  Go-http-client/1.1
2021/08/15 12:34:13.589  [M] [router.go:1014]  ::1 - - [15/Aug/2021 12:34:13] "GET /v1/agent/config/?uuid=54c5b5660d8d4962b86315575d42e5bb&version= HTTP/1.1 200 0" 0.004084  Go-http-client/1.1
2021/08/15 12:34:13.623  [M] [router.go:1014]  ::1 - - [15/Aug/2021 12:34:13] "POST /v1/agent/heartbeat/ HTTP/1.1 200 60" 0.037864  Go-http-client/1.1
2021/08/15 12:34:24.530  [I] [parser.go:413]  generate router from comments
2021/08/15 12:34:24.538  [I] [server.go:208]  https server Running on https://:8888
2021/08/15 12:34:24.643  [M] [router.go:1014]  ::1 - - [15/Aug/2021 12:34:24] "POST /v1/agent/heartbeat/ HTTP/1.1 200 60" 0.037615  Go-http-client/1.1
2021/08/15 12:34:24.648  [M] [router.go:1014]  ::1 - - [15/Aug/2021 12:34:24] "GET /v1/agent/config/?uuid=54c5b5660d8d4962b86315575d42e5bb&version= HTTP/1.1 200 0" 0.002999  Go-http-client/1.1
2021/08/15 12:34:26.934  [M] [router.go:1014]  ::1 - - [15/Aug/2021 12:34:26] "GET /v1/agent/config/?uuid=54c5b5660d8d4962b86315575d42e5bb&version=1628999952 HTTP/1.1 200 0" 0.012145  Go-http-client/1.1
2021/08/15 12:34:26.977  [M] [router.go:1014]  ::1 - - [15/Aug/2021 12:34:26] "POST /v1/agent/heartbeat/ HTTP/1.1 200 60" 0.054034  Go-http-client/1.1
2021/08/15 12:34:33.597  [M] [router.go:1014]  ::1 - - [15/Aug/2021 12:34:33] "GET /v1/agent/config/?uuid=54c5b5660d8d4962b86315575d42e5bb&version= HTTP/1.1 200 0" 0.008278  Go-http-client/1.1
2021/08/15 12:34:33.644  [M] [router.go:1014]  ::1 - - [15/Aug/2021 12:34:33] "POST /v1/agent/heartbeat/ HTTP/1.1 200 60" 0.054346  Go-http-client/1.1
2021/08/15 12:34:34.733  [M] [router.go:1014]  ::1 - - [15/Aug/2021 12:34:34] "GET /v1/agent/config/?uuid=54c5b5660d8d4962b86315575d42e5bb&version=0 HTTP/1.1 200 0" 0.005542  Go-http-client/1.1
2021/08/15 12:34:34.764  [M] [router.go:1014]  ::1 - - [15/Aug/2021 12:34:34] "POST /v1/agent/register/ HTTP/1.1 200 99" 0.036159  Go-http-client/1.1
2021/08/15 12:34:34.791  [M] [router.go:1014]  ::1 - - [15/Aug/2021 12:34:34] "POST /v1/agent/heartbeat/ HTTP/1.1 200 60" 0.063035  Go-http-client/1.1
2021/08/15 12:34:43.588  [M] [router.go:1014]  ::1 - - [15/Aug/2021 12:34:43] "GET /v1/agent/config/?uuid=54c5b5660d8d4962b86315575d42e5bb&version= HTTP/1.1 200 0" 0.002466  Go-http-client/1.1
2021/08/15 12:34:43.617  [M] [router.go:1014]  ::1 - - [15/Aug/2021 12:34:43] "POST /v1/agent/heartbeat/ HTTP/1.1 200 60" 0.031848  Go-http-client/1.1
2021/08/15 12:34:44.717  [M] [router.go:1014]  ::1 - - [15/Aug/2021 12:34:44] "GET /v1/agent/config/?uuid=54c5b5660d8d4962b86315575d42e5bb&version=1628999952 HTTP/1.1 200 0" 0.005362  Go-http-client/1.1
2021/08/15 12:34:44.755  [M] [router.go:1014]  ::1 - - [15/Aug/2021 12:34:44] "POST /v1/agent/heartbeat/ HTTP/1.1 200 60" 0.044282  Go-http-client/1.1
