0001/01/01 00:00:00.000  [M] [log.go:191]  [HTTP] http: TLS handshake error from 10.0.0.1:61867: EOF
2021/08/22 14:46:35.943  [M] [router.go:1014]  ::1 - - [22/Aug/2021 02:46:35] "POST /asset/config HTTP/2.0 200 72" 0.050874 https://localhost:8888/asset/config Mozilla/5.0 (Windows NT 10.0; Win64; x64) AppleWebKit/537.36 (KHTML, like Gecko) Chrome/92.0.4515.159 Safari/537.36
2021/08/22 14:46:59.436  [D] [asset.go:54]  check sync asset: false, now: 2021-08-22 14:46:59.4367368 +0800 CST m=+120.058739201, prevTime: 2021-08-22 14:46:29.4384575 +0800 CST m=+90.060459901
2021/08/22 14:47:23.255  [M] [router.go:1014]  ::1 - - [22/Aug/2021 02:47:23] "GET /asset/query HTTP/2.0 200 0" 0.065883 https://localhost:8888/asset/config Mozilla/5.0 (Windows NT 10.0; Win64; x64) AppleWebKit/537.36 (KHTML, like Gecko) Chrome/92.0.4515.159 Safari/537.36
2021/08/22 14:47:29.438  [D] [asset.go:54]  check sync asset: false, now: 2021-08-22 14:47:29.4389078 +0800 CST m=+150.060910201, prevTime: 2021-08-22 14:46:29.4384575 +0800 CST m=+90.060459901
2021/08/22 14:47:30.629  [M] [router.go:1014]  ::1 - - [22/Aug/2021 02:47:30] "GET /asset/query HTTP/2.0 200 0" 0.007864 https://localhost:8888/asset/query Mozilla/5.0 (Windows NT 10.0; Win64; x64) AppleWebKit/537.36 (KHTML, like Gecko) Chrome/92.0.4515.159 Safari/537.36
2021/08/22 14:47:33.848  [M] [router.go:1014]  ::1 - - [22/Aug/2021 02:47:33] "GET /asset/config HTTP/2.0 200 0" 0.014962 https://localhost:8888/asset/query Mozilla/5.0 (Windows NT 10.0; Win64; x64) AppleWebKit/537.36 (KHTML, like Gecko) Chrome/92.0.4515.159 Safari/537.36
2021/08/22 14:47:36.135  [M] [router.go:1014]  ::1 - - [22/Aug/2021 02:47:36] "POST /asset/config HTTP/2.0 200 72" 0.055434 https://localhost:8888/asset/config Mozilla/5.0 (Windows NT 10.0; Win64; x64) AppleWebKit/537.36 (KHTML, like Gecko) Chrome/92.0.4515.159 Safari/537.36
2021/08/22 14:47:42.020  [M] [router.go:1014]  ::1 - - [22/Aug/2021 02:47:41] "GET /asset/query HTTP/2.0 200 0" 0.022732 https://localhost:8888/asset/config Mozilla/5.0 (Windows NT 10.0; Win64; x64) AppleWebKit/537.36 (KHTML, like Gecko) Chrome/92.0.4515.159 Safari/537.36
2021/08/22 14:47:42.637  [M] [router.go:1014]  ::1 - - [22/Aug/2021 02:47:42] "GET /asset/query HTTP/2.0 200 0" 0.014455 https://localhost:8888/asset/query Mozilla/5.0 (Windows NT 10.0; Win64; x64) AppleWebKit/537.36 (KHTML, like Gecko) Chrome/92.0.4515.159 Safari/537.36
2021/08/22 14:47:43.088  [M] [router.go:1014]  ::1 - - [22/Aug/2021 02:47:43] "GET /asset/query HTTP/2.0 200 0" 0.006999 https://localhost:8888/asset/query Mozilla/5.0 (Windows NT 10.0; Win64; x64) AppleWebKit/537.36 (KHTML, like Gecko) Chrome/92.0.4515.159 Safari/537.36
2021/08/22 14:47:43.494  [M] [router.go:1014]  ::1 - - [22/Aug/2021 02:47:43] "GET /asset/query HTTP/2.0 200 0" 0.007999 https://localhost:8888/asset/query Mozilla/5.0 (Windows NT 10.0; Win64; x64) AppleWebKit/537.36 (KHTML, like Gecko) Chrome/92.0.4515.159 Safari/537.36
2021/08/22 14:47:43.906  [M] [router.go:1014]  ::1 - - [22/Aug/2021 02:47:43] "GET /asset/query HTTP/2.0 200 0" 0.017512 https://localhost:8888/asset/query Mozilla/5.0 (Windows NT 10.0; Win64; x64) AppleWebKit/537.36 (KHTML, like Gecko) Chrome/92.0.4515.159 Safari/537.36
2021/08/22 14:47:44.289  [M] [router.go:1014]  ::1 - - [22/Aug/2021 02:47:44] "GET /asset/query HTTP/2.0 200 0" 0.005995 https://localhost:8888/asset/query Mozilla/5.0 (Windows NT 10.0; Win64; x64) AppleWebKit/537.36 (KHTML, like Gecko) Chrome/92.0.4515.159 Safari/537.36
2021/08/22 14:47:44.707  [M] [router.go:1014]  ::1 - - [22/Aug/2021 02:47:44] "GET /asset/query HTTP/2.0 200 0" 0.019750 https://localhost:8888/asset/query Mozilla/5.0 (Windows NT 10.0; Win64; x64) AppleWebKit/537.36 (KHTML, like Gecko) Chrome/92.0.4515.159 Safari/537.36
2021/08/22 14:47:45.188  [M] [router.go:1014]  ::1 - - [22/Aug/2021 02:47:45] "GET /asset/query HTTP/2.0 200 0" 0.015754 https://localhost:8888/asset/query Mozilla/5.0 (Windows NT 10.0; Win64; x64) AppleWebKit/537.36 (KHTML, like Gecko) Chrome/92.0.4515.159 Safari/537.36
2021/08/22 14:47:45.571  [M] [router.go:1014]  ::1 - - [22/Aug/2021 02:47:45] "GET /asset/query HTTP/2.0 200 0" 0.015553 https://localhost:8888/asset/query Mozilla/5.0 (Windows NT 10.0; Win64; x64) AppleWebKit/537.36 (KHTML, like Gecko) Chrome/92.0.4515.159 Safari/537.36
2021/08/22 14:47:45.956  [M] [router.go:1014]  ::1 - - [22/Aug/2021 02:47:45] "GET /asset/query HTTP/2.0 200 0" 0.007516 https://localhost:8888/asset/query Mozilla/5.0 (Windows NT 10.0; Win64; x64) AppleWebKit/537.36 (KHTML, like Gecko) Chrome/92.0.4515.159 Safari/537.36
2021/08/22 14:47:46.374  [M] [router.go:1014]  ::1 - - [22/Aug/2021 02:47:46] "GET /asset/query HTTP/2.0 200 0" 0.015721 https://localhost:8888/asset/query Mozilla/5.0 (Windows NT 10.0; Win64; x64) AppleWebKit/537.36 (KHTML, like Gecko) Chrome/92.0.4515.159 Safari/537.36
2021/08/22 14:47:46.771  [M] [router.go:1014]  ::1 - - [22/Aug/2021 02:47:46] "GET /asset/query HTTP/2.0 200 0" 0.014386 https://localhost:8888/asset/query Mozilla/5.0 (Windows NT 10.0; Win64; x64) AppleWebKit/537.36 (KHTML, like Gecko) Chrome/92.0.4515.159 Safari/537.36
2021/08/22 14:47:47.129  [M] [router.go:1014]  ::1 - - [22/Aug/2021 02:47:47] "GET /asset/query HTTP/2.0 200 0" 0.014960 https://localhost:8888/asset/query Mozilla/5.0 (Windows NT 10.0; Win64; x64) AppleWebKit/537.36 (KHTML, like Gecko) Chrome/92.0.4515.159 Safari/537.36
2021/08/22 14:47:47.552  [M] [router.go:1014]  ::1 - - [22/Aug/2021 02:47:47] "GET /asset/query HTTP/2.0 200 0" 0.016426 https://localhost:8888/asset/query Mozilla/5.0 (Windows NT 10.0; Win64; x64) AppleWebKit/537.36 (KHTML, like Gecko) Chrome/92.0.4515.159 Safari/537.36
2021/08/22 14:47:47.934  [M] [router.go:1014]  ::1 - - [22/Aug/2021 02:47:47] "GET /asset/query HTTP/2.0 200 0" 0.011502 https://localhost:8888/asset/query Mozilla/5.0 (Windows NT 10.0; Win64; x64) AppleWebKit/537.36 (KHTML, like Gecko) Chrome/92.0.4515.159 Safari/537.36
2021/08/22 14:47:48.280  [M] [router.go:1014]  ::1 - - [22/Aug/2021 02:47:48] "GET /asset/query HTTP/2.0 200 0" 0.011567 https://localhost:8888/asset/query Mozilla/5.0 (Windows NT 10.0; Win64; x64) AppleWebKit/537.36 (KHTML, like Gecko) Chrome/92.0.4515.159 Safari/537.36
2021/08/22 14:47:48.667  [M] [router.go:1014]  ::1 - - [22/Aug/2021 02:47:48] "GET /asset/query HTTP/2.0 200 0" 0.014991 https://localhost:8888/asset/query Mozilla/5.0 (Windows NT 10.0; Win64; x64) AppleWebKit/537.36 (KHTML, like Gecko) Chrome/92.0.4515.159 Safari/537.36
2021/08/22 14:47:49.089  [M] [router.go:1014]  ::1 - - [22/Aug/2021 02:47:49] "GET /asset/query HTTP/2.0 200 0" 0.038919 https://localhost:8888/asset/query Mozilla/5.0 (Windows NT 10.0; Win64; x64) AppleWebKit/537.36 (KHTML, like Gecko) Chrome/92.0.4515.159 Safari/537.36
2021/08/22 14:47:49.447  [M] [router.go:1014]  ::1 - - [22/Aug/2021 02:47:49] "GET /asset/query HTTP/2.0 200 0" 0.022824 https://localhost:8888/asset/query Mozilla/5.0 (Windows NT 10.0; Win64; x64) AppleWebKit/537.36 (KHTML, like Gecko) Chrome/92.0.4515.159 Safari/537.36
2021/08/22 14:47:49.814  [M] [router.go:1014]  ::1 - - [22/Aug/2021 02:47:49] "GET /asset/query HTTP/2.0 200 0" 0.017256 https://localhost:8888/asset/query Mozilla/5.0 (Windows NT 10.0; Win64; x64) AppleWebKit/537.36 (KHTML, like Gecko) Chrome/92.0.4515.159 Safari/537.36
2021/08/22 14:47:50.195  [M] [router.go:1014]  ::1 - - [22/Aug/2021 02:47:50] "GET /asset/query HTTP/2.0 200 0" 0.012523 https://localhost:8888/asset/query Mozilla/5.0 (Windows NT 10.0; Win64; x64) AppleWebKit/537.36 (KHTML, like Gecko) Chrome/92.0.4515.159 Safari/537.36
2021/08/22 14:47:50.527  [M] [router.go:1014]  ::1 - - [22/Aug/2021 02:47:50] "GET /asset/query HTTP/2.0 200 0" 0.009551 https://localhost:8888/asset/query Mozilla/5.0 (Windows NT 10.0; Win64; x64) AppleWebKit/537.36 (KHTML, like Gecko) Chrome/92.0.4515.159 Safari/537.36
2021/08/22 14:47:50.868  [M] [router.go:1014]  ::1 - - [22/Aug/2021 02:47:50] "GET /asset/query HTTP/2.0 200 0" 0.016423 https://localhost:8888/asset/query Mozilla/5.0 (Windows NT 10.0; Win64; x64) AppleWebKit/537.36 (KHTML, like Gecko) Chrome/92.0.4515.159 Safari/537.36
2021/08/22 14:47:51.210  [M] [router.go:1014]  ::1 - - [22/Aug/2021 02:47:51] "GET /asset/query HTTP/2.0 200 0" 0.017469 https://localhost:8888/asset/query Mozilla/5.0 (Windows NT 10.0; Win64; x64) AppleWebKit/537.36 (KHTML, like Gecko) Chrome/92.0.4515.159 Safari/537.36
2021/08/22 14:47:59.437  [D] [asset.go:54]  check sync asset: true, now: 2021-08-22 14:47:59.4370346 +0800 CST m=+180.059037001, prevTime: 2021-08-22 14:46:29.4384575 +0800 CST m=+90.060459901
2021/08/22 14:47:59.439  [I] [asset.go:56]  sync asset info: []*utils.IPRange{(*utils.IPRange)(0xc000801840), (*utils.IPRange)(0xc000801880)}, []string{"8888", "22"}
