0001/01/01 00:00:00.000  [M] [log.go:191]  [HTTP] http: TLS handshake error from [::1]:62461: remote error: tls: bad certificate
2021/08/08 18:43:54.905  [M] [router.go:1014]  ::1 - - [08/Aug/2021 06:43:54] "POST /v1/agent/register/ HTTP/1.1 200 95" 0.046664  Go-http-client/1.1
2021/08/08 18:43:54.922  [M] [router.go:1014]  ::1 - - [08/Aug/2021 06:43:54] "POST /v1/agent/heartbeat/ HTTP/1.1 200 60" 0.062766  Go-http-client/1.1
2021/08/08 18:43:54.926  [M] [router.go:1014]  ::1 - - [08/Aug/2021 06:43:54] "GET /v1/agent/config/?uuid=54c5b5660d8d4962b86315575d42e5bb&version= HTTP/1.1 200 0" 0.066706  Go-http-client/1.1
2021/08/08 18:44:04.851  [M] [router.go:1014]  ::1 - - [08/Aug/2021 06:44:04] "POST /v1/agent/heartbeat/ HTTP/1.1 200 60" 0.000935  Go-http-client/1.1
2021/08/08 18:44:04.852  [M] [router.go:1014]  ::1 - - [08/Aug/2021 06:44:04] "GET /v1/agent/config/?uuid=54c5b5660d8d4962b86315575d42e5bb&version= HTTP/1.1 200 0" 0.001482  Go-http-client/1.1
2021/08/08 18:44:14.855  [M] [router.go:1014]  ::1 - - [08/Aug/2021 06:44:14] "POST /v1/agent/heartbeat/ HTTP/1.1 200 60" 0.005751  Go-http-client/1.1
2021/08/08 18:44:14.855  [M] [router.go:1014]  ::1 - - [08/Aug/2021 06:44:14] "GET /v1/agent/config/?uuid=54c5b5660d8d4962b86315575d42e5bb&version= HTTP/1.1 200 0" 0.006289  Go-http-client/1.1
2021/08/08 18:44:24.940  [M] [router.go:1014]  ::1 - - [08/Aug/2021 06:44:24] "GET /v1/agent/config/?uuid=54c5b5660d8d4962b86315575d42e5bb&version= HTTP/1.1 200 0" 0.019867  Go-http-client/1.1
2021/08/08 18:44:24.961  [M] [router.go:1014]  ::1 - - [08/Aug/2021 06:44:24] "POST /v1/agent/heartbeat/ HTTP/1.1 200 60" 0.039684  Go-http-client/1.1
2021/08/08 18:44:34.850  [M] [router.go:1014]  ::1 - - [08/Aug/2021 06:44:34] "GET /v1/agent/config/?uuid=54c5b5660d8d4962b86315575d42e5bb&version= HTTP/1.1 200 0" 0.001001  Go-http-client/1.1
2021/08/08 18:44:34.851  [M] [router.go:1014]  ::1 - - [08/Aug/2021 06:44:34] "POST /v1/agent/heartbeat/ HTTP/1.1 200 60" 0.002005  Go-http-client/1.1
2021/08/08 18:44:44.861  [M] [router.go:1014]  ::1 - - [08/Aug/2021 06:44:44] "GET /v1/agent/config/?uuid=54c5b5660d8d4962b86315575d42e5bb&version= HTTP/1.1 200 0" 0.009683  Go-http-client/1.1
2021/08/08 18:44:44.869  [M] [router.go:1014]  ::1 - - [08/Aug/2021 06:44:44] "POST /v1/agent/heartbeat/ HTTP/1.1 200 60" 0.016818  Go-http-client/1.1
2021/08/08 18:44:54.856  [M] [router.go:1014]  ::1 - - [08/Aug/2021 06:44:54] "POST /v1/agent/heartbeat/ HTTP/1.1 200 60" 0.003734  Go-http-client/1.1
2021/08/08 18:44:54.873  [M] [router.go:1014]  ::1 - - [08/Aug/2021 06:44:54] "GET /v1/agent/config/?uuid=54c5b5660d8d4962b86315575d42e5bb&version= HTTP/1.1 200 0" 0.021771  Go-http-client/1.1
2021/08/08 18:45:04.891  [M] [router.go:1014]  ::1 - - [08/Aug/2021 06:45:04] "POST /v1/agent/heartbeat/ HTTP/1.1 200 60" 0.014080  Go-http-client/1.1
2021/08/08 18:45:04.900  [M] [router.go:1014]  ::1 - - [08/Aug/2021 06:45:04] "GET /v1/agent/config/?uuid=54c5b5660d8d4962b86315575d42e5bb&version= HTTP/1.1 200 0" 0.023460  Go-http-client/1.1
2021/08/08 18:45:14.857  [M] [router.go:1014]  ::1 - - [08/Aug/2021 06:45:14] "GET /v1/agent/config/?uuid=54c5b5660d8d4962b86315575d42e5bb&version= HTTP/1.1 200 0" 0.004245  Go-http-client/1.1
2021/08/08 18:45:14.859  [M] [router.go:1014]  ::1 - - [08/Aug/2021 06:45:14] "POST /v1/agent/heartbeat/ HTTP/1.1 200 60" 0.006168  Go-http-client/1.1
2021/08/08 18:45:24.920  [M] [router.go:1014]  ::1 - - [08/Aug/2021 06:45:24] "GET /v1/agent/config/?uuid=54c5b5660d8d4962b86315575d42e5bb&version= HTTP/1.1 200 0" 0.052687  Go-http-client/1.1
2021/08/08 18:45:24.932  [M] [router.go:1014]  ::1 - - [08/Aug/2021 06:45:24] "POST /v1/agent/heartbeat/ HTTP/1.1 200 60" 0.064273  Go-http-client/1.1
2021/08/08 18:45:34.852  [M] [router.go:1014]  ::1 - - [08/Aug/2021 06:45:34] "POST /v1/agent/heartbeat/ HTTP/1.1 200 60" 0.001608  Go-http-client/1.1
2021/08/08 18:45:34.853  [M] [router.go:1014]  ::1 - - [08/Aug/2021 06:45:34] "GET /v1/agent/config/?uuid=54c5b5660d8d4962b86315575d42e5bb&version= HTTP/1.1 200 0" 0.001608  Go-http-client/1.1
2021/08/08 18:45:46.152  [M] [router.go:1014]  ::1 - - [08/Aug/2021 06:45:46] "POST /v1/agent/heartbeat/ HTTP/1.1 200 60" 0.010740  Go-http-client/1.1
2021/08/08 18:45:46.154  [M] [router.go:1014]  ::1 - - [08/Aug/2021 06:45:46] "POST /v1/agent/register/ HTTP/1.1 200 95" 0.012729  Go-http-client/1.1
2021/08/08 18:45:46.156  [M] [router.go:1014]  ::1 - - [08/Aug/2021 06:45:46] "GET /v1/agent/config/?uuid=54c5b5660d8d4962b86315575d42e5bb&version= HTTP/1.1 200 0" 0.011898  Go-http-client/1.1
2021/08/08 18:45:56.125  [M] [router.go:1014]  ::1 - - [08/Aug/2021 06:45:56] "GET /v1/agent/config/?uuid=54c5b5660d8d4962b86315575d42e5bb&version= HTTP/1.1 200 0" 0.000598  Go-http-client/1.1
2021/08/08 18:45:56.134  [M] [router.go:1014]  ::1 - - [08/Aug/2021 06:45:56] "POST /v1/agent/heartbeat/ HTTP/1.1 200 60" 0.007683  Go-http-client/1.1
2021/08/08 18:46:06.125  [M] [router.go:1014]  ::1 - - [08/Aug/2021 06:46:06] "GET /v1/agent/config/?uuid=54c5b5660d8d4962b86315575d42e5bb&version= HTTP/1.1 200 0" 0.000611  Go-http-client/1.1
2021/08/08 18:46:06.128  [M] [router.go:1014]  ::1 - - [08/Aug/2021 06:46:06] "POST /v1/agent/heartbeat/ HTTP/1.1 200 60" 0.002045  Go-http-client/1.1
2021/08/08 18:46:16.128  [M] [router.go:1014]  ::1 - - [08/Aug/2021 06:46:16] "GET /v1/agent/config/?uuid=54c5b5660d8d4962b86315575d42e5bb&version= HTTP/1.1 200 0" 0.001908  Go-http-client/1.1
2021/08/08 18:46:16.128  [M] [router.go:1014]  ::1 - - [08/Aug/2021 06:46:16] "POST /v1/agent/heartbeat/ HTTP/1.1 200 60" 0.001790  Go-http-client/1.1
2021/08/08 18:46:26.126  [M] [router.go:1014]  ::1 - - [08/Aug/2021 06:46:26] "POST /v1/agent/heartbeat/ HTTP/1.1 200 60" 0.000581  Go-http-client/1.1
2021/08/08 18:46:26.126  [M] [router.go:1014]  ::1 - - [08/Aug/2021 06:46:26] "GET /v1/agent/config/?uuid=54c5b5660d8d4962b86315575d42e5bb&version= HTTP/1.1 200 0" 0.001150  Go-http-client/1.1
2021/08/08 18:46:36.126  [M] [router.go:1014]  ::1 - - [08/Aug/2021 06:46:36] "GET /v1/agent/config/?uuid=54c5b5660d8d4962b86315575d42e5bb&version= HTTP/1.1 200 0" 0.000992  Go-http-client/1.1
2021/08/08 18:46:36.128  [M] [router.go:1014]  ::1 - - [08/Aug/2021 06:46:36] "POST /v1/agent/heartbeat/ HTTP/1.1 200 60" 0.000991  Go-http-client/1.1
2021/08/08 18:46:46.146  [M] [router.go:1014]  ::1 - - [08/Aug/2021 06:46:46] "POST /v1/agent/heartbeat/ HTTP/1.1 200 60" 0.017702  Go-http-client/1.1
2021/08/08 18:46:46.166  [M] [router.go:1014]  ::1 - - [08/Aug/2021 06:46:46] "GET /v1/agent/config/?uuid=54c5b5660d8d4962b86315575d42e5bb&version= HTTP/1.1 200 0" 0.030530  Go-http-client/1.1
2021/08/08 18:46:56.127  [M] [router.go:1014]  ::1 - - [08/Aug/2021 06:46:56] "GET /v1/agent/config/?uuid=54c5b5660d8d4962b86315575d42e5bb&version= HTTP/1.1 200 0" 0.001000  Go-http-client/1.1
2021/08/08 18:46:56.128  [M] [router.go:1014]  ::1 - - [08/Aug/2021 06:46:56] "POST /v1/agent/heartbeat/ HTTP/1.1 200 60" 0.002000  Go-http-client/1.1
2021/08/08 18:47:06.126  [M] [router.go:1014]  ::1 - - [08/Aug/2021 06:47:06] "GET /v1/agent/config/?uuid=54c5b5660d8d4962b86315575d42e5bb&version= HTTP/1.1 200 0" 0.001149  Go-http-client/1.1
2021/08/08 18:47:06.127  [M] [router.go:1014]  ::1 - - [08/Aug/2021 06:47:06] "POST /v1/agent/heartbeat/ HTTP/1.1 200 60" 0.000573  Go-http-client/1.1
2021/08/08 18:47:16.127  [M] [router.go:1014]  ::1 - - [08/Aug/2021 06:47:16] "GET /v1/agent/config/?uuid=54c5b5660d8d4962b86315575d42e5bb&version= HTTP/1.1 200 0" 0.003260  Go-http-client/1.1
2021/08/08 18:47:16.128  [M] [router.go:1014]  ::1 - - [08/Aug/2021 06:47:16] "POST /v1/agent/heartbeat/ HTTP/1.1 200 60" 0.001715  Go-http-client/1.1
2021/08/08 18:47:26.197  [M] [router.go:1014]  ::1 - - [08/Aug/2021 06:47:26] "GET /v1/agent/config/?uuid=54c5b5660d8d4962b86315575d42e5bb&version= HTTP/1.1 200 0" 0.059634  Go-http-client/1.1
2021/08/08 18:47:26.212  [M] [router.go:1014]  ::1 - - [08/Aug/2021 06:47:26] "POST /v1/agent/heartbeat/ HTTP/1.1 200 60" 0.074883  Go-http-client/1.1
2021/08/08 18:47:36.126  [M] [router.go:1014]  ::1 - - [08/Aug/2021 06:47:36] "GET /v1/agent/config/?uuid=54c5b5660d8d4962b86315575d42e5bb&version= HTTP/1.1 200 0" 0.001194  Go-http-client/1.1
2021/08/08 18:47:36.128  [M] [router.go:1014]  ::1 - - [08/Aug/2021 06:47:36] "POST /v1/agent/heartbeat/ HTTP/1.1 200 60" 0.000977  Go-http-client/1.1
2021/08/08 18:47:46.127  [M] [router.go:1014]  ::1 - - [08/Aug/2021 06:47:46] "GET /v1/agent/config/?uuid=54c5b5660d8d4962b86315575d42e5bb&version= HTTP/1.1 200 0" 0.003295  Go-http-client/1.1
2021/08/08 18:47:46.133  [M] [router.go:1014]  ::1 - - [08/Aug/2021 06:47:46] "POST /v1/agent/heartbeat/ HTTP/1.1 200 60" 0.003536  Go-http-client/1.1
2021/08/08 18:47:56.126  [M] [router.go:1014]  ::1 - - [08/Aug/2021 06:47:56] "GET /v1/agent/config/?uuid=54c5b5660d8d4962b86315575d42e5bb&version= HTTP/1.1 200 0" 0.001273  Go-http-client/1.1
2021/08/08 18:47:56.131  [M] [router.go:1014]  ::1 - - [08/Aug/2021 06:47:56] "POST /v1/agent/heartbeat/ HTTP/1.1 200 60" 0.005034  Go-http-client/1.1
2021/08/08 18:48:06.126  [M] [router.go:1014]  ::1 - - [08/Aug/2021 06:48:06] "GET /v1/agent/config/?uuid=54c5b5660d8d4962b86315575d42e5bb&version= HTTP/1.1 200 0" 0.001340  Go-http-client/1.1
2021/08/08 18:48:06.128  [M] [router.go:1014]  ::1 - - [08/Aug/2021 06:48:06] "POST /v1/agent/heartbeat/ HTTP/1.1 200 60" 0.000855  Go-http-client/1.1
2021/08/08 18:48:16.127  [M] [router.go:1014]  ::1 - - [08/Aug/2021 06:48:16] "POST /v1/agent/heartbeat/ HTTP/1.1 200 60" 0.001750  Go-http-client/1.1
2021/08/08 18:48:16.128  [M] [router.go:1014]  ::1 - - [08/Aug/2021 06:48:16] "GET /v1/agent/config/?uuid=54c5b5660d8d4962b86315575d42e5bb&version= HTTP/1.1 200 0" 0.002893  Go-http-client/1.1
2021/08/08 18:48:26.135  [M] [router.go:1014]  ::1 - - [08/Aug/2021 06:48:26] "GET /v1/agent/config/?uuid=54c5b5660d8d4962b86315575d42e5bb&version= HTTP/1.1 200 0" 0.011083  Go-http-client/1.1
2021/08/08 18:48:26.140  [M] [router.go:1014]  ::1 - - [08/Aug/2021 06:48:26] "POST /v1/agent/heartbeat/ HTTP/1.1 200 60" 0.004802  Go-http-client/1.1
2021/08/08 18:48:36.129  [M] [router.go:1014]  ::1 - - [08/Aug/2021 06:48:36] "GET /v1/agent/config/?uuid=54c5b5660d8d4962b86315575d42e5bb&version= HTTP/1.1 200 0" 0.003608  Go-http-client/1.1
2021/08/08 18:48:36.130  [M] [router.go:1014]  ::1 - - [08/Aug/2021 06:48:36] "POST /v1/agent/heartbeat/ HTTP/1.1 200 60" 0.004736  Go-http-client/1.1
2021/08/08 18:48:46.126  [M] [router.go:1014]  ::1 - - [08/Aug/2021 06:48:46] "GET /v1/agent/config/?uuid=54c5b5660d8d4962b86315575d42e5bb&version= HTTP/1.1 200 0" 0.001768  Go-http-client/1.1
2021/08/08 18:48:46.132  [M] [router.go:1014]  ::1 - - [08/Aug/2021 06:48:46] "POST /v1/agent/heartbeat/ HTTP/1.1 200 60" 0.002999  Go-http-client/1.1
2021/08/08 18:48:56.133  [M] [router.go:1014]  ::1 - - [08/Aug/2021 06:48:56] "GET /v1/agent/config/?uuid=54c5b5660d8d4962b86315575d42e5bb&version= HTTP/1.1 200 0" 0.008143  Go-http-client/1.1
2021/08/08 18:48:56.153  [M] [router.go:1014]  ::1 - - [08/Aug/2021 06:48:56] "POST /v1/agent/heartbeat/ HTTP/1.1 200 60" 0.016813  Go-http-client/1.1
2021/08/08 18:49:06.127  [M] [router.go:1014]  ::1 - - [08/Aug/2021 06:49:06] "GET /v1/agent/config/?uuid=54c5b5660d8d4962b86315575d42e5bb&version= HTTP/1.1 200 0" 0.001563  Go-http-client/1.1
2021/08/08 18:49:06.131  [M] [router.go:1014]  ::1 - - [08/Aug/2021 06:49:06] "POST /v1/agent/heartbeat/ HTTP/1.1 200 60" 0.002978  Go-http-client/1.1
2021/08/08 18:49:16.126  [M] [router.go:1014]  ::1 - - [08/Aug/2021 06:49:16] "GET /v1/agent/config/?uuid=54c5b5660d8d4962b86315575d42e5bb&version= HTTP/1.1 200 0" 0.001459  Go-http-client/1.1
2021/08/08 18:49:16.130  [M] [router.go:1014]  ::1 - - [08/Aug/2021 06:49:16] "POST /v1/agent/heartbeat/ HTTP/1.1 200 60" 0.002728  Go-http-client/1.1
2021/08/08 18:49:26.126  [M] [router.go:1014]  ::1 - - [08/Aug/2021 06:49:26] "GET /v1/agent/config/?uuid=54c5b5660d8d4962b86315575d42e5bb&version= HTTP/1.1 200 0" 0.001692  Go-http-client/1.1
2021/08/08 18:49:26.130  [M] [router.go:1014]  ::1 - - [08/Aug/2021 06:49:26] "POST /v1/agent/heartbeat/ HTTP/1.1 200 60" 0.003932  Go-http-client/1.1
2021/08/08 18:49:36.126  [M] [router.go:1014]  ::1 - - [08/Aug/2021 06:49:36] "GET /v1/agent/config/?uuid=54c5b5660d8d4962b86315575d42e5bb&version= HTTP/1.1 200 0" 0.001225  Go-http-client/1.1
2021/08/08 18:49:36.127  [M] [router.go:1014]  ::1 - - [08/Aug/2021 06:49:36] "POST /v1/agent/heartbeat/ HTTP/1.1 200 60" 0.000554  Go-http-client/1.1
2021/08/08 18:49:46.125  [M] [router.go:1014]  ::1 - - [08/Aug/2021 06:49:46] "GET /v1/agent/config/?uuid=54c5b5660d8d4962b86315575d42e5bb&version= HTTP/1.1 200 0" 0.001055  Go-http-client/1.1
2021/08/08 18:49:46.128  [M] [router.go:1014]  ::1 - - [08/Aug/2021 06:49:46] "POST /v1/agent/heartbeat/ HTTP/1.1 200 60" 0.001728  Go-http-client/1.1
2021/08/08 18:49:56.152  [M] [router.go:1014]  ::1 - - [08/Aug/2021 06:49:56] "GET /v1/agent/config/?uuid=54c5b5660d8d4962b86315575d42e5bb&version= HTTP/1.1 200 0" 0.017834  Go-http-client/1.1
2021/08/08 18:49:56.154  [M] [router.go:1014]  ::1 - - [08/Aug/2021 06:49:56] "POST /v1/agent/heartbeat/ HTTP/1.1 200 60" 0.019673  Go-http-client/1.1
2021/08/08 18:50:06.200  [M] [router.go:1014]  ::1 - - [08/Aug/2021 06:50:06] "POST /v1/agent/heartbeat/ HTTP/1.1 200 60" 0.043211  Go-http-client/1.1
2021/08/08 18:50:06.225  [M] [router.go:1014]  ::1 - - [08/Aug/2021 06:50:06] "GET /v1/agent/config/?uuid=54c5b5660d8d4962b86315575d42e5bb&version= HTTP/1.1 200 0" 0.066726  Go-http-client/1.1
2021/08/08 18:50:16.125  [M] [router.go:1014]  ::1 - - [08/Aug/2021 06:50:16] "GET /v1/agent/config/?uuid=54c5b5660d8d4962b86315575d42e5bb&version= HTTP/1.1 200 0" 0.000607  Go-http-client/1.1
2021/08/08 18:50:16.128  [M] [router.go:1014]  ::1 - - [08/Aug/2021 06:50:16] "POST /v1/agent/heartbeat/ HTTP/1.1 200 60" 0.001330  Go-http-client/1.1
2021/08/08 18:50:26.133  [M] [router.go:1014]  ::1 - - [08/Aug/2021 06:50:26] "GET /v1/agent/config/?uuid=54c5b5660d8d4962b86315575d42e5bb&version= HTTP/1.1 200 0" 0.008508  Go-http-client/1.1
2021/08/08 18:50:26.134  [M] [router.go:1014]  ::1 - - [08/Aug/2021 06:50:26] "POST /v1/agent/heartbeat/ HTTP/1.1 200 60" 0.008729  Go-http-client/1.1
2021/08/08 18:50:36.127  [M] [router.go:1014]  ::1 - - [08/Aug/2021 06:50:36] "GET /v1/agent/config/?uuid=54c5b5660d8d4962b86315575d42e5bb&version= HTTP/1.1 200 0" 0.002903  Go-http-client/1.1
2021/08/08 18:50:36.136  [M] [router.go:1014]  ::1 - - [08/Aug/2021 06:50:36] "POST /v1/agent/heartbeat/ HTTP/1.1 200 60" 0.008024  Go-http-client/1.1
2021/08/08 18:50:46.139  [M] [router.go:1014]  ::1 - - [08/Aug/2021 06:50:46] "POST /v1/agent/heartbeat/ HTTP/1.1 200 60" 0.004530  Go-http-client/1.1
2021/08/08 18:50:46.150  [M] [router.go:1014]  ::1 - - [08/Aug/2021 06:50:46] "GET /v1/agent/config/?uuid=54c5b5660d8d4962b86315575d42e5bb&version= HTTP/1.1 200 0" 0.015879  Go-http-client/1.1
2021/08/08 18:50:56.241  [M] [router.go:1014]  ::1 - - [08/Aug/2021 06:50:56] "GET /v1/agent/config/?uuid=54c5b5660d8d4962b86315575d42e5bb&version= HTTP/1.1 200 0" 0.073813  Go-http-client/1.1
2021/08/08 18:50:56.363  [M] [router.go:1014]  ::1 - - [08/Aug/2021 06:50:56] "POST /v1/agent/heartbeat/ HTTP/1.1 200 60" 0.196129  Go-http-client/1.1
2021/08/08 18:51:06.132  [M] [router.go:1014]  ::1 - - [08/Aug/2021 06:51:06] "POST /v1/agent/heartbeat/ HTTP/1.1 200 60" 0.006383  Go-http-client/1.1
2021/08/08 18:51:06.136  [M] [router.go:1014]  ::1 - - [08/Aug/2021 06:51:06] "GET /v1/agent/config/?uuid=54c5b5660d8d4962b86315575d42e5bb&version= HTTP/1.1 200 0" 0.010804  Go-http-client/1.1
2021/08/08 18:51:16.127  [M] [router.go:1014]  ::1 - - [08/Aug/2021 06:51:16] "GET /v1/agent/config/?uuid=54c5b5660d8d4962b86315575d42e5bb&version= HTTP/1.1 200 0" 0.002273  Go-http-client/1.1
2021/08/08 18:51:16.138  [M] [router.go:1014]  ::1 - - [08/Aug/2021 06:51:16] "POST /v1/agent/heartbeat/ HTTP/1.1 200 60" 0.009966  Go-http-client/1.1
2021/08/08 18:51:26.127  [M] [router.go:1014]  ::1 - - [08/Aug/2021 06:51:26] "POST /v1/agent/heartbeat/ HTTP/1.1 200 60" 0.002266  Go-http-client/1.1
2021/08/08 18:51:26.128  [M] [router.go:1014]  ::1 - - [08/Aug/2021 06:51:26] "GET /v1/agent/config/?uuid=54c5b5660d8d4962b86315575d42e5bb&version= HTTP/1.1 200 0" 0.002882  Go-http-client/1.1
2021/08/08 18:51:36.141  [M] [router.go:1014]  ::1 - - [08/Aug/2021 06:51:36] "GET /v1/agent/config/?uuid=54c5b5660d8d4962b86315575d42e5bb&version= HTTP/1.1 200 0" 0.015952  Go-http-client/1.1
2021/08/08 18:51:36.161  [M] [router.go:1014]  ::1 - - [08/Aug/2021 06:51:36] "POST /v1/agent/heartbeat/ HTTP/1.1 200 60" 0.026392  Go-http-client/1.1
2021/08/08 18:51:46.154  [M] [router.go:1014]  ::1 - - [08/Aug/2021 06:51:46] "GET /v1/agent/config/?uuid=54c5b5660d8d4962b86315575d42e5bb&version= HTTP/1.1 200 0" 0.011962  Go-http-client/1.1
2021/08/08 18:51:46.155  [M] [router.go:1014]  ::1 - - [08/Aug/2021 06:51:46] "POST /v1/agent/heartbeat/ HTTP/1.1 200 60" 0.006735  Go-http-client/1.1
2021/08/08 18:51:56.143  [M] [router.go:1014]  ::1 - - [08/Aug/2021 06:51:56] "GET /v1/agent/config/?uuid=54c5b5660d8d4962b86315575d42e5bb&version= HTTP/1.1 200 0" 0.004549  Go-http-client/1.1
2021/08/08 18:51:56.150  [M] [router.go:1014]  ::1 - - [08/Aug/2021 06:51:56] "POST /v1/agent/heartbeat/ HTTP/1.1 200 60" 0.011536  Go-http-client/1.1
2021/08/08 18:52:06.135  [M] [router.go:1014]  ::1 - - [08/Aug/2021 06:52:06] "GET /v1/agent/config/?uuid=54c5b5660d8d4962b86315575d42e5bb&version= HTTP/1.1 200 0" 0.009536  Go-http-client/1.1
2021/08/08 18:52:06.137  [M] [router.go:1014]  ::1 - - [08/Aug/2021 06:52:06] "POST /v1/agent/heartbeat/ HTTP/1.1 200 60" 0.010705  Go-http-client/1.1
2021/08/08 18:52:16.153  [M] [router.go:1014]  ::1 - - [08/Aug/2021 06:52:16] "GET /v1/agent/config/?uuid=54c5b5660d8d4962b86315575d42e5bb&version= HTTP/1.1 200 0" 0.016931  Go-http-client/1.1
2021/08/08 18:52:16.172  [M] [router.go:1014]  ::1 - - [08/Aug/2021 06:52:16] "POST /v1/agent/heartbeat/ HTTP/1.1 200 60" 0.036023  Go-http-client/1.1
2021/08/08 18:52:26.154  [M] [router.go:1014]  ::1 - - [08/Aug/2021 06:52:26] "GET /v1/agent/config/?uuid=54c5b5660d8d4962b86315575d42e5bb&version= HTTP/1.1 200 0" 0.014224  Go-http-client/1.1
2021/08/08 18:52:26.157  [M] [router.go:1014]  ::1 - - [08/Aug/2021 06:52:26] "POST /v1/agent/heartbeat/ HTTP/1.1 200 60" 0.017806  Go-http-client/1.1
2021/08/08 18:52:36.147  [M] [router.go:1014]  ::1 - - [08/Aug/2021 06:52:36] "POST /v1/agent/heartbeat/ HTTP/1.1 200 60" 0.018471  Go-http-client/1.1
2021/08/08 18:52:36.157  [M] [router.go:1014]  ::1 - - [08/Aug/2021 06:52:36] "GET /v1/agent/config/?uuid=54c5b5660d8d4962b86315575d42e5bb&version= HTTP/1.1 200 0" 0.028346  Go-http-client/1.1
2021/08/08 18:52:46.129  [M] [router.go:1014]  ::1 - - [08/Aug/2021 06:52:46] "POST /v1/agent/heartbeat/ HTTP/1.1 200 60" 0.003953  Go-http-client/1.1
2021/08/08 18:52:46.132  [M] [router.go:1014]  ::1 - - [08/Aug/2021 06:52:46] "GET /v1/agent/config/?uuid=54c5b5660d8d4962b86315575d42e5bb&version= HTTP/1.1 200 0" 0.006957  Go-http-client/1.1
2021/08/08 18:52:56.152  [M] [router.go:1014]  ::1 - - [08/Aug/2021 06:52:56] "GET /v1/agent/config/?uuid=54c5b5660d8d4962b86315575d42e5bb&version= HTTP/1.1 200 0" 0.016972  Go-http-client/1.1
2021/08/08 18:52:56.181  [M] [router.go:1014]  ::1 - - [08/Aug/2021 06:52:56] "POST /v1/agent/heartbeat/ HTTP/1.1 200 60" 0.030005  Go-http-client/1.1
2021/08/08 18:53:06.126  [M] [router.go:1014]  ::1 - - [08/Aug/2021 06:53:06] "GET /v1/agent/config/?uuid=54c5b5660d8d4962b86315575d42e5bb&version= HTTP/1.1 200 0" 0.002217  Go-http-client/1.1
2021/08/08 18:53:06.128  [M] [router.go:1014]  ::1 - - [08/Aug/2021 06:53:06] "POST /v1/agent/heartbeat/ HTTP/1.1 200 60" 0.001452  Go-http-client/1.1
2021/08/08 18:53:16.136  [M] [router.go:1014]  ::1 - - [08/Aug/2021 06:53:16] "GET /v1/agent/config/?uuid=54c5b5660d8d4962b86315575d42e5bb&version= HTTP/1.1 200 0" 0.011035  Go-http-client/1.1
2021/08/08 18:53:16.151  [M] [router.go:1014]  ::1 - - [08/Aug/2021 06:53:16] "POST /v1/agent/heartbeat/ HTTP/1.1 200 60" 0.012926  Go-http-client/1.1
2021/08/08 18:53:26.127  [M] [router.go:1014]  ::1 - - [08/Aug/2021 06:53:26] "GET /v1/agent/config/?uuid=54c5b5660d8d4962b86315575d42e5bb&version= HTTP/1.1 200 0" 0.002968  Go-http-client/1.1
2021/08/08 18:53:26.136  [M] [router.go:1014]  ::1 - - [08/Aug/2021 06:53:26] "POST /v1/agent/heartbeat/ HTTP/1.1 200 60" 0.008398  Go-http-client/1.1
2021/08/08 18:53:36.129  [M] [router.go:1014]  ::1 - - [08/Aug/2021 06:53:36] "GET /v1/agent/config/?uuid=54c5b5660d8d4962b86315575d42e5bb&version= HTTP/1.1 200 0" 0.004447  Go-http-client/1.1
2021/08/08 18:53:36.131  [M] [router.go:1014]  ::1 - - [08/Aug/2021 06:53:36] "POST /v1/agent/heartbeat/ HTTP/1.1 200 60" 0.004162  Go-http-client/1.1
2021/08/08 18:53:46.163  [M] [router.go:1014]  ::1 - - [08/Aug/2021 06:53:46] "POST /v1/agent/heartbeat/ HTTP/1.1 200 60" 0.020928  Go-http-client/1.1
2021/08/08 18:53:46.249  [M] [router.go:1014]  ::1 - - [08/Aug/2021 06:53:46] "GET /v1/agent/config/?uuid=54c5b5660d8d4962b86315575d42e5bb&version= HTTP/1.1 200 0" 0.106460  Go-http-client/1.1
2021/08/08 18:53:56.149  [M] [router.go:1014]  ::1 - - [08/Aug/2021 06:53:56] "GET /v1/agent/config/?uuid=54c5b5660d8d4962b86315575d42e5bb&version= HTTP/1.1 200 0" 0.022206  Go-http-client/1.1
2021/08/08 18:53:56.178  [M] [router.go:1014]  ::1 - - [08/Aug/2021 06:53:56] "POST /v1/agent/heartbeat/ HTTP/1.1 200 60" 0.050719  Go-http-client/1.1
2021/08/08 18:54:06.143  [M] [router.go:1014]  ::1 - - [08/Aug/2021 06:54:06] "GET /v1/agent/config/?uuid=54c5b5660d8d4962b86315575d42e5bb&version= HTTP/1.1 200 0" 0.019322  Go-http-client/1.1
2021/08/08 18:54:06.158  [M] [router.go:1014]  ::1 - - [08/Aug/2021 06:54:06] "POST /v1/agent/heartbeat/ HTTP/1.1 200 60" 0.031826  Go-http-client/1.1
2021/08/08 18:54:16.173  [M] [router.go:1014]  ::1 - - [08/Aug/2021 06:54:16] "GET /v1/agent/config/?uuid=54c5b5660d8d4962b86315575d42e5bb&version= HTTP/1.1 200 0" 0.019888  Go-http-client/1.1
2021/08/08 18:54:16.279  [M] [router.go:1014]  ::1 - - [08/Aug/2021 06:54:16] "POST /v1/agent/heartbeat/ HTTP/1.1 200 60" 0.125597  Go-http-client/1.1
2021/08/08 18:54:26.157  [M] [router.go:1014]  ::1 - - [08/Aug/2021 06:54:26] "POST /v1/agent/heartbeat/ HTTP/1.1 200 60" 0.022396  Go-http-client/1.1
2021/08/08 18:54:26.175  [M] [router.go:1014]  ::1 - - [08/Aug/2021 06:54:26] "GET /v1/agent/config/?uuid=54c5b5660d8d4962b86315575d42e5bb&version= HTTP/1.1 200 0" 0.039395  Go-http-client/1.1
2021/08/08 18:54:36.164  [M] [router.go:1014]  ::1 - - [08/Aug/2021 06:54:36] "GET /v1/agent/config/?uuid=54c5b5660d8d4962b86315575d42e5bb&version= HTTP/1.1 200 0" 0.017243  Go-http-client/1.1
2021/08/08 18:54:36.177  [M] [router.go:1014]  ::1 - - [08/Aug/2021 06:54:36] "POST /v1/agent/heartbeat/ HTTP/1.1 200 60" 0.031228  Go-http-client/1.1
2021/08/08 18:54:46.185  [M] [router.go:1014]  ::1 - - [08/Aug/2021 06:54:46] "GET /v1/agent/config/?uuid=54c5b5660d8d4962b86315575d42e5bb&version= HTTP/1.1 200 0" 0.030672  Go-http-client/1.1
2021/08/08 18:54:46.211  [M] [router.go:1014]  ::1 - - [08/Aug/2021 06:54:46] "POST /v1/agent/heartbeat/ HTTP/1.1 200 60" 0.056324  Go-http-client/1.1
2021/08/08 18:54:56.126  [M] [router.go:1014]  ::1 - - [08/Aug/2021 06:54:56] "GET /v1/agent/config/?uuid=54c5b5660d8d4962b86315575d42e5bb&version= HTTP/1.1 200 0" 0.001092  Go-http-client/1.1
2021/08/08 18:54:56.128  [M] [router.go:1014]  ::1 - - [08/Aug/2021 06:54:56] "POST /v1/agent/heartbeat/ HTTP/1.1 200 60" 0.001289  Go-http-client/1.1
2021/08/08 18:55:06.154  [M] [router.go:1014]  ::1 - - [08/Aug/2021 06:55:06] "POST /v1/agent/heartbeat/ HTTP/1.1 200 60" 0.013484  Go-http-client/1.1
2021/08/08 18:55:06.157  [M] [router.go:1014]  ::1 - - [08/Aug/2021 06:55:06] "GET /v1/agent/config/?uuid=54c5b5660d8d4962b86315575d42e5bb&version= HTTP/1.1 200 0" 0.007900  Go-http-client/1.1
2021/08/08 18:55:54.533  [I] [parser.go:413]  generate router from comments
2021/08/08 18:55:54.536  [I] [server.go:208]  https server Running on https://:8888
2021/08/08 18:55:56.245  [M] [router.go:1014]  ::1 - - [08/Aug/2021 06:55:56] "POST /v1/agent/heartbeat/ HTTP/1.1 200 60" 0.024235  Go-http-client/1.1
2021/08/08 18:55:56.287  [M] [router.go:1014]  ::1 - - [08/Aug/2021 06:55:56] "GET /v1/agent/config/?uuid=54c5b5660d8d4962b86315575d42e5bb&version= HTTP/1.1 200 0" 0.065855  Go-http-client/1.1
2021/08/08 18:56:06.133  [M] [router.go:1014]  ::1 - - [08/Aug/2021 06:56:06] "GET /v1/agent/config/?uuid=54c5b5660d8d4962b86315575d42e5bb&version= HTTP/1.1 200 0" 0.001172  Go-http-client/1.1
2021/08/08 18:56:06.133  [M] [router.go:1014]  ::1 - - [08/Aug/2021 06:56:06] "POST /v1/agent/heartbeat/ HTTP/1.1 200 60" 0.001438  Go-http-client/1.1
2021/08/08 18:56:16.127  [M] [router.go:1014]  ::1 - - [08/Aug/2021 06:56:16] "GET /v1/agent/config/?uuid=54c5b5660d8d4962b86315575d42e5bb&version= HTTP/1.1 200 0" 0.002625  Go-http-client/1.1
2021/08/08 18:56:16.129  [M] [router.go:1014]  ::1 - - [08/Aug/2021 06:56:16] "POST /v1/agent/heartbeat/ HTTP/1.1 200 60" 0.002210  Go-http-client/1.1
2021/08/08 18:56:26.126  [M] [router.go:1014]  ::1 - - [08/Aug/2021 06:56:26] "POST /v1/agent/heartbeat/ HTTP/1.1 200 60" 0.000000  Go-http-client/1.1
2021/08/08 18:56:26.127  [M] [router.go:1014]  ::1 - - [08/Aug/2021 06:56:26] "GET /v1/agent/config/?uuid=54c5b5660d8d4962b86315575d42e5bb&version= HTTP/1.1 200 0" 0.000000  Go-http-client/1.1
2021/08/08 18:56:36.435  [I] [parser.go:413]  generate router from comments
2021/08/08 18:56:36.441  [I] [server.go:208]  https server Running on https://:8888
2021/08/08 18:56:36.636  [M] [router.go:1014]  ::1 - - [08/Aug/2021 06:56:36] "POST /v1/agent/heartbeat/ HTTP/1.1 200 60" 0.000577  Go-http-client/1.1
2021/08/08 18:56:36.639  [M] [router.go:1014]  ::1 - - [08/Aug/2021 06:56:36] "GET /v1/agent/config/?uuid=54c5b5660d8d4962b86315575d42e5bb&version= HTTP/1.1 200 0" 0.000836  Go-http-client/1.1
2021/08/08 18:56:46.127  [M] [router.go:1014]  ::1 - - [08/Aug/2021 06:56:46] "GET /v1/agent/config/?uuid=54c5b5660d8d4962b86315575d42e5bb&version= HTTP/1.1 200 0" 0.001598  Go-http-client/1.1
2021/08/08 18:56:46.143  [M] [router.go:1014]  ::1 - - [08/Aug/2021 06:56:46] "POST /v1/agent/heartbeat/ HTTP/1.1 200 60" 0.017376  Go-http-client/1.1
2021/08/08 18:56:56.125  [M] [router.go:1014]  ::1 - - [08/Aug/2021 06:56:56] "GET /v1/agent/config/?uuid=54c5b5660d8d4962b86315575d42e5bb&version= HTTP/1.1 200 0" 0.000998  Go-http-client/1.1
2021/08/08 18:56:56.127  [M] [router.go:1014]  ::1 - - [08/Aug/2021 06:56:56] "POST /v1/agent/heartbeat/ HTTP/1.1 200 60" 0.001002  Go-http-client/1.1
2021/08/08 18:57:06.126  [M] [router.go:1014]  ::1 - - [08/Aug/2021 06:57:06] "POST /v1/agent/heartbeat/ HTTP/1.1 200 60" 0.000917  Go-http-client/1.1
2021/08/08 18:57:06.127  [M] [router.go:1014]  ::1 - - [08/Aug/2021 06:57:06] "GET /v1/agent/config/?uuid=54c5b5660d8d4962b86315575d42e5bb&version= HTTP/1.1 200 0" 0.001309  Go-http-client/1.1
2021/08/08 18:57:16.127  [M] [router.go:1014]  ::1 - - [08/Aug/2021 06:57:16] "POST /v1/agent/heartbeat/ HTTP/1.1 200 60" 0.000970  Go-http-client/1.1
2021/08/08 18:57:16.127  [M] [router.go:1014]  ::1 - - [08/Aug/2021 06:57:16] "GET /v1/agent/config/?uuid=54c5b5660d8d4962b86315575d42e5bb&version= HTTP/1.1 200 0" 0.000970  Go-http-client/1.1
2021/08/08 18:57:26.133  [M] [router.go:1014]  ::1 - - [08/Aug/2021 06:57:26] "POST /v1/agent/heartbeat/ HTTP/1.1 200 60" 0.006184  Go-http-client/1.1
2021/08/08 18:57:26.135  [M] [router.go:1014]  ::1 - - [08/Aug/2021 06:57:26] "GET /v1/agent/config/?uuid=54c5b5660d8d4962b86315575d42e5bb&version= HTTP/1.1 200 0" 0.007712  Go-http-client/1.1
2021/08/08 18:57:36.125  [M] [router.go:1014]  ::1 - - [08/Aug/2021 06:57:36] "GET /v1/agent/config/?uuid=54c5b5660d8d4962b86315575d42e5bb&version= HTTP/1.1 200 0" 0.000000  Go-http-client/1.1
2021/08/08 18:57:36.127  [M] [router.go:1014]  ::1 - - [08/Aug/2021 06:57:36] "POST /v1/agent/heartbeat/ HTTP/1.1 200 60" 0.001003  Go-http-client/1.1
2021/08/08 18:57:46.160  [M] [router.go:1014]  ::1 - - [08/Aug/2021 06:57:46] "GET /v1/agent/config/?uuid=54c5b5660d8d4962b86315575d42e5bb&version= HTTP/1.1 200 0" 0.008308  Go-http-client/1.1
2021/08/08 18:57:46.168  [M] [router.go:1014]  ::1 - - [08/Aug/2021 06:57:46] "POST /v1/agent/heartbeat/ HTTP/1.1 200 60" 0.016276  Go-http-client/1.1
2021/08/08 18:57:56.125  [M] [router.go:1014]  ::1 - - [08/Aug/2021 06:57:56] "GET /v1/agent/config/?uuid=54c5b5660d8d4962b86315575d42e5bb&version= HTTP/1.1 200 0" 0.000579  Go-http-client/1.1
2021/08/08 18:57:56.126  [M] [router.go:1014]  ::1 - - [08/Aug/2021 06:57:56] "POST /v1/agent/heartbeat/ HTTP/1.1 200 60" 0.000710  Go-http-client/1.1
2021/08/08 18:58:06.125  [M] [router.go:1014]  ::1 - - [08/Aug/2021 06:58:06] "GET /v1/agent/config/?uuid=54c5b5660d8d4962b86315575d42e5bb&version= HTTP/1.1 200 0" 0.000000  Go-http-client/1.1
2021/08/08 18:58:06.126  [M] [router.go:1014]  ::1 - - [08/Aug/2021 06:58:06] "POST /v1/agent/heartbeat/ HTTP/1.1 200 60" 0.001001  Go-http-client/1.1
2021/08/08 18:58:16.125  [M] [router.go:1014]  ::1 - - [08/Aug/2021 06:58:16] "GET /v1/agent/config/?uuid=54c5b5660d8d4962b86315575d42e5bb&version= HTTP/1.1 200 0" 0.001224  Go-http-client/1.1
2021/08/08 18:58:16.132  [M] [router.go:1014]  ::1 - - [08/Aug/2021 06:58:16] "POST /v1/agent/heartbeat/ HTTP/1.1 200 60" 0.005297  Go-http-client/1.1
2021/08/08 18:58:26.127  [M] [router.go:1014]  ::1 - - [08/Aug/2021 06:58:26] "GET /v1/agent/config/?uuid=54c5b5660d8d4962b86315575d42e5bb&version= HTTP/1.1 200 0" 0.000545  Go-http-client/1.1
2021/08/08 18:58:26.129  [M] [router.go:1014]  ::1 - - [08/Aug/2021 06:58:26] "POST /v1/agent/heartbeat/ HTTP/1.1 200 60" 0.002331  Go-http-client/1.1
2021/08/08 18:58:36.132  [M] [router.go:1014]  ::1 - - [08/Aug/2021 06:58:36] "POST /v1/agent/heartbeat/ HTTP/1.1 200 60" 0.000532  Go-http-client/1.1
2021/08/08 18:58:36.133  [M] [router.go:1014]  ::1 - - [08/Aug/2021 06:58:36] "GET /v1/agent/config/?uuid=54c5b5660d8d4962b86315575d42e5bb&version= HTTP/1.1 200 0" 0.001968  Go-http-client/1.1
2021/08/08 18:58:46.125  [M] [router.go:1014]  ::1 - - [08/Aug/2021 06:58:46] "GET /v1/agent/config/?uuid=54c5b5660d8d4962b86315575d42e5bb&version= HTTP/1.1 200 0" 0.000553  Go-http-client/1.1
2021/08/08 18:58:46.126  [M] [router.go:1014]  ::1 - - [08/Aug/2021 06:58:46] "POST /v1/agent/heartbeat/ HTTP/1.1 200 60" 0.000714  Go-http-client/1.1
2021/08/08 18:58:56.125  [M] [router.go:1014]  ::1 - - [08/Aug/2021 06:58:56] "GET /v1/agent/config/?uuid=54c5b5660d8d4962b86315575d42e5bb&version= HTTP/1.1 200 0" 0.000524  Go-http-client/1.1
2021/08/08 18:58:56.127  [M] [router.go:1014]  ::1 - - [08/Aug/2021 06:58:56] "POST /v1/agent/heartbeat/ HTTP/1.1 200 60" 0.000594  Go-http-client/1.1
2021/08/08 18:59:06.125  [M] [router.go:1014]  ::1 - - [08/Aug/2021 06:59:06] "GET /v1/agent/config/?uuid=54c5b5660d8d4962b86315575d42e5bb&version= HTTP/1.1 200 0" 0.001017  Go-http-client/1.1
2021/08/08 18:59:06.126  [M] [router.go:1014]  ::1 - - [08/Aug/2021 06:59:06] "POST /v1/agent/heartbeat/ HTTP/1.1 200 60" 0.000978  Go-http-client/1.1
2021/08/08 18:59:16.125  [M] [router.go:1014]  ::1 - - [08/Aug/2021 06:59:16] "GET /v1/agent/config/?uuid=54c5b5660d8d4962b86315575d42e5bb&version= HTTP/1.1 200 0" 0.000900  Go-http-client/1.1
2021/08/08 18:59:16.131  [M] [router.go:1014]  ::1 - - [08/Aug/2021 06:59:16] "POST /v1/agent/heartbeat/ HTTP/1.1 200 60" 0.002073  Go-http-client/1.1
2021/08/08 18:59:26.126  [M] [router.go:1014]  ::1 - - [08/Aug/2021 06:59:26] "POST /v1/agent/heartbeat/ HTTP/1.1 200 60" 0.000999  Go-http-client/1.1
2021/08/08 18:59:26.126  [M] [router.go:1014]  ::1 - - [08/Aug/2021 06:59:26] "GET /v1/agent/config/?uuid=54c5b5660d8d4962b86315575d42e5bb&version= HTTP/1.1 200 0" 0.000999  Go-http-client/1.1
2021/08/08 18:59:36.151  [M] [router.go:1014]  ::1 - - [08/Aug/2021 06:59:36] "POST /v1/agent/heartbeat/ HTTP/1.1 200 60" 0.009001  Go-http-client/1.1
2021/08/08 18:59:36.164  [M] [router.go:1014]  ::1 - - [08/Aug/2021 06:59:36] "GET /v1/agent/config/?uuid=54c5b5660d8d4962b86315575d42e5bb&version= HTTP/1.1 200 0" 0.022508  Go-http-client/1.1
2021/08/08 18:59:46.125  [M] [router.go:1014]  ::1 - - [08/Aug/2021 06:59:46] "GET /v1/agent/config/?uuid=54c5b5660d8d4962b86315575d42e5bb&version= HTTP/1.1 200 0" 0.000506  Go-http-client/1.1
2021/08/08 18:59:46.127  [M] [router.go:1014]  ::1 - - [08/Aug/2021 06:59:46] "POST /v1/agent/heartbeat/ HTTP/1.1 200 60" 0.000536  Go-http-client/1.1
2021/08/08 18:59:56.163  [M] [router.go:1014]  ::1 - - [08/Aug/2021 06:59:56] "GET /v1/agent/config/?uuid=54c5b5660d8d4962b86315575d42e5bb&version= HTTP/1.1 200 0" 0.005163  Go-http-client/1.1
2021/08/08 18:59:56.168  [M] [router.go:1014]  ::1 - - [08/Aug/2021 06:59:56] "POST /v1/agent/heartbeat/ HTTP/1.1 200 60" 0.010125  Go-http-client/1.1
2021/08/08 19:00:06.126  [M] [router.go:1014]  ::1 - - [08/Aug/2021 07:00:06] "GET /v1/agent/config/?uuid=54c5b5660d8d4962b86315575d42e5bb&version= HTTP/1.1 200 0" 0.001289  Go-http-client/1.1
2021/08/08 19:00:06.129  [M] [router.go:1014]  ::1 - - [08/Aug/2021 07:00:06] "POST /v1/agent/heartbeat/ HTTP/1.1 200 60" 0.000949  Go-http-client/1.1
2021/08/08 19:00:16.125  [M] [router.go:1014]  ::1 - - [08/Aug/2021 07:00:16] "GET /v1/agent/config/?uuid=54c5b5660d8d4962b86315575d42e5bb&version= HTTP/1.1 200 0" 0.000000  Go-http-client/1.1
2021/08/08 19:00:16.128  [M] [router.go:1014]  ::1 - - [08/Aug/2021 07:00:16] "POST /v1/agent/heartbeat/ HTTP/1.1 200 60" 0.001001  Go-http-client/1.1
2021/08/08 19:00:26.127  [M] [router.go:1014]  ::1 - - [08/Aug/2021 07:00:26] "POST /v1/agent/heartbeat/ HTTP/1.1 200 60" 0.000668  Go-http-client/1.1
2021/08/08 19:00:26.131  [M] [router.go:1014]  ::1 - - [08/Aug/2021 07:00:26] "GET /v1/agent/config/?uuid=54c5b5660d8d4962b86315575d42e5bb&version= HTTP/1.1 200 0" 0.004734  Go-http-client/1.1
2021/08/08 19:00:33.713  [M] [router.go:1014]  ::1 - - [08/Aug/2021 07:00:33] "POST /v1/agent/heartbeat/ HTTP/1.1 200 60" 0.001093  Go-http-client/1.1
2021/08/08 19:00:33.714  [M] [router.go:1014]  ::1 - - [08/Aug/2021 07:00:33] "POST /v1/agent/register/ HTTP/1.1 200 95" 0.001633  Go-http-client/1.1
2021/08/08 19:00:33.715  [M] [router.go:1014]  ::1 - - [08/Aug/2021 07:00:33] "GET /v1/agent/config/?uuid=54c5b5660d8d4962b86315575d42e5bb&version= HTTP/1.1 200 0" 0.001774  Go-http-client/1.1
2021/08/08 19:00:43.716  [M] [router.go:1014]  ::1 - - [08/Aug/2021 07:00:43] "GET /v1/agent/config/?uuid=54c5b5660d8d4962b86315575d42e5bb&version= HTTP/1.1 200 0" 0.008681  Go-http-client/1.1
2021/08/08 19:00:43.739  [M] [router.go:1014]  ::1 - - [08/Aug/2021 07:00:43] "POST /v1/agent/heartbeat/ HTTP/1.1 200 60" 0.031992  Go-http-client/1.1
2021/08/08 19:00:53.708  [M] [router.go:1014]  ::1 - - [08/Aug/2021 07:00:53] "GET /v1/agent/config/?uuid=54c5b5660d8d4962b86315575d42e5bb&version= HTTP/1.1 200 0" 0.000986  Go-http-client/1.1
2021/08/08 19:00:53.709  [M] [router.go:1014]  ::1 - - [08/Aug/2021 07:00:53] "POST /v1/agent/heartbeat/ HTTP/1.1 200 60" 0.002228  Go-http-client/1.1
2021/08/08 19:01:03.714  [M] [router.go:1014]  ::1 - - [08/Aug/2021 07:01:03] "POST /v1/agent/heartbeat/ HTTP/1.1 200 60" 0.000828  Go-http-client/1.1
2021/08/08 19:01:03.715  [M] [router.go:1014]  ::1 - - [08/Aug/2021 07:01:03] "GET /v1/agent/config/?uuid=54c5b5660d8d4962b86315575d42e5bb&version= HTTP/1.1 200 0" 0.001360  Go-http-client/1.1
2021/08/08 19:01:13.706  [M] [router.go:1014]  ::1 - - [08/Aug/2021 07:01:13] "POST /v1/agent/heartbeat/ HTTP/1.1 200 60" 0.000809  Go-http-client/1.1
2021/08/08 19:01:13.706  [M] [router.go:1014]  ::1 - - [08/Aug/2021 07:01:13] "GET /v1/agent/config/?uuid=54c5b5660d8d4962b86315575d42e5bb&version= HTTP/1.1 200 0" 0.001355  Go-http-client/1.1
2021/08/08 19:01:23.706  [M] [router.go:1014]  ::1 - - [08/Aug/2021 07:01:23] "GET /v1/agent/config/?uuid=54c5b5660d8d4962b86315575d42e5bb&version= HTTP/1.1 200 0" 0.001999  Go-http-client/1.1
2021/08/08 19:01:23.707  [M] [router.go:1014]  ::1 - - [08/Aug/2021 07:01:23] "POST /v1/agent/heartbeat/ HTTP/1.1 200 60" 0.003005  Go-http-client/1.1
2021/08/08 19:01:33.705  [M] [router.go:1014]  ::1 - - [08/Aug/2021 07:01:33] "GET /v1/agent/config/?uuid=54c5b5660d8d4962b86315575d42e5bb&version= HTTP/1.1 200 0" 0.001259  Go-http-client/1.1
2021/08/08 19:01:33.706  [M] [router.go:1014]  ::1 - - [08/Aug/2021 07:01:33] "POST /v1/agent/heartbeat/ HTTP/1.1 200 60" 0.002447  Go-http-client/1.1
2021/08/08 19:01:43.718  [M] [router.go:1014]  ::1 - - [08/Aug/2021 07:01:43] "POST /v1/agent/heartbeat/ HTTP/1.1 200 60" 0.001612  Go-http-client/1.1
2021/08/08 19:01:43.720  [M] [router.go:1014]  ::1 - - [08/Aug/2021 07:01:43] "GET /v1/agent/config/?uuid=54c5b5660d8d4962b86315575d42e5bb&version= HTTP/1.1 200 0" 0.004677  Go-http-client/1.1
2021/08/08 19:01:53.741  [M] [router.go:1014]  ::1 - - [08/Aug/2021 07:01:53] "GET /v1/agent/config/?uuid=54c5b5660d8d4962b86315575d42e5bb&version= HTTP/1.1 200 0" 0.001568  Go-http-client/1.1
2021/08/08 19:01:53.757  [M] [router.go:1014]  ::1 - - [08/Aug/2021 07:01:53] "POST /v1/agent/heartbeat/ HTTP/1.1 200 60" 0.001249  Go-http-client/1.1
2021/08/08 19:02:03.723  [M] [router.go:1014]  ::1 - - [08/Aug/2021 07:02:03] "GET /v1/agent/config/?uuid=54c5b5660d8d4962b86315575d42e5bb&version= HTTP/1.1 200 0" 0.004258  Go-http-client/1.1
2021/08/08 19:02:03.724  [M] [router.go:1014]  ::1 - - [08/Aug/2021 07:02:03] "POST /v1/agent/heartbeat/ HTTP/1.1 200 60" 0.004827  Go-http-client/1.1
2021/08/08 19:02:13.704  [M] [router.go:1014]  ::1 - - [08/Aug/2021 07:02:13] "POST /v1/agent/heartbeat/ HTTP/1.1 200 60" 0.000800  Go-http-client/1.1
2021/08/08 19:02:13.704  [M] [router.go:1014]  ::1 - - [08/Aug/2021 07:02:13] "GET /v1/agent/config/?uuid=54c5b5660d8d4962b86315575d42e5bb&version= HTTP/1.1 200 0" 0.000800  Go-http-client/1.1
2021/08/08 19:02:23.820  [M] [router.go:1014]  ::1 - - [08/Aug/2021 07:02:23] "GET /v1/agent/config/?uuid=54c5b5660d8d4962b86315575d42e5bb&version= HTTP/1.1 200 0" 0.035997  Go-http-client/1.1
2021/08/08 19:02:23.844  [M] [router.go:1014]  ::1 - - [08/Aug/2021 07:02:23] "POST /v1/agent/heartbeat/ HTTP/1.1 200 60" 0.059999  Go-http-client/1.1
2021/08/08 19:02:33.711  [M] [router.go:1014]  ::1 - - [08/Aug/2021 07:02:33] "GET /v1/agent/config/?uuid=54c5b5660d8d4962b86315575d42e5bb&version= HTTP/1.1 200 0" 0.000998  Go-http-client/1.1
2021/08/08 19:02:33.738  [M] [router.go:1014]  ::1 - - [08/Aug/2021 07:02:33] "POST /v1/agent/heartbeat/ HTTP/1.1 200 60" 0.028005  Go-http-client/1.1
2021/08/08 19:02:43.707  [M] [router.go:1014]  ::1 - - [08/Aug/2021 07:02:43] "GET /v1/agent/config/?uuid=54c5b5660d8d4962b86315575d42e5bb&version= HTTP/1.1 200 0" 0.000258  Go-http-client/1.1
2021/08/08 19:02:43.712  [M] [router.go:1014]  ::1 - - [08/Aug/2021 07:02:43] "POST /v1/agent/heartbeat/ HTTP/1.1 200 60" 0.004806  Go-http-client/1.1
2021/08/08 19:02:53.703  [M] [router.go:1014]  ::1 - - [08/Aug/2021 07:02:53] "GET /v1/agent/config/?uuid=54c5b5660d8d4962b86315575d42e5bb&version= HTTP/1.1 200 0" 0.001000  Go-http-client/1.1
2021/08/08 19:02:53.704  [M] [router.go:1014]  ::1 - - [08/Aug/2021 07:02:53] "POST /v1/agent/heartbeat/ HTTP/1.1 200 60" 0.000000  Go-http-client/1.1
2021/08/08 19:03:03.715  [M] [router.go:1014]  ::1 - - [08/Aug/2021 07:03:03] "POST /v1/agent/heartbeat/ HTTP/1.1 200 60" 0.001742  Go-http-client/1.1
2021/08/08 19:03:03.716  [M] [router.go:1014]  ::1 - - [08/Aug/2021 07:03:03] "GET /v1/agent/config/?uuid=54c5b5660d8d4962b86315575d42e5bb&version= HTTP/1.1 200 0" 0.003265  Go-http-client/1.1
2021/08/08 19:03:13.704  [M] [router.go:1014]  ::1 - - [08/Aug/2021 07:03:13] "GET /v1/agent/config/?uuid=54c5b5660d8d4962b86315575d42e5bb&version= HTTP/1.1 200 0" 0.001368  Go-http-client/1.1
2021/08/08 19:03:13.704  [M] [router.go:1014]  ::1 - - [08/Aug/2021 07:03:13] "POST /v1/agent/heartbeat/ HTTP/1.1 200 60" 0.001368  Go-http-client/1.1
2021/08/08 19:03:23.726  [M] [router.go:1014]  ::1 - - [08/Aug/2021 07:03:23] "GET /v1/agent/config/?uuid=54c5b5660d8d4962b86315575d42e5bb&version= HTTP/1.1 200 0" 0.007697  Go-http-client/1.1
2021/08/08 19:03:23.743  [M] [router.go:1014]  ::1 - - [08/Aug/2021 07:03:23] "POST /v1/agent/heartbeat/ HTTP/1.1 200 60" 0.008814  Go-http-client/1.1
2021/08/08 19:03:33.711  [M] [router.go:1014]  ::1 - - [08/Aug/2021 07:03:33] "POST /v1/agent/heartbeat/ HTTP/1.1 200 60" 0.003772  Go-http-client/1.1
2021/08/08 19:03:33.715  [M] [router.go:1014]  ::1 - - [08/Aug/2021 07:03:33] "GET /v1/agent/config/?uuid=54c5b5660d8d4962b86315575d42e5bb&version= HTTP/1.1 200 0" 0.008966  Go-http-client/1.1
2021/08/08 19:03:43.703  [M] [router.go:1014]  ::1 - - [08/Aug/2021 07:03:43] "GET /v1/agent/config/?uuid=54c5b5660d8d4962b86315575d42e5bb&version= HTTP/1.1 200 0" 0.000540  Go-http-client/1.1
2021/08/08 19:03:43.703  [M] [router.go:1014]  ::1 - - [08/Aug/2021 07:03:43] "POST /v1/agent/heartbeat/ HTTP/1.1 200 60" 0.000540  Go-http-client/1.1
2021/08/08 19:03:53.712  [M] [router.go:1014]  ::1 - - [08/Aug/2021 07:03:53] "POST /v1/agent/heartbeat/ HTTP/1.1 200 60" 0.002806  Go-http-client/1.1
2021/08/08 19:03:53.715  [M] [router.go:1014]  ::1 - - [08/Aug/2021 07:03:53] "GET /v1/agent/config/?uuid=54c5b5660d8d4962b86315575d42e5bb&version= HTTP/1.1 200 0" 0.006418  Go-http-client/1.1
2021/08/08 19:04:03.704  [M] [router.go:1014]  ::1 - - [08/Aug/2021 07:04:03] "GET /v1/agent/config/?uuid=54c5b5660d8d4962b86315575d42e5bb&version= HTTP/1.1 200 0" 0.000534  Go-http-client/1.1
2021/08/08 19:04:03.705  [M] [router.go:1014]  ::1 - - [08/Aug/2021 07:04:03] "POST /v1/agent/heartbeat/ HTTP/1.1 200 60" 0.001351  Go-http-client/1.1
2021/08/08 19:04:13.708  [M] [router.go:1014]  ::1 - - [08/Aug/2021 07:04:13] "GET /v1/agent/config/?uuid=54c5b5660d8d4962b86315575d42e5bb&version= HTTP/1.1 200 0" 0.003027  Go-http-client/1.1
2021/08/08 19:04:13.736  [M] [router.go:1014]  ::1 - - [08/Aug/2021 07:04:13] "POST /v1/agent/heartbeat/ HTTP/1.1 200 60" 0.008991  Go-http-client/1.1
2021/08/08 19:04:23.703  [M] [router.go:1014]  ::1 - - [08/Aug/2021 07:04:23] "GET /v1/agent/config/?uuid=54c5b5660d8d4962b86315575d42e5bb&version= HTTP/1.1 200 0" 0.000630  Go-http-client/1.1
2021/08/08 19:04:23.703  [M] [router.go:1014]  ::1 - - [08/Aug/2021 07:04:23] "POST /v1/agent/heartbeat/ HTTP/1.1 200 60" 0.000630  Go-http-client/1.1
2021/08/08 19:04:33.797  [M] [router.go:1014]  ::1 - - [08/Aug/2021 07:04:33] "GET /v1/agent/config/?uuid=54c5b5660d8d4962b86315575d42e5bb&version= HTTP/1.1 200 0" 0.043358  Go-http-client/1.1
2021/08/08 19:04:33.848  [M] [router.go:1014]  ::1 - - [08/Aug/2021 07:04:33] "POST /v1/agent/heartbeat/ HTTP/1.1 200 60" 0.093880  Go-http-client/1.1
2021/08/08 19:04:43.705  [M] [router.go:1014]  ::1 - - [08/Aug/2021 07:04:43] "GET /v1/agent/config/?uuid=54c5b5660d8d4962b86315575d42e5bb&version= HTTP/1.1 200 0" 0.000525  Go-http-client/1.1
2021/08/08 19:04:43.706  [M] [router.go:1014]  ::1 - - [08/Aug/2021 07:04:43] "POST /v1/agent/heartbeat/ HTTP/1.1 200 60" 0.001724  Go-http-client/1.1
2021/08/08 19:04:53.718  [M] [router.go:1014]  ::1 - - [08/Aug/2021 07:04:53] "GET /v1/agent/config/?uuid=54c5b5660d8d4962b86315575d42e5bb&version= HTTP/1.1 200 0" 0.012523  Go-http-client/1.1
2021/08/08 19:04:53.719  [M] [router.go:1014]  ::1 - - [08/Aug/2021 07:04:53] "POST /v1/agent/heartbeat/ HTTP/1.1 200 60" 0.013520  Go-http-client/1.1
2021/08/08 19:05:03.719  [M] [router.go:1014]  ::1 - - [08/Aug/2021 07:05:03] "GET /v1/agent/config/?uuid=54c5b5660d8d4962b86315575d42e5bb&version= HTTP/1.1 200 0" 0.001858  Go-http-client/1.1
2021/08/08 19:05:03.720  [M] [router.go:1014]  ::1 - - [08/Aug/2021 07:05:03] "POST /v1/agent/heartbeat/ HTTP/1.1 200 60" 0.003707  Go-http-client/1.1
2021/08/08 19:05:13.705  [M] [router.go:1014]  ::1 - - [08/Aug/2021 07:05:13] "POST /v1/agent/heartbeat/ HTTP/1.1 200 60" 0.002005  Go-http-client/1.1
2021/08/08 19:05:13.706  [M] [router.go:1014]  ::1 - - [08/Aug/2021 07:05:13] "GET /v1/agent/config/?uuid=54c5b5660d8d4962b86315575d42e5bb&version= HTTP/1.1 200 0" 0.003022  Go-http-client/1.1
2021/08/08 19:05:23.724  [M] [router.go:1014]  ::1 - - [08/Aug/2021 07:05:23] "POST /v1/agent/heartbeat/ HTTP/1.1 200 60" 0.003108  Go-http-client/1.1
2021/08/08 19:05:23.725  [M] [router.go:1014]  ::1 - - [08/Aug/2021 07:05:23] "GET /v1/agent/config/?uuid=54c5b5660d8d4962b86315575d42e5bb&version= HTTP/1.1 200 0" 0.003632  Go-http-client/1.1
2021/08/08 19:05:33.734  [M] [router.go:1014]  ::1 - - [08/Aug/2021 07:05:33] "POST /v1/agent/heartbeat/ HTTP/1.1 200 60" 0.009698  Go-http-client/1.1
2021/08/08 19:05:33.737  [M] [router.go:1014]  ::1 - - [08/Aug/2021 07:05:33] "GET /v1/agent/config/?uuid=54c5b5660d8d4962b86315575d42e5bb&version= HTTP/1.1 200 0" 0.012661  Go-http-client/1.1
2021/08/08 19:05:43.704  [M] [router.go:1014]  ::1 - - [08/Aug/2021 07:05:43] "GET /v1/agent/config/?uuid=54c5b5660d8d4962b86315575d42e5bb&version= HTTP/1.1 200 0" 0.000915  Go-http-client/1.1
2021/08/08 19:05:43.704  [M] [router.go:1014]  ::1 - - [08/Aug/2021 07:05:43] "POST /v1/agent/heartbeat/ HTTP/1.1 200 60" 0.000915  Go-http-client/1.1
2021/08/08 19:05:53.730  [M] [router.go:1014]  ::1 - - [08/Aug/2021 07:05:53] "GET /v1/agent/config/?uuid=54c5b5660d8d4962b86315575d42e5bb&version= HTTP/1.1 200 0" 0.015302  Go-http-client/1.1
2021/08/08 19:05:53.733  [M] [router.go:1014]  ::1 - - [08/Aug/2021 07:05:53] "POST /v1/agent/heartbeat/ HTTP/1.1 200 60" 0.017764  Go-http-client/1.1
2021/08/08 19:06:03.704  [M] [router.go:1014]  ::1 - - [08/Aug/2021 07:06:03] "POST /v1/agent/heartbeat/ HTTP/1.1 200 60" 0.000985  Go-http-client/1.1
2021/08/08 19:06:03.704  [M] [router.go:1014]  ::1 - - [08/Aug/2021 07:06:03] "GET /v1/agent/config/?uuid=54c5b5660d8d4962b86315575d42e5bb&version= HTTP/1.1 200 0" 0.000985  Go-http-client/1.1
2021/08/08 19:06:13.725  [M] [router.go:1014]  ::1 - - [08/Aug/2021 07:06:13] "GET /v1/agent/config/?uuid=54c5b5660d8d4962b86315575d42e5bb&version= HTTP/1.1 200 0" 0.002540  Go-http-client/1.1
2021/08/08 19:06:13.728  [M] [router.go:1014]  ::1 - - [08/Aug/2021 07:06:13] "POST /v1/agent/heartbeat/ HTTP/1.1 200 60" 0.005674  Go-http-client/1.1
2021/08/08 19:06:23.704  [M] [router.go:1014]  ::1 - - [08/Aug/2021 07:06:23] "GET /v1/agent/config/?uuid=54c5b5660d8d4962b86315575d42e5bb&version= HTTP/1.1 200 0" 0.000815  Go-http-client/1.1
2021/08/08 19:06:23.704  [M] [router.go:1014]  ::1 - - [08/Aug/2021 07:06:23] "POST /v1/agent/heartbeat/ HTTP/1.1 200 60" 0.000815  Go-http-client/1.1
2021/08/08 19:06:33.702  [M] [router.go:1014]  ::1 - - [08/Aug/2021 07:06:33] "GET /v1/agent/config/?uuid=54c5b5660d8d4962b86315575d42e5bb&version= HTTP/1.1 200 0" 0.000000  Go-http-client/1.1
2021/08/08 19:06:33.703  [M] [router.go:1014]  ::1 - - [08/Aug/2021 07:06:33] "POST /v1/agent/heartbeat/ HTTP/1.1 200 60" 0.000000  Go-http-client/1.1
2021/08/08 19:06:43.704  [M] [router.go:1014]  ::1 - - [08/Aug/2021 07:06:43] "POST /v1/agent/heartbeat/ HTTP/1.1 200 60" 0.000986  Go-http-client/1.1
2021/08/08 19:06:43.705  [M] [router.go:1014]  ::1 - - [08/Aug/2021 07:06:43] "GET /v1/agent/config/?uuid=54c5b5660d8d4962b86315575d42e5bb&version= HTTP/1.1 200 0" 0.001985  Go-http-client/1.1
2021/08/08 19:06:53.706  [M] [router.go:1014]  ::1 - - [08/Aug/2021 07:06:53] "GET /v1/agent/config/?uuid=54c5b5660d8d4962b86315575d42e5bb&version= HTTP/1.1 200 0" 0.002000  Go-http-client/1.1
2021/08/08 19:06:53.706  [M] [router.go:1014]  ::1 - - [08/Aug/2021 07:06:53] "POST /v1/agent/heartbeat/ HTTP/1.1 200 60" 0.002000  Go-http-client/1.1
2021/08/08 19:07:03.703  [M] [router.go:1014]  ::1 - - [08/Aug/2021 07:07:03] "GET /v1/agent/config/?uuid=54c5b5660d8d4962b86315575d42e5bb&version= HTTP/1.1 200 0" 0.000539  Go-http-client/1.1
2021/08/08 19:07:03.704  [M] [router.go:1014]  ::1 - - [08/Aug/2021 07:07:03] "POST /v1/agent/heartbeat/ HTTP/1.1 200 60" 0.001813  Go-http-client/1.1
2021/08/08 19:07:13.712  [M] [router.go:1014]  ::1 - - [08/Aug/2021 07:07:13] "GET /v1/agent/config/?uuid=54c5b5660d8d4962b86315575d42e5bb&version= HTTP/1.1 200 0" 0.003409  Go-http-client/1.1
2021/08/08 19:07:13.714  [M] [router.go:1014]  ::1 - - [08/Aug/2021 07:07:13] "POST /v1/agent/heartbeat/ HTTP/1.1 200 60" 0.005935  Go-http-client/1.1
2021/08/08 19:07:23.703  [M] [router.go:1014]  ::1 - - [08/Aug/2021 07:07:23] "GET /v1/agent/config/?uuid=54c5b5660d8d4962b86315575d42e5bb&version= HTTP/1.1 200 0" 0.000529  Go-http-client/1.1
2021/08/08 19:07:23.704  [M] [router.go:1014]  ::1 - - [08/Aug/2021 07:07:23] "POST /v1/agent/heartbeat/ HTTP/1.1 200 60" 0.001252  Go-http-client/1.1
2021/08/08 19:07:33.703  [M] [router.go:1014]  ::1 - - [08/Aug/2021 07:07:33] "GET /v1/agent/config/?uuid=54c5b5660d8d4962b86315575d42e5bb&version= HTTP/1.1 200 0" 0.000531  Go-http-client/1.1
2021/08/08 19:07:33.704  [M] [router.go:1014]  ::1 - - [08/Aug/2021 07:07:33] "POST /v1/agent/heartbeat/ HTTP/1.1 200 60" 0.001567  Go-http-client/1.1
2021/08/08 19:07:43.703  [M] [router.go:1014]  ::1 - - [08/Aug/2021 07:07:43] "POST /v1/agent/heartbeat/ HTTP/1.1 200 60" 0.000570  Go-http-client/1.1
2021/08/08 19:07:43.704  [M] [router.go:1014]  ::1 - - [08/Aug/2021 07:07:43] "GET /v1/agent/config/?uuid=54c5b5660d8d4962b86315575d42e5bb&version= HTTP/1.1 200 0" 0.001558  Go-http-client/1.1
2021/08/08 19:07:53.712  [M] [router.go:1014]  ::1 - - [08/Aug/2021 07:07:53] "GET /v1/agent/config/?uuid=54c5b5660d8d4962b86315575d42e5bb&version= HTTP/1.1 200 0" 0.007514  Go-http-client/1.1
2021/08/08 19:07:53.716  [M] [router.go:1014]  ::1 - - [08/Aug/2021 07:07:53] "POST /v1/agent/heartbeat/ HTTP/1.1 200 60" 0.001442  Go-http-client/1.1
2021/08/08 19:08:03.753  [M] [router.go:1014]  ::1 - - [08/Aug/2021 07:08:03] "POST /v1/agent/heartbeat/ HTTP/1.1 200 60" 0.023954  Go-http-client/1.1
2021/08/08 19:08:03.775  [M] [router.go:1014]  ::1 - - [08/Aug/2021 07:08:03] "GET /v1/agent/config/?uuid=54c5b5660d8d4962b86315575d42e5bb&version= HTTP/1.1 200 0" 0.046182  Go-http-client/1.1
2021/08/08 19:08:13.782  [M] [router.go:1014]  ::1 - - [08/Aug/2021 07:08:13] "POST /v1/agent/heartbeat/ HTTP/1.1 200 60" 0.006102  Go-http-client/1.1
2021/08/08 19:08:13.795  [M] [router.go:1014]  ::1 - - [08/Aug/2021 07:08:13] "GET /v1/agent/config/?uuid=54c5b5660d8d4962b86315575d42e5bb&version= HTTP/1.1 200 0" 0.019093  Go-http-client/1.1
2021/08/08 19:08:23.704  [M] [router.go:1014]  ::1 - - [08/Aug/2021 07:08:23] "GET /v1/agent/config/?uuid=54c5b5660d8d4962b86315575d42e5bb&version= HTTP/1.1 200 0" 0.000000  Go-http-client/1.1
2021/08/08 19:08:23.705  [M] [router.go:1014]  ::1 - - [08/Aug/2021 07:08:23] "POST /v1/agent/heartbeat/ HTTP/1.1 200 60" 0.001002  Go-http-client/1.1
2021/08/08 19:08:33.704  [M] [router.go:1014]  ::1 - - [08/Aug/2021 07:08:33] "POST /v1/agent/heartbeat/ HTTP/1.1 200 60" 0.000789  Go-http-client/1.1
2021/08/08 19:08:33.705  [M] [router.go:1014]  ::1 - - [08/Aug/2021 07:08:33] "GET /v1/agent/config/?uuid=54c5b5660d8d4962b86315575d42e5bb&version= HTTP/1.1 200 0" 0.001958  Go-http-client/1.1
2021/08/08 19:08:43.705  [M] [router.go:1014]  ::1 - - [08/Aug/2021 07:08:43] "POST /v1/agent/heartbeat/ HTTP/1.1 200 60" 0.001018  Go-http-client/1.1
2021/08/08 19:08:43.708  [M] [router.go:1014]  ::1 - - [08/Aug/2021 07:08:43] "GET /v1/agent/config/?uuid=54c5b5660d8d4962b86315575d42e5bb&version= HTTP/1.1 200 0" 0.004006  Go-http-client/1.1
2021/08/08 19:08:53.704  [M] [router.go:1014]  ::1 - - [08/Aug/2021 07:08:53] "GET /v1/agent/config/?uuid=54c5b5660d8d4962b86315575d42e5bb&version= HTTP/1.1 200 0" 0.000573  Go-http-client/1.1
2021/08/08 19:08:53.704  [M] [router.go:1014]  ::1 - - [08/Aug/2021 07:08:53] "POST /v1/agent/heartbeat/ HTTP/1.1 200 60" 0.001211  Go-http-client/1.1
2021/08/08 19:09:03.704  [M] [router.go:1014]  ::1 - - [08/Aug/2021 07:09:03] "POST /v1/agent/heartbeat/ HTTP/1.1 200 60" 0.001229  Go-http-client/1.1
2021/08/08 19:09:03.705  [M] [router.go:1014]  ::1 - - [08/Aug/2021 07:09:03] "GET /v1/agent/config/?uuid=54c5b5660d8d4962b86315575d42e5bb&version= HTTP/1.1 200 0" 0.002006  Go-http-client/1.1
2021/08/08 19:09:13.706  [M] [router.go:1014]  ::1 - - [08/Aug/2021 07:09:13] "POST /v1/agent/heartbeat/ HTTP/1.1 200 60" 0.002541  Go-http-client/1.1
2021/08/08 19:09:13.708  [M] [router.go:1014]  ::1 - - [08/Aug/2021 07:09:13] "GET /v1/agent/config/?uuid=54c5b5660d8d4962b86315575d42e5bb&version= HTTP/1.1 200 0" 0.004542  Go-http-client/1.1
2021/08/08 19:09:23.707  [M] [router.go:1014]  ::1 - - [08/Aug/2021 07:09:23] "GET /v1/agent/config/?uuid=54c5b5660d8d4962b86315575d42e5bb&version= HTTP/1.1 200 0" 0.002175  Go-http-client/1.1
2021/08/08 19:09:23.707  [M] [router.go:1014]  ::1 - - [08/Aug/2021 07:09:23] "POST /v1/agent/heartbeat/ HTTP/1.1 200 60" 0.002728  Go-http-client/1.1
2021/08/08 19:09:33.711  [M] [router.go:1014]  ::1 - - [08/Aug/2021 07:09:33] "GET /v1/agent/config/?uuid=54c5b5660d8d4962b86315575d42e5bb&version= HTTP/1.1 200 0" 0.006040  Go-http-client/1.1
2021/08/08 19:09:33.721  [M] [router.go:1014]  ::1 - - [08/Aug/2021 07:09:33] "POST /v1/agent/heartbeat/ HTTP/1.1 200 60" 0.015570  Go-http-client/1.1
2021/08/08 19:09:43.704  [M] [router.go:1014]  ::1 - - [08/Aug/2021 07:09:43] "POST /v1/agent/heartbeat/ HTTP/1.1 200 60" 0.000548  Go-http-client/1.1
2021/08/08 19:09:43.705  [M] [router.go:1014]  ::1 - - [08/Aug/2021 07:09:43] "GET /v1/agent/config/?uuid=54c5b5660d8d4962b86315575d42e5bb&version= HTTP/1.1 200 0" 0.002429  Go-http-client/1.1
2021/08/08 19:09:53.705  [M] [router.go:1014]  ::1 - - [08/Aug/2021 07:09:53] "POST /v1/agent/heartbeat/ HTTP/1.1 200 60" 0.000525  Go-http-client/1.1
2021/08/08 19:09:53.705  [M] [router.go:1014]  ::1 - - [08/Aug/2021 07:09:53] "GET /v1/agent/config/?uuid=54c5b5660d8d4962b86315575d42e5bb&version= HTTP/1.1 200 0" 0.000525  Go-http-client/1.1
2021/08/08 19:10:03.724  [M] [router.go:1014]  ::1 - - [08/Aug/2021 07:10:03] "POST /v1/agent/heartbeat/ HTTP/1.1 200 60" 0.004520  Go-http-client/1.1
2021/08/08 19:10:03.726  [M] [router.go:1014]  ::1 - - [08/Aug/2021 07:10:03] "GET /v1/agent/config/?uuid=54c5b5660d8d4962b86315575d42e5bb&version= HTTP/1.1 200 0" 0.006519  Go-http-client/1.1
2021/08/08 19:10:13.704  [M] [router.go:1014]  ::1 - - [08/Aug/2021 07:10:13] "POST /v1/agent/heartbeat/ HTTP/1.1 200 60" 0.000541  Go-http-client/1.1
2021/08/08 19:10:13.704  [M] [router.go:1014]  ::1 - - [08/Aug/2021 07:10:13] "GET /v1/agent/config/?uuid=54c5b5660d8d4962b86315575d42e5bb&version= HTTP/1.1 200 0" 0.000541  Go-http-client/1.1
2021/08/08 19:10:23.704  [M] [router.go:1014]  ::1 - - [08/Aug/2021 07:10:23] "POST /v1/agent/heartbeat/ HTTP/1.1 200 60" 0.000987  Go-http-client/1.1
2021/08/08 19:10:23.706  [M] [router.go:1014]  ::1 - - [08/Aug/2021 07:10:23] "GET /v1/agent/config/?uuid=54c5b5660d8d4962b86315575d42e5bb&version= HTTP/1.1 200 0" 0.001999  Go-http-client/1.1
2021/08/08 19:10:33.703  [M] [router.go:1014]  ::1 - - [08/Aug/2021 07:10:33] "GET /v1/agent/config/?uuid=54c5b5660d8d4962b86315575d42e5bb&version= HTTP/1.1 200 0" 0.000000  Go-http-client/1.1
2021/08/08 19:10:33.703  [M] [router.go:1014]  ::1 - - [08/Aug/2021 07:10:33] "POST /v1/agent/heartbeat/ HTTP/1.1 200 60" 0.000000  Go-http-client/1.1
2021/08/08 19:10:43.703  [M] [router.go:1014]  ::1 - - [08/Aug/2021 07:10:43] "GET /v1/agent/config/?uuid=54c5b5660d8d4962b86315575d42e5bb&version= HTTP/1.1 200 0" 0.001023  Go-http-client/1.1
2021/08/08 19:10:43.705  [M] [router.go:1014]  ::1 - - [08/Aug/2021 07:10:43] "POST /v1/agent/heartbeat/ HTTP/1.1 200 60" 0.000996  Go-http-client/1.1
2021/08/08 19:10:53.722  [M] [router.go:1014]  ::1 - - [08/Aug/2021 07:10:53] "GET /v1/agent/config/?uuid=54c5b5660d8d4962b86315575d42e5bb&version= HTTP/1.1 200 0" 0.007668  Go-http-client/1.1
2021/08/08 19:10:53.735  [M] [router.go:1014]  ::1 - - [08/Aug/2021 07:10:53] "POST /v1/agent/heartbeat/ HTTP/1.1 200 60" 0.020751  Go-http-client/1.1
2021/08/08 19:11:03.703  [M] [router.go:1014]  ::1 - - [08/Aug/2021 07:11:03] "POST /v1/agent/heartbeat/ HTTP/1.1 200 60" 0.000000  Go-http-client/1.1
2021/08/08 19:11:03.704  [M] [router.go:1014]  ::1 - - [08/Aug/2021 07:11:03] "GET /v1/agent/config/?uuid=54c5b5660d8d4962b86315575d42e5bb&version= HTTP/1.1 200 0" 0.001001  Go-http-client/1.1
2021/08/08 19:11:13.748  [M] [router.go:1014]  ::1 - - [08/Aug/2021 07:11:13] "POST /v1/agent/heartbeat/ HTTP/1.1 200 60" 0.003853  Go-http-client/1.1
2021/08/08 19:11:13.758  [M] [router.go:1014]  ::1 - - [08/Aug/2021 07:11:13] "GET /v1/agent/config/?uuid=54c5b5660d8d4962b86315575d42e5bb&version= HTTP/1.1 200 0" 0.014793  Go-http-client/1.1
2021/08/08 19:11:23.703  [M] [router.go:1014]  ::1 - - [08/Aug/2021 07:11:23] "GET /v1/agent/config/?uuid=54c5b5660d8d4962b86315575d42e5bb&version= HTTP/1.1 200 0" 0.000693  Go-http-client/1.1
2021/08/08 19:11:23.705  [M] [router.go:1014]  ::1 - - [08/Aug/2021 07:11:23] "POST /v1/agent/heartbeat/ HTTP/1.1 200 60" 0.000670  Go-http-client/1.1
2021/08/08 19:11:33.703  [M] [router.go:1014]  ::1 - - [08/Aug/2021 07:11:33] "GET /v1/agent/config/?uuid=54c5b5660d8d4962b86315575d42e5bb&version= HTTP/1.1 200 0" 0.000571  Go-http-client/1.1
2021/08/08 19:11:33.704  [M] [router.go:1014]  ::1 - - [08/Aug/2021 07:11:33] "POST /v1/agent/heartbeat/ HTTP/1.1 200 60" 0.000589  Go-http-client/1.1
2021/08/08 19:11:43.756  [M] [router.go:1014]  ::1 - - [08/Aug/2021 07:11:43] "POST /v1/agent/heartbeat/ HTTP/1.1 200 60" 0.046891  Go-http-client/1.1
2021/08/08 19:11:43.771  [M] [router.go:1014]  ::1 - - [08/Aug/2021 07:11:43] "GET /v1/agent/config/?uuid=54c5b5660d8d4962b86315575d42e5bb&version= HTTP/1.1 200 0" 0.061402  Go-http-client/1.1
2021/08/08 19:11:53.702  [M] [router.go:1014]  ::1 - - [08/Aug/2021 07:11:53] "GET /v1/agent/config/?uuid=54c5b5660d8d4962b86315575d42e5bb&version= HTTP/1.1 200 0" 0.000000  Go-http-client/1.1
2021/08/08 19:11:53.705  [M] [router.go:1014]  ::1 - - [08/Aug/2021 07:11:53] "POST /v1/agent/heartbeat/ HTTP/1.1 200 60" 0.001044  Go-http-client/1.1
2021/08/08 19:12:03.723  [M] [router.go:1014]  ::1 - - [08/Aug/2021 07:12:03] "GET /v1/agent/config/?uuid=54c5b5660d8d4962b86315575d42e5bb&version= HTTP/1.1 200 0" 0.003002  Go-http-client/1.1
2021/08/08 19:12:03.723  [M] [router.go:1014]  ::1 - - [08/Aug/2021 07:12:03] "POST /v1/agent/heartbeat/ HTTP/1.1 200 60" 0.003002  Go-http-client/1.1
2021/08/08 19:12:13.753  [M] [router.go:1014]  ::1 - - [08/Aug/2021 07:12:13] "GET /v1/agent/config/?uuid=54c5b5660d8d4962b86315575d42e5bb&version= HTTP/1.1 200 0" 0.001280  Go-http-client/1.1
2021/08/08 19:12:13.756  [M] [router.go:1014]  ::1 - - [08/Aug/2021 07:12:13] "POST /v1/agent/heartbeat/ HTTP/1.1 200 60" 0.002774  Go-http-client/1.1
2021/08/08 19:12:23.703  [M] [router.go:1014]  ::1 - - [08/Aug/2021 07:12:23] "POST /v1/agent/heartbeat/ HTTP/1.1 200 60" 0.000533  Go-http-client/1.1
2021/08/08 19:12:23.704  [M] [router.go:1014]  ::1 - - [08/Aug/2021 07:12:23] "GET /v1/agent/config/?uuid=54c5b5660d8d4962b86315575d42e5bb&version= HTTP/1.1 200 0" 0.001058  Go-http-client/1.1
2021/08/08 19:12:33.702  [M] [router.go:1014]  ::1 - - [08/Aug/2021 07:12:33] "GET /v1/agent/config/?uuid=54c5b5660d8d4962b86315575d42e5bb&version= HTTP/1.1 200 0" 0.000000  Go-http-client/1.1
2021/08/08 19:12:33.703  [M] [router.go:1014]  ::1 - - [08/Aug/2021 07:12:33] "POST /v1/agent/heartbeat/ HTTP/1.1 200 60" 0.000000  Go-http-client/1.1
2021/08/08 19:12:43.704  [M] [router.go:1014]  ::1 - - [08/Aug/2021 07:12:43] "GET /v1/agent/config/?uuid=54c5b5660d8d4962b86315575d42e5bb&version= HTTP/1.1 200 0" 0.000000  Go-http-client/1.1
2021/08/08 19:12:43.706  [M] [router.go:1014]  ::1 - - [08/Aug/2021 07:12:43] "POST /v1/agent/heartbeat/ HTTP/1.1 200 60" 0.002001  Go-http-client/1.1
2021/08/08 19:12:53.709  [M] [router.go:1014]  ::1 - - [08/Aug/2021 07:12:53] "POST /v1/agent/heartbeat/ HTTP/1.1 200 60" 0.002315  Go-http-client/1.1
2021/08/08 19:12:53.710  [M] [router.go:1014]  ::1 - - [08/Aug/2021 07:12:53] "GET /v1/agent/config/?uuid=54c5b5660d8d4962b86315575d42e5bb&version= HTTP/1.1 200 0" 0.004223  Go-http-client/1.1
2021/08/08 19:13:03.703  [M] [router.go:1014]  ::1 - - [08/Aug/2021 07:13:03] "POST /v1/agent/heartbeat/ HTTP/1.1 200 60" 0.000000  Go-http-client/1.1
2021/08/08 19:13:03.704  [M] [router.go:1014]  ::1 - - [08/Aug/2021 07:13:03] "GET /v1/agent/config/?uuid=54c5b5660d8d4962b86315575d42e5bb&version= HTTP/1.1 200 0" 0.001001  Go-http-client/1.1
2021/08/08 19:13:13.704  [M] [router.go:1014]  ::1 - - [08/Aug/2021 07:13:13] "GET /v1/agent/config/?uuid=54c5b5660d8d4962b86315575d42e5bb&version= HTTP/1.1 200 0" 0.000534  Go-http-client/1.1
2021/08/08 19:13:13.705  [M] [router.go:1014]  ::1 - - [08/Aug/2021 07:13:13] "POST /v1/agent/heartbeat/ HTTP/1.1 200 60" 0.000997  Go-http-client/1.1
2021/08/08 19:13:23.706  [M] [router.go:1014]  ::1 - - [08/Aug/2021 07:13:23] "GET /v1/agent/config/?uuid=54c5b5660d8d4962b86315575d42e5bb&version= HTTP/1.1 200 0" 0.001228  Go-http-client/1.1
2021/08/08 19:13:23.707  [M] [router.go:1014]  ::1 - - [08/Aug/2021 07:13:23] "POST /v1/agent/heartbeat/ HTTP/1.1 200 60" 0.002628  Go-http-client/1.1
2021/08/08 19:13:33.707  [M] [router.go:1014]  ::1 - - [08/Aug/2021 07:13:33] "GET /v1/agent/config/?uuid=54c5b5660d8d4962b86315575d42e5bb&version= HTTP/1.1 200 0" 0.000634  Go-http-client/1.1
2021/08/08 19:13:33.709  [M] [router.go:1014]  ::1 - - [08/Aug/2021 07:13:33] "POST /v1/agent/heartbeat/ HTTP/1.1 200 60" 0.004103  Go-http-client/1.1
2021/08/08 19:13:43.703  [M] [router.go:1014]  ::1 - - [08/Aug/2021 07:13:43] "GET /v1/agent/config/?uuid=54c5b5660d8d4962b86315575d42e5bb&version= HTTP/1.1 200 0" 0.000603  Go-http-client/1.1
2021/08/08 19:13:43.704  [M] [router.go:1014]  ::1 - - [08/Aug/2021 07:13:43] "POST /v1/agent/heartbeat/ HTTP/1.1 200 60" 0.000626  Go-http-client/1.1
2021/08/08 19:13:53.755  [M] [router.go:1014]  ::1 - - [08/Aug/2021 07:13:53] "GET /v1/agent/config/?uuid=54c5b5660d8d4962b86315575d42e5bb&version= HTTP/1.1 200 0" 0.033187  Go-http-client/1.1
2021/08/08 19:13:53.769  [M] [router.go:1014]  ::1 - - [08/Aug/2021 07:13:53] "POST /v1/agent/heartbeat/ HTTP/1.1 200 60" 0.005286  Go-http-client/1.1
2021/08/08 19:14:03.705  [M] [router.go:1014]  ::1 - - [08/Aug/2021 07:14:03] "GET /v1/agent/config/?uuid=54c5b5660d8d4962b86315575d42e5bb&version= HTTP/1.1 200 0" 0.001028  Go-http-client/1.1
2021/08/08 19:14:03.705  [M] [router.go:1014]  ::1 - - [08/Aug/2021 07:14:03] "POST /v1/agent/heartbeat/ HTTP/1.1 200 60" 0.001028  Go-http-client/1.1
2021/08/08 19:14:13.704  [M] [router.go:1014]  ::1 - - [08/Aug/2021 07:14:13] "GET /v1/agent/config/?uuid=54c5b5660d8d4962b86315575d42e5bb&version= HTTP/1.1 200 0" 0.000524  Go-http-client/1.1
2021/08/08 19:14:13.705  [M] [router.go:1014]  ::1 - - [08/Aug/2021 07:14:13] "POST /v1/agent/heartbeat/ HTTP/1.1 200 60" 0.000884  Go-http-client/1.1
2021/08/08 19:14:23.725  [M] [router.go:1014]  ::1 - - [08/Aug/2021 07:14:23] "GET /v1/agent/config/?uuid=54c5b5660d8d4962b86315575d42e5bb&version= HTTP/1.1 200 0" 0.000989  Go-http-client/1.1
2021/08/08 19:14:23.732  [M] [router.go:1014]  ::1 - - [08/Aug/2021 07:14:23] "POST /v1/agent/heartbeat/ HTTP/1.1 200 60" 0.009490  Go-http-client/1.1
2021/08/08 19:14:33.717  [M] [router.go:1014]  ::1 - - [08/Aug/2021 07:14:33] "POST /v1/agent/heartbeat/ HTTP/1.1 200 60" 0.005142  Go-http-client/1.1
2021/08/08 19:14:33.724  [M] [router.go:1014]  ::1 - - [08/Aug/2021 07:14:33] "GET /v1/agent/config/?uuid=54c5b5660d8d4962b86315575d42e5bb&version= HTTP/1.1 200 0" 0.012127  Go-http-client/1.1
2021/08/08 19:14:43.703  [M] [router.go:1014]  ::1 - - [08/Aug/2021 07:14:43] "POST /v1/agent/heartbeat/ HTTP/1.1 200 60" 0.000551  Go-http-client/1.1
2021/08/08 19:14:43.704  [M] [router.go:1014]  ::1 - - [08/Aug/2021 07:14:43] "GET /v1/agent/config/?uuid=54c5b5660d8d4962b86315575d42e5bb&version= HTTP/1.1 200 0" 0.001103  Go-http-client/1.1
2021/08/08 19:14:53.728  [M] [router.go:1014]  ::1 - - [08/Aug/2021 07:14:53] "GET /v1/agent/config/?uuid=54c5b5660d8d4962b86315575d42e5bb&version= HTTP/1.1 200 0" 0.002317  Go-http-client/1.1
2021/08/08 19:14:53.728  [M] [router.go:1014]  ::1 - - [08/Aug/2021 07:14:53] "POST /v1/agent/heartbeat/ HTTP/1.1 200 60" 0.002317  Go-http-client/1.1
2021/08/08 19:15:03.702  [M] [router.go:1014]  ::1 - - [08/Aug/2021 07:15:03] "GET /v1/agent/config/?uuid=54c5b5660d8d4962b86315575d42e5bb&version= HTTP/1.1 200 0" 0.000000  Go-http-client/1.1
2021/08/08 19:15:03.703  [M] [router.go:1014]  ::1 - - [08/Aug/2021 07:15:03] "POST /v1/agent/heartbeat/ HTTP/1.1 200 60" 0.000000  Go-http-client/1.1
2021/08/08 19:15:13.704  [M] [router.go:1014]  ::1 - - [08/Aug/2021 07:15:13] "GET /v1/agent/config/?uuid=54c5b5660d8d4962b86315575d42e5bb&version= HTTP/1.1 200 0" 0.000625  Go-http-client/1.1
2021/08/08 19:15:13.704  [M] [router.go:1014]  ::1 - - [08/Aug/2021 07:15:13] "POST /v1/agent/heartbeat/ HTTP/1.1 200 60" 0.000625  Go-http-client/1.1
2021/08/08 19:15:23.704  [M] [router.go:1014]  ::1 - - [08/Aug/2021 07:15:23] "GET /v1/agent/config/?uuid=54c5b5660d8d4962b86315575d42e5bb&version= HTTP/1.1 200 0" 0.002001  Go-http-client/1.1
2021/08/08 19:15:23.704  [M] [router.go:1014]  ::1 - - [08/Aug/2021 07:15:23] "POST /v1/agent/heartbeat/ HTTP/1.1 200 60" 0.001001  Go-http-client/1.1
2021/08/08 19:15:33.708  [M] [router.go:1014]  ::1 - - [08/Aug/2021 07:15:33] "GET /v1/agent/config/?uuid=54c5b5660d8d4962b86315575d42e5bb&version= HTTP/1.1 200 0" 0.002563  Go-http-client/1.1
2021/08/08 19:15:33.708  [M] [router.go:1014]  ::1 - - [08/Aug/2021 07:15:33] "POST /v1/agent/heartbeat/ HTTP/1.1 200 60" 0.003109  Go-http-client/1.1
2021/08/08 19:15:33.722  [M] [router.go:1014]  ::1 - - [08/Aug/2021 07:15:33] "POST /v1/agent/register/ HTTP/1.1 200 95" 0.003442  Go-http-client/1.1
2021/08/08 19:15:43.703  [M] [router.go:1014]  ::1 - - [08/Aug/2021 07:15:43] "POST /v1/agent/heartbeat/ HTTP/1.1 200 60" 0.000522  Go-http-client/1.1
2021/08/08 19:15:43.704  [M] [router.go:1014]  ::1 - - [08/Aug/2021 07:15:43] "GET /v1/agent/config/?uuid=54c5b5660d8d4962b86315575d42e5bb&version= HTTP/1.1 200 0" 0.001221  Go-http-client/1.1
2021/08/08 19:15:53.704  [M] [router.go:1014]  ::1 - - [08/Aug/2021 07:15:53] "GET /v1/agent/config/?uuid=54c5b5660d8d4962b86315575d42e5bb&version= HTTP/1.1 200 0" 0.000527  Go-http-client/1.1
2021/08/08 19:15:53.705  [M] [router.go:1014]  ::1 - - [08/Aug/2021 07:15:53] "POST /v1/agent/heartbeat/ HTTP/1.1 200 60" 0.001608  Go-http-client/1.1
